[2025-02-14T10:36:35.628+0000] {local_task_job_runner.py:123} INFO - ::group::Pre task execution logs
[2025-02-14T10:36:35.648+0000] {taskinstance.py:2614} INFO - Dependencies all met for dep_context=non-requeueable deps ti=<TaskInstance: check_all_snowflake_tables.no_required_tables_found manual__2025-02-14T10:36:28.034412+00:00 [queued]>
[2025-02-14T10:36:35.657+0000] {taskinstance.py:2614} INFO - Dependencies all met for dep_context=requeueable deps ti=<TaskInstance: check_all_snowflake_tables.no_required_tables_found manual__2025-02-14T10:36:28.034412+00:00 [queued]>
[2025-02-14T10:36:35.658+0000] {taskinstance.py:2867} INFO - Starting attempt 1 of 1
[2025-02-14T10:36:35.672+0000] {taskinstance.py:2890} INFO - Executing <Task(PythonOperator): no_required_tables_found> on 2025-02-14 10:36:28.034412+00:00
[2025-02-14T10:36:35.678+0000] {warnings.py:112} WARNING - /home/***/.local/lib/python3.12/site-packages/***/task/task_runner/standard_task_runner.py:70: DeprecationWarning: This process (pid=93) is multi-threaded, use of fork() may lead to deadlocks in the child.
  pid = os.fork()

[2025-02-14T10:36:35.680+0000] {standard_task_runner.py:72} INFO - Started process 95 to run task
[2025-02-14T10:36:35.680+0000] {standard_task_runner.py:104} INFO - Running: ['***', 'tasks', 'run', 'check_all_snowflake_tables', 'no_required_tables_found', 'manual__2025-02-14T10:36:28.034412+00:00', '--job-id', '76', '--raw', '--subdir', 'DAGS_FOLDER/snow.py', '--cfg-path', '/tmp/tmpb34ro7nc']
[2025-02-14T10:36:35.682+0000] {standard_task_runner.py:105} INFO - Job 76: Subtask no_required_tables_found
[2025-02-14T10:36:35.729+0000] {task_command.py:467} INFO - Running <TaskInstance: check_all_snowflake_tables.no_required_tables_found manual__2025-02-14T10:36:28.034412+00:00 [running]> on host 94016f1f831c
[2025-02-14T10:36:35.800+0000] {taskinstance.py:3134} INFO - Exporting env vars: AIRFLOW_CTX_DAG_OWNER='***' AIRFLOW_CTX_DAG_ID='check_all_snowflake_tables' AIRFLOW_CTX_TASK_ID='no_required_tables_found' AIRFLOW_CTX_EXECUTION_DATE='2025-02-14T10:36:28.034412+00:00' AIRFLOW_CTX_TRY_NUMBER='1' AIRFLOW_CTX_DAG_RUN_ID='manual__2025-02-14T10:36:28.034412+00:00'
[2025-02-14T10:36:35.801+0000] {taskinstance.py:732} INFO - ::endgroup::
[2025-02-14T10:36:35.815+0000] {logging_mixin.py:190} INFO - ❌ One or more required tables do not exist. Exiting...
[2025-02-14T10:36:35.816+0000] {python.py:240} INFO - Done. Returned value was: None
[2025-02-14T10:36:35.826+0000] {taskinstance.py:341} INFO - ::group::Post task execution logs
[2025-02-14T10:36:35.826+0000] {taskinstance.py:353} INFO - Marking task as SUCCESS. dag_id=check_all_snowflake_tables, task_id=no_required_tables_found, run_id=manual__2025-02-14T10:36:28.034412+00:00, execution_date=20250214T103628, start_date=20250214T103635, end_date=20250214T103635
[2025-02-14T10:36:35.855+0000] {local_task_job_runner.py:266} INFO - Task exited with return code 0
[2025-02-14T10:36:35.868+0000] {taskinstance.py:3901} INFO - 0 downstream tasks scheduled from follow-on schedule check
[2025-02-14T10:36:35.870+0000] {local_task_job_runner.py:245} INFO - ::endgroup::
