[2025-02-14T19:24:45.564+0000] {local_task_job_runner.py:123} INFO - ::group::Pre task execution logs
[2025-02-14T19:24:45.593+0000] {taskinstance.py:2614} INFO - Dependencies all met for dep_context=non-requeueable deps ti=<TaskInstance: dbt_data_pipeline.install_dbt_dependencies manual__2025-02-14T19:24:44.783723+00:00 [queued]>
[2025-02-14T19:24:45.611+0000] {taskinstance.py:2614} INFO - Dependencies all met for dep_context=requeueable deps ti=<TaskInstance: dbt_data_pipeline.install_dbt_dependencies manual__2025-02-14T19:24:44.783723+00:00 [queued]>
[2025-02-14T19:24:45.612+0000] {taskinstance.py:2867} INFO - Starting attempt 1 of 2
[2025-02-14T19:24:45.637+0000] {taskinstance.py:2890} INFO - Executing <Task(BashOperator): install_dbt_dependencies> on 2025-02-14 19:24:44.783723+00:00
[2025-02-14T19:24:45.650+0000] {warnings.py:112} WARNING - /home/***/.local/lib/python3.12/site-packages/***/task/task_runner/standard_task_runner.py:70: DeprecationWarning: This process (pid=171) is multi-threaded, use of fork() may lead to deadlocks in the child.
  pid = os.fork()

[2025-02-14T19:24:45.652+0000] {standard_task_runner.py:72} INFO - Started process 172 to run task
[2025-02-14T19:24:45.652+0000] {standard_task_runner.py:104} INFO - Running: ['***', 'tasks', 'run', 'dbt_data_pipeline', 'install_dbt_dependencies', 'manual__2025-02-14T19:24:44.783723+00:00', '--job-id', '165', '--raw', '--subdir', 'DAGS_FOLDER/dbt-chck.py', '--cfg-path', '/tmp/tmp5vzvto5w']
[2025-02-14T19:24:45.655+0000] {standard_task_runner.py:105} INFO - Job 165: Subtask install_dbt_dependencies
[2025-02-14T19:24:45.731+0000] {task_command.py:467} INFO - Running <TaskInstance: dbt_data_pipeline.install_dbt_dependencies manual__2025-02-14T19:24:44.783723+00:00 [running]> on host e9f6bf018f11
[2025-02-14T19:24:45.837+0000] {taskinstance.py:3134} INFO - Exporting env vars: AIRFLOW_CTX_DAG_OWNER='***' AIRFLOW_CTX_DAG_ID='dbt_data_pipeline' AIRFLOW_CTX_TASK_ID='install_dbt_dependencies' AIRFLOW_CTX_EXECUTION_DATE='2025-02-14T19:24:44.783723+00:00' AIRFLOW_CTX_TRY_NUMBER='1' AIRFLOW_CTX_DAG_RUN_ID='manual__2025-02-14T19:24:44.783723+00:00'
[2025-02-14T19:24:45.838+0000] {taskinstance.py:732} INFO - ::endgroup::
[2025-02-14T19:24:45.859+0000] {subprocess.py:78} INFO - Tmp dir root location: /tmp
[2025-02-14T19:24:45.861+0000] {subprocess.py:88} INFO - Running command: ['/usr/bin/bash', '-c', 'cd /opt/***/dbt/data_pipeline && dbt deps']
[2025-02-14T19:24:45.886+0000] {subprocess.py:99} INFO - Output:
[2025-02-14T19:24:47.929+0000] {subprocess.py:106} INFO - [0m19:24:47  Running with dbt=1.9.2
[2025-02-14T19:24:48.838+0000] {subprocess.py:106} INFO - [0m19:24:48  Installing dbt-labs/dbt_utils
[2025-02-14T19:24:52.104+0000] {subprocess.py:106} INFO - [0m19:24:52  Installed from version 1.3.0
[2025-02-14T19:24:52.105+0000] {subprocess.py:106} INFO - [0m19:24:52  Up to date!
[2025-02-14T19:24:52.714+0000] {subprocess.py:110} INFO - Command exited with return code 0
[2025-02-14T19:24:52.742+0000] {taskinstance.py:341} INFO - ::group::Post task execution logs
[2025-02-14T19:24:52.743+0000] {taskinstance.py:353} INFO - Marking task as SUCCESS. dag_id=dbt_data_pipeline, task_id=install_dbt_dependencies, run_id=manual__2025-02-14T19:24:44.783723+00:00, execution_date=20250214T192444, start_date=20250214T192445, end_date=20250214T192452
[2025-02-14T19:24:52.790+0000] {local_task_job_runner.py:266} INFO - Task exited with return code 0
[2025-02-14T19:24:52.815+0000] {taskinstance.py:3901} INFO - 1 downstream tasks scheduled from follow-on schedule check
[2025-02-14T19:24:52.818+0000] {local_task_job_runner.py:245} INFO - ::endgroup::
