[2025-02-14T20:15:17.848+0000] {local_task_job_runner.py:123} INFO - ::group::Pre task execution logs
[2025-02-14T20:15:17.865+0000] {taskinstance.py:2614} INFO - Dependencies all met for dep_context=non-requeueable deps ti=<TaskInstance: dbt-etl-dag.dbt_run manual__2025-02-14T20:15:04.778487+00:00 [queued]>
[2025-02-14T20:15:17.875+0000] {taskinstance.py:2614} INFO - Dependencies all met for dep_context=requeueable deps ti=<TaskInstance: dbt-etl-dag.dbt_run manual__2025-02-14T20:15:04.778487+00:00 [queued]>
[2025-02-14T20:15:17.875+0000] {taskinstance.py:2867} INFO - Starting attempt 1 of 1
[2025-02-14T20:15:17.887+0000] {taskinstance.py:2890} INFO - Executing <Task(DbtRunOperator): dbt_run> on 2025-02-14 20:15:04.778487+00:00
[2025-02-14T20:15:17.894+0000] {warnings.py:112} WARNING - /home/***/.local/lib/python3.12/site-packages/***/task/task_runner/standard_task_runner.py:70: DeprecationWarning: This process (pid=210) is multi-threaded, use of fork() may lead to deadlocks in the child.
  pid = os.fork()

[2025-02-14T20:15:17.895+0000] {standard_task_runner.py:72} INFO - Started process 212 to run task
[2025-02-14T20:15:17.896+0000] {standard_task_runner.py:104} INFO - Running: ['***', 'tasks', 'run', 'dbt-etl-dag', 'dbt_run', 'manual__2025-02-14T20:15:04.778487+00:00', '--job-id', '192', '--raw', '--subdir', 'DAGS_FOLDER/dbt-etl.py', '--cfg-path', '/tmp/tmpuo7nzrr8']
[2025-02-14T20:15:17.898+0000] {standard_task_runner.py:105} INFO - Job 192: Subtask dbt_run
[2025-02-14T20:15:17.939+0000] {task_command.py:467} INFO - Running <TaskInstance: dbt-etl-dag.dbt_run manual__2025-02-14T20:15:04.778487+00:00 [running]> on host aff10611ebf2
[2025-02-14T20:15:18.006+0000] {taskinstance.py:3134} INFO - Exporting env vars: AIRFLOW_CTX_DAG_OWNER='***' AIRFLOW_CTX_DAG_ID='dbt-etl-dag' AIRFLOW_CTX_TASK_ID='dbt_run' AIRFLOW_CTX_EXECUTION_DATE='2025-02-14T20:15:04.778487+00:00' AIRFLOW_CTX_TRY_NUMBER='1' AIRFLOW_CTX_DAG_RUN_ID='manual__2025-02-14T20:15:04.778487+00:00'
[2025-02-14T20:15:18.008+0000] {taskinstance.py:732} INFO - ::endgroup::
[2025-02-14T20:15:18.019+0000] {dbt_hook.py:117} INFO - dbt run --profiles-dir /opt/***/dbt/.dbt
[2025-02-14T20:15:18.022+0000] {dbt_hook.py:126} INFO - Output:
[2025-02-14T20:15:19.895+0000] {dbt_hook.py:130} INFO - [0m20:15:19  Running with dbt=1.9.2
[2025-02-14T20:15:20.820+0000] {dbt_hook.py:130} INFO - [0m20:15:20  Registered adapter: snowflake=1.9.1
[2025-02-14T20:15:22.101+0000] {dbt_hook.py:130} INFO - [0m20:15:22  Found 7 models, 33 data tests, 4 sources, 588 macros
[2025-02-14T20:15:22.104+0000] {dbt_hook.py:130} INFO - [0m20:15:22
[2025-02-14T20:15:22.105+0000] {dbt_hook.py:130} INFO - [0m20:15:22  Concurrency: 4 threads (target='dev')
[2025-02-14T20:15:22.106+0000] {dbt_hook.py:130} INFO - [0m20:15:22
[2025-02-14T20:15:23.162+0000] {dbt_hook.py:130} INFO - [0m20:15:23  1 of 7 START sql view model dbt_schema.num_stage ............................... [RUN]
[2025-02-14T20:15:23.163+0000] {dbt_hook.py:130} INFO - [0m20:15:23  2 of 7 START sql view model dbt_schema.pre_stage ............................... [RUN]
[2025-02-14T20:15:23.163+0000] {dbt_hook.py:130} INFO - [0m20:15:23  3 of 7 START sql view model dbt_schema.sub_stage ............................... [RUN]
[2025-02-14T20:15:23.165+0000] {dbt_hook.py:130} INFO - [0m20:15:23  4 of 7 START sql view model dbt_schema.tag_stage ............................... [RUN]
[2025-02-14T20:15:23.917+0000] {dbt_hook.py:130} INFO - [0m20:15:23  1 of 7 OK created sql view model dbt_schema.num_stage .......................... [[32mSUCCESS 1[0m in 0.75s]
[2025-02-14T20:15:24.346+0000] {dbt_hook.py:130} INFO - [0m20:15:24  2 of 7 OK created sql view model dbt_schema.pre_stage .......................... [[32mSUCCESS 1[0m in 1.18s]
[2025-02-14T20:15:24.357+0000] {dbt_hook.py:130} INFO - [0m20:15:24  4 of 7 OK created sql view model dbt_schema.tag_stage .......................... [[32mSUCCESS 1[0m in 1.19s]
[2025-02-14T20:15:24.948+0000] {dbt_hook.py:130} INFO - [0m20:15:24  3 of 7 OK created sql view model dbt_schema.sub_stage .......................... [[32mSUCCESS 1[0m in 1.78s]
[2025-02-14T20:15:24.951+0000] {dbt_hook.py:130} INFO - [0m20:15:24  5 of 7 START sql table model dbt_schema.balance_sheet .......................... [RUN]
[2025-02-14T20:15:24.952+0000] {dbt_hook.py:130} INFO - [0m20:15:24  6 of 7 START sql table model dbt_schema.cash_flow .............................. [RUN]
[2025-02-14T20:15:24.953+0000] {dbt_hook.py:130} INFO - [0m20:15:24  7 of 7 START sql table model dbt_schema.income_statement ....................... [RUN]
[2025-02-14T20:15:26.158+0000] {dbt_hook.py:130} INFO - [0m20:15:26  5 of 7 OK created sql table model dbt_schema.balance_sheet ..................... [[32mSUCCESS 1[0m in 1.20s]
[2025-02-14T20:15:26.182+0000] {dbt_hook.py:130} INFO - [0m20:15:26  7 of 7 OK created sql table model dbt_schema.income_statement .................. [[32mSUCCESS 1[0m in 1.23s]
[2025-02-14T20:15:26.193+0000] {dbt_hook.py:130} INFO - [0m20:15:26  6 of 7 OK created sql table model dbt_schema.cash_flow ......................... [[32mSUCCESS 1[0m in 1.24s]
[2025-02-14T20:15:27.224+0000] {dbt_hook.py:130} INFO - [0m20:15:27
[2025-02-14T20:15:27.225+0000] {dbt_hook.py:130} INFO - [0m20:15:27  Finished running 3 table models, 4 view models in 0 hours 0 minutes and 5.12 seconds (5.12s).
[2025-02-14T20:15:27.359+0000] {dbt_hook.py:130} INFO - [0m20:15:27
[2025-02-14T20:15:27.360+0000] {dbt_hook.py:130} INFO - [0m20:15:27  [32mCompleted successfully[0m
[2025-02-14T20:15:27.360+0000] {dbt_hook.py:130} INFO - [0m20:15:27
[2025-02-14T20:15:27.361+0000] {dbt_hook.py:130} INFO - [0m20:15:27  Done. PASS=7 WARN=0 ERROR=0 SKIP=0 TOTAL=7
[2025-02-14T20:15:27.980+0000] {dbt_hook.py:132} INFO - Command exited with return code 0
[2025-02-14T20:15:27.988+0000] {taskinstance.py:341} INFO - ::group::Post task execution logs
[2025-02-14T20:15:27.989+0000] {taskinstance.py:353} INFO - Marking task as SUCCESS. dag_id=dbt-etl-dag, task_id=dbt_run, run_id=manual__2025-02-14T20:15:04.778487+00:00, execution_date=20250214T201504, start_date=20250214T201517, end_date=20250214T201527
[2025-02-14T20:15:28.020+0000] {local_task_job_runner.py:266} INFO - Task exited with return code 0
[2025-02-14T20:15:28.031+0000] {taskinstance.py:3901} INFO - 0 downstream tasks scheduled from follow-on schedule check
[2025-02-14T20:15:28.033+0000] {local_task_job_runner.py:245} INFO - ::endgroup::
