[2025-03-14T00:37:26.682+0000] {processor.py:186} INFO - Started process (PID=48) to work on /opt/airflow/dags/dbt-etl.py
[2025-03-14T00:37:26.684+0000] {processor.py:914} INFO - Processing file /opt/airflow/dags/dbt-etl.py for tasks to queue
[2025-03-14T00:37:26.691+0000] {logging_mixin.py:190} INFO - [2025-03-14T00:37:26.690+0000] {dagbag.py:588} INFO - Filling up the DagBag from /opt/airflow/dags/dbt-etl.py
[2025-03-14T00:37:26.737+0000] {processor.py:925} INFO - DAG(s) 'dbt-etl-dag' retrieved from /opt/airflow/dags/dbt-etl.py
[2025-03-14T00:37:27.452+0000] {logging_mixin.py:190} INFO - [2025-03-14T00:37:27.451+0000] {dag.py:3239} INFO - Sync 1 DAGs
[2025-03-14T00:37:27.533+0000] {logging_mixin.py:190} INFO - [2025-03-14T00:37:27.533+0000] {dag.py:4180} INFO - Setting next_dagrun for dbt-etl-dag to 2025-03-13 00:00:00+00:00, run_after=2025-03-14 00:00:00+00:00
[2025-03-14T00:37:27.672+0000] {processor.py:208} INFO - Processing /opt/airflow/dags/dbt-etl.py took 1.001 seconds
[2025-03-14T00:37:58.018+0000] {processor.py:186} INFO - Started process (PID=60) to work on /opt/airflow/dags/dbt-etl.py
[2025-03-14T00:37:58.020+0000] {processor.py:914} INFO - Processing file /opt/airflow/dags/dbt-etl.py for tasks to queue
[2025-03-14T00:37:58.024+0000] {logging_mixin.py:190} INFO - [2025-03-14T00:37:58.024+0000] {dagbag.py:588} INFO - Filling up the DagBag from /opt/airflow/dags/dbt-etl.py
[2025-03-14T00:37:58.068+0000] {processor.py:925} INFO - DAG(s) 'dbt-etl-dag' retrieved from /opt/airflow/dags/dbt-etl.py
[2025-03-14T00:37:58.109+0000] {logging_mixin.py:190} INFO - [2025-03-14T00:37:58.108+0000] {dag.py:3239} INFO - Sync 1 DAGs
[2025-03-14T00:37:58.149+0000] {logging_mixin.py:190} INFO - [2025-03-14T00:37:58.148+0000] {dag.py:4180} INFO - Setting next_dagrun for dbt-etl-dag to 2025-03-14 00:00:00+00:00, run_after=2025-03-15 00:00:00+00:00
[2025-03-14T00:37:58.184+0000] {processor.py:208} INFO - Processing /opt/airflow/dags/dbt-etl.py took 0.175 seconds
[2025-03-14T00:38:28.707+0000] {processor.py:186} INFO - Started process (PID=62) to work on /opt/airflow/dags/dbt-etl.py
[2025-03-14T00:38:28.709+0000] {processor.py:914} INFO - Processing file /opt/airflow/dags/dbt-etl.py for tasks to queue
[2025-03-14T00:38:28.715+0000] {logging_mixin.py:190} INFO - [2025-03-14T00:38:28.714+0000] {dagbag.py:588} INFO - Filling up the DagBag from /opt/airflow/dags/dbt-etl.py
[2025-03-14T00:38:28.763+0000] {processor.py:925} INFO - DAG(s) 'dbt-etl-dag' retrieved from /opt/airflow/dags/dbt-etl.py
[2025-03-14T00:38:28.809+0000] {logging_mixin.py:190} INFO - [2025-03-14T00:38:28.808+0000] {dag.py:3239} INFO - Sync 1 DAGs
[2025-03-14T00:38:28.850+0000] {logging_mixin.py:190} INFO - [2025-03-14T00:38:28.849+0000] {dag.py:4180} INFO - Setting next_dagrun for dbt-etl-dag to 2025-03-14 00:00:00+00:00, run_after=2025-03-15 00:00:00+00:00
[2025-03-14T00:38:28.880+0000] {processor.py:208} INFO - Processing /opt/airflow/dags/dbt-etl.py took 0.186 seconds
[2025-03-14T00:38:59.407+0000] {processor.py:186} INFO - Started process (PID=65) to work on /opt/airflow/dags/dbt-etl.py
[2025-03-14T00:38:59.409+0000] {processor.py:914} INFO - Processing file /opt/airflow/dags/dbt-etl.py for tasks to queue
[2025-03-14T00:38:59.413+0000] {logging_mixin.py:190} INFO - [2025-03-14T00:38:59.412+0000] {dagbag.py:588} INFO - Filling up the DagBag from /opt/airflow/dags/dbt-etl.py
[2025-03-14T00:38:59.457+0000] {processor.py:925} INFO - DAG(s) 'dbt-etl-dag' retrieved from /opt/airflow/dags/dbt-etl.py
[2025-03-14T00:38:59.525+0000] {logging_mixin.py:190} INFO - [2025-03-14T00:38:59.524+0000] {dag.py:3239} INFO - Sync 1 DAGs
[2025-03-14T00:38:59.574+0000] {logging_mixin.py:190} INFO - [2025-03-14T00:38:59.574+0000] {dag.py:4180} INFO - Setting next_dagrun for dbt-etl-dag to 2025-03-14 00:00:00+00:00, run_after=2025-03-15 00:00:00+00:00
[2025-03-14T00:38:59.605+0000] {processor.py:208} INFO - Processing /opt/airflow/dags/dbt-etl.py took 0.213 seconds
[2025-03-14T00:39:30.283+0000] {processor.py:186} INFO - Started process (PID=68) to work on /opt/airflow/dags/dbt-etl.py
[2025-03-14T00:39:30.285+0000] {processor.py:914} INFO - Processing file /opt/airflow/dags/dbt-etl.py for tasks to queue
[2025-03-14T00:39:30.289+0000] {logging_mixin.py:190} INFO - [2025-03-14T00:39:30.288+0000] {dagbag.py:588} INFO - Filling up the DagBag from /opt/airflow/dags/dbt-etl.py
[2025-03-14T00:39:30.328+0000] {processor.py:925} INFO - DAG(s) 'dbt-etl-dag' retrieved from /opt/airflow/dags/dbt-etl.py
[2025-03-14T00:39:30.367+0000] {logging_mixin.py:190} INFO - [2025-03-14T00:39:30.367+0000] {dag.py:3239} INFO - Sync 1 DAGs
[2025-03-14T00:39:30.401+0000] {logging_mixin.py:190} INFO - [2025-03-14T00:39:30.400+0000] {dag.py:4180} INFO - Setting next_dagrun for dbt-etl-dag to 2025-03-14 00:00:00+00:00, run_after=2025-03-15 00:00:00+00:00
[2025-03-14T00:39:30.431+0000] {processor.py:208} INFO - Processing /opt/airflow/dags/dbt-etl.py took 0.156 seconds
[2025-03-14T00:40:01.062+0000] {processor.py:186} INFO - Started process (PID=71) to work on /opt/airflow/dags/dbt-etl.py
[2025-03-14T00:40:01.064+0000] {processor.py:914} INFO - Processing file /opt/airflow/dags/dbt-etl.py for tasks to queue
[2025-03-14T00:40:01.070+0000] {logging_mixin.py:190} INFO - [2025-03-14T00:40:01.069+0000] {dagbag.py:588} INFO - Filling up the DagBag from /opt/airflow/dags/dbt-etl.py
[2025-03-14T00:40:01.109+0000] {processor.py:925} INFO - DAG(s) 'dbt-etl-dag' retrieved from /opt/airflow/dags/dbt-etl.py
[2025-03-14T00:40:01.149+0000] {logging_mixin.py:190} INFO - [2025-03-14T00:40:01.148+0000] {dag.py:3239} INFO - Sync 1 DAGs
[2025-03-14T00:40:01.180+0000] {logging_mixin.py:190} INFO - [2025-03-14T00:40:01.179+0000] {dag.py:4180} INFO - Setting next_dagrun for dbt-etl-dag to 2025-03-14 00:00:00+00:00, run_after=2025-03-15 00:00:00+00:00
[2025-03-14T00:40:01.209+0000] {processor.py:208} INFO - Processing /opt/airflow/dags/dbt-etl.py took 0.159 seconds
[2025-03-14T00:40:31.839+0000] {processor.py:186} INFO - Started process (PID=74) to work on /opt/airflow/dags/dbt-etl.py
[2025-03-14T00:40:31.840+0000] {processor.py:914} INFO - Processing file /opt/airflow/dags/dbt-etl.py for tasks to queue
[2025-03-14T00:40:31.844+0000] {logging_mixin.py:190} INFO - [2025-03-14T00:40:31.843+0000] {dagbag.py:588} INFO - Filling up the DagBag from /opt/airflow/dags/dbt-etl.py
[2025-03-14T00:40:31.882+0000] {processor.py:925} INFO - DAG(s) 'dbt-etl-dag' retrieved from /opt/airflow/dags/dbt-etl.py
[2025-03-14T00:40:31.920+0000] {logging_mixin.py:190} INFO - [2025-03-14T00:40:31.919+0000] {dag.py:3239} INFO - Sync 1 DAGs
[2025-03-14T00:40:31.951+0000] {logging_mixin.py:190} INFO - [2025-03-14T00:40:31.951+0000] {dag.py:4180} INFO - Setting next_dagrun for dbt-etl-dag to 2025-03-14 00:00:00+00:00, run_after=2025-03-15 00:00:00+00:00
[2025-03-14T00:40:31.984+0000] {processor.py:208} INFO - Processing /opt/airflow/dags/dbt-etl.py took 0.153 seconds
[2025-03-14T00:41:02.554+0000] {processor.py:186} INFO - Started process (PID=77) to work on /opt/airflow/dags/dbt-etl.py
[2025-03-14T00:41:02.556+0000] {processor.py:914} INFO - Processing file /opt/airflow/dags/dbt-etl.py for tasks to queue
[2025-03-14T00:41:02.560+0000] {logging_mixin.py:190} INFO - [2025-03-14T00:41:02.559+0000] {dagbag.py:588} INFO - Filling up the DagBag from /opt/airflow/dags/dbt-etl.py
[2025-03-14T00:41:02.594+0000] {processor.py:925} INFO - DAG(s) 'dbt-etl-dag' retrieved from /opt/airflow/dags/dbt-etl.py
[2025-03-14T00:41:02.643+0000] {logging_mixin.py:190} INFO - [2025-03-14T00:41:02.642+0000] {dag.py:3239} INFO - Sync 1 DAGs
[2025-03-14T00:41:02.680+0000] {logging_mixin.py:190} INFO - [2025-03-14T00:41:02.679+0000] {dag.py:4180} INFO - Setting next_dagrun for dbt-etl-dag to 2025-03-14 00:00:00+00:00, run_after=2025-03-15 00:00:00+00:00
[2025-03-14T00:41:02.706+0000] {processor.py:208} INFO - Processing /opt/airflow/dags/dbt-etl.py took 0.160 seconds
[2025-03-14T00:41:33.324+0000] {processor.py:186} INFO - Started process (PID=80) to work on /opt/airflow/dags/dbt-etl.py
[2025-03-14T00:41:33.325+0000] {processor.py:914} INFO - Processing file /opt/airflow/dags/dbt-etl.py for tasks to queue
[2025-03-14T00:41:33.329+0000] {logging_mixin.py:190} INFO - [2025-03-14T00:41:33.328+0000] {dagbag.py:588} INFO - Filling up the DagBag from /opt/airflow/dags/dbt-etl.py
[2025-03-14T00:41:33.365+0000] {processor.py:925} INFO - DAG(s) 'dbt-etl-dag' retrieved from /opt/airflow/dags/dbt-etl.py
[2025-03-14T00:41:33.405+0000] {logging_mixin.py:190} INFO - [2025-03-14T00:41:33.404+0000] {dag.py:3239} INFO - Sync 1 DAGs
[2025-03-14T00:41:33.433+0000] {logging_mixin.py:190} INFO - [2025-03-14T00:41:33.432+0000] {dag.py:4180} INFO - Setting next_dagrun for dbt-etl-dag to 2025-03-14 00:00:00+00:00, run_after=2025-03-15 00:00:00+00:00
[2025-03-14T00:41:33.461+0000] {processor.py:208} INFO - Processing /opt/airflow/dags/dbt-etl.py took 0.146 seconds
[2025-03-14T00:42:03.978+0000] {processor.py:186} INFO - Started process (PID=83) to work on /opt/airflow/dags/dbt-etl.py
[2025-03-14T00:42:03.980+0000] {processor.py:914} INFO - Processing file /opt/airflow/dags/dbt-etl.py for tasks to queue
[2025-03-14T00:42:03.984+0000] {logging_mixin.py:190} INFO - [2025-03-14T00:42:03.983+0000] {dagbag.py:588} INFO - Filling up the DagBag from /opt/airflow/dags/dbt-etl.py
[2025-03-14T00:42:04.021+0000] {processor.py:925} INFO - DAG(s) 'dbt-etl-dag' retrieved from /opt/airflow/dags/dbt-etl.py
[2025-03-14T00:42:04.065+0000] {logging_mixin.py:190} INFO - [2025-03-14T00:42:04.064+0000] {dag.py:3239} INFO - Sync 1 DAGs
[2025-03-14T00:42:04.095+0000] {logging_mixin.py:190} INFO - [2025-03-14T00:42:04.094+0000] {dag.py:4180} INFO - Setting next_dagrun for dbt-etl-dag to 2025-03-14 00:00:00+00:00, run_after=2025-03-15 00:00:00+00:00
[2025-03-14T00:42:04.122+0000] {processor.py:208} INFO - Processing /opt/airflow/dags/dbt-etl.py took 0.152 seconds
[2025-03-14T00:42:34.897+0000] {processor.py:186} INFO - Started process (PID=86) to work on /opt/airflow/dags/dbt-etl.py
[2025-03-14T00:42:34.899+0000] {processor.py:914} INFO - Processing file /opt/airflow/dags/dbt-etl.py for tasks to queue
[2025-03-14T00:42:34.902+0000] {logging_mixin.py:190} INFO - [2025-03-14T00:42:34.901+0000] {dagbag.py:588} INFO - Filling up the DagBag from /opt/airflow/dags/dbt-etl.py
[2025-03-14T00:42:34.936+0000] {processor.py:925} INFO - DAG(s) 'dbt-etl-dag' retrieved from /opt/airflow/dags/dbt-etl.py
[2025-03-14T00:42:34.970+0000] {logging_mixin.py:190} INFO - [2025-03-14T00:42:34.969+0000] {dag.py:3239} INFO - Sync 1 DAGs
[2025-03-14T00:42:35.006+0000] {logging_mixin.py:190} INFO - [2025-03-14T00:42:35.005+0000] {dag.py:4180} INFO - Setting next_dagrun for dbt-etl-dag to 2025-03-14 00:00:00+00:00, run_after=2025-03-15 00:00:00+00:00
[2025-03-14T00:42:35.032+0000] {processor.py:208} INFO - Processing /opt/airflow/dags/dbt-etl.py took 0.145 seconds
[2025-03-14T00:43:05.592+0000] {processor.py:186} INFO - Started process (PID=89) to work on /opt/airflow/dags/dbt-etl.py
[2025-03-14T00:43:05.593+0000] {processor.py:914} INFO - Processing file /opt/airflow/dags/dbt-etl.py for tasks to queue
[2025-03-14T00:43:05.597+0000] {logging_mixin.py:190} INFO - [2025-03-14T00:43:05.596+0000] {dagbag.py:588} INFO - Filling up the DagBag from /opt/airflow/dags/dbt-etl.py
[2025-03-14T00:43:05.632+0000] {processor.py:925} INFO - DAG(s) 'dbt-etl-dag' retrieved from /opt/airflow/dags/dbt-etl.py
[2025-03-14T00:43:05.668+0000] {logging_mixin.py:190} INFO - [2025-03-14T00:43:05.668+0000] {dag.py:3239} INFO - Sync 1 DAGs
[2025-03-14T00:43:05.703+0000] {logging_mixin.py:190} INFO - [2025-03-14T00:43:05.703+0000] {dag.py:4180} INFO - Setting next_dagrun for dbt-etl-dag to 2025-03-14 00:00:00+00:00, run_after=2025-03-15 00:00:00+00:00
[2025-03-14T00:43:05.737+0000] {processor.py:208} INFO - Processing /opt/airflow/dags/dbt-etl.py took 0.155 seconds
[2025-03-14T00:43:36.326+0000] {processor.py:186} INFO - Started process (PID=92) to work on /opt/airflow/dags/dbt-etl.py
[2025-03-14T00:43:36.327+0000] {processor.py:914} INFO - Processing file /opt/airflow/dags/dbt-etl.py for tasks to queue
[2025-03-14T00:43:36.331+0000] {logging_mixin.py:190} INFO - [2025-03-14T00:43:36.331+0000] {dagbag.py:588} INFO - Filling up the DagBag from /opt/airflow/dags/dbt-etl.py
[2025-03-14T00:43:36.371+0000] {processor.py:925} INFO - DAG(s) 'dbt-etl-dag' retrieved from /opt/airflow/dags/dbt-etl.py
[2025-03-14T00:43:36.416+0000] {logging_mixin.py:190} INFO - [2025-03-14T00:43:36.415+0000] {dag.py:3239} INFO - Sync 1 DAGs
[2025-03-14T00:43:36.462+0000] {logging_mixin.py:190} INFO - [2025-03-14T00:43:36.461+0000] {dag.py:4180} INFO - Setting next_dagrun for dbt-etl-dag to 2025-03-14 00:00:00+00:00, run_after=2025-03-15 00:00:00+00:00
[2025-03-14T00:43:36.500+0000] {processor.py:208} INFO - Processing /opt/airflow/dags/dbt-etl.py took 0.185 seconds
[2025-03-14T00:44:06.967+0000] {processor.py:186} INFO - Started process (PID=95) to work on /opt/airflow/dags/dbt-etl.py
[2025-03-14T00:44:06.971+0000] {processor.py:914} INFO - Processing file /opt/airflow/dags/dbt-etl.py for tasks to queue
[2025-03-14T00:44:06.977+0000] {logging_mixin.py:190} INFO - [2025-03-14T00:44:06.976+0000] {dagbag.py:588} INFO - Filling up the DagBag from /opt/airflow/dags/dbt-etl.py
[2025-03-14T00:44:07.023+0000] {processor.py:925} INFO - DAG(s) 'dbt-etl-dag' retrieved from /opt/airflow/dags/dbt-etl.py
[2025-03-14T00:44:07.072+0000] {logging_mixin.py:190} INFO - [2025-03-14T00:44:07.071+0000] {dag.py:3239} INFO - Sync 1 DAGs
[2025-03-14T00:44:07.107+0000] {logging_mixin.py:190} INFO - [2025-03-14T00:44:07.107+0000] {dag.py:4180} INFO - Setting next_dagrun for dbt-etl-dag to 2025-03-14 00:00:00+00:00, run_after=2025-03-15 00:00:00+00:00
[2025-03-14T00:44:07.134+0000] {processor.py:208} INFO - Processing /opt/airflow/dags/dbt-etl.py took 0.180 seconds
[2025-03-14T00:44:37.731+0000] {processor.py:186} INFO - Started process (PID=98) to work on /opt/airflow/dags/dbt-etl.py
[2025-03-14T00:44:37.733+0000] {processor.py:914} INFO - Processing file /opt/airflow/dags/dbt-etl.py for tasks to queue
[2025-03-14T00:44:37.737+0000] {logging_mixin.py:190} INFO - [2025-03-14T00:44:37.737+0000] {dagbag.py:588} INFO - Filling up the DagBag from /opt/airflow/dags/dbt-etl.py
[2025-03-14T00:44:37.782+0000] {processor.py:925} INFO - DAG(s) 'dbt-etl-dag' retrieved from /opt/airflow/dags/dbt-etl.py
[2025-03-14T00:44:37.829+0000] {logging_mixin.py:190} INFO - [2025-03-14T00:44:37.829+0000] {dag.py:3239} INFO - Sync 1 DAGs
[2025-03-14T00:44:37.865+0000] {logging_mixin.py:190} INFO - [2025-03-14T00:44:37.864+0000] {dag.py:4180} INFO - Setting next_dagrun for dbt-etl-dag to 2025-03-14 00:00:00+00:00, run_after=2025-03-15 00:00:00+00:00
[2025-03-14T00:44:37.891+0000] {processor.py:208} INFO - Processing /opt/airflow/dags/dbt-etl.py took 0.168 seconds
[2025-03-14T00:45:08.497+0000] {processor.py:186} INFO - Started process (PID=101) to work on /opt/airflow/dags/dbt-etl.py
[2025-03-14T00:45:08.499+0000] {processor.py:914} INFO - Processing file /opt/airflow/dags/dbt-etl.py for tasks to queue
[2025-03-14T00:45:08.502+0000] {logging_mixin.py:190} INFO - [2025-03-14T00:45:08.501+0000] {dagbag.py:588} INFO - Filling up the DagBag from /opt/airflow/dags/dbt-etl.py
[2025-03-14T00:45:08.538+0000] {processor.py:925} INFO - DAG(s) 'dbt-etl-dag' retrieved from /opt/airflow/dags/dbt-etl.py
[2025-03-14T00:45:08.573+0000] {logging_mixin.py:190} INFO - [2025-03-14T00:45:08.572+0000] {dag.py:3239} INFO - Sync 1 DAGs
[2025-03-14T00:45:08.603+0000] {logging_mixin.py:190} INFO - [2025-03-14T00:45:08.603+0000] {dag.py:4180} INFO - Setting next_dagrun for dbt-etl-dag to 2025-03-14 00:00:00+00:00, run_after=2025-03-15 00:00:00+00:00
[2025-03-14T00:45:08.634+0000] {processor.py:208} INFO - Processing /opt/airflow/dags/dbt-etl.py took 0.146 seconds
[2025-03-14T00:45:39.253+0000] {processor.py:186} INFO - Started process (PID=104) to work on /opt/airflow/dags/dbt-etl.py
[2025-03-14T00:45:39.255+0000] {processor.py:914} INFO - Processing file /opt/airflow/dags/dbt-etl.py for tasks to queue
[2025-03-14T00:45:39.259+0000] {logging_mixin.py:190} INFO - [2025-03-14T00:45:39.259+0000] {dagbag.py:588} INFO - Filling up the DagBag from /opt/airflow/dags/dbt-etl.py
[2025-03-14T00:45:39.301+0000] {processor.py:925} INFO - DAG(s) 'dbt-etl-dag' retrieved from /opt/airflow/dags/dbt-etl.py
[2025-03-14T00:45:39.336+0000] {logging_mixin.py:190} INFO - [2025-03-14T00:45:39.335+0000] {dag.py:3239} INFO - Sync 1 DAGs
[2025-03-14T00:45:39.364+0000] {logging_mixin.py:190} INFO - [2025-03-14T00:45:39.364+0000] {dag.py:4180} INFO - Setting next_dagrun for dbt-etl-dag to 2025-03-14 00:00:00+00:00, run_after=2025-03-15 00:00:00+00:00
[2025-03-14T00:45:39.392+0000] {processor.py:208} INFO - Processing /opt/airflow/dags/dbt-etl.py took 0.148 seconds
[2025-03-14T00:46:10.010+0000] {processor.py:186} INFO - Started process (PID=107) to work on /opt/airflow/dags/dbt-etl.py
[2025-03-14T00:46:10.012+0000] {processor.py:914} INFO - Processing file /opt/airflow/dags/dbt-etl.py for tasks to queue
[2025-03-14T00:46:10.015+0000] {logging_mixin.py:190} INFO - [2025-03-14T00:46:10.015+0000] {dagbag.py:588} INFO - Filling up the DagBag from /opt/airflow/dags/dbt-etl.py
[2025-03-14T00:46:10.045+0000] {processor.py:925} INFO - DAG(s) 'dbt-etl-dag' retrieved from /opt/airflow/dags/dbt-etl.py
[2025-03-14T00:46:10.079+0000] {logging_mixin.py:190} INFO - [2025-03-14T00:46:10.078+0000] {dag.py:3239} INFO - Sync 1 DAGs
[2025-03-14T00:46:10.110+0000] {logging_mixin.py:190} INFO - [2025-03-14T00:46:10.109+0000] {dag.py:4180} INFO - Setting next_dagrun for dbt-etl-dag to 2025-03-14 00:00:00+00:00, run_after=2025-03-15 00:00:00+00:00
[2025-03-14T00:46:10.142+0000] {processor.py:208} INFO - Processing /opt/airflow/dags/dbt-etl.py took 0.140 seconds
[2025-03-14T00:46:40.795+0000] {processor.py:186} INFO - Started process (PID=110) to work on /opt/airflow/dags/dbt-etl.py
[2025-03-14T00:46:40.797+0000] {processor.py:914} INFO - Processing file /opt/airflow/dags/dbt-etl.py for tasks to queue
[2025-03-14T00:46:40.801+0000] {logging_mixin.py:190} INFO - [2025-03-14T00:46:40.800+0000] {dagbag.py:588} INFO - Filling up the DagBag from /opt/airflow/dags/dbt-etl.py
[2025-03-14T00:46:40.840+0000] {processor.py:925} INFO - DAG(s) 'dbt-etl-dag' retrieved from /opt/airflow/dags/dbt-etl.py
[2025-03-14T00:46:40.881+0000] {logging_mixin.py:190} INFO - [2025-03-14T00:46:40.881+0000] {dag.py:3239} INFO - Sync 1 DAGs
[2025-03-14T00:46:40.911+0000] {logging_mixin.py:190} INFO - [2025-03-14T00:46:40.911+0000] {dag.py:4180} INFO - Setting next_dagrun for dbt-etl-dag to 2025-03-14 00:00:00+00:00, run_after=2025-03-15 00:00:00+00:00
[2025-03-14T00:46:40.933+0000] {processor.py:208} INFO - Processing /opt/airflow/dags/dbt-etl.py took 0.147 seconds
[2025-03-14T00:47:11.735+0000] {processor.py:186} INFO - Started process (PID=113) to work on /opt/airflow/dags/dbt-etl.py
[2025-03-14T00:47:11.737+0000] {processor.py:914} INFO - Processing file /opt/airflow/dags/dbt-etl.py for tasks to queue
[2025-03-14T00:47:11.746+0000] {logging_mixin.py:190} INFO - [2025-03-14T00:47:11.745+0000] {dagbag.py:588} INFO - Filling up the DagBag from /opt/airflow/dags/dbt-etl.py
[2025-03-14T00:47:11.853+0000] {processor.py:925} INFO - DAG(s) 'dbt-etl-dag' retrieved from /opt/airflow/dags/dbt-etl.py
[2025-03-14T00:47:11.946+0000] {logging_mixin.py:190} INFO - [2025-03-14T00:47:11.944+0000] {dag.py:3239} INFO - Sync 1 DAGs
[2025-03-14T00:47:12.015+0000] {logging_mixin.py:190} INFO - [2025-03-14T00:47:12.015+0000] {dag.py:4180} INFO - Setting next_dagrun for dbt-etl-dag to 2025-03-14 00:00:00+00:00, run_after=2025-03-15 00:00:00+00:00
[2025-03-14T00:47:12.058+0000] {processor.py:208} INFO - Processing /opt/airflow/dags/dbt-etl.py took 0.343 seconds
[2025-03-14T00:47:42.654+0000] {processor.py:186} INFO - Started process (PID=116) to work on /opt/airflow/dags/dbt-etl.py
[2025-03-14T00:47:42.656+0000] {processor.py:914} INFO - Processing file /opt/airflow/dags/dbt-etl.py for tasks to queue
[2025-03-14T00:47:42.661+0000] {logging_mixin.py:190} INFO - [2025-03-14T00:47:42.660+0000] {dagbag.py:588} INFO - Filling up the DagBag from /opt/airflow/dags/dbt-etl.py
[2025-03-14T00:47:42.703+0000] {processor.py:925} INFO - DAG(s) 'dbt-etl-dag' retrieved from /opt/airflow/dags/dbt-etl.py
[2025-03-14T00:47:42.747+0000] {logging_mixin.py:190} INFO - [2025-03-14T00:47:42.746+0000] {dag.py:3239} INFO - Sync 1 DAGs
[2025-03-14T00:47:42.783+0000] {logging_mixin.py:190} INFO - [2025-03-14T00:47:42.782+0000] {dag.py:4180} INFO - Setting next_dagrun for dbt-etl-dag to 2025-03-14 00:00:00+00:00, run_after=2025-03-15 00:00:00+00:00
[2025-03-14T00:47:42.815+0000] {processor.py:208} INFO - Processing /opt/airflow/dags/dbt-etl.py took 0.172 seconds
[2025-03-14T00:48:13.432+0000] {processor.py:186} INFO - Started process (PID=119) to work on /opt/airflow/dags/dbt-etl.py
[2025-03-14T00:48:13.435+0000] {processor.py:914} INFO - Processing file /opt/airflow/dags/dbt-etl.py for tasks to queue
[2025-03-14T00:48:13.440+0000] {logging_mixin.py:190} INFO - [2025-03-14T00:48:13.440+0000] {dagbag.py:588} INFO - Filling up the DagBag from /opt/airflow/dags/dbt-etl.py
[2025-03-14T00:48:13.476+0000] {processor.py:925} INFO - DAG(s) 'dbt-etl-dag' retrieved from /opt/airflow/dags/dbt-etl.py
[2025-03-14T00:48:13.518+0000] {logging_mixin.py:190} INFO - [2025-03-14T00:48:13.517+0000] {dag.py:3239} INFO - Sync 1 DAGs
[2025-03-14T00:48:13.552+0000] {logging_mixin.py:190} INFO - [2025-03-14T00:48:13.551+0000] {dag.py:4180} INFO - Setting next_dagrun for dbt-etl-dag to 2025-03-14 00:00:00+00:00, run_after=2025-03-15 00:00:00+00:00
[2025-03-14T00:48:13.578+0000] {processor.py:208} INFO - Processing /opt/airflow/dags/dbt-etl.py took 0.155 seconds
[2025-03-14T00:48:44.094+0000] {processor.py:186} INFO - Started process (PID=122) to work on /opt/airflow/dags/dbt-etl.py
[2025-03-14T00:48:44.095+0000] {processor.py:914} INFO - Processing file /opt/airflow/dags/dbt-etl.py for tasks to queue
[2025-03-14T00:48:44.100+0000] {logging_mixin.py:190} INFO - [2025-03-14T00:48:44.100+0000] {dagbag.py:588} INFO - Filling up the DagBag from /opt/airflow/dags/dbt-etl.py
[2025-03-14T00:48:44.147+0000] {processor.py:925} INFO - DAG(s) 'dbt-etl-dag' retrieved from /opt/airflow/dags/dbt-etl.py
[2025-03-14T00:48:44.187+0000] {logging_mixin.py:190} INFO - [2025-03-14T00:48:44.187+0000] {dag.py:3239} INFO - Sync 1 DAGs
[2025-03-14T00:48:44.219+0000] {logging_mixin.py:190} INFO - [2025-03-14T00:48:44.219+0000] {dag.py:4180} INFO - Setting next_dagrun for dbt-etl-dag to 2025-03-14 00:00:00+00:00, run_after=2025-03-15 00:00:00+00:00
[2025-03-14T00:48:44.252+0000] {processor.py:208} INFO - Processing /opt/airflow/dags/dbt-etl.py took 0.169 seconds
[2025-03-14T00:49:14.805+0000] {processor.py:186} INFO - Started process (PID=125) to work on /opt/airflow/dags/dbt-etl.py
[2025-03-14T00:49:14.807+0000] {processor.py:914} INFO - Processing file /opt/airflow/dags/dbt-etl.py for tasks to queue
[2025-03-14T00:49:14.812+0000] {logging_mixin.py:190} INFO - [2025-03-14T00:49:14.812+0000] {dagbag.py:588} INFO - Filling up the DagBag from /opt/airflow/dags/dbt-etl.py
[2025-03-14T00:49:14.853+0000] {processor.py:925} INFO - DAG(s) 'dbt-etl-dag' retrieved from /opt/airflow/dags/dbt-etl.py
[2025-03-14T00:49:14.900+0000] {logging_mixin.py:190} INFO - [2025-03-14T00:49:14.897+0000] {dag.py:3239} INFO - Sync 1 DAGs
[2025-03-14T00:49:14.942+0000] {logging_mixin.py:190} INFO - [2025-03-14T00:49:14.941+0000] {dag.py:4180} INFO - Setting next_dagrun for dbt-etl-dag to 2025-03-14 00:00:00+00:00, run_after=2025-03-15 00:00:00+00:00
[2025-03-14T00:49:14.983+0000] {processor.py:208} INFO - Processing /opt/airflow/dags/dbt-etl.py took 0.192 seconds
[2025-03-14T00:49:45.568+0000] {processor.py:186} INFO - Started process (PID=128) to work on /opt/airflow/dags/dbt-etl.py
[2025-03-14T00:49:45.570+0000] {processor.py:914} INFO - Processing file /opt/airflow/dags/dbt-etl.py for tasks to queue
[2025-03-14T00:49:45.573+0000] {logging_mixin.py:190} INFO - [2025-03-14T00:49:45.572+0000] {dagbag.py:588} INFO - Filling up the DagBag from /opt/airflow/dags/dbt-etl.py
[2025-03-14T00:49:45.619+0000] {processor.py:925} INFO - DAG(s) 'dbt-etl-dag' retrieved from /opt/airflow/dags/dbt-etl.py
[2025-03-14T00:49:45.686+0000] {logging_mixin.py:190} INFO - [2025-03-14T00:49:45.685+0000] {dag.py:3239} INFO - Sync 1 DAGs
[2025-03-14T00:49:45.737+0000] {logging_mixin.py:190} INFO - [2025-03-14T00:49:45.737+0000] {dag.py:4180} INFO - Setting next_dagrun for dbt-etl-dag to 2025-03-14 00:00:00+00:00, run_after=2025-03-15 00:00:00+00:00
[2025-03-14T00:49:45.771+0000] {processor.py:208} INFO - Processing /opt/airflow/dags/dbt-etl.py took 0.211 seconds
[2025-03-14T00:50:16.413+0000] {processor.py:186} INFO - Started process (PID=131) to work on /opt/airflow/dags/dbt-etl.py
[2025-03-14T00:50:16.415+0000] {processor.py:914} INFO - Processing file /opt/airflow/dags/dbt-etl.py for tasks to queue
[2025-03-14T00:50:16.419+0000] {logging_mixin.py:190} INFO - [2025-03-14T00:50:16.419+0000] {dagbag.py:588} INFO - Filling up the DagBag from /opt/airflow/dags/dbt-etl.py
[2025-03-14T00:50:16.462+0000] {processor.py:925} INFO - DAG(s) 'dbt-etl-dag' retrieved from /opt/airflow/dags/dbt-etl.py
[2025-03-14T00:50:16.507+0000] {logging_mixin.py:190} INFO - [2025-03-14T00:50:16.507+0000] {dag.py:3239} INFO - Sync 1 DAGs
[2025-03-14T00:50:16.541+0000] {logging_mixin.py:190} INFO - [2025-03-14T00:50:16.541+0000] {dag.py:4180} INFO - Setting next_dagrun for dbt-etl-dag to 2025-03-14 00:00:00+00:00, run_after=2025-03-15 00:00:00+00:00
[2025-03-14T00:50:16.568+0000] {processor.py:208} INFO - Processing /opt/airflow/dags/dbt-etl.py took 0.163 seconds
[2025-03-14T00:50:47.233+0000] {processor.py:186} INFO - Started process (PID=134) to work on /opt/airflow/dags/dbt-etl.py
[2025-03-14T00:50:47.235+0000] {processor.py:914} INFO - Processing file /opt/airflow/dags/dbt-etl.py for tasks to queue
[2025-03-14T00:50:47.240+0000] {logging_mixin.py:190} INFO - [2025-03-14T00:50:47.240+0000] {dagbag.py:588} INFO - Filling up the DagBag from /opt/airflow/dags/dbt-etl.py
[2025-03-14T00:50:47.286+0000] {processor.py:925} INFO - DAG(s) 'dbt-etl-dag' retrieved from /opt/airflow/dags/dbt-etl.py
[2025-03-14T00:50:47.341+0000] {logging_mixin.py:190} INFO - [2025-03-14T00:50:47.340+0000] {dag.py:3239} INFO - Sync 1 DAGs
[2025-03-14T00:50:47.381+0000] {logging_mixin.py:190} INFO - [2025-03-14T00:50:47.381+0000] {dag.py:4180} INFO - Setting next_dagrun for dbt-etl-dag to 2025-03-14 00:00:00+00:00, run_after=2025-03-15 00:00:00+00:00
[2025-03-14T00:50:47.410+0000] {processor.py:208} INFO - Processing /opt/airflow/dags/dbt-etl.py took 0.190 seconds
[2025-03-14T00:51:18.064+0000] {processor.py:186} INFO - Started process (PID=137) to work on /opt/airflow/dags/dbt-etl.py
[2025-03-14T00:51:18.065+0000] {processor.py:914} INFO - Processing file /opt/airflow/dags/dbt-etl.py for tasks to queue
[2025-03-14T00:51:18.069+0000] {logging_mixin.py:190} INFO - [2025-03-14T00:51:18.068+0000] {dagbag.py:588} INFO - Filling up the DagBag from /opt/airflow/dags/dbt-etl.py
[2025-03-14T00:51:18.106+0000] {processor.py:925} INFO - DAG(s) 'dbt-etl-dag' retrieved from /opt/airflow/dags/dbt-etl.py
[2025-03-14T00:51:18.148+0000] {logging_mixin.py:190} INFO - [2025-03-14T00:51:18.148+0000] {dag.py:3239} INFO - Sync 1 DAGs
[2025-03-14T00:51:18.188+0000] {logging_mixin.py:190} INFO - [2025-03-14T00:51:18.188+0000] {dag.py:4180} INFO - Setting next_dagrun for dbt-etl-dag to 2025-03-14 00:00:00+00:00, run_after=2025-03-15 00:00:00+00:00
[2025-03-14T00:51:18.215+0000] {processor.py:208} INFO - Processing /opt/airflow/dags/dbt-etl.py took 0.159 seconds
[2025-03-14T00:51:48.726+0000] {processor.py:186} INFO - Started process (PID=140) to work on /opt/airflow/dags/dbt-etl.py
[2025-03-14T00:51:48.728+0000] {processor.py:914} INFO - Processing file /opt/airflow/dags/dbt-etl.py for tasks to queue
[2025-03-14T00:51:48.731+0000] {logging_mixin.py:190} INFO - [2025-03-14T00:51:48.731+0000] {dagbag.py:588} INFO - Filling up the DagBag from /opt/airflow/dags/dbt-etl.py
[2025-03-14T00:51:48.765+0000] {processor.py:925} INFO - DAG(s) 'dbt-etl-dag' retrieved from /opt/airflow/dags/dbt-etl.py
[2025-03-14T00:51:48.799+0000] {logging_mixin.py:190} INFO - [2025-03-14T00:51:48.799+0000] {dag.py:3239} INFO - Sync 1 DAGs
[2025-03-14T00:51:48.832+0000] {logging_mixin.py:190} INFO - [2025-03-14T00:51:48.831+0000] {dag.py:4180} INFO - Setting next_dagrun for dbt-etl-dag to 2025-03-14 00:00:00+00:00, run_after=2025-03-15 00:00:00+00:00
[2025-03-14T00:51:48.863+0000] {processor.py:208} INFO - Processing /opt/airflow/dags/dbt-etl.py took 0.146 seconds
[2025-03-14T00:52:19.420+0000] {processor.py:186} INFO - Started process (PID=143) to work on /opt/airflow/dags/dbt-etl.py
[2025-03-14T00:52:19.421+0000] {processor.py:914} INFO - Processing file /opt/airflow/dags/dbt-etl.py for tasks to queue
[2025-03-14T00:52:19.427+0000] {logging_mixin.py:190} INFO - [2025-03-14T00:52:19.426+0000] {dagbag.py:588} INFO - Filling up the DagBag from /opt/airflow/dags/dbt-etl.py
[2025-03-14T00:52:19.465+0000] {processor.py:925} INFO - DAG(s) 'dbt-etl-dag' retrieved from /opt/airflow/dags/dbt-etl.py
[2025-03-14T00:52:19.509+0000] {logging_mixin.py:190} INFO - [2025-03-14T00:52:19.508+0000] {dag.py:3239} INFO - Sync 1 DAGs
[2025-03-14T00:52:19.546+0000] {logging_mixin.py:190} INFO - [2025-03-14T00:52:19.546+0000] {dag.py:4180} INFO - Setting next_dagrun for dbt-etl-dag to 2025-03-14 00:00:00+00:00, run_after=2025-03-15 00:00:00+00:00
[2025-03-14T00:52:19.574+0000] {processor.py:208} INFO - Processing /opt/airflow/dags/dbt-etl.py took 0.164 seconds
[2025-03-14T00:52:50.257+0000] {processor.py:186} INFO - Started process (PID=146) to work on /opt/airflow/dags/dbt-etl.py
[2025-03-14T00:52:50.259+0000] {processor.py:914} INFO - Processing file /opt/airflow/dags/dbt-etl.py for tasks to queue
[2025-03-14T00:52:50.263+0000] {logging_mixin.py:190} INFO - [2025-03-14T00:52:50.262+0000] {dagbag.py:588} INFO - Filling up the DagBag from /opt/airflow/dags/dbt-etl.py
[2025-03-14T00:52:50.305+0000] {processor.py:925} INFO - DAG(s) 'dbt-etl-dag' retrieved from /opt/airflow/dags/dbt-etl.py
[2025-03-14T00:52:50.359+0000] {logging_mixin.py:190} INFO - [2025-03-14T00:52:50.358+0000] {dag.py:3239} INFO - Sync 1 DAGs
[2025-03-14T00:52:50.401+0000] {logging_mixin.py:190} INFO - [2025-03-14T00:52:50.401+0000] {dag.py:4180} INFO - Setting next_dagrun for dbt-etl-dag to 2025-03-14 00:00:00+00:00, run_after=2025-03-15 00:00:00+00:00
[2025-03-14T00:52:50.436+0000] {processor.py:208} INFO - Processing /opt/airflow/dags/dbt-etl.py took 0.189 seconds
[2025-03-14T00:53:20.895+0000] {processor.py:186} INFO - Started process (PID=149) to work on /opt/airflow/dags/dbt-etl.py
[2025-03-14T00:53:20.897+0000] {processor.py:914} INFO - Processing file /opt/airflow/dags/dbt-etl.py for tasks to queue
[2025-03-14T00:53:20.901+0000] {logging_mixin.py:190} INFO - [2025-03-14T00:53:20.900+0000] {dagbag.py:588} INFO - Filling up the DagBag from /opt/airflow/dags/dbt-etl.py
[2025-03-14T00:53:20.942+0000] {processor.py:925} INFO - DAG(s) 'dbt-etl-dag' retrieved from /opt/airflow/dags/dbt-etl.py
[2025-03-14T00:53:20.992+0000] {logging_mixin.py:190} INFO - [2025-03-14T00:53:20.991+0000] {dag.py:3239} INFO - Sync 1 DAGs
[2025-03-14T00:53:21.031+0000] {logging_mixin.py:190} INFO - [2025-03-14T00:53:21.031+0000] {dag.py:4180} INFO - Setting next_dagrun for dbt-etl-dag to 2025-03-14 00:00:00+00:00, run_after=2025-03-15 00:00:00+00:00
[2025-03-14T00:53:21.066+0000] {processor.py:208} INFO - Processing /opt/airflow/dags/dbt-etl.py took 0.179 seconds
[2025-03-14T00:53:51.714+0000] {processor.py:186} INFO - Started process (PID=152) to work on /opt/airflow/dags/dbt-etl.py
[2025-03-14T00:53:51.715+0000] {processor.py:914} INFO - Processing file /opt/airflow/dags/dbt-etl.py for tasks to queue
[2025-03-14T00:53:51.718+0000] {logging_mixin.py:190} INFO - [2025-03-14T00:53:51.718+0000] {dagbag.py:588} INFO - Filling up the DagBag from /opt/airflow/dags/dbt-etl.py
[2025-03-14T00:53:51.755+0000] {processor.py:925} INFO - DAG(s) 'dbt-etl-dag' retrieved from /opt/airflow/dags/dbt-etl.py
[2025-03-14T00:53:51.789+0000] {logging_mixin.py:190} INFO - [2025-03-14T00:53:51.788+0000] {dag.py:3239} INFO - Sync 1 DAGs
[2025-03-14T00:53:51.822+0000] {logging_mixin.py:190} INFO - [2025-03-14T00:53:51.822+0000] {dag.py:4180} INFO - Setting next_dagrun for dbt-etl-dag to 2025-03-14 00:00:00+00:00, run_after=2025-03-15 00:00:00+00:00
[2025-03-14T00:53:51.853+0000] {processor.py:208} INFO - Processing /opt/airflow/dags/dbt-etl.py took 0.148 seconds
[2025-03-14T00:54:22.484+0000] {processor.py:186} INFO - Started process (PID=155) to work on /opt/airflow/dags/dbt-etl.py
[2025-03-14T00:54:22.485+0000] {processor.py:914} INFO - Processing file /opt/airflow/dags/dbt-etl.py for tasks to queue
[2025-03-14T00:54:22.489+0000] {logging_mixin.py:190} INFO - [2025-03-14T00:54:22.488+0000] {dagbag.py:588} INFO - Filling up the DagBag from /opt/airflow/dags/dbt-etl.py
[2025-03-14T00:54:22.523+0000] {processor.py:925} INFO - DAG(s) 'dbt-etl-dag' retrieved from /opt/airflow/dags/dbt-etl.py
[2025-03-14T00:54:22.556+0000] {logging_mixin.py:190} INFO - [2025-03-14T00:54:22.555+0000] {dag.py:3239} INFO - Sync 1 DAGs
[2025-03-14T00:54:22.592+0000] {logging_mixin.py:190} INFO - [2025-03-14T00:54:22.592+0000] {dag.py:4180} INFO - Setting next_dagrun for dbt-etl-dag to 2025-03-14 00:00:00+00:00, run_after=2025-03-15 00:00:00+00:00
[2025-03-14T00:54:22.622+0000] {processor.py:208} INFO - Processing /opt/airflow/dags/dbt-etl.py took 0.147 seconds
[2025-03-14T00:54:53.355+0000] {processor.py:186} INFO - Started process (PID=158) to work on /opt/airflow/dags/dbt-etl.py
[2025-03-14T00:54:53.356+0000] {processor.py:914} INFO - Processing file /opt/airflow/dags/dbt-etl.py for tasks to queue
[2025-03-14T00:54:53.359+0000] {logging_mixin.py:190} INFO - [2025-03-14T00:54:53.359+0000] {dagbag.py:588} INFO - Filling up the DagBag from /opt/airflow/dags/dbt-etl.py
[2025-03-14T00:54:53.396+0000] {processor.py:925} INFO - DAG(s) 'dbt-etl-dag' retrieved from /opt/airflow/dags/dbt-etl.py
[2025-03-14T00:54:53.433+0000] {logging_mixin.py:190} INFO - [2025-03-14T00:54:53.432+0000] {dag.py:3239} INFO - Sync 1 DAGs
[2025-03-14T00:54:53.467+0000] {logging_mixin.py:190} INFO - [2025-03-14T00:54:53.467+0000] {dag.py:4180} INFO - Setting next_dagrun for dbt-etl-dag to 2025-03-14 00:00:00+00:00, run_after=2025-03-15 00:00:00+00:00
[2025-03-14T00:54:53.496+0000] {processor.py:208} INFO - Processing /opt/airflow/dags/dbt-etl.py took 0.149 seconds
[2025-03-14T00:55:24.129+0000] {processor.py:186} INFO - Started process (PID=161) to work on /opt/airflow/dags/dbt-etl.py
[2025-03-14T00:55:24.131+0000] {processor.py:914} INFO - Processing file /opt/airflow/dags/dbt-etl.py for tasks to queue
[2025-03-14T00:55:24.135+0000] {logging_mixin.py:190} INFO - [2025-03-14T00:55:24.135+0000] {dagbag.py:588} INFO - Filling up the DagBag from /opt/airflow/dags/dbt-etl.py
[2025-03-14T00:55:24.174+0000] {processor.py:925} INFO - DAG(s) 'dbt-etl-dag' retrieved from /opt/airflow/dags/dbt-etl.py
[2025-03-14T00:55:24.210+0000] {logging_mixin.py:190} INFO - [2025-03-14T00:55:24.209+0000] {dag.py:3239} INFO - Sync 1 DAGs
[2025-03-14T00:55:24.242+0000] {logging_mixin.py:190} INFO - [2025-03-14T00:55:24.242+0000] {dag.py:4180} INFO - Setting next_dagrun for dbt-etl-dag to 2025-03-14 00:00:00+00:00, run_after=2025-03-15 00:00:00+00:00
[2025-03-14T00:55:24.267+0000] {processor.py:208} INFO - Processing /opt/airflow/dags/dbt-etl.py took 0.145 seconds
[2025-03-14T00:55:54.865+0000] {processor.py:186} INFO - Started process (PID=164) to work on /opt/airflow/dags/dbt-etl.py
[2025-03-14T00:55:54.867+0000] {processor.py:914} INFO - Processing file /opt/airflow/dags/dbt-etl.py for tasks to queue
[2025-03-14T00:55:54.870+0000] {logging_mixin.py:190} INFO - [2025-03-14T00:55:54.870+0000] {dagbag.py:588} INFO - Filling up the DagBag from /opt/airflow/dags/dbt-etl.py
[2025-03-14T00:55:54.908+0000] {processor.py:925} INFO - DAG(s) 'dbt-etl-dag' retrieved from /opt/airflow/dags/dbt-etl.py
[2025-03-14T00:55:54.963+0000] {logging_mixin.py:190} INFO - [2025-03-14T00:55:54.962+0000] {dag.py:3239} INFO - Sync 1 DAGs
[2025-03-14T00:55:55.004+0000] {logging_mixin.py:190} INFO - [2025-03-14T00:55:55.003+0000] {dag.py:4180} INFO - Setting next_dagrun for dbt-etl-dag to 2025-03-14 00:00:00+00:00, run_after=2025-03-15 00:00:00+00:00
[2025-03-14T00:55:55.032+0000] {processor.py:208} INFO - Processing /opt/airflow/dags/dbt-etl.py took 0.176 seconds
[2025-03-14T00:56:25.699+0000] {processor.py:186} INFO - Started process (PID=167) to work on /opt/airflow/dags/dbt-etl.py
[2025-03-14T00:56:25.701+0000] {processor.py:914} INFO - Processing file /opt/airflow/dags/dbt-etl.py for tasks to queue
[2025-03-14T00:56:25.704+0000] {logging_mixin.py:190} INFO - [2025-03-14T00:56:25.703+0000] {dagbag.py:588} INFO - Filling up the DagBag from /opt/airflow/dags/dbt-etl.py
[2025-03-14T00:56:25.743+0000] {processor.py:925} INFO - DAG(s) 'dbt-etl-dag' retrieved from /opt/airflow/dags/dbt-etl.py
[2025-03-14T00:56:25.775+0000] {logging_mixin.py:190} INFO - [2025-03-14T00:56:25.774+0000] {dag.py:3239} INFO - Sync 1 DAGs
[2025-03-14T00:56:25.802+0000] {logging_mixin.py:190} INFO - [2025-03-14T00:56:25.802+0000] {dag.py:4180} INFO - Setting next_dagrun for dbt-etl-dag to 2025-03-14 00:00:00+00:00, run_after=2025-03-15 00:00:00+00:00
[2025-03-14T00:56:25.834+0000] {processor.py:208} INFO - Processing /opt/airflow/dags/dbt-etl.py took 0.144 seconds
[2025-03-14T00:56:56.468+0000] {processor.py:186} INFO - Started process (PID=170) to work on /opt/airflow/dags/dbt-etl.py
[2025-03-14T00:56:56.470+0000] {processor.py:914} INFO - Processing file /opt/airflow/dags/dbt-etl.py for tasks to queue
[2025-03-14T00:56:56.474+0000] {logging_mixin.py:190} INFO - [2025-03-14T00:56:56.473+0000] {dagbag.py:588} INFO - Filling up the DagBag from /opt/airflow/dags/dbt-etl.py
[2025-03-14T00:56:56.518+0000] {processor.py:925} INFO - DAG(s) 'dbt-etl-dag' retrieved from /opt/airflow/dags/dbt-etl.py
[2025-03-14T00:56:56.558+0000] {logging_mixin.py:190} INFO - [2025-03-14T00:56:56.557+0000] {dag.py:3239} INFO - Sync 1 DAGs
[2025-03-14T00:56:56.598+0000] {logging_mixin.py:190} INFO - [2025-03-14T00:56:56.598+0000] {dag.py:4180} INFO - Setting next_dagrun for dbt-etl-dag to 2025-03-14 00:00:00+00:00, run_after=2025-03-15 00:00:00+00:00
[2025-03-14T00:56:56.620+0000] {processor.py:208} INFO - Processing /opt/airflow/dags/dbt-etl.py took 0.160 seconds
[2025-03-14T00:57:27.356+0000] {processor.py:186} INFO - Started process (PID=173) to work on /opt/airflow/dags/dbt-etl.py
[2025-03-14T00:57:27.358+0000] {processor.py:914} INFO - Processing file /opt/airflow/dags/dbt-etl.py for tasks to queue
[2025-03-14T00:57:27.362+0000] {logging_mixin.py:190} INFO - [2025-03-14T00:57:27.361+0000] {dagbag.py:588} INFO - Filling up the DagBag from /opt/airflow/dags/dbt-etl.py
[2025-03-14T00:57:27.399+0000] {processor.py:925} INFO - DAG(s) 'dbt-etl-dag' retrieved from /opt/airflow/dags/dbt-etl.py
[2025-03-14T00:57:27.445+0000] {logging_mixin.py:190} INFO - [2025-03-14T00:57:27.444+0000] {dag.py:3239} INFO - Sync 1 DAGs
[2025-03-14T00:57:27.483+0000] {logging_mixin.py:190} INFO - [2025-03-14T00:57:27.482+0000] {dag.py:4180} INFO - Setting next_dagrun for dbt-etl-dag to 2025-03-14 00:00:00+00:00, run_after=2025-03-15 00:00:00+00:00
[2025-03-14T00:57:27.514+0000] {processor.py:208} INFO - Processing /opt/airflow/dags/dbt-etl.py took 0.171 seconds
[2025-03-14T00:57:58.215+0000] {processor.py:186} INFO - Started process (PID=176) to work on /opt/airflow/dags/dbt-etl.py
[2025-03-14T00:57:58.223+0000] {processor.py:914} INFO - Processing file /opt/airflow/dags/dbt-etl.py for tasks to queue
[2025-03-14T00:57:58.232+0000] {logging_mixin.py:190} INFO - [2025-03-14T00:57:58.231+0000] {dagbag.py:588} INFO - Filling up the DagBag from /opt/airflow/dags/dbt-etl.py
[2025-03-14T00:57:58.633+0000] {processor.py:925} INFO - DAG(s) 'dbt-etl-dag' retrieved from /opt/airflow/dags/dbt-etl.py
[2025-03-14T00:57:58.752+0000] {logging_mixin.py:190} INFO - [2025-03-14T00:57:58.742+0000] {dag.py:3239} INFO - Sync 1 DAGs
[2025-03-14T00:57:58.848+0000] {logging_mixin.py:190} INFO - [2025-03-14T00:57:58.847+0000] {dag.py:4180} INFO - Setting next_dagrun for dbt-etl-dag to 2025-03-14 00:00:00+00:00, run_after=2025-03-15 00:00:00+00:00
[2025-03-14T00:57:58.914+0000] {processor.py:208} INFO - Processing /opt/airflow/dags/dbt-etl.py took 0.719 seconds
[2025-03-14T00:58:29.029+0000] {processor.py:186} INFO - Started process (PID=179) to work on /opt/airflow/dags/dbt-etl.py
[2025-03-14T00:58:29.031+0000] {processor.py:914} INFO - Processing file /opt/airflow/dags/dbt-etl.py for tasks to queue
[2025-03-14T00:58:29.045+0000] {logging_mixin.py:190} INFO - [2025-03-14T00:58:29.045+0000] {dagbag.py:588} INFO - Filling up the DagBag from /opt/airflow/dags/dbt-etl.py
[2025-03-14T00:58:29.081+0000] {processor.py:925} INFO - DAG(s) 'dbt-etl-dag' retrieved from /opt/airflow/dags/dbt-etl.py
[2025-03-14T00:58:29.116+0000] {logging_mixin.py:190} INFO - [2025-03-14T00:58:29.116+0000] {dag.py:3239} INFO - Sync 1 DAGs
[2025-03-14T00:58:29.146+0000] {logging_mixin.py:190} INFO - [2025-03-14T00:58:29.145+0000] {dag.py:4180} INFO - Setting next_dagrun for dbt-etl-dag to 2025-03-14 00:00:00+00:00, run_after=2025-03-15 00:00:00+00:00
[2025-03-14T00:58:29.172+0000] {processor.py:208} INFO - Processing /opt/airflow/dags/dbt-etl.py took 0.150 seconds
[2025-03-14T00:58:59.898+0000] {processor.py:186} INFO - Started process (PID=182) to work on /opt/airflow/dags/dbt-etl.py
[2025-03-14T00:58:59.899+0000] {processor.py:914} INFO - Processing file /opt/airflow/dags/dbt-etl.py for tasks to queue
[2025-03-14T00:58:59.902+0000] {logging_mixin.py:190} INFO - [2025-03-14T00:58:59.902+0000] {dagbag.py:588} INFO - Filling up the DagBag from /opt/airflow/dags/dbt-etl.py
[2025-03-14T00:58:59.934+0000] {processor.py:925} INFO - DAG(s) 'dbt-etl-dag' retrieved from /opt/airflow/dags/dbt-etl.py
[2025-03-14T00:58:59.971+0000] {logging_mixin.py:190} INFO - [2025-03-14T00:58:59.970+0000] {dag.py:3239} INFO - Sync 1 DAGs
[2025-03-14T00:59:00.004+0000] {logging_mixin.py:190} INFO - [2025-03-14T00:59:00.004+0000] {dag.py:4180} INFO - Setting next_dagrun for dbt-etl-dag to 2025-03-14 00:00:00+00:00, run_after=2025-03-15 00:00:00+00:00
[2025-03-14T00:59:00.038+0000] {processor.py:208} INFO - Processing /opt/airflow/dags/dbt-etl.py took 0.147 seconds
[2025-03-14T00:59:30.662+0000] {processor.py:186} INFO - Started process (PID=185) to work on /opt/airflow/dags/dbt-etl.py
[2025-03-14T00:59:30.664+0000] {processor.py:914} INFO - Processing file /opt/airflow/dags/dbt-etl.py for tasks to queue
[2025-03-14T00:59:30.668+0000] {logging_mixin.py:190} INFO - [2025-03-14T00:59:30.667+0000] {dagbag.py:588} INFO - Filling up the DagBag from /opt/airflow/dags/dbt-etl.py
[2025-03-14T00:59:30.704+0000] {processor.py:925} INFO - DAG(s) 'dbt-etl-dag' retrieved from /opt/airflow/dags/dbt-etl.py
[2025-03-14T00:59:30.742+0000] {logging_mixin.py:190} INFO - [2025-03-14T00:59:30.740+0000] {dag.py:3239} INFO - Sync 1 DAGs
[2025-03-14T00:59:30.776+0000] {logging_mixin.py:190} INFO - [2025-03-14T00:59:30.775+0000] {dag.py:4180} INFO - Setting next_dagrun for dbt-etl-dag to 2025-03-14 00:00:00+00:00, run_after=2025-03-15 00:00:00+00:00
[2025-03-14T00:59:30.799+0000] {processor.py:208} INFO - Processing /opt/airflow/dags/dbt-etl.py took 0.149 seconds
[2025-03-14T01:00:01.405+0000] {processor.py:186} INFO - Started process (PID=188) to work on /opt/airflow/dags/dbt-etl.py
[2025-03-14T01:00:01.406+0000] {processor.py:914} INFO - Processing file /opt/airflow/dags/dbt-etl.py for tasks to queue
[2025-03-14T01:00:01.412+0000] {logging_mixin.py:190} INFO - [2025-03-14T01:00:01.411+0000] {dagbag.py:588} INFO - Filling up the DagBag from /opt/airflow/dags/dbt-etl.py
[2025-03-14T01:00:01.451+0000] {processor.py:925} INFO - DAG(s) 'dbt-etl-dag' retrieved from /opt/airflow/dags/dbt-etl.py
[2025-03-14T01:00:01.489+0000] {logging_mixin.py:190} INFO - [2025-03-14T01:00:01.488+0000] {dag.py:3239} INFO - Sync 1 DAGs
[2025-03-14T01:00:01.523+0000] {logging_mixin.py:190} INFO - [2025-03-14T01:00:01.523+0000] {dag.py:4180} INFO - Setting next_dagrun for dbt-etl-dag to 2025-03-14 00:00:00+00:00, run_after=2025-03-15 00:00:00+00:00
[2025-03-14T01:00:01.556+0000] {processor.py:208} INFO - Processing /opt/airflow/dags/dbt-etl.py took 0.159 seconds
[2025-03-14T01:00:32.162+0000] {processor.py:186} INFO - Started process (PID=191) to work on /opt/airflow/dags/dbt-etl.py
[2025-03-14T01:00:32.163+0000] {processor.py:914} INFO - Processing file /opt/airflow/dags/dbt-etl.py for tasks to queue
[2025-03-14T01:00:32.168+0000] {logging_mixin.py:190} INFO - [2025-03-14T01:00:32.167+0000] {dagbag.py:588} INFO - Filling up the DagBag from /opt/airflow/dags/dbt-etl.py
[2025-03-14T01:00:32.207+0000] {processor.py:925} INFO - DAG(s) 'dbt-etl-dag' retrieved from /opt/airflow/dags/dbt-etl.py
[2025-03-14T01:00:32.246+0000] {logging_mixin.py:190} INFO - [2025-03-14T01:00:32.245+0000] {dag.py:3239} INFO - Sync 1 DAGs
[2025-03-14T01:00:32.273+0000] {logging_mixin.py:190} INFO - [2025-03-14T01:00:32.273+0000] {dag.py:4180} INFO - Setting next_dagrun for dbt-etl-dag to 2025-03-14 00:00:00+00:00, run_after=2025-03-15 00:00:00+00:00
[2025-03-14T01:00:32.299+0000] {processor.py:208} INFO - Processing /opt/airflow/dags/dbt-etl.py took 0.146 seconds
[2025-03-14T01:01:02.870+0000] {processor.py:186} INFO - Started process (PID=194) to work on /opt/airflow/dags/dbt-etl.py
[2025-03-14T01:01:02.872+0000] {processor.py:914} INFO - Processing file /opt/airflow/dags/dbt-etl.py for tasks to queue
[2025-03-14T01:01:02.876+0000] {logging_mixin.py:190} INFO - [2025-03-14T01:01:02.875+0000] {dagbag.py:588} INFO - Filling up the DagBag from /opt/airflow/dags/dbt-etl.py
[2025-03-14T01:01:02.912+0000] {processor.py:925} INFO - DAG(s) 'dbt-etl-dag' retrieved from /opt/airflow/dags/dbt-etl.py
[2025-03-14T01:01:02.946+0000] {logging_mixin.py:190} INFO - [2025-03-14T01:01:02.945+0000] {dag.py:3239} INFO - Sync 1 DAGs
[2025-03-14T01:01:02.981+0000] {logging_mixin.py:190} INFO - [2025-03-14T01:01:02.981+0000] {dag.py:4180} INFO - Setting next_dagrun for dbt-etl-dag to 2025-03-14 00:00:00+00:00, run_after=2025-03-15 00:00:00+00:00
[2025-03-14T01:01:03.013+0000] {processor.py:208} INFO - Processing /opt/airflow/dags/dbt-etl.py took 0.153 seconds
[2025-03-14T01:01:33.602+0000] {processor.py:186} INFO - Started process (PID=197) to work on /opt/airflow/dags/dbt-etl.py
[2025-03-14T01:01:33.604+0000] {processor.py:914} INFO - Processing file /opt/airflow/dags/dbt-etl.py for tasks to queue
[2025-03-14T01:01:33.608+0000] {logging_mixin.py:190} INFO - [2025-03-14T01:01:33.608+0000] {dagbag.py:588} INFO - Filling up the DagBag from /opt/airflow/dags/dbt-etl.py
[2025-03-14T01:01:33.645+0000] {processor.py:925} INFO - DAG(s) 'dbt-etl-dag' retrieved from /opt/airflow/dags/dbt-etl.py
[2025-03-14T01:01:33.686+0000] {logging_mixin.py:190} INFO - [2025-03-14T01:01:33.685+0000] {dag.py:3239} INFO - Sync 1 DAGs
[2025-03-14T01:01:33.727+0000] {logging_mixin.py:190} INFO - [2025-03-14T01:01:33.727+0000] {dag.py:4180} INFO - Setting next_dagrun for dbt-etl-dag to 2025-03-14 00:00:00+00:00, run_after=2025-03-15 00:00:00+00:00
[2025-03-14T01:01:33.766+0000] {processor.py:208} INFO - Processing /opt/airflow/dags/dbt-etl.py took 0.175 seconds
[2025-03-14T01:02:04.375+0000] {processor.py:186} INFO - Started process (PID=200) to work on /opt/airflow/dags/dbt-etl.py
[2025-03-14T01:02:04.377+0000] {processor.py:914} INFO - Processing file /opt/airflow/dags/dbt-etl.py for tasks to queue
[2025-03-14T01:02:04.381+0000] {logging_mixin.py:190} INFO - [2025-03-14T01:02:04.381+0000] {dagbag.py:588} INFO - Filling up the DagBag from /opt/airflow/dags/dbt-etl.py
[2025-03-14T01:02:04.416+0000] {processor.py:925} INFO - DAG(s) 'dbt-etl-dag' retrieved from /opt/airflow/dags/dbt-etl.py
[2025-03-14T01:02:04.453+0000] {logging_mixin.py:190} INFO - [2025-03-14T01:02:04.452+0000] {dag.py:3239} INFO - Sync 1 DAGs
[2025-03-14T01:02:04.484+0000] {logging_mixin.py:190} INFO - [2025-03-14T01:02:04.484+0000] {dag.py:4180} INFO - Setting next_dagrun for dbt-etl-dag to 2025-03-14 00:00:00+00:00, run_after=2025-03-15 00:00:00+00:00
[2025-03-14T01:02:04.511+0000] {processor.py:208} INFO - Processing /opt/airflow/dags/dbt-etl.py took 0.145 seconds
[2025-03-14T01:02:35.202+0000] {processor.py:186} INFO - Started process (PID=203) to work on /opt/airflow/dags/dbt-etl.py
[2025-03-14T01:02:35.203+0000] {processor.py:914} INFO - Processing file /opt/airflow/dags/dbt-etl.py for tasks to queue
[2025-03-14T01:02:35.207+0000] {logging_mixin.py:190} INFO - [2025-03-14T01:02:35.207+0000] {dagbag.py:588} INFO - Filling up the DagBag from /opt/airflow/dags/dbt-etl.py
[2025-03-14T01:02:35.242+0000] {processor.py:925} INFO - DAG(s) 'dbt-etl-dag' retrieved from /opt/airflow/dags/dbt-etl.py
[2025-03-14T01:02:35.275+0000] {logging_mixin.py:190} INFO - [2025-03-14T01:02:35.275+0000] {dag.py:3239} INFO - Sync 1 DAGs
[2025-03-14T01:02:35.306+0000] {logging_mixin.py:190} INFO - [2025-03-14T01:02:35.305+0000] {dag.py:4180} INFO - Setting next_dagrun for dbt-etl-dag to 2025-03-14 00:00:00+00:00, run_after=2025-03-15 00:00:00+00:00
[2025-03-14T01:02:35.328+0000] {processor.py:208} INFO - Processing /opt/airflow/dags/dbt-etl.py took 0.135 seconds
[2025-03-14T01:03:05.879+0000] {processor.py:186} INFO - Started process (PID=206) to work on /opt/airflow/dags/dbt-etl.py
[2025-03-14T01:03:05.880+0000] {processor.py:914} INFO - Processing file /opt/airflow/dags/dbt-etl.py for tasks to queue
[2025-03-14T01:03:05.884+0000] {logging_mixin.py:190} INFO - [2025-03-14T01:03:05.884+0000] {dagbag.py:588} INFO - Filling up the DagBag from /opt/airflow/dags/dbt-etl.py
[2025-03-14T01:03:05.925+0000] {processor.py:925} INFO - DAG(s) 'dbt-etl-dag' retrieved from /opt/airflow/dags/dbt-etl.py
[2025-03-14T01:03:05.961+0000] {logging_mixin.py:190} INFO - [2025-03-14T01:03:05.960+0000] {dag.py:3239} INFO - Sync 1 DAGs
[2025-03-14T01:03:05.998+0000] {logging_mixin.py:190} INFO - [2025-03-14T01:03:05.998+0000] {dag.py:4180} INFO - Setting next_dagrun for dbt-etl-dag to 2025-03-14 00:00:00+00:00, run_after=2025-03-15 00:00:00+00:00
[2025-03-14T01:03:06.030+0000] {processor.py:208} INFO - Processing /opt/airflow/dags/dbt-etl.py took 0.161 seconds
[2025-03-14T01:03:36.577+0000] {processor.py:186} INFO - Started process (PID=209) to work on /opt/airflow/dags/dbt-etl.py
[2025-03-14T01:03:36.578+0000] {processor.py:914} INFO - Processing file /opt/airflow/dags/dbt-etl.py for tasks to queue
[2025-03-14T01:03:36.582+0000] {logging_mixin.py:190} INFO - [2025-03-14T01:03:36.581+0000] {dagbag.py:588} INFO - Filling up the DagBag from /opt/airflow/dags/dbt-etl.py
[2025-03-14T01:03:36.625+0000] {processor.py:925} INFO - DAG(s) 'dbt-etl-dag' retrieved from /opt/airflow/dags/dbt-etl.py
[2025-03-14T01:03:36.665+0000] {logging_mixin.py:190} INFO - [2025-03-14T01:03:36.664+0000] {dag.py:3239} INFO - Sync 1 DAGs
[2025-03-14T01:03:36.691+0000] {logging_mixin.py:190} INFO - [2025-03-14T01:03:36.690+0000] {dag.py:4180} INFO - Setting next_dagrun for dbt-etl-dag to 2025-03-14 00:00:00+00:00, run_after=2025-03-15 00:00:00+00:00
[2025-03-14T01:03:36.722+0000] {processor.py:208} INFO - Processing /opt/airflow/dags/dbt-etl.py took 0.154 seconds
[2025-03-14T01:04:07.246+0000] {processor.py:186} INFO - Started process (PID=212) to work on /opt/airflow/dags/dbt-etl.py
[2025-03-14T01:04:07.248+0000] {processor.py:914} INFO - Processing file /opt/airflow/dags/dbt-etl.py for tasks to queue
[2025-03-14T01:04:07.254+0000] {logging_mixin.py:190} INFO - [2025-03-14T01:04:07.253+0000] {dagbag.py:588} INFO - Filling up the DagBag from /opt/airflow/dags/dbt-etl.py
[2025-03-14T01:04:07.294+0000] {processor.py:925} INFO - DAG(s) 'dbt-etl-dag' retrieved from /opt/airflow/dags/dbt-etl.py
[2025-03-14T01:04:07.339+0000] {logging_mixin.py:190} INFO - [2025-03-14T01:04:07.338+0000] {dag.py:3239} INFO - Sync 1 DAGs
[2025-03-14T01:04:07.371+0000] {logging_mixin.py:190} INFO - [2025-03-14T01:04:07.371+0000] {dag.py:4180} INFO - Setting next_dagrun for dbt-etl-dag to 2025-03-14 00:00:00+00:00, run_after=2025-03-15 00:00:00+00:00
[2025-03-14T01:04:07.396+0000] {processor.py:208} INFO - Processing /opt/airflow/dags/dbt-etl.py took 0.160 seconds
[2025-03-14T01:04:37.907+0000] {processor.py:186} INFO - Started process (PID=215) to work on /opt/airflow/dags/dbt-etl.py
[2025-03-14T01:04:37.909+0000] {processor.py:914} INFO - Processing file /opt/airflow/dags/dbt-etl.py for tasks to queue
[2025-03-14T01:04:37.915+0000] {logging_mixin.py:190} INFO - [2025-03-14T01:04:37.914+0000] {dagbag.py:588} INFO - Filling up the DagBag from /opt/airflow/dags/dbt-etl.py
[2025-03-14T01:04:37.971+0000] {processor.py:925} INFO - DAG(s) 'dbt-etl-dag' retrieved from /opt/airflow/dags/dbt-etl.py
[2025-03-14T01:04:38.025+0000] {logging_mixin.py:190} INFO - [2025-03-14T01:04:38.024+0000] {dag.py:3239} INFO - Sync 1 DAGs
[2025-03-14T01:04:38.070+0000] {logging_mixin.py:190} INFO - [2025-03-14T01:04:38.069+0000] {dag.py:4180} INFO - Setting next_dagrun for dbt-etl-dag to 2025-03-14 00:00:00+00:00, run_after=2025-03-15 00:00:00+00:00
[2025-03-14T01:04:38.102+0000] {processor.py:208} INFO - Processing /opt/airflow/dags/dbt-etl.py took 0.210 seconds
[2025-03-14T01:05:08.416+0000] {processor.py:186} INFO - Started process (PID=218) to work on /opt/airflow/dags/dbt-etl.py
[2025-03-14T01:05:08.418+0000] {processor.py:914} INFO - Processing file /opt/airflow/dags/dbt-etl.py for tasks to queue
[2025-03-14T01:05:08.422+0000] {logging_mixin.py:190} INFO - [2025-03-14T01:05:08.421+0000] {dagbag.py:588} INFO - Filling up the DagBag from /opt/airflow/dags/dbt-etl.py
[2025-03-14T01:05:08.456+0000] {processor.py:925} INFO - DAG(s) 'dbt-etl-dag' retrieved from /opt/airflow/dags/dbt-etl.py
[2025-03-14T01:05:08.493+0000] {logging_mixin.py:190} INFO - [2025-03-14T01:05:08.492+0000] {dag.py:3239} INFO - Sync 1 DAGs
[2025-03-14T01:05:08.529+0000] {logging_mixin.py:190} INFO - [2025-03-14T01:05:08.529+0000] {dag.py:4180} INFO - Setting next_dagrun for dbt-etl-dag to 2025-03-14 00:00:00+00:00, run_after=2025-03-15 00:00:00+00:00
[2025-03-14T01:05:08.559+0000] {processor.py:208} INFO - Processing /opt/airflow/dags/dbt-etl.py took 0.151 seconds
[2025-03-14T01:05:39.067+0000] {processor.py:186} INFO - Started process (PID=221) to work on /opt/airflow/dags/dbt-etl.py
[2025-03-14T01:05:39.069+0000] {processor.py:914} INFO - Processing file /opt/airflow/dags/dbt-etl.py for tasks to queue
[2025-03-14T01:05:39.073+0000] {logging_mixin.py:190} INFO - [2025-03-14T01:05:39.072+0000] {dagbag.py:588} INFO - Filling up the DagBag from /opt/airflow/dags/dbt-etl.py
[2025-03-14T01:05:39.114+0000] {processor.py:925} INFO - DAG(s) 'dbt-etl-dag' retrieved from /opt/airflow/dags/dbt-etl.py
[2025-03-14T01:05:39.153+0000] {logging_mixin.py:190} INFO - [2025-03-14T01:05:39.152+0000] {dag.py:3239} INFO - Sync 1 DAGs
[2025-03-14T01:05:39.187+0000] {logging_mixin.py:190} INFO - [2025-03-14T01:05:39.187+0000] {dag.py:4180} INFO - Setting next_dagrun for dbt-etl-dag to 2025-03-14 00:00:00+00:00, run_after=2025-03-15 00:00:00+00:00
[2025-03-14T01:05:39.216+0000] {processor.py:208} INFO - Processing /opt/airflow/dags/dbt-etl.py took 0.158 seconds
[2025-03-14T01:06:09.691+0000] {processor.py:186} INFO - Started process (PID=224) to work on /opt/airflow/dags/dbt-etl.py
[2025-03-14T01:06:09.693+0000] {processor.py:914} INFO - Processing file /opt/airflow/dags/dbt-etl.py for tasks to queue
[2025-03-14T01:06:09.698+0000] {logging_mixin.py:190} INFO - [2025-03-14T01:06:09.698+0000] {dagbag.py:588} INFO - Filling up the DagBag from /opt/airflow/dags/dbt-etl.py
[2025-03-14T01:06:09.738+0000] {processor.py:925} INFO - DAG(s) 'dbt-etl-dag' retrieved from /opt/airflow/dags/dbt-etl.py
[2025-03-14T01:06:09.783+0000] {logging_mixin.py:190} INFO - [2025-03-14T01:06:09.782+0000] {dag.py:3239} INFO - Sync 1 DAGs
[2025-03-14T01:06:09.816+0000] {logging_mixin.py:190} INFO - [2025-03-14T01:06:09.816+0000] {dag.py:4180} INFO - Setting next_dagrun for dbt-etl-dag to 2025-03-14 00:00:00+00:00, run_after=2025-03-15 00:00:00+00:00
[2025-03-14T01:06:09.845+0000] {processor.py:208} INFO - Processing /opt/airflow/dags/dbt-etl.py took 0.164 seconds
[2025-03-14T01:06:40.332+0000] {processor.py:186} INFO - Started process (PID=227) to work on /opt/airflow/dags/dbt-etl.py
[2025-03-14T01:06:40.334+0000] {processor.py:914} INFO - Processing file /opt/airflow/dags/dbt-etl.py for tasks to queue
[2025-03-14T01:06:40.338+0000] {logging_mixin.py:190} INFO - [2025-03-14T01:06:40.337+0000] {dagbag.py:588} INFO - Filling up the DagBag from /opt/airflow/dags/dbt-etl.py
[2025-03-14T01:06:40.375+0000] {processor.py:925} INFO - DAG(s) 'dbt-etl-dag' retrieved from /opt/airflow/dags/dbt-etl.py
[2025-03-14T01:06:40.413+0000] {logging_mixin.py:190} INFO - [2025-03-14T01:06:40.412+0000] {dag.py:3239} INFO - Sync 1 DAGs
[2025-03-14T01:06:40.447+0000] {logging_mixin.py:190} INFO - [2025-03-14T01:06:40.447+0000] {dag.py:4180} INFO - Setting next_dagrun for dbt-etl-dag to 2025-03-14 00:00:00+00:00, run_after=2025-03-15 00:00:00+00:00
[2025-03-14T01:06:40.475+0000] {processor.py:208} INFO - Processing /opt/airflow/dags/dbt-etl.py took 0.154 seconds
[2025-03-14T01:07:10.947+0000] {processor.py:186} INFO - Started process (PID=230) to work on /opt/airflow/dags/dbt-etl.py
[2025-03-14T01:07:10.949+0000] {processor.py:914} INFO - Processing file /opt/airflow/dags/dbt-etl.py for tasks to queue
[2025-03-14T01:07:10.953+0000] {logging_mixin.py:190} INFO - [2025-03-14T01:07:10.953+0000] {dagbag.py:588} INFO - Filling up the DagBag from /opt/airflow/dags/dbt-etl.py
[2025-03-14T01:07:10.988+0000] {processor.py:925} INFO - DAG(s) 'dbt-etl-dag' retrieved from /opt/airflow/dags/dbt-etl.py
[2025-03-14T01:07:11.029+0000] {logging_mixin.py:190} INFO - [2025-03-14T01:07:11.028+0000] {dag.py:3239} INFO - Sync 1 DAGs
[2025-03-14T01:07:11.064+0000] {logging_mixin.py:190} INFO - [2025-03-14T01:07:11.064+0000] {dag.py:4180} INFO - Setting next_dagrun for dbt-etl-dag to 2025-03-14 00:00:00+00:00, run_after=2025-03-15 00:00:00+00:00
[2025-03-14T01:07:11.104+0000] {processor.py:208} INFO - Processing /opt/airflow/dags/dbt-etl.py took 0.166 seconds
[2025-03-14T01:07:41.723+0000] {processor.py:186} INFO - Started process (PID=233) to work on /opt/airflow/dags/dbt-etl.py
[2025-03-14T01:07:41.725+0000] {processor.py:914} INFO - Processing file /opt/airflow/dags/dbt-etl.py for tasks to queue
[2025-03-14T01:07:41.731+0000] {logging_mixin.py:190} INFO - [2025-03-14T01:07:41.730+0000] {dagbag.py:588} INFO - Filling up the DagBag from /opt/airflow/dags/dbt-etl.py
[2025-03-14T01:07:41.773+0000] {processor.py:925} INFO - DAG(s) 'dbt-etl-dag' retrieved from /opt/airflow/dags/dbt-etl.py
[2025-03-14T01:07:41.816+0000] {logging_mixin.py:190} INFO - [2025-03-14T01:07:41.816+0000] {dag.py:3239} INFO - Sync 1 DAGs
[2025-03-14T01:07:41.860+0000] {logging_mixin.py:190} INFO - [2025-03-14T01:07:41.859+0000] {dag.py:4180} INFO - Setting next_dagrun for dbt-etl-dag to 2025-03-14 00:00:00+00:00, run_after=2025-03-15 00:00:00+00:00
[2025-03-14T01:07:41.892+0000] {processor.py:208} INFO - Processing /opt/airflow/dags/dbt-etl.py took 0.181 seconds
[2025-03-14T01:08:12.371+0000] {processor.py:186} INFO - Started process (PID=236) to work on /opt/airflow/dags/dbt-etl.py
[2025-03-14T01:08:12.372+0000] {processor.py:914} INFO - Processing file /opt/airflow/dags/dbt-etl.py for tasks to queue
[2025-03-14T01:08:12.376+0000] {logging_mixin.py:190} INFO - [2025-03-14T01:08:12.375+0000] {dagbag.py:588} INFO - Filling up the DagBag from /opt/airflow/dags/dbt-etl.py
[2025-03-14T01:08:12.417+0000] {processor.py:925} INFO - DAG(s) 'dbt-etl-dag' retrieved from /opt/airflow/dags/dbt-etl.py
[2025-03-14T01:08:12.457+0000] {logging_mixin.py:190} INFO - [2025-03-14T01:08:12.456+0000] {dag.py:3239} INFO - Sync 1 DAGs
[2025-03-14T01:08:12.494+0000] {logging_mixin.py:190} INFO - [2025-03-14T01:08:12.494+0000] {dag.py:4180} INFO - Setting next_dagrun for dbt-etl-dag to 2025-03-14 00:00:00+00:00, run_after=2025-03-15 00:00:00+00:00
[2025-03-14T01:08:12.529+0000] {processor.py:208} INFO - Processing /opt/airflow/dags/dbt-etl.py took 0.167 seconds
[2025-03-14T01:08:43.002+0000] {processor.py:186} INFO - Started process (PID=239) to work on /opt/airflow/dags/dbt-etl.py
[2025-03-14T01:08:43.005+0000] {processor.py:914} INFO - Processing file /opt/airflow/dags/dbt-etl.py for tasks to queue
[2025-03-14T01:08:43.010+0000] {logging_mixin.py:190} INFO - [2025-03-14T01:08:43.010+0000] {dagbag.py:588} INFO - Filling up the DagBag from /opt/airflow/dags/dbt-etl.py
[2025-03-14T01:08:43.051+0000] {processor.py:925} INFO - DAG(s) 'dbt-etl-dag' retrieved from /opt/airflow/dags/dbt-etl.py
[2025-03-14T01:08:43.099+0000] {logging_mixin.py:190} INFO - [2025-03-14T01:08:43.097+0000] {dag.py:3239} INFO - Sync 1 DAGs
[2025-03-14T01:08:43.133+0000] {logging_mixin.py:190} INFO - [2025-03-14T01:08:43.132+0000] {dag.py:4180} INFO - Setting next_dagrun for dbt-etl-dag to 2025-03-14 00:00:00+00:00, run_after=2025-03-15 00:00:00+00:00
[2025-03-14T01:08:43.167+0000] {processor.py:208} INFO - Processing /opt/airflow/dags/dbt-etl.py took 0.173 seconds
[2025-03-14T01:09:13.632+0000] {processor.py:186} INFO - Started process (PID=242) to work on /opt/airflow/dags/dbt-etl.py
[2025-03-14T01:09:13.634+0000] {processor.py:914} INFO - Processing file /opt/airflow/dags/dbt-etl.py for tasks to queue
[2025-03-14T01:09:13.638+0000] {logging_mixin.py:190} INFO - [2025-03-14T01:09:13.638+0000] {dagbag.py:588} INFO - Filling up the DagBag from /opt/airflow/dags/dbt-etl.py
[2025-03-14T01:09:13.675+0000] {processor.py:925} INFO - DAG(s) 'dbt-etl-dag' retrieved from /opt/airflow/dags/dbt-etl.py
[2025-03-14T01:09:13.715+0000] {logging_mixin.py:190} INFO - [2025-03-14T01:09:13.714+0000] {dag.py:3239} INFO - Sync 1 DAGs
[2025-03-14T01:09:13.753+0000] {logging_mixin.py:190} INFO - [2025-03-14T01:09:13.753+0000] {dag.py:4180} INFO - Setting next_dagrun for dbt-etl-dag to 2025-03-14 00:00:00+00:00, run_after=2025-03-15 00:00:00+00:00
[2025-03-14T01:09:13.785+0000] {processor.py:208} INFO - Processing /opt/airflow/dags/dbt-etl.py took 0.162 seconds
[2025-03-14T01:09:44.257+0000] {processor.py:186} INFO - Started process (PID=245) to work on /opt/airflow/dags/dbt-etl.py
[2025-03-14T01:09:44.260+0000] {processor.py:914} INFO - Processing file /opt/airflow/dags/dbt-etl.py for tasks to queue
[2025-03-14T01:09:44.265+0000] {logging_mixin.py:190} INFO - [2025-03-14T01:09:44.265+0000] {dagbag.py:588} INFO - Filling up the DagBag from /opt/airflow/dags/dbt-etl.py
[2025-03-14T01:09:44.308+0000] {processor.py:925} INFO - DAG(s) 'dbt-etl-dag' retrieved from /opt/airflow/dags/dbt-etl.py
[2025-03-14T01:09:44.352+0000] {logging_mixin.py:190} INFO - [2025-03-14T01:09:44.352+0000] {dag.py:3239} INFO - Sync 1 DAGs
[2025-03-14T01:09:44.389+0000] {logging_mixin.py:190} INFO - [2025-03-14T01:09:44.389+0000] {dag.py:4180} INFO - Setting next_dagrun for dbt-etl-dag to 2025-03-14 00:00:00+00:00, run_after=2025-03-15 00:00:00+00:00
[2025-03-14T01:09:44.428+0000] {processor.py:208} INFO - Processing /opt/airflow/dags/dbt-etl.py took 0.181 seconds
[2025-03-14T01:10:14.922+0000] {processor.py:186} INFO - Started process (PID=248) to work on /opt/airflow/dags/dbt-etl.py
[2025-03-14T01:10:14.924+0000] {processor.py:914} INFO - Processing file /opt/airflow/dags/dbt-etl.py for tasks to queue
[2025-03-14T01:10:14.929+0000] {logging_mixin.py:190} INFO - [2025-03-14T01:10:14.928+0000] {dagbag.py:588} INFO - Filling up the DagBag from /opt/airflow/dags/dbt-etl.py
[2025-03-14T01:10:14.979+0000] {processor.py:925} INFO - DAG(s) 'dbt-etl-dag' retrieved from /opt/airflow/dags/dbt-etl.py
[2025-03-14T01:10:15.030+0000] {logging_mixin.py:190} INFO - [2025-03-14T01:10:15.029+0000] {dag.py:3239} INFO - Sync 1 DAGs
[2025-03-14T01:10:15.074+0000] {logging_mixin.py:190} INFO - [2025-03-14T01:10:15.073+0000] {dag.py:4180} INFO - Setting next_dagrun for dbt-etl-dag to 2025-03-14 00:00:00+00:00, run_after=2025-03-15 00:00:00+00:00
[2025-03-14T01:10:15.107+0000] {processor.py:208} INFO - Processing /opt/airflow/dags/dbt-etl.py took 0.196 seconds
[2025-03-14T01:10:45.605+0000] {processor.py:186} INFO - Started process (PID=251) to work on /opt/airflow/dags/dbt-etl.py
[2025-03-14T01:10:45.607+0000] {processor.py:914} INFO - Processing file /opt/airflow/dags/dbt-etl.py for tasks to queue
[2025-03-14T01:10:45.611+0000] {logging_mixin.py:190} INFO - [2025-03-14T01:10:45.610+0000] {dagbag.py:588} INFO - Filling up the DagBag from /opt/airflow/dags/dbt-etl.py
[2025-03-14T01:10:45.648+0000] {processor.py:925} INFO - DAG(s) 'dbt-etl-dag' retrieved from /opt/airflow/dags/dbt-etl.py
[2025-03-14T01:10:45.688+0000] {logging_mixin.py:190} INFO - [2025-03-14T01:10:45.687+0000] {dag.py:3239} INFO - Sync 1 DAGs
[2025-03-14T01:10:45.722+0000] {logging_mixin.py:190} INFO - [2025-03-14T01:10:45.722+0000] {dag.py:4180} INFO - Setting next_dagrun for dbt-etl-dag to 2025-03-14 00:00:00+00:00, run_after=2025-03-15 00:00:00+00:00
[2025-03-14T01:10:45.754+0000] {processor.py:208} INFO - Processing /opt/airflow/dags/dbt-etl.py took 0.158 seconds
[2025-03-14T01:11:16.237+0000] {processor.py:186} INFO - Started process (PID=254) to work on /opt/airflow/dags/dbt-etl.py
[2025-03-14T01:11:16.238+0000] {processor.py:914} INFO - Processing file /opt/airflow/dags/dbt-etl.py for tasks to queue
[2025-03-14T01:11:16.243+0000] {logging_mixin.py:190} INFO - [2025-03-14T01:11:16.243+0000] {dagbag.py:588} INFO - Filling up the DagBag from /opt/airflow/dags/dbt-etl.py
[2025-03-14T01:11:16.282+0000] {processor.py:925} INFO - DAG(s) 'dbt-etl-dag' retrieved from /opt/airflow/dags/dbt-etl.py
[2025-03-14T01:11:16.324+0000] {logging_mixin.py:190} INFO - [2025-03-14T01:11:16.323+0000] {dag.py:3239} INFO - Sync 1 DAGs
[2025-03-14T01:11:16.359+0000] {logging_mixin.py:190} INFO - [2025-03-14T01:11:16.359+0000] {dag.py:4180} INFO - Setting next_dagrun for dbt-etl-dag to 2025-03-14 00:00:00+00:00, run_after=2025-03-15 00:00:00+00:00
[2025-03-14T01:11:16.402+0000] {processor.py:208} INFO - Processing /opt/airflow/dags/dbt-etl.py took 0.176 seconds
[2025-03-14T01:11:46.898+0000] {processor.py:186} INFO - Started process (PID=257) to work on /opt/airflow/dags/dbt-etl.py
[2025-03-14T01:11:46.899+0000] {processor.py:914} INFO - Processing file /opt/airflow/dags/dbt-etl.py for tasks to queue
[2025-03-14T01:11:46.904+0000] {logging_mixin.py:190} INFO - [2025-03-14T01:11:46.903+0000] {dagbag.py:588} INFO - Filling up the DagBag from /opt/airflow/dags/dbt-etl.py
[2025-03-14T01:11:46.937+0000] {processor.py:925} INFO - DAG(s) 'dbt-etl-dag' retrieved from /opt/airflow/dags/dbt-etl.py
[2025-03-14T01:11:46.976+0000] {logging_mixin.py:190} INFO - [2025-03-14T01:11:46.975+0000] {dag.py:3239} INFO - Sync 1 DAGs
[2025-03-14T01:11:47.011+0000] {logging_mixin.py:190} INFO - [2025-03-14T01:11:47.011+0000] {dag.py:4180} INFO - Setting next_dagrun for dbt-etl-dag to 2025-03-14 00:00:00+00:00, run_after=2025-03-15 00:00:00+00:00
[2025-03-14T01:11:47.047+0000] {processor.py:208} INFO - Processing /opt/airflow/dags/dbt-etl.py took 0.158 seconds
[2025-03-14T01:12:17.539+0000] {processor.py:186} INFO - Started process (PID=260) to work on /opt/airflow/dags/dbt-etl.py
[2025-03-14T01:12:17.545+0000] {processor.py:914} INFO - Processing file /opt/airflow/dags/dbt-etl.py for tasks to queue
[2025-03-14T01:12:17.549+0000] {logging_mixin.py:190} INFO - [2025-03-14T01:12:17.548+0000] {dagbag.py:588} INFO - Filling up the DagBag from /opt/airflow/dags/dbt-etl.py
[2025-03-14T01:12:17.599+0000] {processor.py:925} INFO - DAG(s) 'dbt-etl-dag' retrieved from /opt/airflow/dags/dbt-etl.py
[2025-03-14T01:12:17.646+0000] {logging_mixin.py:190} INFO - [2025-03-14T01:12:17.645+0000] {dag.py:3239} INFO - Sync 1 DAGs
[2025-03-14T01:12:17.686+0000] {logging_mixin.py:190} INFO - [2025-03-14T01:12:17.686+0000] {dag.py:4180} INFO - Setting next_dagrun for dbt-etl-dag to 2025-03-14 00:00:00+00:00, run_after=2025-03-15 00:00:00+00:00
[2025-03-14T01:12:17.729+0000] {processor.py:208} INFO - Processing /opt/airflow/dags/dbt-etl.py took 0.200 seconds
[2025-03-14T01:12:48.129+0000] {processor.py:186} INFO - Started process (PID=263) to work on /opt/airflow/dags/dbt-etl.py
[2025-03-14T01:12:48.131+0000] {processor.py:914} INFO - Processing file /opt/airflow/dags/dbt-etl.py for tasks to queue
[2025-03-14T01:12:48.136+0000] {logging_mixin.py:190} INFO - [2025-03-14T01:12:48.135+0000] {dagbag.py:588} INFO - Filling up the DagBag from /opt/airflow/dags/dbt-etl.py
[2025-03-14T01:12:48.174+0000] {processor.py:925} INFO - DAG(s) 'dbt-etl-dag' retrieved from /opt/airflow/dags/dbt-etl.py
[2025-03-14T01:12:48.211+0000] {logging_mixin.py:190} INFO - [2025-03-14T01:12:48.211+0000] {dag.py:3239} INFO - Sync 1 DAGs
[2025-03-14T01:12:48.245+0000] {logging_mixin.py:190} INFO - [2025-03-14T01:12:48.245+0000] {dag.py:4180} INFO - Setting next_dagrun for dbt-etl-dag to 2025-03-14 00:00:00+00:00, run_after=2025-03-15 00:00:00+00:00
[2025-03-14T01:12:48.277+0000] {processor.py:208} INFO - Processing /opt/airflow/dags/dbt-etl.py took 0.159 seconds
[2025-03-14T01:13:18.726+0000] {processor.py:186} INFO - Started process (PID=266) to work on /opt/airflow/dags/dbt-etl.py
[2025-03-14T01:13:18.728+0000] {processor.py:914} INFO - Processing file /opt/airflow/dags/dbt-etl.py for tasks to queue
[2025-03-14T01:13:18.732+0000] {logging_mixin.py:190} INFO - [2025-03-14T01:13:18.732+0000] {dagbag.py:588} INFO - Filling up the DagBag from /opt/airflow/dags/dbt-etl.py
[2025-03-14T01:13:18.773+0000] {processor.py:925} INFO - DAG(s) 'dbt-etl-dag' retrieved from /opt/airflow/dags/dbt-etl.py
[2025-03-14T01:13:18.820+0000] {logging_mixin.py:190} INFO - [2025-03-14T01:13:18.820+0000] {dag.py:3239} INFO - Sync 1 DAGs
[2025-03-14T01:13:18.859+0000] {logging_mixin.py:190} INFO - [2025-03-14T01:13:18.858+0000] {dag.py:4180} INFO - Setting next_dagrun for dbt-etl-dag to 2025-03-14 00:00:00+00:00, run_after=2025-03-15 00:00:00+00:00
[2025-03-14T01:13:18.893+0000] {processor.py:208} INFO - Processing /opt/airflow/dags/dbt-etl.py took 0.177 seconds
[2025-03-14T01:13:49.389+0000] {processor.py:186} INFO - Started process (PID=269) to work on /opt/airflow/dags/dbt-etl.py
[2025-03-14T01:13:49.391+0000] {processor.py:914} INFO - Processing file /opt/airflow/dags/dbt-etl.py for tasks to queue
[2025-03-14T01:13:49.395+0000] {logging_mixin.py:190} INFO - [2025-03-14T01:13:49.395+0000] {dagbag.py:588} INFO - Filling up the DagBag from /opt/airflow/dags/dbt-etl.py
[2025-03-14T01:13:49.431+0000] {processor.py:925} INFO - DAG(s) 'dbt-etl-dag' retrieved from /opt/airflow/dags/dbt-etl.py
[2025-03-14T01:13:49.477+0000] {logging_mixin.py:190} INFO - [2025-03-14T01:13:49.475+0000] {dag.py:3239} INFO - Sync 1 DAGs
[2025-03-14T01:13:49.511+0000] {logging_mixin.py:190} INFO - [2025-03-14T01:13:49.511+0000] {dag.py:4180} INFO - Setting next_dagrun for dbt-etl-dag to 2025-03-14 00:00:00+00:00, run_after=2025-03-15 00:00:00+00:00
[2025-03-14T01:13:49.540+0000] {processor.py:208} INFO - Processing /opt/airflow/dags/dbt-etl.py took 0.161 seconds
[2025-03-14T01:14:20.007+0000] {processor.py:186} INFO - Started process (PID=272) to work on /opt/airflow/dags/dbt-etl.py
[2025-03-14T01:14:20.008+0000] {processor.py:914} INFO - Processing file /opt/airflow/dags/dbt-etl.py for tasks to queue
[2025-03-14T01:14:20.012+0000] {logging_mixin.py:190} INFO - [2025-03-14T01:14:20.012+0000] {dagbag.py:588} INFO - Filling up the DagBag from /opt/airflow/dags/dbt-etl.py
[2025-03-14T01:14:20.054+0000] {processor.py:925} INFO - DAG(s) 'dbt-etl-dag' retrieved from /opt/airflow/dags/dbt-etl.py
[2025-03-14T01:14:20.093+0000] {logging_mixin.py:190} INFO - [2025-03-14T01:14:20.092+0000] {dag.py:3239} INFO - Sync 1 DAGs
[2025-03-14T01:14:20.127+0000] {logging_mixin.py:190} INFO - [2025-03-14T01:14:20.127+0000] {dag.py:4180} INFO - Setting next_dagrun for dbt-etl-dag to 2025-03-14 00:00:00+00:00, run_after=2025-03-15 00:00:00+00:00
[2025-03-14T01:14:20.158+0000] {processor.py:208} INFO - Processing /opt/airflow/dags/dbt-etl.py took 0.162 seconds
[2025-03-14T01:14:50.635+0000] {processor.py:186} INFO - Started process (PID=275) to work on /opt/airflow/dags/dbt-etl.py
[2025-03-14T01:14:50.637+0000] {processor.py:914} INFO - Processing file /opt/airflow/dags/dbt-etl.py for tasks to queue
[2025-03-14T01:14:50.643+0000] {logging_mixin.py:190} INFO - [2025-03-14T01:14:50.642+0000] {dagbag.py:588} INFO - Filling up the DagBag from /opt/airflow/dags/dbt-etl.py
[2025-03-14T01:14:50.682+0000] {processor.py:925} INFO - DAG(s) 'dbt-etl-dag' retrieved from /opt/airflow/dags/dbt-etl.py
[2025-03-14T01:14:50.739+0000] {logging_mixin.py:190} INFO - [2025-03-14T01:14:50.738+0000] {dag.py:3239} INFO - Sync 1 DAGs
[2025-03-14T01:14:50.782+0000] {logging_mixin.py:190} INFO - [2025-03-14T01:14:50.781+0000] {dag.py:4180} INFO - Setting next_dagrun for dbt-etl-dag to 2025-03-14 00:00:00+00:00, run_after=2025-03-15 00:00:00+00:00
[2025-03-14T01:14:50.813+0000] {processor.py:208} INFO - Processing /opt/airflow/dags/dbt-etl.py took 0.188 seconds
[2025-03-14T01:15:21.098+0000] {processor.py:186} INFO - Started process (PID=278) to work on /opt/airflow/dags/dbt-etl.py
[2025-03-14T01:15:21.100+0000] {processor.py:914} INFO - Processing file /opt/airflow/dags/dbt-etl.py for tasks to queue
[2025-03-14T01:15:21.106+0000] {logging_mixin.py:190} INFO - [2025-03-14T01:15:21.105+0000] {dagbag.py:588} INFO - Filling up the DagBag from /opt/airflow/dags/dbt-etl.py
[2025-03-14T01:15:21.152+0000] {processor.py:925} INFO - DAG(s) 'dbt-etl-dag' retrieved from /opt/airflow/dags/dbt-etl.py
[2025-03-14T01:15:21.196+0000] {logging_mixin.py:190} INFO - [2025-03-14T01:15:21.196+0000] {dag.py:3239} INFO - Sync 1 DAGs
[2025-03-14T01:15:21.253+0000] {logging_mixin.py:190} INFO - [2025-03-14T01:15:21.252+0000] {dag.py:4180} INFO - Setting next_dagrun for dbt-etl-dag to 2025-03-14 00:00:00+00:00, run_after=2025-03-15 00:00:00+00:00
[2025-03-14T01:15:21.302+0000] {processor.py:208} INFO - Processing /opt/airflow/dags/dbt-etl.py took 0.218 seconds
[2025-03-14T01:15:51.809+0000] {processor.py:186} INFO - Started process (PID=281) to work on /opt/airflow/dags/dbt-etl.py
[2025-03-14T01:15:51.811+0000] {processor.py:914} INFO - Processing file /opt/airflow/dags/dbt-etl.py for tasks to queue
[2025-03-14T01:15:51.814+0000] {logging_mixin.py:190} INFO - [2025-03-14T01:15:51.814+0000] {dagbag.py:588} INFO - Filling up the DagBag from /opt/airflow/dags/dbt-etl.py
[2025-03-14T01:15:51.855+0000] {processor.py:925} INFO - DAG(s) 'dbt-etl-dag' retrieved from /opt/airflow/dags/dbt-etl.py
[2025-03-14T01:15:51.901+0000] {logging_mixin.py:190} INFO - [2025-03-14T01:15:51.900+0000] {dag.py:3239} INFO - Sync 1 DAGs
[2025-03-14T01:15:51.939+0000] {logging_mixin.py:190} INFO - [2025-03-14T01:15:51.939+0000] {dag.py:4180} INFO - Setting next_dagrun for dbt-etl-dag to 2025-03-14 00:00:00+00:00, run_after=2025-03-15 00:00:00+00:00
[2025-03-14T01:15:51.970+0000] {processor.py:208} INFO - Processing /opt/airflow/dags/dbt-etl.py took 0.173 seconds
