[2025-03-14T00:37:26.685+0000] {processor.py:186} INFO - Started process (PID=49) to work on /opt/airflow/dags/dbt-chck.py
[2025-03-14T00:37:26.687+0000] {processor.py:914} INFO - Processing file /opt/airflow/dags/dbt-chck.py for tasks to queue
[2025-03-14T00:37:26.691+0000] {logging_mixin.py:190} INFO - [2025-03-14T00:37:26.690+0000] {dagbag.py:588} INFO - Filling up the DagBag from /opt/airflow/dags/dbt-chck.py
[2025-03-14T00:37:26.734+0000] {processor.py:925} INFO - DAG(s) 'snowflake_dbt_dag' retrieved from /opt/airflow/dags/dbt-chck.py
[2025-03-14T00:37:27.434+0000] {logging_mixin.py:190} INFO - [2025-03-14T00:37:27.433+0000] {dag.py:3239} INFO - Sync 1 DAGs
[2025-03-14T00:37:27.546+0000] {logging_mixin.py:190} INFO - [2025-03-14T00:37:27.545+0000] {dag.py:4180} INFO - Setting next_dagrun for snowflake_dbt_dag to 2025-03-14 00:00:00+00:00, run_after=2025-03-15 00:00:00+00:00
[2025-03-14T00:37:27.634+0000] {processor.py:208} INFO - Processing /opt/airflow/dags/dbt-chck.py took 0.959 seconds
[2025-03-14T00:37:57.791+0000] {processor.py:186} INFO - Started process (PID=59) to work on /opt/airflow/dags/dbt-chck.py
[2025-03-14T00:37:57.793+0000] {processor.py:914} INFO - Processing file /opt/airflow/dags/dbt-chck.py for tasks to queue
[2025-03-14T00:37:57.798+0000] {logging_mixin.py:190} INFO - [2025-03-14T00:37:57.798+0000] {dagbag.py:588} INFO - Filling up the DagBag from /opt/airflow/dags/dbt-chck.py
[2025-03-14T00:37:57.843+0000] {processor.py:925} INFO - DAG(s) 'snowflake_dbt_dag' retrieved from /opt/airflow/dags/dbt-chck.py
[2025-03-14T00:37:57.887+0000] {logging_mixin.py:190} INFO - [2025-03-14T00:37:57.886+0000] {dag.py:3239} INFO - Sync 1 DAGs
[2025-03-14T00:37:57.926+0000] {logging_mixin.py:190} INFO - [2025-03-14T00:37:57.926+0000] {dag.py:4180} INFO - Setting next_dagrun for snowflake_dbt_dag to 2025-03-14 00:00:00+00:00, run_after=2025-03-15 00:00:00+00:00
[2025-03-14T00:37:57.954+0000] {processor.py:208} INFO - Processing /opt/airflow/dags/dbt-chck.py took 0.175 seconds
[2025-03-14T00:38:28.717+0000] {processor.py:186} INFO - Started process (PID=63) to work on /opt/airflow/dags/dbt-chck.py
[2025-03-14T00:38:28.721+0000] {processor.py:914} INFO - Processing file /opt/airflow/dags/dbt-chck.py for tasks to queue
[2025-03-14T00:38:28.730+0000] {logging_mixin.py:190} INFO - [2025-03-14T00:38:28.729+0000] {dagbag.py:588} INFO - Filling up the DagBag from /opt/airflow/dags/dbt-chck.py
[2025-03-14T00:38:28.764+0000] {processor.py:925} INFO - DAG(s) 'snowflake_dbt_dag' retrieved from /opt/airflow/dags/dbt-chck.py
[2025-03-14T00:38:28.809+0000] {logging_mixin.py:190} INFO - [2025-03-14T00:38:28.808+0000] {dag.py:3239} INFO - Sync 1 DAGs
[2025-03-14T00:38:28.850+0000] {logging_mixin.py:190} INFO - [2025-03-14T00:38:28.850+0000] {dag.py:4180} INFO - Setting next_dagrun for snowflake_dbt_dag to 2025-03-14 00:00:00+00:00, run_after=2025-03-15 00:00:00+00:00
[2025-03-14T00:38:28.879+0000] {processor.py:208} INFO - Processing /opt/airflow/dags/dbt-chck.py took 0.175 seconds
[2025-03-14T00:38:59.414+0000] {processor.py:186} INFO - Started process (PID=66) to work on /opt/airflow/dags/dbt-chck.py
[2025-03-14T00:38:59.415+0000] {processor.py:914} INFO - Processing file /opt/airflow/dags/dbt-chck.py for tasks to queue
[2025-03-14T00:38:59.419+0000] {logging_mixin.py:190} INFO - [2025-03-14T00:38:59.418+0000] {dagbag.py:588} INFO - Filling up the DagBag from /opt/airflow/dags/dbt-chck.py
[2025-03-14T00:38:59.457+0000] {processor.py:925} INFO - DAG(s) 'snowflake_dbt_dag' retrieved from /opt/airflow/dags/dbt-chck.py
[2025-03-14T00:38:59.518+0000] {logging_mixin.py:190} INFO - [2025-03-14T00:38:59.518+0000] {dag.py:3239} INFO - Sync 1 DAGs
[2025-03-14T00:38:59.560+0000] {logging_mixin.py:190} INFO - [2025-03-14T00:38:59.560+0000] {dag.py:4180} INFO - Setting next_dagrun for snowflake_dbt_dag to 2025-03-14 00:00:00+00:00, run_after=2025-03-15 00:00:00+00:00
[2025-03-14T00:38:59.597+0000] {processor.py:208} INFO - Processing /opt/airflow/dags/dbt-chck.py took 0.193 seconds
[2025-03-14T00:39:30.294+0000] {processor.py:186} INFO - Started process (PID=69) to work on /opt/airflow/dags/dbt-chck.py
[2025-03-14T00:39:30.295+0000] {processor.py:914} INFO - Processing file /opt/airflow/dags/dbt-chck.py for tasks to queue
[2025-03-14T00:39:30.299+0000] {logging_mixin.py:190} INFO - [2025-03-14T00:39:30.298+0000] {dagbag.py:588} INFO - Filling up the DagBag from /opt/airflow/dags/dbt-chck.py
[2025-03-14T00:39:30.333+0000] {processor.py:925} INFO - DAG(s) 'snowflake_dbt_dag' retrieved from /opt/airflow/dags/dbt-chck.py
[2025-03-14T00:39:30.367+0000] {logging_mixin.py:190} INFO - [2025-03-14T00:39:30.366+0000] {dag.py:3239} INFO - Sync 1 DAGs
[2025-03-14T00:39:30.401+0000] {logging_mixin.py:190} INFO - [2025-03-14T00:39:30.401+0000] {dag.py:4180} INFO - Setting next_dagrun for snowflake_dbt_dag to 2025-03-14 00:00:00+00:00, run_after=2025-03-15 00:00:00+00:00
[2025-03-14T00:39:30.429+0000] {processor.py:208} INFO - Processing /opt/airflow/dags/dbt-chck.py took 0.142 seconds
[2025-03-14T00:40:01.070+0000] {processor.py:186} INFO - Started process (PID=72) to work on /opt/airflow/dags/dbt-chck.py
[2025-03-14T00:40:01.071+0000] {processor.py:914} INFO - Processing file /opt/airflow/dags/dbt-chck.py for tasks to queue
[2025-03-14T00:40:01.076+0000] {logging_mixin.py:190} INFO - [2025-03-14T00:40:01.075+0000] {dagbag.py:588} INFO - Filling up the DagBag from /opt/airflow/dags/dbt-chck.py
[2025-03-14T00:40:01.107+0000] {processor.py:925} INFO - DAG(s) 'snowflake_dbt_dag' retrieved from /opt/airflow/dags/dbt-chck.py
[2025-03-14T00:40:01.147+0000] {logging_mixin.py:190} INFO - [2025-03-14T00:40:01.147+0000] {dag.py:3239} INFO - Sync 1 DAGs
[2025-03-14T00:40:01.180+0000] {logging_mixin.py:190} INFO - [2025-03-14T00:40:01.180+0000] {dag.py:4180} INFO - Setting next_dagrun for snowflake_dbt_dag to 2025-03-14 00:00:00+00:00, run_after=2025-03-15 00:00:00+00:00
[2025-03-14T00:40:01.207+0000] {processor.py:208} INFO - Processing /opt/airflow/dags/dbt-chck.py took 0.146 seconds
[2025-03-14T00:40:31.850+0000] {processor.py:186} INFO - Started process (PID=75) to work on /opt/airflow/dags/dbt-chck.py
[2025-03-14T00:40:31.851+0000] {processor.py:914} INFO - Processing file /opt/airflow/dags/dbt-chck.py for tasks to queue
[2025-03-14T00:40:31.855+0000] {logging_mixin.py:190} INFO - [2025-03-14T00:40:31.854+0000] {dagbag.py:588} INFO - Filling up the DagBag from /opt/airflow/dags/dbt-chck.py
[2025-03-14T00:40:31.889+0000] {processor.py:925} INFO - DAG(s) 'snowflake_dbt_dag' retrieved from /opt/airflow/dags/dbt-chck.py
[2025-03-14T00:40:31.920+0000] {logging_mixin.py:190} INFO - [2025-03-14T00:40:31.920+0000] {dag.py:3239} INFO - Sync 1 DAGs
[2025-03-14T00:40:31.952+0000] {logging_mixin.py:190} INFO - [2025-03-14T00:40:31.952+0000] {dag.py:4180} INFO - Setting next_dagrun for snowflake_dbt_dag to 2025-03-14 00:00:00+00:00, run_after=2025-03-15 00:00:00+00:00
[2025-03-14T00:40:31.983+0000] {processor.py:208} INFO - Processing /opt/airflow/dags/dbt-chck.py took 0.142 seconds
[2025-03-14T00:41:02.570+0000] {processor.py:186} INFO - Started process (PID=78) to work on /opt/airflow/dags/dbt-chck.py
[2025-03-14T00:41:02.571+0000] {processor.py:914} INFO - Processing file /opt/airflow/dags/dbt-chck.py for tasks to queue
[2025-03-14T00:41:02.575+0000] {logging_mixin.py:190} INFO - [2025-03-14T00:41:02.575+0000] {dagbag.py:588} INFO - Filling up the DagBag from /opt/airflow/dags/dbt-chck.py
[2025-03-14T00:41:02.605+0000] {processor.py:925} INFO - DAG(s) 'snowflake_dbt_dag' retrieved from /opt/airflow/dags/dbt-chck.py
[2025-03-14T00:41:02.648+0000] {logging_mixin.py:190} INFO - [2025-03-14T00:41:02.648+0000] {dag.py:3239} INFO - Sync 1 DAGs
[2025-03-14T00:41:02.684+0000] {logging_mixin.py:190} INFO - [2025-03-14T00:41:02.684+0000] {dag.py:4180} INFO - Setting next_dagrun for snowflake_dbt_dag to 2025-03-14 00:00:00+00:00, run_after=2025-03-15 00:00:00+00:00
[2025-03-14T00:41:02.713+0000] {processor.py:208} INFO - Processing /opt/airflow/dags/dbt-chck.py took 0.151 seconds
[2025-03-14T00:41:33.334+0000] {processor.py:186} INFO - Started process (PID=81) to work on /opt/airflow/dags/dbt-chck.py
[2025-03-14T00:41:33.336+0000] {processor.py:914} INFO - Processing file /opt/airflow/dags/dbt-chck.py for tasks to queue
[2025-03-14T00:41:33.340+0000] {logging_mixin.py:190} INFO - [2025-03-14T00:41:33.339+0000] {dagbag.py:588} INFO - Filling up the DagBag from /opt/airflow/dags/dbt-chck.py
[2025-03-14T00:41:33.369+0000] {processor.py:925} INFO - DAG(s) 'snowflake_dbt_dag' retrieved from /opt/airflow/dags/dbt-chck.py
[2025-03-14T00:41:33.402+0000] {logging_mixin.py:190} INFO - [2025-03-14T00:41:33.402+0000] {dag.py:3239} INFO - Sync 1 DAGs
[2025-03-14T00:41:33.433+0000] {logging_mixin.py:190} INFO - [2025-03-14T00:41:33.433+0000] {dag.py:4180} INFO - Setting next_dagrun for snowflake_dbt_dag to 2025-03-14 00:00:00+00:00, run_after=2025-03-15 00:00:00+00:00
[2025-03-14T00:41:33.459+0000] {processor.py:208} INFO - Processing /opt/airflow/dags/dbt-chck.py took 0.134 seconds
[2025-03-14T00:42:03.986+0000] {processor.py:186} INFO - Started process (PID=84) to work on /opt/airflow/dags/dbt-chck.py
[2025-03-14T00:42:03.988+0000] {processor.py:914} INFO - Processing file /opt/airflow/dags/dbt-chck.py for tasks to queue
[2025-03-14T00:42:03.992+0000] {logging_mixin.py:190} INFO - [2025-03-14T00:42:03.992+0000] {dagbag.py:588} INFO - Filling up the DagBag from /opt/airflow/dags/dbt-chck.py
[2025-03-14T00:42:04.028+0000] {processor.py:925} INFO - DAG(s) 'snowflake_dbt_dag' retrieved from /opt/airflow/dags/dbt-chck.py
[2025-03-14T00:42:04.066+0000] {logging_mixin.py:190} INFO - [2025-03-14T00:42:04.065+0000] {dag.py:3239} INFO - Sync 1 DAGs
[2025-03-14T00:42:04.095+0000] {logging_mixin.py:190} INFO - [2025-03-14T00:42:04.095+0000] {dag.py:4180} INFO - Setting next_dagrun for snowflake_dbt_dag to 2025-03-14 00:00:00+00:00, run_after=2025-03-15 00:00:00+00:00
[2025-03-14T00:42:04.120+0000] {processor.py:208} INFO - Processing /opt/airflow/dags/dbt-chck.py took 0.141 seconds
[2025-03-14T00:42:34.902+0000] {processor.py:186} INFO - Started process (PID=87) to work on /opt/airflow/dags/dbt-chck.py
[2025-03-14T00:42:34.903+0000] {processor.py:914} INFO - Processing file /opt/airflow/dags/dbt-chck.py for tasks to queue
[2025-03-14T00:42:34.907+0000] {logging_mixin.py:190} INFO - [2025-03-14T00:42:34.907+0000] {dagbag.py:588} INFO - Filling up the DagBag from /opt/airflow/dags/dbt-chck.py
[2025-03-14T00:42:34.937+0000] {processor.py:925} INFO - DAG(s) 'snowflake_dbt_dag' retrieved from /opt/airflow/dags/dbt-chck.py
[2025-03-14T00:42:34.968+0000] {logging_mixin.py:190} INFO - [2025-03-14T00:42:34.967+0000] {dag.py:3239} INFO - Sync 1 DAGs
[2025-03-14T00:42:35.004+0000] {logging_mixin.py:190} INFO - [2025-03-14T00:42:35.004+0000] {dag.py:4180} INFO - Setting next_dagrun for snowflake_dbt_dag to 2025-03-14 00:00:00+00:00, run_after=2025-03-15 00:00:00+00:00
[2025-03-14T00:42:35.030+0000] {processor.py:208} INFO - Processing /opt/airflow/dags/dbt-chck.py took 0.135 seconds
[2025-03-14T00:43:05.598+0000] {processor.py:186} INFO - Started process (PID=90) to work on /opt/airflow/dags/dbt-chck.py
[2025-03-14T00:43:05.599+0000] {processor.py:914} INFO - Processing file /opt/airflow/dags/dbt-chck.py for tasks to queue
[2025-03-14T00:43:05.603+0000] {logging_mixin.py:190} INFO - [2025-03-14T00:43:05.602+0000] {dagbag.py:588} INFO - Filling up the DagBag from /opt/airflow/dags/dbt-chck.py
[2025-03-14T00:43:05.630+0000] {processor.py:925} INFO - DAG(s) 'snowflake_dbt_dag' retrieved from /opt/airflow/dags/dbt-chck.py
[2025-03-14T00:43:05.668+0000] {logging_mixin.py:190} INFO - [2025-03-14T00:43:05.667+0000] {dag.py:3239} INFO - Sync 1 DAGs
[2025-03-14T00:43:05.703+0000] {logging_mixin.py:190} INFO - [2025-03-14T00:43:05.703+0000] {dag.py:4180} INFO - Setting next_dagrun for snowflake_dbt_dag to 2025-03-14 00:00:00+00:00, run_after=2025-03-15 00:00:00+00:00
[2025-03-14T00:43:05.735+0000] {processor.py:208} INFO - Processing /opt/airflow/dags/dbt-chck.py took 0.145 seconds
[2025-03-14T00:43:36.330+0000] {processor.py:186} INFO - Started process (PID=93) to work on /opt/airflow/dags/dbt-chck.py
[2025-03-14T00:43:36.331+0000] {processor.py:914} INFO - Processing file /opt/airflow/dags/dbt-chck.py for tasks to queue
[2025-03-14T00:43:36.335+0000] {logging_mixin.py:190} INFO - [2025-03-14T00:43:36.334+0000] {dagbag.py:588} INFO - Filling up the DagBag from /opt/airflow/dags/dbt-chck.py
[2025-03-14T00:43:36.369+0000] {processor.py:925} INFO - DAG(s) 'snowflake_dbt_dag' retrieved from /opt/airflow/dags/dbt-chck.py
[2025-03-14T00:43:36.407+0000] {logging_mixin.py:190} INFO - [2025-03-14T00:43:36.406+0000] {dag.py:3239} INFO - Sync 1 DAGs
[2025-03-14T00:43:36.447+0000] {logging_mixin.py:190} INFO - [2025-03-14T00:43:36.446+0000] {dag.py:4180} INFO - Setting next_dagrun for snowflake_dbt_dag to 2025-03-14 00:00:00+00:00, run_after=2025-03-15 00:00:00+00:00
[2025-03-14T00:43:36.485+0000] {processor.py:208} INFO - Processing /opt/airflow/dags/dbt-chck.py took 0.164 seconds
[2025-03-14T00:44:06.979+0000] {processor.py:186} INFO - Started process (PID=96) to work on /opt/airflow/dags/dbt-chck.py
[2025-03-14T00:44:06.982+0000] {processor.py:914} INFO - Processing file /opt/airflow/dags/dbt-chck.py for tasks to queue
[2025-03-14T00:44:06.988+0000] {logging_mixin.py:190} INFO - [2025-03-14T00:44:06.987+0000] {dagbag.py:588} INFO - Filling up the DagBag from /opt/airflow/dags/dbt-chck.py
[2025-03-14T00:44:07.028+0000] {processor.py:925} INFO - DAG(s) 'snowflake_dbt_dag' retrieved from /opt/airflow/dags/dbt-chck.py
[2025-03-14T00:44:07.072+0000] {logging_mixin.py:190} INFO - [2025-03-14T00:44:07.071+0000] {dag.py:3239} INFO - Sync 1 DAGs
[2025-03-14T00:44:07.107+0000] {logging_mixin.py:190} INFO - [2025-03-14T00:44:07.107+0000] {dag.py:4180} INFO - Setting next_dagrun for snowflake_dbt_dag to 2025-03-14 00:00:00+00:00, run_after=2025-03-15 00:00:00+00:00
[2025-03-14T00:44:07.133+0000] {processor.py:208} INFO - Processing /opt/airflow/dags/dbt-chck.py took 0.168 seconds
[2025-03-14T00:44:37.758+0000] {processor.py:186} INFO - Started process (PID=99) to work on /opt/airflow/dags/dbt-chck.py
[2025-03-14T00:44:37.760+0000] {processor.py:914} INFO - Processing file /opt/airflow/dags/dbt-chck.py for tasks to queue
[2025-03-14T00:44:37.766+0000] {logging_mixin.py:190} INFO - [2025-03-14T00:44:37.765+0000] {dagbag.py:588} INFO - Filling up the DagBag from /opt/airflow/dags/dbt-chck.py
[2025-03-14T00:44:37.806+0000] {processor.py:925} INFO - DAG(s) 'snowflake_dbt_dag' retrieved from /opt/airflow/dags/dbt-chck.py
[2025-03-14T00:44:37.844+0000] {logging_mixin.py:190} INFO - [2025-03-14T00:44:37.844+0000] {dag.py:3239} INFO - Sync 1 DAGs
[2025-03-14T00:44:37.879+0000] {logging_mixin.py:190} INFO - [2025-03-14T00:44:37.879+0000] {dag.py:4180} INFO - Setting next_dagrun for snowflake_dbt_dag to 2025-03-14 00:00:00+00:00, run_after=2025-03-15 00:00:00+00:00
[2025-03-14T00:44:37.908+0000] {processor.py:208} INFO - Processing /opt/airflow/dags/dbt-chck.py took 0.160 seconds
[2025-03-14T00:45:08.509+0000] {processor.py:186} INFO - Started process (PID=102) to work on /opt/airflow/dags/dbt-chck.py
[2025-03-14T00:45:08.510+0000] {processor.py:914} INFO - Processing file /opt/airflow/dags/dbt-chck.py for tasks to queue
[2025-03-14T00:45:08.514+0000] {logging_mixin.py:190} INFO - [2025-03-14T00:45:08.514+0000] {dagbag.py:588} INFO - Filling up the DagBag from /opt/airflow/dags/dbt-chck.py
[2025-03-14T00:45:08.547+0000] {processor.py:925} INFO - DAG(s) 'snowflake_dbt_dag' retrieved from /opt/airflow/dags/dbt-chck.py
[2025-03-14T00:45:08.578+0000] {logging_mixin.py:190} INFO - [2025-03-14T00:45:08.577+0000] {dag.py:3239} INFO - Sync 1 DAGs
[2025-03-14T00:45:08.608+0000] {logging_mixin.py:190} INFO - [2025-03-14T00:45:08.608+0000] {dag.py:4180} INFO - Setting next_dagrun for snowflake_dbt_dag to 2025-03-14 00:00:00+00:00, run_after=2025-03-15 00:00:00+00:00
[2025-03-14T00:45:08.634+0000] {processor.py:208} INFO - Processing /opt/airflow/dags/dbt-chck.py took 0.133 seconds
[2025-03-14T00:45:39.266+0000] {processor.py:186} INFO - Started process (PID=105) to work on /opt/airflow/dags/dbt-chck.py
[2025-03-14T00:45:39.268+0000] {processor.py:914} INFO - Processing file /opt/airflow/dags/dbt-chck.py for tasks to queue
[2025-03-14T00:45:39.273+0000] {logging_mixin.py:190} INFO - [2025-03-14T00:45:39.272+0000] {dagbag.py:588} INFO - Filling up the DagBag from /opt/airflow/dags/dbt-chck.py
[2025-03-14T00:45:39.308+0000] {processor.py:925} INFO - DAG(s) 'snowflake_dbt_dag' retrieved from /opt/airflow/dags/dbt-chck.py
[2025-03-14T00:45:39.336+0000] {logging_mixin.py:190} INFO - [2025-03-14T00:45:39.335+0000] {dag.py:3239} INFO - Sync 1 DAGs
[2025-03-14T00:45:39.365+0000] {logging_mixin.py:190} INFO - [2025-03-14T00:45:39.365+0000] {dag.py:4180} INFO - Setting next_dagrun for snowflake_dbt_dag to 2025-03-14 00:00:00+00:00, run_after=2025-03-15 00:00:00+00:00
[2025-03-14T00:45:39.392+0000] {processor.py:208} INFO - Processing /opt/airflow/dags/dbt-chck.py took 0.136 seconds
[2025-03-14T00:46:10.018+0000] {processor.py:186} INFO - Started process (PID=108) to work on /opt/airflow/dags/dbt-chck.py
[2025-03-14T00:46:10.019+0000] {processor.py:914} INFO - Processing file /opt/airflow/dags/dbt-chck.py for tasks to queue
[2025-03-14T00:46:10.022+0000] {logging_mixin.py:190} INFO - [2025-03-14T00:46:10.022+0000] {dagbag.py:588} INFO - Filling up the DagBag from /opt/airflow/dags/dbt-chck.py
[2025-03-14T00:46:10.048+0000] {processor.py:925} INFO - DAG(s) 'snowflake_dbt_dag' retrieved from /opt/airflow/dags/dbt-chck.py
[2025-03-14T00:46:10.079+0000] {logging_mixin.py:190} INFO - [2025-03-14T00:46:10.078+0000] {dag.py:3239} INFO - Sync 1 DAGs
[2025-03-14T00:46:10.109+0000] {logging_mixin.py:190} INFO - [2025-03-14T00:46:10.109+0000] {dag.py:4180} INFO - Setting next_dagrun for snowflake_dbt_dag to 2025-03-14 00:00:00+00:00, run_after=2025-03-15 00:00:00+00:00
[2025-03-14T00:46:10.142+0000] {processor.py:208} INFO - Processing /opt/airflow/dags/dbt-chck.py took 0.131 seconds
[2025-03-14T00:46:40.801+0000] {processor.py:186} INFO - Started process (PID=111) to work on /opt/airflow/dags/dbt-chck.py
[2025-03-14T00:46:40.802+0000] {processor.py:914} INFO - Processing file /opt/airflow/dags/dbt-chck.py for tasks to queue
[2025-03-14T00:46:40.806+0000] {logging_mixin.py:190} INFO - [2025-03-14T00:46:40.806+0000] {dagbag.py:588} INFO - Filling up the DagBag from /opt/airflow/dags/dbt-chck.py
[2025-03-14T00:46:40.841+0000] {processor.py:925} INFO - DAG(s) 'snowflake_dbt_dag' retrieved from /opt/airflow/dags/dbt-chck.py
[2025-03-14T00:46:40.879+0000] {logging_mixin.py:190} INFO - [2025-03-14T00:46:40.878+0000] {dag.py:3239} INFO - Sync 1 DAGs
[2025-03-14T00:46:40.912+0000] {logging_mixin.py:190} INFO - [2025-03-14T00:46:40.911+0000] {dag.py:4180} INFO - Setting next_dagrun for snowflake_dbt_dag to 2025-03-14 00:00:00+00:00, run_after=2025-03-15 00:00:00+00:00
[2025-03-14T00:46:40.933+0000] {processor.py:208} INFO - Processing /opt/airflow/dags/dbt-chck.py took 0.141 seconds
[2025-03-14T00:47:11.754+0000] {processor.py:186} INFO - Started process (PID=114) to work on /opt/airflow/dags/dbt-chck.py
[2025-03-14T00:47:11.756+0000] {processor.py:914} INFO - Processing file /opt/airflow/dags/dbt-chck.py for tasks to queue
[2025-03-14T00:47:11.772+0000] {logging_mixin.py:190} INFO - [2025-03-14T00:47:11.771+0000] {dagbag.py:588} INFO - Filling up the DagBag from /opt/airflow/dags/dbt-chck.py
[2025-03-14T00:47:11.863+0000] {processor.py:925} INFO - DAG(s) 'snowflake_dbt_dag' retrieved from /opt/airflow/dags/dbt-chck.py
[2025-03-14T00:47:11.953+0000] {logging_mixin.py:190} INFO - [2025-03-14T00:47:11.951+0000] {dag.py:3239} INFO - Sync 1 DAGs
[2025-03-14T00:47:12.025+0000] {logging_mixin.py:190} INFO - [2025-03-14T00:47:12.025+0000] {dag.py:4180} INFO - Setting next_dagrun for snowflake_dbt_dag to 2025-03-14 00:00:00+00:00, run_after=2025-03-15 00:00:00+00:00
[2025-03-14T00:47:12.069+0000] {processor.py:208} INFO - Processing /opt/airflow/dags/dbt-chck.py took 0.336 seconds
[2025-03-14T00:47:42.663+0000] {processor.py:186} INFO - Started process (PID=117) to work on /opt/airflow/dags/dbt-chck.py
[2025-03-14T00:47:42.664+0000] {processor.py:914} INFO - Processing file /opt/airflow/dags/dbt-chck.py for tasks to queue
[2025-03-14T00:47:42.669+0000] {logging_mixin.py:190} INFO - [2025-03-14T00:47:42.668+0000] {dagbag.py:588} INFO - Filling up the DagBag from /opt/airflow/dags/dbt-chck.py
[2025-03-14T00:47:42.710+0000] {processor.py:925} INFO - DAG(s) 'snowflake_dbt_dag' retrieved from /opt/airflow/dags/dbt-chck.py
[2025-03-14T00:47:42.746+0000] {logging_mixin.py:190} INFO - [2025-03-14T00:47:42.746+0000] {dag.py:3239} INFO - Sync 1 DAGs
[2025-03-14T00:47:42.784+0000] {logging_mixin.py:190} INFO - [2025-03-14T00:47:42.783+0000] {dag.py:4180} INFO - Setting next_dagrun for snowflake_dbt_dag to 2025-03-14 00:00:00+00:00, run_after=2025-03-15 00:00:00+00:00
[2025-03-14T00:47:42.813+0000] {processor.py:208} INFO - Processing /opt/airflow/dags/dbt-chck.py took 0.161 seconds
[2025-03-14T00:48:13.440+0000] {processor.py:186} INFO - Started process (PID=120) to work on /opt/airflow/dags/dbt-chck.py
[2025-03-14T00:48:13.442+0000] {processor.py:914} INFO - Processing file /opt/airflow/dags/dbt-chck.py for tasks to queue
[2025-03-14T00:48:13.446+0000] {logging_mixin.py:190} INFO - [2025-03-14T00:48:13.446+0000] {dagbag.py:588} INFO - Filling up the DagBag from /opt/airflow/dags/dbt-chck.py
[2025-03-14T00:48:13.480+0000] {processor.py:925} INFO - DAG(s) 'snowflake_dbt_dag' retrieved from /opt/airflow/dags/dbt-chck.py
[2025-03-14T00:48:13.520+0000] {logging_mixin.py:190} INFO - [2025-03-14T00:48:13.519+0000] {dag.py:3239} INFO - Sync 1 DAGs
[2025-03-14T00:48:13.553+0000] {logging_mixin.py:190} INFO - [2025-03-14T00:48:13.552+0000] {dag.py:4180} INFO - Setting next_dagrun for snowflake_dbt_dag to 2025-03-14 00:00:00+00:00, run_after=2025-03-15 00:00:00+00:00
[2025-03-14T00:48:13.579+0000] {processor.py:208} INFO - Processing /opt/airflow/dags/dbt-chck.py took 0.148 seconds
[2025-03-14T00:48:44.107+0000] {processor.py:186} INFO - Started process (PID=123) to work on /opt/airflow/dags/dbt-chck.py
[2025-03-14T00:48:44.109+0000] {processor.py:914} INFO - Processing file /opt/airflow/dags/dbt-chck.py for tasks to queue
[2025-03-14T00:48:44.114+0000] {logging_mixin.py:190} INFO - [2025-03-14T00:48:44.114+0000] {dagbag.py:588} INFO - Filling up the DagBag from /opt/airflow/dags/dbt-chck.py
[2025-03-14T00:48:44.152+0000] {processor.py:925} INFO - DAG(s) 'snowflake_dbt_dag' retrieved from /opt/airflow/dags/dbt-chck.py
[2025-03-14T00:48:44.187+0000] {logging_mixin.py:190} INFO - [2025-03-14T00:48:44.187+0000] {dag.py:3239} INFO - Sync 1 DAGs
[2025-03-14T00:48:44.219+0000] {logging_mixin.py:190} INFO - [2025-03-14T00:48:44.219+0000] {dag.py:4180} INFO - Setting next_dagrun for snowflake_dbt_dag to 2025-03-14 00:00:00+00:00, run_after=2025-03-15 00:00:00+00:00
[2025-03-14T00:48:44.252+0000] {processor.py:208} INFO - Processing /opt/airflow/dags/dbt-chck.py took 0.156 seconds
[2025-03-14T00:49:14.821+0000] {processor.py:186} INFO - Started process (PID=126) to work on /opt/airflow/dags/dbt-chck.py
[2025-03-14T00:49:14.822+0000] {processor.py:914} INFO - Processing file /opt/airflow/dags/dbt-chck.py for tasks to queue
[2025-03-14T00:49:14.827+0000] {logging_mixin.py:190} INFO - [2025-03-14T00:49:14.827+0000] {dagbag.py:588} INFO - Filling up the DagBag from /opt/airflow/dags/dbt-chck.py
[2025-03-14T00:49:14.861+0000] {processor.py:925} INFO - DAG(s) 'snowflake_dbt_dag' retrieved from /opt/airflow/dags/dbt-chck.py
[2025-03-14T00:49:14.910+0000] {logging_mixin.py:190} INFO - [2025-03-14T00:49:14.909+0000] {dag.py:3239} INFO - Sync 1 DAGs
[2025-03-14T00:49:14.957+0000] {logging_mixin.py:190} INFO - [2025-03-14T00:49:14.957+0000] {dag.py:4180} INFO - Setting next_dagrun for snowflake_dbt_dag to 2025-03-14 00:00:00+00:00, run_after=2025-03-15 00:00:00+00:00
[2025-03-14T00:49:14.985+0000] {processor.py:208} INFO - Processing /opt/airflow/dags/dbt-chck.py took 0.178 seconds
[2025-03-14T00:49:45.581+0000] {processor.py:186} INFO - Started process (PID=129) to work on /opt/airflow/dags/dbt-chck.py
[2025-03-14T00:49:45.582+0000] {processor.py:914} INFO - Processing file /opt/airflow/dags/dbt-chck.py for tasks to queue
[2025-03-14T00:49:45.586+0000] {logging_mixin.py:190} INFO - [2025-03-14T00:49:45.586+0000] {dagbag.py:588} INFO - Filling up the DagBag from /opt/airflow/dags/dbt-chck.py
[2025-03-14T00:49:45.621+0000] {processor.py:925} INFO - DAG(s) 'snowflake_dbt_dag' retrieved from /opt/airflow/dags/dbt-chck.py
[2025-03-14T00:49:45.682+0000] {logging_mixin.py:190} INFO - [2025-03-14T00:49:45.681+0000] {dag.py:3239} INFO - Sync 1 DAGs
[2025-03-14T00:49:45.730+0000] {logging_mixin.py:190} INFO - [2025-03-14T00:49:45.729+0000] {dag.py:4180} INFO - Setting next_dagrun for snowflake_dbt_dag to 2025-03-14 00:00:00+00:00, run_after=2025-03-15 00:00:00+00:00
[2025-03-14T00:49:45.769+0000] {processor.py:208} INFO - Processing /opt/airflow/dags/dbt-chck.py took 0.197 seconds
[2025-03-14T00:50:16.422+0000] {processor.py:186} INFO - Started process (PID=132) to work on /opt/airflow/dags/dbt-chck.py
[2025-03-14T00:50:16.424+0000] {processor.py:914} INFO - Processing file /opt/airflow/dags/dbt-chck.py for tasks to queue
[2025-03-14T00:50:16.428+0000] {logging_mixin.py:190} INFO - [2025-03-14T00:50:16.427+0000] {dagbag.py:588} INFO - Filling up the DagBag from /opt/airflow/dags/dbt-chck.py
[2025-03-14T00:50:16.466+0000] {processor.py:925} INFO - DAG(s) 'snowflake_dbt_dag' retrieved from /opt/airflow/dags/dbt-chck.py
[2025-03-14T00:50:16.506+0000] {logging_mixin.py:190} INFO - [2025-03-14T00:50:16.504+0000] {dag.py:3239} INFO - Sync 1 DAGs
[2025-03-14T00:50:16.541+0000] {logging_mixin.py:190} INFO - [2025-03-14T00:50:16.541+0000] {dag.py:4180} INFO - Setting next_dagrun for snowflake_dbt_dag to 2025-03-14 00:00:00+00:00, run_after=2025-03-15 00:00:00+00:00
[2025-03-14T00:50:16.568+0000] {processor.py:208} INFO - Processing /opt/airflow/dags/dbt-chck.py took 0.154 seconds
[2025-03-14T00:50:47.244+0000] {processor.py:186} INFO - Started process (PID=135) to work on /opt/airflow/dags/dbt-chck.py
[2025-03-14T00:50:47.246+0000] {processor.py:914} INFO - Processing file /opt/airflow/dags/dbt-chck.py for tasks to queue
[2025-03-14T00:50:47.250+0000] {logging_mixin.py:190} INFO - [2025-03-14T00:50:47.249+0000] {dagbag.py:588} INFO - Filling up the DagBag from /opt/airflow/dags/dbt-chck.py
[2025-03-14T00:50:47.293+0000] {processor.py:925} INFO - DAG(s) 'snowflake_dbt_dag' retrieved from /opt/airflow/dags/dbt-chck.py
[2025-03-14T00:50:47.342+0000] {logging_mixin.py:190} INFO - [2025-03-14T00:50:47.341+0000] {dag.py:3239} INFO - Sync 1 DAGs
[2025-03-14T00:50:47.392+0000] {logging_mixin.py:190} INFO - [2025-03-14T00:50:47.391+0000] {dag.py:4180} INFO - Setting next_dagrun for snowflake_dbt_dag to 2025-03-14 00:00:00+00:00, run_after=2025-03-15 00:00:00+00:00
[2025-03-14T00:50:47.419+0000] {processor.py:208} INFO - Processing /opt/airflow/dags/dbt-chck.py took 0.186 seconds
[2025-03-14T00:51:18.076+0000] {processor.py:186} INFO - Started process (PID=138) to work on /opt/airflow/dags/dbt-chck.py
[2025-03-14T00:51:18.078+0000] {processor.py:914} INFO - Processing file /opt/airflow/dags/dbt-chck.py for tasks to queue
[2025-03-14T00:51:18.082+0000] {logging_mixin.py:190} INFO - [2025-03-14T00:51:18.081+0000] {dagbag.py:588} INFO - Filling up the DagBag from /opt/airflow/dags/dbt-chck.py
[2025-03-14T00:51:18.123+0000] {processor.py:925} INFO - DAG(s) 'snowflake_dbt_dag' retrieved from /opt/airflow/dags/dbt-chck.py
[2025-03-14T00:51:18.161+0000] {logging_mixin.py:190} INFO - [2025-03-14T00:51:18.160+0000] {dag.py:3239} INFO - Sync 1 DAGs
[2025-03-14T00:51:18.197+0000] {logging_mixin.py:190} INFO - [2025-03-14T00:51:18.197+0000] {dag.py:4180} INFO - Setting next_dagrun for snowflake_dbt_dag to 2025-03-14 00:00:00+00:00, run_after=2025-03-15 00:00:00+00:00
[2025-03-14T00:51:18.225+0000] {processor.py:208} INFO - Processing /opt/airflow/dags/dbt-chck.py took 0.158 seconds
[2025-03-14T00:51:48.733+0000] {processor.py:186} INFO - Started process (PID=141) to work on /opt/airflow/dags/dbt-chck.py
[2025-03-14T00:51:48.735+0000] {processor.py:914} INFO - Processing file /opt/airflow/dags/dbt-chck.py for tasks to queue
[2025-03-14T00:51:48.739+0000] {logging_mixin.py:190} INFO - [2025-03-14T00:51:48.738+0000] {dagbag.py:588} INFO - Filling up the DagBag from /opt/airflow/dags/dbt-chck.py
[2025-03-14T00:51:48.766+0000] {processor.py:925} INFO - DAG(s) 'snowflake_dbt_dag' retrieved from /opt/airflow/dags/dbt-chck.py
[2025-03-14T00:51:48.798+0000] {logging_mixin.py:190} INFO - [2025-03-14T00:51:48.797+0000] {dag.py:3239} INFO - Sync 1 DAGs
[2025-03-14T00:51:48.832+0000] {logging_mixin.py:190} INFO - [2025-03-14T00:51:48.832+0000] {dag.py:4180} INFO - Setting next_dagrun for snowflake_dbt_dag to 2025-03-14 00:00:00+00:00, run_after=2025-03-15 00:00:00+00:00
[2025-03-14T00:51:48.863+0000] {processor.py:208} INFO - Processing /opt/airflow/dags/dbt-chck.py took 0.137 seconds
[2025-03-14T00:52:19.422+0000] {processor.py:186} INFO - Started process (PID=144) to work on /opt/airflow/dags/dbt-chck.py
[2025-03-14T00:52:19.424+0000] {processor.py:914} INFO - Processing file /opt/airflow/dags/dbt-chck.py for tasks to queue
[2025-03-14T00:52:19.427+0000] {logging_mixin.py:190} INFO - [2025-03-14T00:52:19.427+0000] {dagbag.py:588} INFO - Filling up the DagBag from /opt/airflow/dags/dbt-chck.py
[2025-03-14T00:52:19.463+0000] {processor.py:925} INFO - DAG(s) 'snowflake_dbt_dag' retrieved from /opt/airflow/dags/dbt-chck.py
[2025-03-14T00:52:19.501+0000] {logging_mixin.py:190} INFO - [2025-03-14T00:52:19.501+0000] {dag.py:3239} INFO - Sync 1 DAGs
[2025-03-14T00:52:19.536+0000] {logging_mixin.py:190} INFO - [2025-03-14T00:52:19.535+0000] {dag.py:4180} INFO - Setting next_dagrun for snowflake_dbt_dag to 2025-03-14 00:00:00+00:00, run_after=2025-03-15 00:00:00+00:00
[2025-03-14T00:52:19.569+0000] {processor.py:208} INFO - Processing /opt/airflow/dags/dbt-chck.py took 0.156 seconds
[2025-03-14T00:52:50.265+0000] {processor.py:186} INFO - Started process (PID=147) to work on /opt/airflow/dags/dbt-chck.py
[2025-03-14T00:52:50.266+0000] {processor.py:914} INFO - Processing file /opt/airflow/dags/dbt-chck.py for tasks to queue
[2025-03-14T00:52:50.275+0000] {logging_mixin.py:190} INFO - [2025-03-14T00:52:50.274+0000] {dagbag.py:588} INFO - Filling up the DagBag from /opt/airflow/dags/dbt-chck.py
[2025-03-14T00:52:50.320+0000] {processor.py:925} INFO - DAG(s) 'snowflake_dbt_dag' retrieved from /opt/airflow/dags/dbt-chck.py
[2025-03-14T00:52:50.364+0000] {logging_mixin.py:190} INFO - [2025-03-14T00:52:50.363+0000] {dag.py:3239} INFO - Sync 1 DAGs
[2025-03-14T00:52:50.403+0000] {logging_mixin.py:190} INFO - [2025-03-14T00:52:50.403+0000] {dag.py:4180} INFO - Setting next_dagrun for snowflake_dbt_dag to 2025-03-14 00:00:00+00:00, run_after=2025-03-15 00:00:00+00:00
[2025-03-14T00:52:50.436+0000] {processor.py:208} INFO - Processing /opt/airflow/dags/dbt-chck.py took 0.179 seconds
[2025-03-14T00:53:20.909+0000] {processor.py:186} INFO - Started process (PID=150) to work on /opt/airflow/dags/dbt-chck.py
[2025-03-14T00:53:20.911+0000] {processor.py:914} INFO - Processing file /opt/airflow/dags/dbt-chck.py for tasks to queue
[2025-03-14T00:53:20.914+0000] {logging_mixin.py:190} INFO - [2025-03-14T00:53:20.914+0000] {dagbag.py:588} INFO - Filling up the DagBag from /opt/airflow/dags/dbt-chck.py
[2025-03-14T00:53:20.949+0000] {processor.py:925} INFO - DAG(s) 'snowflake_dbt_dag' retrieved from /opt/airflow/dags/dbt-chck.py
[2025-03-14T00:53:20.992+0000] {logging_mixin.py:190} INFO - [2025-03-14T00:53:20.991+0000] {dag.py:3239} INFO - Sync 1 DAGs
[2025-03-14T00:53:21.029+0000] {logging_mixin.py:190} INFO - [2025-03-14T00:53:21.029+0000] {dag.py:4180} INFO - Setting next_dagrun for snowflake_dbt_dag to 2025-03-14 00:00:00+00:00, run_after=2025-03-15 00:00:00+00:00
[2025-03-14T00:53:21.064+0000] {processor.py:208} INFO - Processing /opt/airflow/dags/dbt-chck.py took 0.163 seconds
[2025-03-14T00:53:51.725+0000] {processor.py:186} INFO - Started process (PID=153) to work on /opt/airflow/dags/dbt-chck.py
[2025-03-14T00:53:51.726+0000] {processor.py:914} INFO - Processing file /opt/airflow/dags/dbt-chck.py for tasks to queue
[2025-03-14T00:53:51.730+0000] {logging_mixin.py:190} INFO - [2025-03-14T00:53:51.730+0000] {dagbag.py:588} INFO - Filling up the DagBag from /opt/airflow/dags/dbt-chck.py
[2025-03-14T00:53:51.765+0000] {processor.py:925} INFO - DAG(s) 'snowflake_dbt_dag' retrieved from /opt/airflow/dags/dbt-chck.py
[2025-03-14T00:53:51.794+0000] {logging_mixin.py:190} INFO - [2025-03-14T00:53:51.793+0000] {dag.py:3239} INFO - Sync 1 DAGs
[2025-03-14T00:53:51.827+0000] {logging_mixin.py:190} INFO - [2025-03-14T00:53:51.826+0000] {dag.py:4180} INFO - Setting next_dagrun for snowflake_dbt_dag to 2025-03-14 00:00:00+00:00, run_after=2025-03-15 00:00:00+00:00
[2025-03-14T00:53:51.853+0000] {processor.py:208} INFO - Processing /opt/airflow/dags/dbt-chck.py took 0.137 seconds
[2025-03-14T00:54:22.492+0000] {processor.py:186} INFO - Started process (PID=156) to work on /opt/airflow/dags/dbt-chck.py
[2025-03-14T00:54:22.493+0000] {processor.py:914} INFO - Processing file /opt/airflow/dags/dbt-chck.py for tasks to queue
[2025-03-14T00:54:22.497+0000] {logging_mixin.py:190} INFO - [2025-03-14T00:54:22.497+0000] {dagbag.py:588} INFO - Filling up the DagBag from /opt/airflow/dags/dbt-chck.py
[2025-03-14T00:54:22.525+0000] {processor.py:925} INFO - DAG(s) 'snowflake_dbt_dag' retrieved from /opt/airflow/dags/dbt-chck.py
[2025-03-14T00:54:22.555+0000] {logging_mixin.py:190} INFO - [2025-03-14T00:54:22.554+0000] {dag.py:3239} INFO - Sync 1 DAGs
[2025-03-14T00:54:22.593+0000] {logging_mixin.py:190} INFO - [2025-03-14T00:54:22.592+0000] {dag.py:4180} INFO - Setting next_dagrun for snowflake_dbt_dag to 2025-03-14 00:00:00+00:00, run_after=2025-03-15 00:00:00+00:00
[2025-03-14T00:54:22.622+0000] {processor.py:208} INFO - Processing /opt/airflow/dags/dbt-chck.py took 0.137 seconds
[2025-03-14T00:54:53.363+0000] {processor.py:186} INFO - Started process (PID=159) to work on /opt/airflow/dags/dbt-chck.py
[2025-03-14T00:54:53.364+0000] {processor.py:914} INFO - Processing file /opt/airflow/dags/dbt-chck.py for tasks to queue
[2025-03-14T00:54:53.368+0000] {logging_mixin.py:190} INFO - [2025-03-14T00:54:53.368+0000] {dagbag.py:588} INFO - Filling up the DagBag from /opt/airflow/dags/dbt-chck.py
[2025-03-14T00:54:53.399+0000] {processor.py:925} INFO - DAG(s) 'snowflake_dbt_dag' retrieved from /opt/airflow/dags/dbt-chck.py
[2025-03-14T00:54:53.431+0000] {logging_mixin.py:190} INFO - [2025-03-14T00:54:53.430+0000] {dag.py:3239} INFO - Sync 1 DAGs
[2025-03-14T00:54:53.468+0000] {logging_mixin.py:190} INFO - [2025-03-14T00:54:53.468+0000] {dag.py:4180} INFO - Setting next_dagrun for snowflake_dbt_dag to 2025-03-14 00:00:00+00:00, run_after=2025-03-15 00:00:00+00:00
[2025-03-14T00:54:53.496+0000] {processor.py:208} INFO - Processing /opt/airflow/dags/dbt-chck.py took 0.141 seconds
[2025-03-14T00:55:24.135+0000] {processor.py:186} INFO - Started process (PID=162) to work on /opt/airflow/dags/dbt-chck.py
[2025-03-14T00:55:24.136+0000] {processor.py:914} INFO - Processing file /opt/airflow/dags/dbt-chck.py for tasks to queue
[2025-03-14T00:55:24.140+0000] {logging_mixin.py:190} INFO - [2025-03-14T00:55:24.140+0000] {dagbag.py:588} INFO - Filling up the DagBag from /opt/airflow/dags/dbt-chck.py
[2025-03-14T00:55:24.177+0000] {processor.py:925} INFO - DAG(s) 'snowflake_dbt_dag' retrieved from /opt/airflow/dags/dbt-chck.py
[2025-03-14T00:55:24.208+0000] {logging_mixin.py:190} INFO - [2025-03-14T00:55:24.207+0000] {dag.py:3239} INFO - Sync 1 DAGs
[2025-03-14T00:55:24.243+0000] {logging_mixin.py:190} INFO - [2025-03-14T00:55:24.243+0000] {dag.py:4180} INFO - Setting next_dagrun for snowflake_dbt_dag to 2025-03-14 00:00:00+00:00, run_after=2025-03-15 00:00:00+00:00
[2025-03-14T00:55:24.267+0000] {processor.py:208} INFO - Processing /opt/airflow/dags/dbt-chck.py took 0.139 seconds
[2025-03-14T00:55:54.869+0000] {processor.py:186} INFO - Started process (PID=165) to work on /opt/airflow/dags/dbt-chck.py
[2025-03-14T00:55:54.870+0000] {processor.py:914} INFO - Processing file /opt/airflow/dags/dbt-chck.py for tasks to queue
[2025-03-14T00:55:54.874+0000] {logging_mixin.py:190} INFO - [2025-03-14T00:55:54.873+0000] {dagbag.py:588} INFO - Filling up the DagBag from /opt/airflow/dags/dbt-chck.py
[2025-03-14T00:55:54.906+0000] {processor.py:925} INFO - DAG(s) 'snowflake_dbt_dag' retrieved from /opt/airflow/dags/dbt-chck.py
[2025-03-14T00:55:54.945+0000] {logging_mixin.py:190} INFO - [2025-03-14T00:55:54.944+0000] {dag.py:3239} INFO - Sync 1 DAGs
[2025-03-14T00:55:54.978+0000] {logging_mixin.py:190} INFO - [2025-03-14T00:55:54.977+0000] {dag.py:4180} INFO - Setting next_dagrun for snowflake_dbt_dag to 2025-03-14 00:00:00+00:00, run_after=2025-03-15 00:00:00+00:00
[2025-03-14T00:55:55.011+0000] {processor.py:208} INFO - Processing /opt/airflow/dags/dbt-chck.py took 0.151 seconds
[2025-03-14T00:56:25.707+0000] {processor.py:186} INFO - Started process (PID=168) to work on /opt/airflow/dags/dbt-chck.py
[2025-03-14T00:56:25.708+0000] {processor.py:914} INFO - Processing file /opt/airflow/dags/dbt-chck.py for tasks to queue
[2025-03-14T00:56:25.712+0000] {logging_mixin.py:190} INFO - [2025-03-14T00:56:25.712+0000] {dagbag.py:588} INFO - Filling up the DagBag from /opt/airflow/dags/dbt-chck.py
[2025-03-14T00:56:25.747+0000] {processor.py:925} INFO - DAG(s) 'snowflake_dbt_dag' retrieved from /opt/airflow/dags/dbt-chck.py
[2025-03-14T00:56:25.774+0000] {logging_mixin.py:190} INFO - [2025-03-14T00:56:25.773+0000] {dag.py:3239} INFO - Sync 1 DAGs
[2025-03-14T00:56:25.803+0000] {logging_mixin.py:190} INFO - [2025-03-14T00:56:25.803+0000] {dag.py:4180} INFO - Setting next_dagrun for snowflake_dbt_dag to 2025-03-14 00:00:00+00:00, run_after=2025-03-15 00:00:00+00:00
[2025-03-14T00:56:25.834+0000] {processor.py:208} INFO - Processing /opt/airflow/dags/dbt-chck.py took 0.134 seconds
[2025-03-14T00:56:56.479+0000] {processor.py:186} INFO - Started process (PID=171) to work on /opt/airflow/dags/dbt-chck.py
[2025-03-14T00:56:56.481+0000] {processor.py:914} INFO - Processing file /opt/airflow/dags/dbt-chck.py for tasks to queue
[2025-03-14T00:56:56.486+0000] {logging_mixin.py:190} INFO - [2025-03-14T00:56:56.485+0000] {dagbag.py:588} INFO - Filling up the DagBag from /opt/airflow/dags/dbt-chck.py
[2025-03-14T00:56:56.518+0000] {processor.py:925} INFO - DAG(s) 'snowflake_dbt_dag' retrieved from /opt/airflow/dags/dbt-chck.py
[2025-03-14T00:56:56.555+0000] {logging_mixin.py:190} INFO - [2025-03-14T00:56:56.554+0000] {dag.py:3239} INFO - Sync 1 DAGs
[2025-03-14T00:56:56.594+0000] {logging_mixin.py:190} INFO - [2025-03-14T00:56:56.594+0000] {dag.py:4180} INFO - Setting next_dagrun for snowflake_dbt_dag to 2025-03-14 00:00:00+00:00, run_after=2025-03-15 00:00:00+00:00
[2025-03-14T00:56:56.619+0000] {processor.py:208} INFO - Processing /opt/airflow/dags/dbt-chck.py took 0.151 seconds
[2025-03-14T00:57:27.364+0000] {processor.py:186} INFO - Started process (PID=174) to work on /opt/airflow/dags/dbt-chck.py
[2025-03-14T00:57:27.365+0000] {processor.py:914} INFO - Processing file /opt/airflow/dags/dbt-chck.py for tasks to queue
[2025-03-14T00:57:27.369+0000] {logging_mixin.py:190} INFO - [2025-03-14T00:57:27.369+0000] {dagbag.py:588} INFO - Filling up the DagBag from /opt/airflow/dags/dbt-chck.py
[2025-03-14T00:57:27.400+0000] {processor.py:925} INFO - DAG(s) 'snowflake_dbt_dag' retrieved from /opt/airflow/dags/dbt-chck.py
[2025-03-14T00:57:27.438+0000] {logging_mixin.py:190} INFO - [2025-03-14T00:57:27.437+0000] {dag.py:3239} INFO - Sync 1 DAGs
[2025-03-14T00:57:27.477+0000] {logging_mixin.py:190} INFO - [2025-03-14T00:57:27.477+0000] {dag.py:4180} INFO - Setting next_dagrun for snowflake_dbt_dag to 2025-03-14 00:00:00+00:00, run_after=2025-03-15 00:00:00+00:00
[2025-03-14T00:57:27.509+0000] {processor.py:208} INFO - Processing /opt/airflow/dags/dbt-chck.py took 0.154 seconds
[2025-03-14T00:57:58.224+0000] {processor.py:186} INFO - Started process (PID=177) to work on /opt/airflow/dags/dbt-chck.py
[2025-03-14T00:57:58.230+0000] {processor.py:914} INFO - Processing file /opt/airflow/dags/dbt-chck.py for tasks to queue
[2025-03-14T00:57:58.245+0000] {logging_mixin.py:190} INFO - [2025-03-14T00:57:58.244+0000] {dagbag.py:588} INFO - Filling up the DagBag from /opt/airflow/dags/dbt-chck.py
[2025-03-14T00:57:58.717+0000] {processor.py:925} INFO - DAG(s) 'snowflake_dbt_dag' retrieved from /opt/airflow/dags/dbt-chck.py
[2025-03-14T00:57:58.815+0000] {logging_mixin.py:190} INFO - [2025-03-14T00:57:58.814+0000] {dag.py:3239} INFO - Sync 1 DAGs
[2025-03-14T00:57:58.910+0000] {logging_mixin.py:190} INFO - [2025-03-14T00:57:58.910+0000] {dag.py:4180} INFO - Setting next_dagrun for snowflake_dbt_dag to 2025-03-14 00:00:00+00:00, run_after=2025-03-15 00:00:00+00:00
[2025-03-14T00:57:58.969+0000] {processor.py:208} INFO - Processing /opt/airflow/dags/dbt-chck.py took 0.764 seconds
[2025-03-14T00:58:29.238+0000] {processor.py:186} INFO - Started process (PID=180) to work on /opt/airflow/dags/dbt-chck.py
[2025-03-14T00:58:29.240+0000] {processor.py:914} INFO - Processing file /opt/airflow/dags/dbt-chck.py for tasks to queue
[2025-03-14T00:58:29.243+0000] {logging_mixin.py:190} INFO - [2025-03-14T00:58:29.243+0000] {dagbag.py:588} INFO - Filling up the DagBag from /opt/airflow/dags/dbt-chck.py
[2025-03-14T00:58:29.276+0000] {processor.py:925} INFO - DAG(s) 'snowflake_dbt_dag' retrieved from /opt/airflow/dags/dbt-chck.py
[2025-03-14T00:58:29.310+0000] {logging_mixin.py:190} INFO - [2025-03-14T00:58:29.310+0000] {dag.py:3239} INFO - Sync 1 DAGs
[2025-03-14T00:58:29.339+0000] {logging_mixin.py:190} INFO - [2025-03-14T00:58:29.338+0000] {dag.py:4180} INFO - Setting next_dagrun for snowflake_dbt_dag to 2025-03-14 00:00:00+00:00, run_after=2025-03-15 00:00:00+00:00
[2025-03-14T00:58:29.359+0000] {processor.py:208} INFO - Processing /opt/airflow/dags/dbt-chck.py took 0.127 seconds
[2025-03-14T00:58:59.909+0000] {processor.py:186} INFO - Started process (PID=183) to work on /opt/airflow/dags/dbt-chck.py
[2025-03-14T00:58:59.911+0000] {processor.py:914} INFO - Processing file /opt/airflow/dags/dbt-chck.py for tasks to queue
[2025-03-14T00:58:59.915+0000] {logging_mixin.py:190} INFO - [2025-03-14T00:58:59.914+0000] {dagbag.py:588} INFO - Filling up the DagBag from /opt/airflow/dags/dbt-chck.py
[2025-03-14T00:58:59.943+0000] {processor.py:925} INFO - DAG(s) 'snowflake_dbt_dag' retrieved from /opt/airflow/dags/dbt-chck.py
[2025-03-14T00:58:59.974+0000] {logging_mixin.py:190} INFO - [2025-03-14T00:58:59.973+0000] {dag.py:3239} INFO - Sync 1 DAGs
[2025-03-14T00:59:00.007+0000] {logging_mixin.py:190} INFO - [2025-03-14T00:59:00.006+0000] {dag.py:4180} INFO - Setting next_dagrun for snowflake_dbt_dag to 2025-03-14 00:00:00+00:00, run_after=2025-03-15 00:00:00+00:00
[2025-03-14T00:59:00.038+0000] {processor.py:208} INFO - Processing /opt/airflow/dags/dbt-chck.py took 0.138 seconds
[2025-03-14T00:59:30.666+0000] {processor.py:186} INFO - Started process (PID=186) to work on /opt/airflow/dags/dbt-chck.py
[2025-03-14T00:59:30.667+0000] {processor.py:914} INFO - Processing file /opt/airflow/dags/dbt-chck.py for tasks to queue
[2025-03-14T00:59:30.671+0000] {logging_mixin.py:190} INFO - [2025-03-14T00:59:30.670+0000] {dagbag.py:588} INFO - Filling up the DagBag from /opt/airflow/dags/dbt-chck.py
[2025-03-14T00:59:30.700+0000] {processor.py:925} INFO - DAG(s) 'snowflake_dbt_dag' retrieved from /opt/airflow/dags/dbt-chck.py
[2025-03-14T00:59:30.737+0000] {logging_mixin.py:190} INFO - [2025-03-14T00:59:30.736+0000] {dag.py:3239} INFO - Sync 1 DAGs
[2025-03-14T00:59:30.774+0000] {logging_mixin.py:190} INFO - [2025-03-14T00:59:30.774+0000] {dag.py:4180} INFO - Setting next_dagrun for snowflake_dbt_dag to 2025-03-14 00:00:00+00:00, run_after=2025-03-15 00:00:00+00:00
[2025-03-14T00:59:30.799+0000] {processor.py:208} INFO - Processing /opt/airflow/dags/dbt-chck.py took 0.141 seconds
[2025-03-14T01:00:01.419+0000] {processor.py:186} INFO - Started process (PID=189) to work on /opt/airflow/dags/dbt-chck.py
[2025-03-14T01:00:01.421+0000] {processor.py:914} INFO - Processing file /opt/airflow/dags/dbt-chck.py for tasks to queue
[2025-03-14T01:00:01.425+0000] {logging_mixin.py:190} INFO - [2025-03-14T01:00:01.425+0000] {dagbag.py:588} INFO - Filling up the DagBag from /opt/airflow/dags/dbt-chck.py
[2025-03-14T01:00:01.464+0000] {processor.py:925} INFO - DAG(s) 'snowflake_dbt_dag' retrieved from /opt/airflow/dags/dbt-chck.py
[2025-03-14T01:00:01.498+0000] {logging_mixin.py:190} INFO - [2025-03-14T01:00:01.497+0000] {dag.py:3239} INFO - Sync 1 DAGs
[2025-03-14T01:00:01.536+0000] {logging_mixin.py:190} INFO - [2025-03-14T01:00:01.535+0000] {dag.py:4180} INFO - Setting next_dagrun for snowflake_dbt_dag to 2025-03-14 00:00:00+00:00, run_after=2025-03-15 00:00:00+00:00
[2025-03-14T01:00:01.564+0000] {processor.py:208} INFO - Processing /opt/airflow/dags/dbt-chck.py took 0.152 seconds
[2025-03-14T01:00:32.173+0000] {processor.py:186} INFO - Started process (PID=192) to work on /opt/airflow/dags/dbt-chck.py
[2025-03-14T01:00:32.175+0000] {processor.py:914} INFO - Processing file /opt/airflow/dags/dbt-chck.py for tasks to queue
[2025-03-14T01:00:32.179+0000] {logging_mixin.py:190} INFO - [2025-03-14T01:00:32.178+0000] {dagbag.py:588} INFO - Filling up the DagBag from /opt/airflow/dags/dbt-chck.py
[2025-03-14T01:00:32.213+0000] {processor.py:925} INFO - DAG(s) 'snowflake_dbt_dag' retrieved from /opt/airflow/dags/dbt-chck.py
[2025-03-14T01:00:32.246+0000] {logging_mixin.py:190} INFO - [2025-03-14T01:00:32.246+0000] {dag.py:3239} INFO - Sync 1 DAGs
[2025-03-14T01:00:32.273+0000] {logging_mixin.py:190} INFO - [2025-03-14T01:00:32.273+0000] {dag.py:4180} INFO - Setting next_dagrun for snowflake_dbt_dag to 2025-03-14 00:00:00+00:00, run_after=2025-03-15 00:00:00+00:00
[2025-03-14T01:00:32.299+0000] {processor.py:208} INFO - Processing /opt/airflow/dags/dbt-chck.py took 0.135 seconds
[2025-03-14T01:01:02.876+0000] {processor.py:186} INFO - Started process (PID=195) to work on /opt/airflow/dags/dbt-chck.py
[2025-03-14T01:01:02.877+0000] {processor.py:914} INFO - Processing file /opt/airflow/dags/dbt-chck.py for tasks to queue
[2025-03-14T01:01:02.881+0000] {logging_mixin.py:190} INFO - [2025-03-14T01:01:02.881+0000] {dagbag.py:588} INFO - Filling up the DagBag from /opt/airflow/dags/dbt-chck.py
[2025-03-14T01:01:02.914+0000] {processor.py:925} INFO - DAG(s) 'snowflake_dbt_dag' retrieved from /opt/airflow/dags/dbt-chck.py
[2025-03-14T01:01:02.946+0000] {logging_mixin.py:190} INFO - [2025-03-14T01:01:02.945+0000] {dag.py:3239} INFO - Sync 1 DAGs
[2025-03-14T01:01:02.981+0000] {logging_mixin.py:190} INFO - [2025-03-14T01:01:02.981+0000] {dag.py:4180} INFO - Setting next_dagrun for snowflake_dbt_dag to 2025-03-14 00:00:00+00:00, run_after=2025-03-15 00:00:00+00:00
[2025-03-14T01:01:03.010+0000] {processor.py:208} INFO - Processing /opt/airflow/dags/dbt-chck.py took 0.141 seconds
[2025-03-14T01:01:33.614+0000] {processor.py:186} INFO - Started process (PID=198) to work on /opt/airflow/dags/dbt-chck.py
[2025-03-14T01:01:33.615+0000] {processor.py:914} INFO - Processing file /opt/airflow/dags/dbt-chck.py for tasks to queue
[2025-03-14T01:01:33.619+0000] {logging_mixin.py:190} INFO - [2025-03-14T01:01:33.619+0000] {dagbag.py:588} INFO - Filling up the DagBag from /opt/airflow/dags/dbt-chck.py
[2025-03-14T01:01:33.652+0000] {processor.py:925} INFO - DAG(s) 'snowflake_dbt_dag' retrieved from /opt/airflow/dags/dbt-chck.py
[2025-03-14T01:01:33.686+0000] {logging_mixin.py:190} INFO - [2025-03-14T01:01:33.685+0000] {dag.py:3239} INFO - Sync 1 DAGs
[2025-03-14T01:01:33.728+0000] {logging_mixin.py:190} INFO - [2025-03-14T01:01:33.728+0000] {dag.py:4180} INFO - Setting next_dagrun for snowflake_dbt_dag to 2025-03-14 00:00:00+00:00, run_after=2025-03-15 00:00:00+00:00
[2025-03-14T01:01:33.766+0000] {processor.py:208} INFO - Processing /opt/airflow/dags/dbt-chck.py took 0.161 seconds
[2025-03-14T01:02:04.384+0000] {processor.py:186} INFO - Started process (PID=201) to work on /opt/airflow/dags/dbt-chck.py
[2025-03-14T01:02:04.386+0000] {processor.py:914} INFO - Processing file /opt/airflow/dags/dbt-chck.py for tasks to queue
[2025-03-14T01:02:04.389+0000] {logging_mixin.py:190} INFO - [2025-03-14T01:02:04.388+0000] {dagbag.py:588} INFO - Filling up the DagBag from /opt/airflow/dags/dbt-chck.py
[2025-03-14T01:02:04.416+0000] {processor.py:925} INFO - DAG(s) 'snowflake_dbt_dag' retrieved from /opt/airflow/dags/dbt-chck.py
[2025-03-14T01:02:04.451+0000] {logging_mixin.py:190} INFO - [2025-03-14T01:02:04.451+0000] {dag.py:3239} INFO - Sync 1 DAGs
[2025-03-14T01:02:04.484+0000] {logging_mixin.py:190} INFO - [2025-03-14T01:02:04.484+0000] {dag.py:4180} INFO - Setting next_dagrun for snowflake_dbt_dag to 2025-03-14 00:00:00+00:00, run_after=2025-03-15 00:00:00+00:00
[2025-03-14T01:02:04.508+0000] {processor.py:208} INFO - Processing /opt/airflow/dags/dbt-chck.py took 0.133 seconds
[2025-03-14T01:02:35.203+0000] {processor.py:186} INFO - Started process (PID=204) to work on /opt/airflow/dags/dbt-chck.py
[2025-03-14T01:02:35.204+0000] {processor.py:914} INFO - Processing file /opt/airflow/dags/dbt-chck.py for tasks to queue
[2025-03-14T01:02:35.208+0000] {logging_mixin.py:190} INFO - [2025-03-14T01:02:35.207+0000] {dagbag.py:588} INFO - Filling up the DagBag from /opt/airflow/dags/dbt-chck.py
[2025-03-14T01:02:35.241+0000] {processor.py:925} INFO - DAG(s) 'snowflake_dbt_dag' retrieved from /opt/airflow/dags/dbt-chck.py
[2025-03-14T01:02:35.273+0000] {logging_mixin.py:190} INFO - [2025-03-14T01:02:35.272+0000] {dag.py:3239} INFO - Sync 1 DAGs
[2025-03-14T01:02:35.306+0000] {logging_mixin.py:190} INFO - [2025-03-14T01:02:35.306+0000] {dag.py:4180} INFO - Setting next_dagrun for snowflake_dbt_dag to 2025-03-14 00:00:00+00:00, run_after=2025-03-15 00:00:00+00:00
[2025-03-14T01:02:35.328+0000] {processor.py:208} INFO - Processing /opt/airflow/dags/dbt-chck.py took 0.133 seconds
[2025-03-14T01:03:05.888+0000] {processor.py:186} INFO - Started process (PID=207) to work on /opt/airflow/dags/dbt-chck.py
[2025-03-14T01:03:05.890+0000] {processor.py:914} INFO - Processing file /opt/airflow/dags/dbt-chck.py for tasks to queue
[2025-03-14T01:03:05.894+0000] {logging_mixin.py:190} INFO - [2025-03-14T01:03:05.893+0000] {dagbag.py:588} INFO - Filling up the DagBag from /opt/airflow/dags/dbt-chck.py
[2025-03-14T01:03:05.930+0000] {processor.py:925} INFO - DAG(s) 'snowflake_dbt_dag' retrieved from /opt/airflow/dags/dbt-chck.py
[2025-03-14T01:03:05.962+0000] {logging_mixin.py:190} INFO - [2025-03-14T01:03:05.961+0000] {dag.py:3239} INFO - Sync 1 DAGs
[2025-03-14T01:03:05.998+0000] {logging_mixin.py:190} INFO - [2025-03-14T01:03:05.998+0000] {dag.py:4180} INFO - Setting next_dagrun for snowflake_dbt_dag to 2025-03-14 00:00:00+00:00, run_after=2025-03-15 00:00:00+00:00
[2025-03-14T01:03:06.028+0000] {processor.py:208} INFO - Processing /opt/airflow/dags/dbt-chck.py took 0.149 seconds
[2025-03-14T01:03:36.589+0000] {processor.py:186} INFO - Started process (PID=210) to work on /opt/airflow/dags/dbt-chck.py
[2025-03-14T01:03:36.591+0000] {processor.py:914} INFO - Processing file /opt/airflow/dags/dbt-chck.py for tasks to queue
[2025-03-14T01:03:36.594+0000] {logging_mixin.py:190} INFO - [2025-03-14T01:03:36.594+0000] {dagbag.py:588} INFO - Filling up the DagBag from /opt/airflow/dags/dbt-chck.py
[2025-03-14T01:03:36.629+0000] {processor.py:925} INFO - DAG(s) 'snowflake_dbt_dag' retrieved from /opt/airflow/dags/dbt-chck.py
[2025-03-14T01:03:36.662+0000] {logging_mixin.py:190} INFO - [2025-03-14T01:03:36.661+0000] {dag.py:3239} INFO - Sync 1 DAGs
[2025-03-14T01:03:36.691+0000] {logging_mixin.py:190} INFO - [2025-03-14T01:03:36.690+0000] {dag.py:4180} INFO - Setting next_dagrun for snowflake_dbt_dag to 2025-03-14 00:00:00+00:00, run_after=2025-03-15 00:00:00+00:00
[2025-03-14T01:03:36.722+0000] {processor.py:208} INFO - Processing /opt/airflow/dags/dbt-chck.py took 0.143 seconds
[2025-03-14T01:04:07.255+0000] {processor.py:186} INFO - Started process (PID=213) to work on /opt/airflow/dags/dbt-chck.py
[2025-03-14T01:04:07.257+0000] {processor.py:914} INFO - Processing file /opt/airflow/dags/dbt-chck.py for tasks to queue
[2025-03-14T01:04:07.263+0000] {logging_mixin.py:190} INFO - [2025-03-14T01:04:07.261+0000] {dagbag.py:588} INFO - Filling up the DagBag from /opt/airflow/dags/dbt-chck.py
[2025-03-14T01:04:07.294+0000] {processor.py:925} INFO - DAG(s) 'snowflake_dbt_dag' retrieved from /opt/airflow/dags/dbt-chck.py
[2025-03-14T01:04:07.334+0000] {logging_mixin.py:190} INFO - [2025-03-14T01:04:07.334+0000] {dag.py:3239} INFO - Sync 1 DAGs
[2025-03-14T01:04:07.371+0000] {logging_mixin.py:190} INFO - [2025-03-14T01:04:07.371+0000] {dag.py:4180} INFO - Setting next_dagrun for snowflake_dbt_dag to 2025-03-14 00:00:00+00:00, run_after=2025-03-15 00:00:00+00:00
[2025-03-14T01:04:07.396+0000] {processor.py:208} INFO - Processing /opt/airflow/dags/dbt-chck.py took 0.152 seconds
[2025-03-14T01:04:37.915+0000] {processor.py:186} INFO - Started process (PID=216) to work on /opt/airflow/dags/dbt-chck.py
[2025-03-14T01:04:37.916+0000] {processor.py:914} INFO - Processing file /opt/airflow/dags/dbt-chck.py for tasks to queue
[2025-03-14T01:04:37.923+0000] {logging_mixin.py:190} INFO - [2025-03-14T01:04:37.922+0000] {dagbag.py:588} INFO - Filling up the DagBag from /opt/airflow/dags/dbt-chck.py
[2025-03-14T01:04:37.976+0000] {processor.py:925} INFO - DAG(s) 'snowflake_dbt_dag' retrieved from /opt/airflow/dags/dbt-chck.py
[2025-03-14T01:04:38.025+0000] {logging_mixin.py:190} INFO - [2025-03-14T01:04:38.024+0000] {dag.py:3239} INFO - Sync 1 DAGs
[2025-03-14T01:04:38.070+0000] {logging_mixin.py:190} INFO - [2025-03-14T01:04:38.070+0000] {dag.py:4180} INFO - Setting next_dagrun for snowflake_dbt_dag to 2025-03-14 00:00:00+00:00, run_after=2025-03-15 00:00:00+00:00
[2025-03-14T01:04:38.102+0000] {processor.py:208} INFO - Processing /opt/airflow/dags/dbt-chck.py took 0.198 seconds
[2025-03-14T01:05:08.426+0000] {processor.py:186} INFO - Started process (PID=219) to work on /opt/airflow/dags/dbt-chck.py
[2025-03-14T01:05:08.428+0000] {processor.py:914} INFO - Processing file /opt/airflow/dags/dbt-chck.py for tasks to queue
[2025-03-14T01:05:08.431+0000] {logging_mixin.py:190} INFO - [2025-03-14T01:05:08.430+0000] {dagbag.py:588} INFO - Filling up the DagBag from /opt/airflow/dags/dbt-chck.py
[2025-03-14T01:05:08.459+0000] {processor.py:925} INFO - DAG(s) 'snowflake_dbt_dag' retrieved from /opt/airflow/dags/dbt-chck.py
[2025-03-14T01:05:08.493+0000] {logging_mixin.py:190} INFO - [2025-03-14T01:05:08.492+0000] {dag.py:3239} INFO - Sync 1 DAGs
[2025-03-14T01:05:08.529+0000] {logging_mixin.py:190} INFO - [2025-03-14T01:05:08.529+0000] {dag.py:4180} INFO - Setting next_dagrun for snowflake_dbt_dag to 2025-03-14 00:00:00+00:00, run_after=2025-03-15 00:00:00+00:00
[2025-03-14T01:05:08.559+0000] {processor.py:208} INFO - Processing /opt/airflow/dags/dbt-chck.py took 0.141 seconds
[2025-03-14T01:05:39.077+0000] {processor.py:186} INFO - Started process (PID=222) to work on /opt/airflow/dags/dbt-chck.py
[2025-03-14T01:05:39.078+0000] {processor.py:914} INFO - Processing file /opt/airflow/dags/dbt-chck.py for tasks to queue
[2025-03-14T01:05:39.082+0000] {logging_mixin.py:190} INFO - [2025-03-14T01:05:39.082+0000] {dagbag.py:588} INFO - Filling up the DagBag from /opt/airflow/dags/dbt-chck.py
[2025-03-14T01:05:39.116+0000] {processor.py:925} INFO - DAG(s) 'snowflake_dbt_dag' retrieved from /opt/airflow/dags/dbt-chck.py
[2025-03-14T01:05:39.150+0000] {logging_mixin.py:190} INFO - [2025-03-14T01:05:39.150+0000] {dag.py:3239} INFO - Sync 1 DAGs
[2025-03-14T01:05:39.186+0000] {logging_mixin.py:190} INFO - [2025-03-14T01:05:39.186+0000] {dag.py:4180} INFO - Setting next_dagrun for snowflake_dbt_dag to 2025-03-14 00:00:00+00:00, run_after=2025-03-15 00:00:00+00:00
[2025-03-14T01:05:39.216+0000] {processor.py:208} INFO - Processing /opt/airflow/dags/dbt-chck.py took 0.148 seconds
[2025-03-14T01:06:09.698+0000] {processor.py:186} INFO - Started process (PID=225) to work on /opt/airflow/dags/dbt-chck.py
[2025-03-14T01:06:09.700+0000] {processor.py:914} INFO - Processing file /opt/airflow/dags/dbt-chck.py for tasks to queue
[2025-03-14T01:06:09.704+0000] {logging_mixin.py:190} INFO - [2025-03-14T01:06:09.703+0000] {dagbag.py:588} INFO - Filling up the DagBag from /opt/airflow/dags/dbt-chck.py
[2025-03-14T01:06:09.738+0000] {processor.py:925} INFO - DAG(s) 'snowflake_dbt_dag' retrieved from /opt/airflow/dags/dbt-chck.py
[2025-03-14T01:06:09.782+0000] {logging_mixin.py:190} INFO - [2025-03-14T01:06:09.781+0000] {dag.py:3239} INFO - Sync 1 DAGs
[2025-03-14T01:06:09.817+0000] {logging_mixin.py:190} INFO - [2025-03-14T01:06:09.817+0000] {dag.py:4180} INFO - Setting next_dagrun for snowflake_dbt_dag to 2025-03-14 00:00:00+00:00, run_after=2025-03-15 00:00:00+00:00
[2025-03-14T01:06:09.845+0000] {processor.py:208} INFO - Processing /opt/airflow/dags/dbt-chck.py took 0.156 seconds
[2025-03-14T01:06:40.340+0000] {processor.py:186} INFO - Started process (PID=228) to work on /opt/airflow/dags/dbt-chck.py
[2025-03-14T01:06:40.341+0000] {processor.py:914} INFO - Processing file /opt/airflow/dags/dbt-chck.py for tasks to queue
[2025-03-14T01:06:40.345+0000] {logging_mixin.py:190} INFO - [2025-03-14T01:06:40.345+0000] {dagbag.py:588} INFO - Filling up the DagBag from /opt/airflow/dags/dbt-chck.py
[2025-03-14T01:06:40.377+0000] {processor.py:925} INFO - DAG(s) 'snowflake_dbt_dag' retrieved from /opt/airflow/dags/dbt-chck.py
[2025-03-14T01:06:40.410+0000] {logging_mixin.py:190} INFO - [2025-03-14T01:06:40.409+0000] {dag.py:3239} INFO - Sync 1 DAGs
[2025-03-14T01:06:40.446+0000] {logging_mixin.py:190} INFO - [2025-03-14T01:06:40.446+0000] {dag.py:4180} INFO - Setting next_dagrun for snowflake_dbt_dag to 2025-03-14 00:00:00+00:00, run_after=2025-03-15 00:00:00+00:00
[2025-03-14T01:06:40.475+0000] {processor.py:208} INFO - Processing /opt/airflow/dags/dbt-chck.py took 0.143 seconds
[2025-03-14T01:07:10.959+0000] {processor.py:186} INFO - Started process (PID=231) to work on /opt/airflow/dags/dbt-chck.py
[2025-03-14T01:07:10.961+0000] {processor.py:914} INFO - Processing file /opt/airflow/dags/dbt-chck.py for tasks to queue
[2025-03-14T01:07:10.966+0000] {logging_mixin.py:190} INFO - [2025-03-14T01:07:10.965+0000] {dagbag.py:588} INFO - Filling up the DagBag from /opt/airflow/dags/dbt-chck.py
[2025-03-14T01:07:11.000+0000] {processor.py:925} INFO - DAG(s) 'snowflake_dbt_dag' retrieved from /opt/airflow/dags/dbt-chck.py
[2025-03-14T01:07:11.038+0000] {logging_mixin.py:190} INFO - [2025-03-14T01:07:11.037+0000] {dag.py:3239} INFO - Sync 1 DAGs
[2025-03-14T01:07:11.077+0000] {logging_mixin.py:190} INFO - [2025-03-14T01:07:11.077+0000] {dag.py:4180} INFO - Setting next_dagrun for snowflake_dbt_dag to 2025-03-14 00:00:00+00:00, run_after=2025-03-15 00:00:00+00:00
[2025-03-14T01:07:11.127+0000] {processor.py:208} INFO - Processing /opt/airflow/dags/dbt-chck.py took 0.176 seconds
[2025-03-14T01:07:41.724+0000] {processor.py:186} INFO - Started process (PID=234) to work on /opt/airflow/dags/dbt-chck.py
[2025-03-14T01:07:41.726+0000] {processor.py:914} INFO - Processing file /opt/airflow/dags/dbt-chck.py for tasks to queue
[2025-03-14T01:07:41.730+0000] {logging_mixin.py:190} INFO - [2025-03-14T01:07:41.730+0000] {dagbag.py:588} INFO - Filling up the DagBag from /opt/airflow/dags/dbt-chck.py
[2025-03-14T01:07:41.767+0000] {processor.py:925} INFO - DAG(s) 'snowflake_dbt_dag' retrieved from /opt/airflow/dags/dbt-chck.py
[2025-03-14T01:07:41.816+0000] {logging_mixin.py:190} INFO - [2025-03-14T01:07:41.816+0000] {dag.py:3239} INFO - Sync 1 DAGs
[2025-03-14T01:07:41.860+0000] {logging_mixin.py:190} INFO - [2025-03-14T01:07:41.859+0000] {dag.py:4180} INFO - Setting next_dagrun for snowflake_dbt_dag to 2025-03-14 00:00:00+00:00, run_after=2025-03-15 00:00:00+00:00
[2025-03-14T01:07:41.891+0000] {processor.py:208} INFO - Processing /opt/airflow/dags/dbt-chck.py took 0.177 seconds
[2025-03-14T01:08:12.380+0000] {processor.py:186} INFO - Started process (PID=237) to work on /opt/airflow/dags/dbt-chck.py
[2025-03-14T01:08:12.381+0000] {processor.py:914} INFO - Processing file /opt/airflow/dags/dbt-chck.py for tasks to queue
[2025-03-14T01:08:12.385+0000] {logging_mixin.py:190} INFO - [2025-03-14T01:08:12.385+0000] {dagbag.py:588} INFO - Filling up the DagBag from /opt/airflow/dags/dbt-chck.py
[2025-03-14T01:08:12.420+0000] {processor.py:925} INFO - DAG(s) 'snowflake_dbt_dag' retrieved from /opt/airflow/dags/dbt-chck.py
[2025-03-14T01:08:12.454+0000] {logging_mixin.py:190} INFO - [2025-03-14T01:08:12.453+0000] {dag.py:3239} INFO - Sync 1 DAGs
[2025-03-14T01:08:12.492+0000] {logging_mixin.py:190} INFO - [2025-03-14T01:08:12.492+0000] {dag.py:4180} INFO - Setting next_dagrun for snowflake_dbt_dag to 2025-03-14 00:00:00+00:00, run_after=2025-03-15 00:00:00+00:00
[2025-03-14T01:08:12.524+0000] {processor.py:208} INFO - Processing /opt/airflow/dags/dbt-chck.py took 0.153 seconds
[2025-03-14T01:08:43.014+0000] {processor.py:186} INFO - Started process (PID=240) to work on /opt/airflow/dags/dbt-chck.py
[2025-03-14T01:08:43.016+0000] {processor.py:914} INFO - Processing file /opt/airflow/dags/dbt-chck.py for tasks to queue
[2025-03-14T01:08:43.022+0000] {logging_mixin.py:190} INFO - [2025-03-14T01:08:43.021+0000] {dagbag.py:588} INFO - Filling up the DagBag from /opt/airflow/dags/dbt-chck.py
[2025-03-14T01:08:43.057+0000] {processor.py:925} INFO - DAG(s) 'snowflake_dbt_dag' retrieved from /opt/airflow/dags/dbt-chck.py
[2025-03-14T01:08:43.097+0000] {logging_mixin.py:190} INFO - [2025-03-14T01:08:43.096+0000] {dag.py:3239} INFO - Sync 1 DAGs
[2025-03-14T01:08:43.134+0000] {logging_mixin.py:190} INFO - [2025-03-14T01:08:43.134+0000] {dag.py:4180} INFO - Setting next_dagrun for snowflake_dbt_dag to 2025-03-14 00:00:00+00:00, run_after=2025-03-15 00:00:00+00:00
[2025-03-14T01:08:43.167+0000] {processor.py:208} INFO - Processing /opt/airflow/dags/dbt-chck.py took 0.161 seconds
[2025-03-14T01:09:13.641+0000] {processor.py:186} INFO - Started process (PID=243) to work on /opt/airflow/dags/dbt-chck.py
[2025-03-14T01:09:13.642+0000] {processor.py:914} INFO - Processing file /opt/airflow/dags/dbt-chck.py for tasks to queue
[2025-03-14T01:09:13.648+0000] {logging_mixin.py:190} INFO - [2025-03-14T01:09:13.647+0000] {dagbag.py:588} INFO - Filling up the DagBag from /opt/airflow/dags/dbt-chck.py
[2025-03-14T01:09:13.682+0000] {processor.py:925} INFO - DAG(s) 'snowflake_dbt_dag' retrieved from /opt/airflow/dags/dbt-chck.py
[2025-03-14T01:09:13.716+0000] {logging_mixin.py:190} INFO - [2025-03-14T01:09:13.715+0000] {dag.py:3239} INFO - Sync 1 DAGs
[2025-03-14T01:09:13.754+0000] {logging_mixin.py:190} INFO - [2025-03-14T01:09:13.754+0000] {dag.py:4180} INFO - Setting next_dagrun for snowflake_dbt_dag to 2025-03-14 00:00:00+00:00, run_after=2025-03-15 00:00:00+00:00
[2025-03-14T01:09:13.785+0000] {processor.py:208} INFO - Processing /opt/airflow/dags/dbt-chck.py took 0.153 seconds
[2025-03-14T01:09:44.272+0000] {processor.py:186} INFO - Started process (PID=246) to work on /opt/airflow/dags/dbt-chck.py
[2025-03-14T01:09:44.274+0000] {processor.py:914} INFO - Processing file /opt/airflow/dags/dbt-chck.py for tasks to queue
[2025-03-14T01:09:44.279+0000] {logging_mixin.py:190} INFO - [2025-03-14T01:09:44.279+0000] {dagbag.py:588} INFO - Filling up the DagBag from /opt/airflow/dags/dbt-chck.py
[2025-03-14T01:09:44.312+0000] {processor.py:925} INFO - DAG(s) 'snowflake_dbt_dag' retrieved from /opt/airflow/dags/dbt-chck.py
[2025-03-14T01:09:44.352+0000] {logging_mixin.py:190} INFO - [2025-03-14T01:09:44.351+0000] {dag.py:3239} INFO - Sync 1 DAGs
[2025-03-14T01:09:44.389+0000] {logging_mixin.py:190} INFO - [2025-03-14T01:09:44.389+0000] {dag.py:4180} INFO - Setting next_dagrun for snowflake_dbt_dag to 2025-03-14 00:00:00+00:00, run_after=2025-03-15 00:00:00+00:00
[2025-03-14T01:09:44.426+0000] {processor.py:208} INFO - Processing /opt/airflow/dags/dbt-chck.py took 0.169 seconds
[2025-03-14T01:10:14.934+0000] {processor.py:186} INFO - Started process (PID=249) to work on /opt/airflow/dags/dbt-chck.py
[2025-03-14T01:10:14.936+0000] {processor.py:914} INFO - Processing file /opt/airflow/dags/dbt-chck.py for tasks to queue
[2025-03-14T01:10:14.941+0000] {logging_mixin.py:190} INFO - [2025-03-14T01:10:14.940+0000] {dagbag.py:588} INFO - Filling up the DagBag from /opt/airflow/dags/dbt-chck.py
[2025-03-14T01:10:14.979+0000] {processor.py:925} INFO - DAG(s) 'snowflake_dbt_dag' retrieved from /opt/airflow/dags/dbt-chck.py
[2025-03-14T01:10:15.030+0000] {logging_mixin.py:190} INFO - [2025-03-14T01:10:15.029+0000] {dag.py:3239} INFO - Sync 1 DAGs
[2025-03-14T01:10:15.074+0000] {logging_mixin.py:190} INFO - [2025-03-14T01:10:15.073+0000] {dag.py:4180} INFO - Setting next_dagrun for snowflake_dbt_dag to 2025-03-14 00:00:00+00:00, run_after=2025-03-15 00:00:00+00:00
[2025-03-14T01:10:15.108+0000] {processor.py:208} INFO - Processing /opt/airflow/dags/dbt-chck.py took 0.185 seconds
[2025-03-14T01:10:45.609+0000] {processor.py:186} INFO - Started process (PID=252) to work on /opt/airflow/dags/dbt-chck.py
[2025-03-14T01:10:45.610+0000] {processor.py:914} INFO - Processing file /opt/airflow/dags/dbt-chck.py for tasks to queue
[2025-03-14T01:10:45.614+0000] {logging_mixin.py:190} INFO - [2025-03-14T01:10:45.614+0000] {dagbag.py:588} INFO - Filling up the DagBag from /opt/airflow/dags/dbt-chck.py
[2025-03-14T01:10:45.647+0000] {processor.py:925} INFO - DAG(s) 'snowflake_dbt_dag' retrieved from /opt/airflow/dags/dbt-chck.py
[2025-03-14T01:10:45.684+0000] {logging_mixin.py:190} INFO - [2025-03-14T01:10:45.683+0000] {dag.py:3239} INFO - Sync 1 DAGs
[2025-03-14T01:10:45.722+0000] {logging_mixin.py:190} INFO - [2025-03-14T01:10:45.722+0000] {dag.py:4180} INFO - Setting next_dagrun for snowflake_dbt_dag to 2025-03-14 00:00:00+00:00, run_after=2025-03-15 00:00:00+00:00
[2025-03-14T01:10:45.754+0000] {processor.py:208} INFO - Processing /opt/airflow/dags/dbt-chck.py took 0.154 seconds
[2025-03-14T01:11:16.244+0000] {processor.py:186} INFO - Started process (PID=255) to work on /opt/airflow/dags/dbt-chck.py
[2025-03-14T01:11:16.246+0000] {processor.py:914} INFO - Processing file /opt/airflow/dags/dbt-chck.py for tasks to queue
[2025-03-14T01:11:16.252+0000] {logging_mixin.py:190} INFO - [2025-03-14T01:11:16.250+0000] {dagbag.py:588} INFO - Filling up the DagBag from /opt/airflow/dags/dbt-chck.py
[2025-03-14T01:11:16.287+0000] {processor.py:925} INFO - DAG(s) 'snowflake_dbt_dag' retrieved from /opt/airflow/dags/dbt-chck.py
[2025-03-14T01:11:16.324+0000] {logging_mixin.py:190} INFO - [2025-03-14T01:11:16.323+0000] {dag.py:3239} INFO - Sync 1 DAGs
[2025-03-14T01:11:16.360+0000] {logging_mixin.py:190} INFO - [2025-03-14T01:11:16.360+0000] {dag.py:4180} INFO - Setting next_dagrun for snowflake_dbt_dag to 2025-03-14 00:00:00+00:00, run_after=2025-03-15 00:00:00+00:00
[2025-03-14T01:11:16.407+0000] {processor.py:208} INFO - Processing /opt/airflow/dags/dbt-chck.py took 0.173 seconds
[2025-03-14T01:11:46.900+0000] {processor.py:186} INFO - Started process (PID=258) to work on /opt/airflow/dags/dbt-chck.py
[2025-03-14T01:11:46.901+0000] {processor.py:914} INFO - Processing file /opt/airflow/dags/dbt-chck.py for tasks to queue
[2025-03-14T01:11:46.905+0000] {logging_mixin.py:190} INFO - [2025-03-14T01:11:46.905+0000] {dagbag.py:588} INFO - Filling up the DagBag from /opt/airflow/dags/dbt-chck.py
[2025-03-14T01:11:46.935+0000] {processor.py:925} INFO - DAG(s) 'snowflake_dbt_dag' retrieved from /opt/airflow/dags/dbt-chck.py
[2025-03-14T01:11:46.973+0000] {logging_mixin.py:190} INFO - [2025-03-14T01:11:46.972+0000] {dag.py:3239} INFO - Sync 1 DAGs
[2025-03-14T01:11:47.012+0000] {logging_mixin.py:190} INFO - [2025-03-14T01:11:47.011+0000] {dag.py:4180} INFO - Setting next_dagrun for snowflake_dbt_dag to 2025-03-14 00:00:00+00:00, run_after=2025-03-15 00:00:00+00:00
[2025-03-14T01:11:47.047+0000] {processor.py:208} INFO - Processing /opt/airflow/dags/dbt-chck.py took 0.154 seconds
[2025-03-14T01:12:17.553+0000] {processor.py:186} INFO - Started process (PID=261) to work on /opt/airflow/dags/dbt-chck.py
[2025-03-14T01:12:17.556+0000] {processor.py:914} INFO - Processing file /opt/airflow/dags/dbt-chck.py for tasks to queue
[2025-03-14T01:12:17.562+0000] {logging_mixin.py:190} INFO - [2025-03-14T01:12:17.561+0000] {dagbag.py:588} INFO - Filling up the DagBag from /opt/airflow/dags/dbt-chck.py
[2025-03-14T01:12:17.617+0000] {processor.py:925} INFO - DAG(s) 'snowflake_dbt_dag' retrieved from /opt/airflow/dags/dbt-chck.py
[2025-03-14T01:12:17.659+0000] {logging_mixin.py:190} INFO - [2025-03-14T01:12:17.659+0000] {dag.py:3239} INFO - Sync 1 DAGs
[2025-03-14T01:12:17.704+0000] {logging_mixin.py:190} INFO - [2025-03-14T01:12:17.704+0000] {dag.py:4180} INFO - Setting next_dagrun for snowflake_dbt_dag to 2025-03-14 00:00:00+00:00, run_after=2025-03-15 00:00:00+00:00
[2025-03-14T01:12:17.735+0000] {processor.py:208} INFO - Processing /opt/airflow/dags/dbt-chck.py took 0.191 seconds
[2025-03-14T01:12:48.143+0000] {processor.py:186} INFO - Started process (PID=264) to work on /opt/airflow/dags/dbt-chck.py
[2025-03-14T01:12:48.145+0000] {processor.py:914} INFO - Processing file /opt/airflow/dags/dbt-chck.py for tasks to queue
[2025-03-14T01:12:48.150+0000] {logging_mixin.py:190} INFO - [2025-03-14T01:12:48.149+0000] {dagbag.py:588} INFO - Filling up the DagBag from /opt/airflow/dags/dbt-chck.py
[2025-03-14T01:12:48.180+0000] {processor.py:925} INFO - DAG(s) 'snowflake_dbt_dag' retrieved from /opt/airflow/dags/dbt-chck.py
[2025-03-14T01:12:48.211+0000] {logging_mixin.py:190} INFO - [2025-03-14T01:12:48.211+0000] {dag.py:3239} INFO - Sync 1 DAGs
[2025-03-14T01:12:48.246+0000] {logging_mixin.py:190} INFO - [2025-03-14T01:12:48.245+0000] {dag.py:4180} INFO - Setting next_dagrun for snowflake_dbt_dag to 2025-03-14 00:00:00+00:00, run_after=2025-03-15 00:00:00+00:00
[2025-03-14T01:12:48.278+0000] {processor.py:208} INFO - Processing /opt/airflow/dags/dbt-chck.py took 0.144 seconds
[2025-03-14T01:13:18.735+0000] {processor.py:186} INFO - Started process (PID=267) to work on /opt/airflow/dags/dbt-chck.py
[2025-03-14T01:13:18.736+0000] {processor.py:914} INFO - Processing file /opt/airflow/dags/dbt-chck.py for tasks to queue
[2025-03-14T01:13:18.740+0000] {logging_mixin.py:190} INFO - [2025-03-14T01:13:18.739+0000] {dagbag.py:588} INFO - Filling up the DagBag from /opt/airflow/dags/dbt-chck.py
[2025-03-14T01:13:18.776+0000] {processor.py:925} INFO - DAG(s) 'snowflake_dbt_dag' retrieved from /opt/airflow/dags/dbt-chck.py
[2025-03-14T01:13:18.816+0000] {logging_mixin.py:190} INFO - [2025-03-14T01:13:18.815+0000] {dag.py:3239} INFO - Sync 1 DAGs
[2025-03-14T01:13:18.856+0000] {logging_mixin.py:190} INFO - [2025-03-14T01:13:18.856+0000] {dag.py:4180} INFO - Setting next_dagrun for snowflake_dbt_dag to 2025-03-14 00:00:00+00:00, run_after=2025-03-15 00:00:00+00:00
[2025-03-14T01:13:18.892+0000] {processor.py:208} INFO - Processing /opt/airflow/dags/dbt-chck.py took 0.167 seconds
[2025-03-14T01:13:49.394+0000] {processor.py:186} INFO - Started process (PID=270) to work on /opt/airflow/dags/dbt-chck.py
[2025-03-14T01:13:49.395+0000] {processor.py:914} INFO - Processing file /opt/airflow/dags/dbt-chck.py for tasks to queue
[2025-03-14T01:13:49.400+0000] {logging_mixin.py:190} INFO - [2025-03-14T01:13:49.399+0000] {dagbag.py:588} INFO - Filling up the DagBag from /opt/airflow/dags/dbt-chck.py
[2025-03-14T01:13:49.435+0000] {processor.py:925} INFO - DAG(s) 'snowflake_dbt_dag' retrieved from /opt/airflow/dags/dbt-chck.py
[2025-03-14T01:13:49.473+0000] {logging_mixin.py:190} INFO - [2025-03-14T01:13:49.472+0000] {dag.py:3239} INFO - Sync 1 DAGs
[2025-03-14T01:13:49.513+0000] {logging_mixin.py:190} INFO - [2025-03-14T01:13:49.512+0000] {dag.py:4180} INFO - Setting next_dagrun for snowflake_dbt_dag to 2025-03-14 00:00:00+00:00, run_after=2025-03-15 00:00:00+00:00
[2025-03-14T01:13:49.540+0000] {processor.py:208} INFO - Processing /opt/airflow/dags/dbt-chck.py took 0.155 seconds
[2025-03-14T01:14:20.013+0000] {processor.py:186} INFO - Started process (PID=273) to work on /opt/airflow/dags/dbt-chck.py
[2025-03-14T01:14:20.015+0000] {processor.py:914} INFO - Processing file /opt/airflow/dags/dbt-chck.py for tasks to queue
[2025-03-14T01:14:20.019+0000] {logging_mixin.py:190} INFO - [2025-03-14T01:14:20.018+0000] {dagbag.py:588} INFO - Filling up the DagBag from /opt/airflow/dags/dbt-chck.py
[2025-03-14T01:14:20.054+0000] {processor.py:925} INFO - DAG(s) 'snowflake_dbt_dag' retrieved from /opt/airflow/dags/dbt-chck.py
[2025-03-14T01:14:20.090+0000] {logging_mixin.py:190} INFO - [2025-03-14T01:14:20.089+0000] {dag.py:3239} INFO - Sync 1 DAGs
[2025-03-14T01:14:20.127+0000] {logging_mixin.py:190} INFO - [2025-03-14T01:14:20.126+0000] {dag.py:4180} INFO - Setting next_dagrun for snowflake_dbt_dag to 2025-03-14 00:00:00+00:00, run_after=2025-03-15 00:00:00+00:00
[2025-03-14T01:14:20.158+0000] {processor.py:208} INFO - Processing /opt/airflow/dags/dbt-chck.py took 0.152 seconds
[2025-03-14T01:14:50.645+0000] {processor.py:186} INFO - Started process (PID=276) to work on /opt/airflow/dags/dbt-chck.py
[2025-03-14T01:14:50.647+0000] {processor.py:914} INFO - Processing file /opt/airflow/dags/dbt-chck.py for tasks to queue
[2025-03-14T01:14:50.652+0000] {logging_mixin.py:190} INFO - [2025-03-14T01:14:50.651+0000] {dagbag.py:588} INFO - Filling up the DagBag from /opt/airflow/dags/dbt-chck.py
[2025-03-14T01:14:50.686+0000] {processor.py:925} INFO - DAG(s) 'snowflake_dbt_dag' retrieved from /opt/airflow/dags/dbt-chck.py
[2025-03-14T01:14:50.728+0000] {logging_mixin.py:190} INFO - [2025-03-14T01:14:50.727+0000] {dag.py:3239} INFO - Sync 1 DAGs
[2025-03-14T01:14:50.779+0000] {logging_mixin.py:190} INFO - [2025-03-14T01:14:50.779+0000] {dag.py:4180} INFO - Setting next_dagrun for snowflake_dbt_dag to 2025-03-14 00:00:00+00:00, run_after=2025-03-15 00:00:00+00:00
[2025-03-14T01:14:50.812+0000] {processor.py:208} INFO - Processing /opt/airflow/dags/dbt-chck.py took 0.177 seconds
[2025-03-14T01:15:21.108+0000] {processor.py:186} INFO - Started process (PID=279) to work on /opt/airflow/dags/dbt-chck.py
[2025-03-14T01:15:21.110+0000] {processor.py:914} INFO - Processing file /opt/airflow/dags/dbt-chck.py for tasks to queue
[2025-03-14T01:15:21.115+0000] {logging_mixin.py:190} INFO - [2025-03-14T01:15:21.115+0000] {dagbag.py:588} INFO - Filling up the DagBag from /opt/airflow/dags/dbt-chck.py
[2025-03-14T01:15:21.154+0000] {processor.py:925} INFO - DAG(s) 'snowflake_dbt_dag' retrieved from /opt/airflow/dags/dbt-chck.py
[2025-03-14T01:15:21.196+0000] {logging_mixin.py:190} INFO - [2025-03-14T01:15:21.196+0000] {dag.py:3239} INFO - Sync 1 DAGs
[2025-03-14T01:15:21.255+0000] {logging_mixin.py:190} INFO - [2025-03-14T01:15:21.254+0000] {dag.py:4180} INFO - Setting next_dagrun for snowflake_dbt_dag to 2025-03-14 00:00:00+00:00, run_after=2025-03-15 00:00:00+00:00
[2025-03-14T01:15:21.304+0000] {processor.py:208} INFO - Processing /opt/airflow/dags/dbt-chck.py took 0.209 seconds
[2025-03-14T01:15:51.819+0000] {processor.py:186} INFO - Started process (PID=282) to work on /opt/airflow/dags/dbt-chck.py
[2025-03-14T01:15:51.821+0000] {processor.py:914} INFO - Processing file /opt/airflow/dags/dbt-chck.py for tasks to queue
[2025-03-14T01:15:51.825+0000] {logging_mixin.py:190} INFO - [2025-03-14T01:15:51.824+0000] {dagbag.py:588} INFO - Filling up the DagBag from /opt/airflow/dags/dbt-chck.py
[2025-03-14T01:15:51.862+0000] {processor.py:925} INFO - DAG(s) 'snowflake_dbt_dag' retrieved from /opt/airflow/dags/dbt-chck.py
[2025-03-14T01:15:51.901+0000] {logging_mixin.py:190} INFO - [2025-03-14T01:15:51.900+0000] {dag.py:3239} INFO - Sync 1 DAGs
[2025-03-14T01:15:51.939+0000] {logging_mixin.py:190} INFO - [2025-03-14T01:15:51.939+0000] {dag.py:4180} INFO - Setting next_dagrun for snowflake_dbt_dag to 2025-03-14 00:00:00+00:00, run_after=2025-03-15 00:00:00+00:00
[2025-03-14T01:15:51.967+0000] {processor.py:208} INFO - Processing /opt/airflow/dags/dbt-chck.py took 0.157 seconds
