[2025-03-14T00:37:27.923+0000] {processor.py:186} INFO - Started process (PID=54) to work on /opt/airflow/dags/snow.py
[2025-03-14T00:37:27.935+0000] {processor.py:914} INFO - Processing file /opt/airflow/dags/snow.py for tasks to queue
[2025-03-14T00:37:27.941+0000] {logging_mixin.py:190} INFO - [2025-03-14T00:37:27.940+0000] {dagbag.py:588} INFO - Filling up the DagBag from /opt/airflow/dags/snow.py
[2025-03-14T00:37:28.093+0000] {processor.py:925} INFO - DAG(s) 'check_all_snowflake_tables' retrieved from /opt/airflow/dags/snow.py
[2025-03-14T00:37:28.528+0000] {logging_mixin.py:190} INFO - [2025-03-14T00:37:28.527+0000] {dag.py:3239} INFO - Sync 1 DAGs
[2025-03-14T00:37:28.601+0000] {logging_mixin.py:190} INFO - [2025-03-14T00:37:28.600+0000] {dag.py:4180} INFO - Setting next_dagrun for check_all_snowflake_tables to 2025-03-13 00:00:00+00:00, run_after=2025-03-14 00:00:00+00:00
[2025-03-14T00:37:28.679+0000] {processor.py:208} INFO - Processing /opt/airflow/dags/snow.py took 0.768 seconds
[2025-03-14T00:37:59.057+0000] {processor.py:186} INFO - Started process (PID=61) to work on /opt/airflow/dags/snow.py
[2025-03-14T00:37:59.059+0000] {processor.py:914} INFO - Processing file /opt/airflow/dags/snow.py for tasks to queue
[2025-03-14T00:37:59.063+0000] {logging_mixin.py:190} INFO - [2025-03-14T00:37:59.062+0000] {dagbag.py:588} INFO - Filling up the DagBag from /opt/airflow/dags/snow.py
[2025-03-14T00:37:59.097+0000] {processor.py:925} INFO - DAG(s) 'check_all_snowflake_tables' retrieved from /opt/airflow/dags/snow.py
[2025-03-14T00:37:59.144+0000] {logging_mixin.py:190} INFO - [2025-03-14T00:37:59.143+0000] {dag.py:3239} INFO - Sync 1 DAGs
[2025-03-14T00:37:59.188+0000] {logging_mixin.py:190} INFO - [2025-03-14T00:37:59.188+0000] {dag.py:4180} INFO - Setting next_dagrun for check_all_snowflake_tables to 2025-03-14 00:00:00+00:00, run_after=2025-03-15 00:00:00+00:00
[2025-03-14T00:37:59.229+0000] {processor.py:208} INFO - Processing /opt/airflow/dags/snow.py took 0.182 seconds
[2025-03-14T00:38:29.778+0000] {processor.py:186} INFO - Started process (PID=64) to work on /opt/airflow/dags/snow.py
[2025-03-14T00:38:29.780+0000] {processor.py:914} INFO - Processing file /opt/airflow/dags/snow.py for tasks to queue
[2025-03-14T00:38:29.783+0000] {logging_mixin.py:190} INFO - [2025-03-14T00:38:29.783+0000] {dagbag.py:588} INFO - Filling up the DagBag from /opt/airflow/dags/snow.py
[2025-03-14T00:38:29.822+0000] {processor.py:925} INFO - DAG(s) 'check_all_snowflake_tables' retrieved from /opt/airflow/dags/snow.py
[2025-03-14T00:38:29.856+0000] {logging_mixin.py:190} INFO - [2025-03-14T00:38:29.855+0000] {dag.py:3239} INFO - Sync 1 DAGs
[2025-03-14T00:38:29.887+0000] {logging_mixin.py:190} INFO - [2025-03-14T00:38:29.886+0000] {dag.py:4180} INFO - Setting next_dagrun for check_all_snowflake_tables to 2025-03-14 00:00:00+00:00, run_after=2025-03-15 00:00:00+00:00
[2025-03-14T00:38:29.915+0000] {processor.py:208} INFO - Processing /opt/airflow/dags/snow.py took 0.143 seconds
[2025-03-14T00:39:00.684+0000] {processor.py:186} INFO - Started process (PID=67) to work on /opt/airflow/dags/snow.py
[2025-03-14T00:39:00.686+0000] {processor.py:914} INFO - Processing file /opt/airflow/dags/snow.py for tasks to queue
[2025-03-14T00:39:00.689+0000] {logging_mixin.py:190} INFO - [2025-03-14T00:39:00.689+0000] {dagbag.py:588} INFO - Filling up the DagBag from /opt/airflow/dags/snow.py
[2025-03-14T00:39:00.725+0000] {processor.py:925} INFO - DAG(s) 'check_all_snowflake_tables' retrieved from /opt/airflow/dags/snow.py
[2025-03-14T00:39:00.756+0000] {logging_mixin.py:190} INFO - [2025-03-14T00:39:00.756+0000] {dag.py:3239} INFO - Sync 1 DAGs
[2025-03-14T00:39:00.785+0000] {logging_mixin.py:190} INFO - [2025-03-14T00:39:00.785+0000] {dag.py:4180} INFO - Setting next_dagrun for check_all_snowflake_tables to 2025-03-14 00:00:00+00:00, run_after=2025-03-15 00:00:00+00:00
[2025-03-14T00:39:00.811+0000] {processor.py:208} INFO - Processing /opt/airflow/dags/snow.py took 0.134 seconds
[2025-03-14T00:39:31.429+0000] {processor.py:186} INFO - Started process (PID=70) to work on /opt/airflow/dags/snow.py
[2025-03-14T00:39:31.430+0000] {processor.py:914} INFO - Processing file /opt/airflow/dags/snow.py for tasks to queue
[2025-03-14T00:39:31.435+0000] {logging_mixin.py:190} INFO - [2025-03-14T00:39:31.434+0000] {dagbag.py:588} INFO - Filling up the DagBag from /opt/airflow/dags/snow.py
[2025-03-14T00:39:31.473+0000] {processor.py:925} INFO - DAG(s) 'check_all_snowflake_tables' retrieved from /opt/airflow/dags/snow.py
[2025-03-14T00:39:31.508+0000] {logging_mixin.py:190} INFO - [2025-03-14T00:39:31.507+0000] {dag.py:3239} INFO - Sync 1 DAGs
[2025-03-14T00:39:31.543+0000] {logging_mixin.py:190} INFO - [2025-03-14T00:39:31.543+0000] {dag.py:4180} INFO - Setting next_dagrun for check_all_snowflake_tables to 2025-03-14 00:00:00+00:00, run_after=2025-03-15 00:00:00+00:00
[2025-03-14T00:39:31.574+0000] {processor.py:208} INFO - Processing /opt/airflow/dags/snow.py took 0.153 seconds
[2025-03-14T00:40:02.140+0000] {processor.py:186} INFO - Started process (PID=73) to work on /opt/airflow/dags/snow.py
[2025-03-14T00:40:02.141+0000] {processor.py:914} INFO - Processing file /opt/airflow/dags/snow.py for tasks to queue
[2025-03-14T00:40:02.145+0000] {logging_mixin.py:190} INFO - [2025-03-14T00:40:02.144+0000] {dagbag.py:588} INFO - Filling up the DagBag from /opt/airflow/dags/snow.py
[2025-03-14T00:40:02.181+0000] {processor.py:925} INFO - DAG(s) 'check_all_snowflake_tables' retrieved from /opt/airflow/dags/snow.py
[2025-03-14T00:40:02.215+0000] {logging_mixin.py:190} INFO - [2025-03-14T00:40:02.215+0000] {dag.py:3239} INFO - Sync 1 DAGs
[2025-03-14T00:40:02.250+0000] {logging_mixin.py:190} INFO - [2025-03-14T00:40:02.250+0000] {dag.py:4180} INFO - Setting next_dagrun for check_all_snowflake_tables to 2025-03-14 00:00:00+00:00, run_after=2025-03-15 00:00:00+00:00
[2025-03-14T00:40:02.275+0000] {processor.py:208} INFO - Processing /opt/airflow/dags/snow.py took 0.144 seconds
[2025-03-14T00:40:32.914+0000] {processor.py:186} INFO - Started process (PID=76) to work on /opt/airflow/dags/snow.py
[2025-03-14T00:40:32.915+0000] {processor.py:914} INFO - Processing file /opt/airflow/dags/snow.py for tasks to queue
[2025-03-14T00:40:32.919+0000] {logging_mixin.py:190} INFO - [2025-03-14T00:40:32.919+0000] {dagbag.py:588} INFO - Filling up the DagBag from /opt/airflow/dags/snow.py
[2025-03-14T00:40:32.961+0000] {processor.py:925} INFO - DAG(s) 'check_all_snowflake_tables' retrieved from /opt/airflow/dags/snow.py
[2025-03-14T00:40:32.998+0000] {logging_mixin.py:190} INFO - [2025-03-14T00:40:32.997+0000] {dag.py:3239} INFO - Sync 1 DAGs
[2025-03-14T00:40:33.034+0000] {logging_mixin.py:190} INFO - [2025-03-14T00:40:33.033+0000] {dag.py:4180} INFO - Setting next_dagrun for check_all_snowflake_tables to 2025-03-14 00:00:00+00:00, run_after=2025-03-15 00:00:00+00:00
[2025-03-14T00:40:33.071+0000] {processor.py:208} INFO - Processing /opt/airflow/dags/snow.py took 0.164 seconds
[2025-03-14T00:41:03.657+0000] {processor.py:186} INFO - Started process (PID=79) to work on /opt/airflow/dags/snow.py
[2025-03-14T00:41:03.659+0000] {processor.py:914} INFO - Processing file /opt/airflow/dags/snow.py for tasks to queue
[2025-03-14T00:41:03.663+0000] {logging_mixin.py:190} INFO - [2025-03-14T00:41:03.662+0000] {dagbag.py:588} INFO - Filling up the DagBag from /opt/airflow/dags/snow.py
[2025-03-14T00:41:03.710+0000] {processor.py:925} INFO - DAG(s) 'check_all_snowflake_tables' retrieved from /opt/airflow/dags/snow.py
[2025-03-14T00:41:03.750+0000] {logging_mixin.py:190} INFO - [2025-03-14T00:41:03.749+0000] {dag.py:3239} INFO - Sync 1 DAGs
[2025-03-14T00:41:03.783+0000] {logging_mixin.py:190} INFO - [2025-03-14T00:41:03.783+0000] {dag.py:4180} INFO - Setting next_dagrun for check_all_snowflake_tables to 2025-03-14 00:00:00+00:00, run_after=2025-03-15 00:00:00+00:00
[2025-03-14T00:41:03.822+0000] {processor.py:208} INFO - Processing /opt/airflow/dags/snow.py took 0.172 seconds
[2025-03-14T00:41:34.412+0000] {processor.py:186} INFO - Started process (PID=82) to work on /opt/airflow/dags/snow.py
[2025-03-14T00:41:34.414+0000] {processor.py:914} INFO - Processing file /opt/airflow/dags/snow.py for tasks to queue
[2025-03-14T00:41:34.418+0000] {logging_mixin.py:190} INFO - [2025-03-14T00:41:34.418+0000] {dagbag.py:588} INFO - Filling up the DagBag from /opt/airflow/dags/snow.py
[2025-03-14T00:41:34.465+0000] {processor.py:925} INFO - DAG(s) 'check_all_snowflake_tables' retrieved from /opt/airflow/dags/snow.py
[2025-03-14T00:41:34.502+0000] {logging_mixin.py:190} INFO - [2025-03-14T00:41:34.501+0000] {dag.py:3239} INFO - Sync 1 DAGs
[2025-03-14T00:41:34.532+0000] {logging_mixin.py:190} INFO - [2025-03-14T00:41:34.532+0000] {dag.py:4180} INFO - Setting next_dagrun for check_all_snowflake_tables to 2025-03-14 00:00:00+00:00, run_after=2025-03-15 00:00:00+00:00
[2025-03-14T00:41:34.565+0000] {processor.py:208} INFO - Processing /opt/airflow/dags/snow.py took 0.160 seconds
[2025-03-14T00:42:05.060+0000] {processor.py:186} INFO - Started process (PID=85) to work on /opt/airflow/dags/snow.py
[2025-03-14T00:42:05.062+0000] {processor.py:914} INFO - Processing file /opt/airflow/dags/snow.py for tasks to queue
[2025-03-14T00:42:05.066+0000] {logging_mixin.py:190} INFO - [2025-03-14T00:42:05.065+0000] {dagbag.py:588} INFO - Filling up the DagBag from /opt/airflow/dags/snow.py
[2025-03-14T00:42:05.110+0000] {processor.py:925} INFO - DAG(s) 'check_all_snowflake_tables' retrieved from /opt/airflow/dags/snow.py
[2025-03-14T00:42:05.146+0000] {logging_mixin.py:190} INFO - [2025-03-14T00:42:05.144+0000] {dag.py:3239} INFO - Sync 1 DAGs
[2025-03-14T00:42:05.172+0000] {logging_mixin.py:190} INFO - [2025-03-14T00:42:05.172+0000] {dag.py:4180} INFO - Setting next_dagrun for check_all_snowflake_tables to 2025-03-14 00:00:00+00:00, run_after=2025-03-15 00:00:00+00:00
[2025-03-14T00:42:05.205+0000] {processor.py:208} INFO - Processing /opt/airflow/dags/snow.py took 0.151 seconds
[2025-03-14T00:42:35.966+0000] {processor.py:186} INFO - Started process (PID=88) to work on /opt/airflow/dags/snow.py
[2025-03-14T00:42:35.967+0000] {processor.py:914} INFO - Processing file /opt/airflow/dags/snow.py for tasks to queue
[2025-03-14T00:42:35.972+0000] {logging_mixin.py:190} INFO - [2025-03-14T00:42:35.971+0000] {dagbag.py:588} INFO - Filling up the DagBag from /opt/airflow/dags/snow.py
[2025-03-14T00:42:36.012+0000] {processor.py:925} INFO - DAG(s) 'check_all_snowflake_tables' retrieved from /opt/airflow/dags/snow.py
[2025-03-14T00:42:36.050+0000] {logging_mixin.py:190} INFO - [2025-03-14T00:42:36.049+0000] {dag.py:3239} INFO - Sync 1 DAGs
[2025-03-14T00:42:36.078+0000] {logging_mixin.py:190} INFO - [2025-03-14T00:42:36.078+0000] {dag.py:4180} INFO - Setting next_dagrun for check_all_snowflake_tables to 2025-03-14 00:00:00+00:00, run_after=2025-03-15 00:00:00+00:00
[2025-03-14T00:42:36.109+0000] {processor.py:208} INFO - Processing /opt/airflow/dags/snow.py took 0.151 seconds
[2025-03-14T00:43:06.647+0000] {processor.py:186} INFO - Started process (PID=91) to work on /opt/airflow/dags/snow.py
[2025-03-14T00:43:06.649+0000] {processor.py:914} INFO - Processing file /opt/airflow/dags/snow.py for tasks to queue
[2025-03-14T00:43:06.655+0000] {logging_mixin.py:190} INFO - [2025-03-14T00:43:06.655+0000] {dagbag.py:588} INFO - Filling up the DagBag from /opt/airflow/dags/snow.py
[2025-03-14T00:43:06.692+0000] {processor.py:925} INFO - DAG(s) 'check_all_snowflake_tables' retrieved from /opt/airflow/dags/snow.py
[2025-03-14T00:43:06.739+0000] {logging_mixin.py:190} INFO - [2025-03-14T00:43:06.738+0000] {dag.py:3239} INFO - Sync 1 DAGs
[2025-03-14T00:43:06.788+0000] {logging_mixin.py:190} INFO - [2025-03-14T00:43:06.788+0000] {dag.py:4180} INFO - Setting next_dagrun for check_all_snowflake_tables to 2025-03-14 00:00:00+00:00, run_after=2025-03-15 00:00:00+00:00
[2025-03-14T00:43:06.829+0000] {processor.py:208} INFO - Processing /opt/airflow/dags/snow.py took 0.191 seconds
[2025-03-14T00:43:37.567+0000] {processor.py:186} INFO - Started process (PID=94) to work on /opt/airflow/dags/snow.py
[2025-03-14T00:43:37.569+0000] {processor.py:914} INFO - Processing file /opt/airflow/dags/snow.py for tasks to queue
[2025-03-14T00:43:37.573+0000] {logging_mixin.py:190} INFO - [2025-03-14T00:43:37.573+0000] {dagbag.py:588} INFO - Filling up the DagBag from /opt/airflow/dags/snow.py
[2025-03-14T00:43:37.610+0000] {processor.py:925} INFO - DAG(s) 'check_all_snowflake_tables' retrieved from /opt/airflow/dags/snow.py
[2025-03-14T00:43:37.641+0000] {logging_mixin.py:190} INFO - [2025-03-14T00:43:37.640+0000] {dag.py:3239} INFO - Sync 1 DAGs
[2025-03-14T00:43:37.669+0000] {logging_mixin.py:190} INFO - [2025-03-14T00:43:37.668+0000] {dag.py:4180} INFO - Setting next_dagrun for check_all_snowflake_tables to 2025-03-14 00:00:00+00:00, run_after=2025-03-15 00:00:00+00:00
[2025-03-14T00:43:37.696+0000] {processor.py:208} INFO - Processing /opt/airflow/dags/snow.py took 0.138 seconds
[2025-03-14T00:44:08.136+0000] {processor.py:186} INFO - Started process (PID=97) to work on /opt/airflow/dags/snow.py
[2025-03-14T00:44:08.137+0000] {processor.py:914} INFO - Processing file /opt/airflow/dags/snow.py for tasks to queue
[2025-03-14T00:44:08.141+0000] {logging_mixin.py:190} INFO - [2025-03-14T00:44:08.141+0000] {dagbag.py:588} INFO - Filling up the DagBag from /opt/airflow/dags/snow.py
[2025-03-14T00:44:08.181+0000] {processor.py:925} INFO - DAG(s) 'check_all_snowflake_tables' retrieved from /opt/airflow/dags/snow.py
[2025-03-14T00:44:08.224+0000] {logging_mixin.py:190} INFO - [2025-03-14T00:44:08.223+0000] {dag.py:3239} INFO - Sync 1 DAGs
[2025-03-14T00:44:08.260+0000] {logging_mixin.py:190} INFO - [2025-03-14T00:44:08.259+0000] {dag.py:4180} INFO - Setting next_dagrun for check_all_snowflake_tables to 2025-03-14 00:00:00+00:00, run_after=2025-03-15 00:00:00+00:00
[2025-03-14T00:44:08.288+0000] {processor.py:208} INFO - Processing /opt/airflow/dags/snow.py took 0.160 seconds
[2025-03-14T00:44:38.972+0000] {processor.py:186} INFO - Started process (PID=100) to work on /opt/airflow/dags/snow.py
[2025-03-14T00:44:38.974+0000] {processor.py:914} INFO - Processing file /opt/airflow/dags/snow.py for tasks to queue
[2025-03-14T00:44:38.977+0000] {logging_mixin.py:190} INFO - [2025-03-14T00:44:38.977+0000] {dagbag.py:588} INFO - Filling up the DagBag from /opt/airflow/dags/snow.py
[2025-03-14T00:44:39.024+0000] {processor.py:925} INFO - DAG(s) 'check_all_snowflake_tables' retrieved from /opt/airflow/dags/snow.py
[2025-03-14T00:44:39.073+0000] {logging_mixin.py:190} INFO - [2025-03-14T00:44:39.073+0000] {dag.py:3239} INFO - Sync 1 DAGs
[2025-03-14T00:44:39.108+0000] {logging_mixin.py:190} INFO - [2025-03-14T00:44:39.107+0000] {dag.py:4180} INFO - Setting next_dagrun for check_all_snowflake_tables to 2025-03-14 00:00:00+00:00, run_after=2025-03-15 00:00:00+00:00
[2025-03-14T00:44:39.139+0000] {processor.py:208} INFO - Processing /opt/airflow/dags/snow.py took 0.173 seconds
[2025-03-14T00:45:09.690+0000] {processor.py:186} INFO - Started process (PID=103) to work on /opt/airflow/dags/snow.py
[2025-03-14T00:45:09.692+0000] {processor.py:914} INFO - Processing file /opt/airflow/dags/snow.py for tasks to queue
[2025-03-14T00:45:09.697+0000] {logging_mixin.py:190} INFO - [2025-03-14T00:45:09.696+0000] {dagbag.py:588} INFO - Filling up the DagBag from /opt/airflow/dags/snow.py
[2025-03-14T00:45:09.750+0000] {processor.py:925} INFO - DAG(s) 'check_all_snowflake_tables' retrieved from /opt/airflow/dags/snow.py
[2025-03-14T00:45:09.800+0000] {logging_mixin.py:190} INFO - [2025-03-14T00:45:09.799+0000] {dag.py:3239} INFO - Sync 1 DAGs
[2025-03-14T00:45:09.828+0000] {logging_mixin.py:190} INFO - [2025-03-14T00:45:09.828+0000] {dag.py:4180} INFO - Setting next_dagrun for check_all_snowflake_tables to 2025-03-14 00:00:00+00:00, run_after=2025-03-15 00:00:00+00:00
[2025-03-14T00:45:09.858+0000] {processor.py:208} INFO - Processing /opt/airflow/dags/snow.py took 0.180 seconds
[2025-03-14T00:45:40.310+0000] {processor.py:186} INFO - Started process (PID=106) to work on /opt/airflow/dags/snow.py
[2025-03-14T00:45:40.312+0000] {processor.py:914} INFO - Processing file /opt/airflow/dags/snow.py for tasks to queue
[2025-03-14T00:45:40.315+0000] {logging_mixin.py:190} INFO - [2025-03-14T00:45:40.315+0000] {dagbag.py:588} INFO - Filling up the DagBag from /opt/airflow/dags/snow.py
[2025-03-14T00:45:40.354+0000] {processor.py:925} INFO - DAG(s) 'check_all_snowflake_tables' retrieved from /opt/airflow/dags/snow.py
[2025-03-14T00:45:40.390+0000] {logging_mixin.py:190} INFO - [2025-03-14T00:45:40.390+0000] {dag.py:3239} INFO - Sync 1 DAGs
[2025-03-14T00:45:40.426+0000] {logging_mixin.py:190} INFO - [2025-03-14T00:45:40.426+0000] {dag.py:4180} INFO - Setting next_dagrun for check_all_snowflake_tables to 2025-03-14 00:00:00+00:00, run_after=2025-03-15 00:00:00+00:00
[2025-03-14T00:45:40.460+0000] {processor.py:208} INFO - Processing /opt/airflow/dags/snow.py took 0.157 seconds
[2025-03-14T00:46:11.091+0000] {processor.py:186} INFO - Started process (PID=109) to work on /opt/airflow/dags/snow.py
[2025-03-14T00:46:11.093+0000] {processor.py:914} INFO - Processing file /opt/airflow/dags/snow.py for tasks to queue
[2025-03-14T00:46:11.097+0000] {logging_mixin.py:190} INFO - [2025-03-14T00:46:11.097+0000] {dagbag.py:588} INFO - Filling up the DagBag from /opt/airflow/dags/snow.py
[2025-03-14T00:46:11.154+0000] {processor.py:925} INFO - DAG(s) 'check_all_snowflake_tables' retrieved from /opt/airflow/dags/snow.py
[2025-03-14T00:46:11.193+0000] {logging_mixin.py:190} INFO - [2025-03-14T00:46:11.192+0000] {dag.py:3239} INFO - Sync 1 DAGs
[2025-03-14T00:46:11.227+0000] {logging_mixin.py:190} INFO - [2025-03-14T00:46:11.227+0000] {dag.py:4180} INFO - Setting next_dagrun for check_all_snowflake_tables to 2025-03-14 00:00:00+00:00, run_after=2025-03-15 00:00:00+00:00
[2025-03-14T00:46:11.255+0000] {processor.py:208} INFO - Processing /opt/airflow/dags/snow.py took 0.170 seconds
[2025-03-14T00:46:41.868+0000] {processor.py:186} INFO - Started process (PID=112) to work on /opt/airflow/dags/snow.py
[2025-03-14T00:46:41.870+0000] {processor.py:914} INFO - Processing file /opt/airflow/dags/snow.py for tasks to queue
[2025-03-14T00:46:41.873+0000] {logging_mixin.py:190} INFO - [2025-03-14T00:46:41.873+0000] {dagbag.py:588} INFO - Filling up the DagBag from /opt/airflow/dags/snow.py
[2025-03-14T00:46:41.914+0000] {processor.py:925} INFO - DAG(s) 'check_all_snowflake_tables' retrieved from /opt/airflow/dags/snow.py
[2025-03-14T00:46:41.949+0000] {logging_mixin.py:190} INFO - [2025-03-14T00:46:41.948+0000] {dag.py:3239} INFO - Sync 1 DAGs
[2025-03-14T00:46:41.980+0000] {logging_mixin.py:190} INFO - [2025-03-14T00:46:41.980+0000] {dag.py:4180} INFO - Setting next_dagrun for check_all_snowflake_tables to 2025-03-14 00:00:00+00:00, run_after=2025-03-15 00:00:00+00:00
[2025-03-14T00:46:42.007+0000] {processor.py:208} INFO - Processing /opt/airflow/dags/snow.py took 0.146 seconds
[2025-03-14T00:47:12.148+0000] {processor.py:186} INFO - Started process (PID=115) to work on /opt/airflow/dags/snow.py
[2025-03-14T00:47:12.150+0000] {processor.py:914} INFO - Processing file /opt/airflow/dags/snow.py for tasks to queue
[2025-03-14T00:47:12.155+0000] {logging_mixin.py:190} INFO - [2025-03-14T00:47:12.154+0000] {dagbag.py:588} INFO - Filling up the DagBag from /opt/airflow/dags/snow.py
[2025-03-14T00:47:12.205+0000] {processor.py:925} INFO - DAG(s) 'check_all_snowflake_tables' retrieved from /opt/airflow/dags/snow.py
[2025-03-14T00:47:12.276+0000] {logging_mixin.py:190} INFO - [2025-03-14T00:47:12.274+0000] {dag.py:3239} INFO - Sync 1 DAGs
[2025-03-14T00:47:12.329+0000] {logging_mixin.py:190} INFO - [2025-03-14T00:47:12.328+0000] {dag.py:4180} INFO - Setting next_dagrun for check_all_snowflake_tables to 2025-03-14 00:00:00+00:00, run_after=2025-03-15 00:00:00+00:00
[2025-03-14T00:47:12.378+0000] {processor.py:208} INFO - Processing /opt/airflow/dags/snow.py took 0.242 seconds
[2025-03-14T00:47:42.868+0000] {processor.py:186} INFO - Started process (PID=118) to work on /opt/airflow/dags/snow.py
[2025-03-14T00:47:42.870+0000] {processor.py:914} INFO - Processing file /opt/airflow/dags/snow.py for tasks to queue
[2025-03-14T00:47:42.874+0000] {logging_mixin.py:190} INFO - [2025-03-14T00:47:42.873+0000] {dagbag.py:588} INFO - Filling up the DagBag from /opt/airflow/dags/snow.py
[2025-03-14T00:47:42.908+0000] {processor.py:925} INFO - DAG(s) 'check_all_snowflake_tables' retrieved from /opt/airflow/dags/snow.py
[2025-03-14T00:47:42.952+0000] {logging_mixin.py:190} INFO - [2025-03-14T00:47:42.951+0000] {dag.py:3239} INFO - Sync 1 DAGs
[2025-03-14T00:47:42.984+0000] {logging_mixin.py:190} INFO - [2025-03-14T00:47:42.984+0000] {dag.py:4180} INFO - Setting next_dagrun for check_all_snowflake_tables to 2025-03-14 00:00:00+00:00, run_after=2025-03-15 00:00:00+00:00
[2025-03-14T00:47:43.012+0000] {processor.py:208} INFO - Processing /opt/airflow/dags/snow.py took 0.153 seconds
[2025-03-14T00:48:13.633+0000] {processor.py:186} INFO - Started process (PID=121) to work on /opt/airflow/dags/snow.py
[2025-03-14T00:48:13.635+0000] {processor.py:914} INFO - Processing file /opt/airflow/dags/snow.py for tasks to queue
[2025-03-14T00:48:13.638+0000] {logging_mixin.py:190} INFO - [2025-03-14T00:48:13.638+0000] {dagbag.py:588} INFO - Filling up the DagBag from /opt/airflow/dags/snow.py
[2025-03-14T00:48:13.670+0000] {processor.py:925} INFO - DAG(s) 'check_all_snowflake_tables' retrieved from /opt/airflow/dags/snow.py
[2025-03-14T00:48:13.712+0000] {logging_mixin.py:190} INFO - [2025-03-14T00:48:13.712+0000] {dag.py:3239} INFO - Sync 1 DAGs
[2025-03-14T00:48:13.748+0000] {logging_mixin.py:190} INFO - [2025-03-14T00:48:13.747+0000] {dag.py:4180} INFO - Setting next_dagrun for check_all_snowflake_tables to 2025-03-14 00:00:00+00:00, run_after=2025-03-15 00:00:00+00:00
[2025-03-14T00:48:13.776+0000] {processor.py:208} INFO - Processing /opt/airflow/dags/snow.py took 0.151 seconds
[2025-03-14T00:48:44.321+0000] {processor.py:186} INFO - Started process (PID=124) to work on /opt/airflow/dags/snow.py
[2025-03-14T00:48:44.322+0000] {processor.py:914} INFO - Processing file /opt/airflow/dags/snow.py for tasks to queue
[2025-03-14T00:48:44.326+0000] {logging_mixin.py:190} INFO - [2025-03-14T00:48:44.326+0000] {dagbag.py:588} INFO - Filling up the DagBag from /opt/airflow/dags/snow.py
[2025-03-14T00:48:44.364+0000] {processor.py:925} INFO - DAG(s) 'check_all_snowflake_tables' retrieved from /opt/airflow/dags/snow.py
[2025-03-14T00:48:44.406+0000] {logging_mixin.py:190} INFO - [2025-03-14T00:48:44.406+0000] {dag.py:3239} INFO - Sync 1 DAGs
[2025-03-14T00:48:44.444+0000] {logging_mixin.py:190} INFO - [2025-03-14T00:48:44.444+0000] {dag.py:4180} INFO - Setting next_dagrun for check_all_snowflake_tables to 2025-03-14 00:00:00+00:00, run_after=2025-03-15 00:00:00+00:00
[2025-03-14T00:48:44.465+0000] {processor.py:208} INFO - Processing /opt/airflow/dags/snow.py took 0.153 seconds
[2025-03-14T00:49:15.054+0000] {processor.py:186} INFO - Started process (PID=127) to work on /opt/airflow/dags/snow.py
[2025-03-14T00:49:15.056+0000] {processor.py:914} INFO - Processing file /opt/airflow/dags/snow.py for tasks to queue
[2025-03-14T00:49:15.061+0000] {logging_mixin.py:190} INFO - [2025-03-14T00:49:15.061+0000] {dagbag.py:588} INFO - Filling up the DagBag from /opt/airflow/dags/snow.py
[2025-03-14T00:49:15.104+0000] {processor.py:925} INFO - DAG(s) 'check_all_snowflake_tables' retrieved from /opt/airflow/dags/snow.py
[2025-03-14T00:49:15.147+0000] {logging_mixin.py:190} INFO - [2025-03-14T00:49:15.146+0000] {dag.py:3239} INFO - Sync 1 DAGs
[2025-03-14T00:49:15.178+0000] {logging_mixin.py:190} INFO - [2025-03-14T00:49:15.178+0000] {dag.py:4180} INFO - Setting next_dagrun for check_all_snowflake_tables to 2025-03-14 00:00:00+00:00, run_after=2025-03-15 00:00:00+00:00
[2025-03-14T00:49:15.207+0000] {processor.py:208} INFO - Processing /opt/airflow/dags/snow.py took 0.169 seconds
[2025-03-14T00:49:45.823+0000] {processor.py:186} INFO - Started process (PID=130) to work on /opt/airflow/dags/snow.py
[2025-03-14T00:49:45.824+0000] {processor.py:914} INFO - Processing file /opt/airflow/dags/snow.py for tasks to queue
[2025-03-14T00:49:45.827+0000] {logging_mixin.py:190} INFO - [2025-03-14T00:49:45.827+0000] {dagbag.py:588} INFO - Filling up the DagBag from /opt/airflow/dags/snow.py
[2025-03-14T00:49:45.856+0000] {processor.py:925} INFO - DAG(s) 'check_all_snowflake_tables' retrieved from /opt/airflow/dags/snow.py
[2025-03-14T00:49:45.891+0000] {logging_mixin.py:190} INFO - [2025-03-14T00:49:45.890+0000] {dag.py:3239} INFO - Sync 1 DAGs
[2025-03-14T00:49:45.918+0000] {logging_mixin.py:190} INFO - [2025-03-14T00:49:45.918+0000] {dag.py:4180} INFO - Setting next_dagrun for check_all_snowflake_tables to 2025-03-14 00:00:00+00:00, run_after=2025-03-15 00:00:00+00:00
[2025-03-14T00:49:45.941+0000] {processor.py:208} INFO - Processing /opt/airflow/dags/snow.py took 0.125 seconds
[2025-03-14T00:50:16.624+0000] {processor.py:186} INFO - Started process (PID=133) to work on /opt/airflow/dags/snow.py
[2025-03-14T00:50:16.626+0000] {processor.py:914} INFO - Processing file /opt/airflow/dags/snow.py for tasks to queue
[2025-03-14T00:50:16.629+0000] {logging_mixin.py:190} INFO - [2025-03-14T00:50:16.628+0000] {dagbag.py:588} INFO - Filling up the DagBag from /opt/airflow/dags/snow.py
[2025-03-14T00:50:16.654+0000] {processor.py:925} INFO - DAG(s) 'check_all_snowflake_tables' retrieved from /opt/airflow/dags/snow.py
[2025-03-14T00:50:16.688+0000] {logging_mixin.py:190} INFO - [2025-03-14T00:50:16.687+0000] {dag.py:3239} INFO - Sync 1 DAGs
[2025-03-14T00:50:16.715+0000] {logging_mixin.py:190} INFO - [2025-03-14T00:50:16.715+0000] {dag.py:4180} INFO - Setting next_dagrun for check_all_snowflake_tables to 2025-03-14 00:00:00+00:00, run_after=2025-03-15 00:00:00+00:00
[2025-03-14T00:50:16.737+0000] {processor.py:208} INFO - Processing /opt/airflow/dags/snow.py took 0.119 seconds
[2025-03-14T00:50:47.487+0000] {processor.py:186} INFO - Started process (PID=136) to work on /opt/airflow/dags/snow.py
[2025-03-14T00:50:47.489+0000] {processor.py:914} INFO - Processing file /opt/airflow/dags/snow.py for tasks to queue
[2025-03-14T00:50:47.493+0000] {logging_mixin.py:190} INFO - [2025-03-14T00:50:47.493+0000] {dagbag.py:588} INFO - Filling up the DagBag from /opt/airflow/dags/snow.py
[2025-03-14T00:50:47.527+0000] {processor.py:925} INFO - DAG(s) 'check_all_snowflake_tables' retrieved from /opt/airflow/dags/snow.py
[2025-03-14T00:50:47.569+0000] {logging_mixin.py:190} INFO - [2025-03-14T00:50:47.569+0000] {dag.py:3239} INFO - Sync 1 DAGs
[2025-03-14T00:50:47.599+0000] {logging_mixin.py:190} INFO - [2025-03-14T00:50:47.598+0000] {dag.py:4180} INFO - Setting next_dagrun for check_all_snowflake_tables to 2025-03-14 00:00:00+00:00, run_after=2025-03-15 00:00:00+00:00
[2025-03-14T00:50:47.627+0000] {processor.py:208} INFO - Processing /opt/airflow/dags/snow.py took 0.149 seconds
[2025-03-14T00:51:18.271+0000] {processor.py:186} INFO - Started process (PID=139) to work on /opt/airflow/dags/snow.py
[2025-03-14T00:51:18.272+0000] {processor.py:914} INFO - Processing file /opt/airflow/dags/snow.py for tasks to queue
[2025-03-14T00:51:18.275+0000] {logging_mixin.py:190} INFO - [2025-03-14T00:51:18.275+0000] {dagbag.py:588} INFO - Filling up the DagBag from /opt/airflow/dags/snow.py
[2025-03-14T00:51:18.303+0000] {processor.py:925} INFO - DAG(s) 'check_all_snowflake_tables' retrieved from /opt/airflow/dags/snow.py
[2025-03-14T00:51:18.345+0000] {logging_mixin.py:190} INFO - [2025-03-14T00:51:18.344+0000] {dag.py:3239} INFO - Sync 1 DAGs
[2025-03-14T00:51:18.371+0000] {logging_mixin.py:190} INFO - [2025-03-14T00:51:18.370+0000] {dag.py:4180} INFO - Setting next_dagrun for check_all_snowflake_tables to 2025-03-14 00:00:00+00:00, run_after=2025-03-15 00:00:00+00:00
[2025-03-14T00:51:18.391+0000] {processor.py:208} INFO - Processing /opt/airflow/dags/snow.py took 0.128 seconds
[2025-03-14T00:51:48.918+0000] {processor.py:186} INFO - Started process (PID=142) to work on /opt/airflow/dags/snow.py
[2025-03-14T00:51:48.920+0000] {processor.py:914} INFO - Processing file /opt/airflow/dags/snow.py for tasks to queue
[2025-03-14T00:51:48.923+0000] {logging_mixin.py:190} INFO - [2025-03-14T00:51:48.922+0000] {dagbag.py:588} INFO - Filling up the DagBag from /opt/airflow/dags/snow.py
[2025-03-14T00:51:48.948+0000] {processor.py:925} INFO - DAG(s) 'check_all_snowflake_tables' retrieved from /opt/airflow/dags/snow.py
[2025-03-14T00:51:48.981+0000] {logging_mixin.py:190} INFO - [2025-03-14T00:51:48.980+0000] {dag.py:3239} INFO - Sync 1 DAGs
[2025-03-14T00:51:49.011+0000] {logging_mixin.py:190} INFO - [2025-03-14T00:51:49.011+0000] {dag.py:4180} INFO - Setting next_dagrun for check_all_snowflake_tables to 2025-03-14 00:00:00+00:00, run_after=2025-03-15 00:00:00+00:00
[2025-03-14T00:51:49.042+0000] {processor.py:208} INFO - Processing /opt/airflow/dags/snow.py took 0.131 seconds
[2025-03-14T00:52:19.627+0000] {processor.py:186} INFO - Started process (PID=145) to work on /opt/airflow/dags/snow.py
[2025-03-14T00:52:19.629+0000] {processor.py:914} INFO - Processing file /opt/airflow/dags/snow.py for tasks to queue
[2025-03-14T00:52:19.633+0000] {logging_mixin.py:190} INFO - [2025-03-14T00:52:19.633+0000] {dagbag.py:588} INFO - Filling up the DagBag from /opt/airflow/dags/snow.py
[2025-03-14T00:52:19.667+0000] {processor.py:925} INFO - DAG(s) 'check_all_snowflake_tables' retrieved from /opt/airflow/dags/snow.py
[2025-03-14T00:52:19.707+0000] {logging_mixin.py:190} INFO - [2025-03-14T00:52:19.706+0000] {dag.py:3239} INFO - Sync 1 DAGs
[2025-03-14T00:52:19.739+0000] {logging_mixin.py:190} INFO - [2025-03-14T00:52:19.739+0000] {dag.py:4180} INFO - Setting next_dagrun for check_all_snowflake_tables to 2025-03-14 00:00:00+00:00, run_after=2025-03-15 00:00:00+00:00
[2025-03-14T00:52:19.771+0000] {processor.py:208} INFO - Processing /opt/airflow/dags/snow.py took 0.152 seconds
[2025-03-14T00:52:50.501+0000] {processor.py:186} INFO - Started process (PID=148) to work on /opt/airflow/dags/snow.py
[2025-03-14T00:52:50.503+0000] {processor.py:914} INFO - Processing file /opt/airflow/dags/snow.py for tasks to queue
[2025-03-14T00:52:50.507+0000] {logging_mixin.py:190} INFO - [2025-03-14T00:52:50.507+0000] {dagbag.py:588} INFO - Filling up the DagBag from /opt/airflow/dags/snow.py
[2025-03-14T00:52:50.536+0000] {processor.py:925} INFO - DAG(s) 'check_all_snowflake_tables' retrieved from /opt/airflow/dags/snow.py
[2025-03-14T00:52:50.592+0000] {logging_mixin.py:190} INFO - [2025-03-14T00:52:50.591+0000] {dag.py:3239} INFO - Sync 1 DAGs
[2025-03-14T00:52:50.656+0000] {logging_mixin.py:190} INFO - [2025-03-14T00:52:50.655+0000] {dag.py:4180} INFO - Setting next_dagrun for check_all_snowflake_tables to 2025-03-14 00:00:00+00:00, run_after=2025-03-15 00:00:00+00:00
[2025-03-14T00:52:50.696+0000] {processor.py:208} INFO - Processing /opt/airflow/dags/snow.py took 0.202 seconds
[2025-03-14T00:53:21.125+0000] {processor.py:186} INFO - Started process (PID=151) to work on /opt/airflow/dags/snow.py
[2025-03-14T00:53:21.127+0000] {processor.py:914} INFO - Processing file /opt/airflow/dags/snow.py for tasks to queue
[2025-03-14T00:53:21.130+0000] {logging_mixin.py:190} INFO - [2025-03-14T00:53:21.130+0000] {dagbag.py:588} INFO - Filling up the DagBag from /opt/airflow/dags/snow.py
[2025-03-14T00:53:21.164+0000] {processor.py:925} INFO - DAG(s) 'check_all_snowflake_tables' retrieved from /opt/airflow/dags/snow.py
[2025-03-14T00:53:21.198+0000] {logging_mixin.py:190} INFO - [2025-03-14T00:53:21.198+0000] {dag.py:3239} INFO - Sync 1 DAGs
[2025-03-14T00:53:21.229+0000] {logging_mixin.py:190} INFO - [2025-03-14T00:53:21.228+0000] {dag.py:4180} INFO - Setting next_dagrun for check_all_snowflake_tables to 2025-03-14 00:00:00+00:00, run_after=2025-03-15 00:00:00+00:00
[2025-03-14T00:53:21.258+0000] {processor.py:208} INFO - Processing /opt/airflow/dags/snow.py took 0.141 seconds
[2025-03-14T00:53:51.909+0000] {processor.py:186} INFO - Started process (PID=154) to work on /opt/airflow/dags/snow.py
[2025-03-14T00:53:51.910+0000] {processor.py:914} INFO - Processing file /opt/airflow/dags/snow.py for tasks to queue
[2025-03-14T00:53:51.913+0000] {logging_mixin.py:190} INFO - [2025-03-14T00:53:51.913+0000] {dagbag.py:588} INFO - Filling up the DagBag from /opt/airflow/dags/snow.py
[2025-03-14T00:53:51.940+0000] {processor.py:925} INFO - DAG(s) 'check_all_snowflake_tables' retrieved from /opt/airflow/dags/snow.py
[2025-03-14T00:53:51.973+0000] {logging_mixin.py:190} INFO - [2025-03-14T00:53:51.972+0000] {dag.py:3239} INFO - Sync 1 DAGs
[2025-03-14T00:53:51.999+0000] {logging_mixin.py:190} INFO - [2025-03-14T00:53:51.998+0000] {dag.py:4180} INFO - Setting next_dagrun for check_all_snowflake_tables to 2025-03-14 00:00:00+00:00, run_after=2025-03-15 00:00:00+00:00
[2025-03-14T00:53:52.026+0000] {processor.py:208} INFO - Processing /opt/airflow/dags/snow.py took 0.124 seconds
[2025-03-14T00:54:22.679+0000] {processor.py:186} INFO - Started process (PID=157) to work on /opt/airflow/dags/snow.py
[2025-03-14T00:54:22.681+0000] {processor.py:914} INFO - Processing file /opt/airflow/dags/snow.py for tasks to queue
[2025-03-14T00:54:22.685+0000] {logging_mixin.py:190} INFO - [2025-03-14T00:54:22.684+0000] {dagbag.py:588} INFO - Filling up the DagBag from /opt/airflow/dags/snow.py
[2025-03-14T00:54:22.717+0000] {processor.py:925} INFO - DAG(s) 'check_all_snowflake_tables' retrieved from /opt/airflow/dags/snow.py
[2025-03-14T00:54:22.760+0000] {logging_mixin.py:190} INFO - [2025-03-14T00:54:22.759+0000] {dag.py:3239} INFO - Sync 1 DAGs
[2025-03-14T00:54:22.787+0000] {logging_mixin.py:190} INFO - [2025-03-14T00:54:22.787+0000] {dag.py:4180} INFO - Setting next_dagrun for check_all_snowflake_tables to 2025-03-14 00:00:00+00:00, run_after=2025-03-15 00:00:00+00:00
[2025-03-14T00:54:22.821+0000] {processor.py:208} INFO - Processing /opt/airflow/dags/snow.py took 0.148 seconds
[2025-03-14T00:54:53.552+0000] {processor.py:186} INFO - Started process (PID=160) to work on /opt/airflow/dags/snow.py
[2025-03-14T00:54:53.554+0000] {processor.py:914} INFO - Processing file /opt/airflow/dags/snow.py for tasks to queue
[2025-03-14T00:54:53.557+0000] {logging_mixin.py:190} INFO - [2025-03-14T00:54:53.556+0000] {dagbag.py:588} INFO - Filling up the DagBag from /opt/airflow/dags/snow.py
[2025-03-14T00:54:53.584+0000] {processor.py:925} INFO - DAG(s) 'check_all_snowflake_tables' retrieved from /opt/airflow/dags/snow.py
[2025-03-14T00:54:53.617+0000] {logging_mixin.py:190} INFO - [2025-03-14T00:54:53.616+0000] {dag.py:3239} INFO - Sync 1 DAGs
[2025-03-14T00:54:53.643+0000] {logging_mixin.py:190} INFO - [2025-03-14T00:54:53.643+0000] {dag.py:4180} INFO - Setting next_dagrun for check_all_snowflake_tables to 2025-03-14 00:00:00+00:00, run_after=2025-03-15 00:00:00+00:00
[2025-03-14T00:54:53.674+0000] {processor.py:208} INFO - Processing /opt/airflow/dags/snow.py took 0.129 seconds
[2025-03-14T00:55:24.324+0000] {processor.py:186} INFO - Started process (PID=163) to work on /opt/airflow/dags/snow.py
[2025-03-14T00:55:24.326+0000] {processor.py:914} INFO - Processing file /opt/airflow/dags/snow.py for tasks to queue
[2025-03-14T00:55:24.328+0000] {logging_mixin.py:190} INFO - [2025-03-14T00:55:24.328+0000] {dagbag.py:588} INFO - Filling up the DagBag from /opt/airflow/dags/snow.py
[2025-03-14T00:55:24.355+0000] {processor.py:925} INFO - DAG(s) 'check_all_snowflake_tables' retrieved from /opt/airflow/dags/snow.py
[2025-03-14T00:55:24.388+0000] {logging_mixin.py:190} INFO - [2025-03-14T00:55:24.387+0000] {dag.py:3239} INFO - Sync 1 DAGs
[2025-03-14T00:55:24.413+0000] {logging_mixin.py:190} INFO - [2025-03-14T00:55:24.413+0000] {dag.py:4180} INFO - Setting next_dagrun for check_all_snowflake_tables to 2025-03-14 00:00:00+00:00, run_after=2025-03-15 00:00:00+00:00
[2025-03-14T00:55:24.434+0000] {processor.py:208} INFO - Processing /opt/airflow/dags/snow.py took 0.116 seconds
[2025-03-14T00:55:55.057+0000] {processor.py:186} INFO - Started process (PID=166) to work on /opt/airflow/dags/snow.py
[2025-03-14T00:55:55.058+0000] {processor.py:914} INFO - Processing file /opt/airflow/dags/snow.py for tasks to queue
[2025-03-14T00:55:55.061+0000] {logging_mixin.py:190} INFO - [2025-03-14T00:55:55.061+0000] {dagbag.py:588} INFO - Filling up the DagBag from /opt/airflow/dags/snow.py
[2025-03-14T00:55:55.088+0000] {processor.py:925} INFO - DAG(s) 'check_all_snowflake_tables' retrieved from /opt/airflow/dags/snow.py
[2025-03-14T00:55:55.122+0000] {logging_mixin.py:190} INFO - [2025-03-14T00:55:55.121+0000] {dag.py:3239} INFO - Sync 1 DAGs
[2025-03-14T00:55:55.148+0000] {logging_mixin.py:190} INFO - [2025-03-14T00:55:55.148+0000] {dag.py:4180} INFO - Setting next_dagrun for check_all_snowflake_tables to 2025-03-14 00:00:00+00:00, run_after=2025-03-15 00:00:00+00:00
[2025-03-14T00:55:55.170+0000] {processor.py:208} INFO - Processing /opt/airflow/dags/snow.py took 0.120 seconds
[2025-03-14T00:56:25.889+0000] {processor.py:186} INFO - Started process (PID=169) to work on /opt/airflow/dags/snow.py
[2025-03-14T00:56:25.890+0000] {processor.py:914} INFO - Processing file /opt/airflow/dags/snow.py for tasks to queue
[2025-03-14T00:56:25.893+0000] {logging_mixin.py:190} INFO - [2025-03-14T00:56:25.893+0000] {dagbag.py:588} INFO - Filling up the DagBag from /opt/airflow/dags/snow.py
[2025-03-14T00:56:25.922+0000] {processor.py:925} INFO - DAG(s) 'check_all_snowflake_tables' retrieved from /opt/airflow/dags/snow.py
[2025-03-14T00:56:25.963+0000] {logging_mixin.py:190} INFO - [2025-03-14T00:56:25.962+0000] {dag.py:3239} INFO - Sync 1 DAGs
[2025-03-14T00:56:25.991+0000] {logging_mixin.py:190} INFO - [2025-03-14T00:56:25.991+0000] {dag.py:4180} INFO - Setting next_dagrun for check_all_snowflake_tables to 2025-03-14 00:00:00+00:00, run_after=2025-03-15 00:00:00+00:00
[2025-03-14T00:56:26.014+0000] {processor.py:208} INFO - Processing /opt/airflow/dags/snow.py took 0.132 seconds
[2025-03-14T00:56:56.675+0000] {processor.py:186} INFO - Started process (PID=172) to work on /opt/airflow/dags/snow.py
[2025-03-14T00:56:56.676+0000] {processor.py:914} INFO - Processing file /opt/airflow/dags/snow.py for tasks to queue
[2025-03-14T00:56:56.680+0000] {logging_mixin.py:190} INFO - [2025-03-14T00:56:56.679+0000] {dagbag.py:588} INFO - Filling up the DagBag from /opt/airflow/dags/snow.py
[2025-03-14T00:56:56.706+0000] {processor.py:925} INFO - DAG(s) 'check_all_snowflake_tables' retrieved from /opt/airflow/dags/snow.py
[2025-03-14T00:56:56.739+0000] {logging_mixin.py:190} INFO - [2025-03-14T00:56:56.739+0000] {dag.py:3239} INFO - Sync 1 DAGs
[2025-03-14T00:56:56.767+0000] {logging_mixin.py:190} INFO - [2025-03-14T00:56:56.767+0000] {dag.py:4180} INFO - Setting next_dagrun for check_all_snowflake_tables to 2025-03-14 00:00:00+00:00, run_after=2025-03-15 00:00:00+00:00
[2025-03-14T00:56:56.793+0000] {processor.py:208} INFO - Processing /opt/airflow/dags/snow.py took 0.125 seconds
[2025-03-14T00:57:27.573+0000] {processor.py:186} INFO - Started process (PID=175) to work on /opt/airflow/dags/snow.py
[2025-03-14T00:57:27.575+0000] {processor.py:914} INFO - Processing file /opt/airflow/dags/snow.py for tasks to queue
[2025-03-14T00:57:27.579+0000] {logging_mixin.py:190} INFO - [2025-03-14T00:57:27.578+0000] {dagbag.py:588} INFO - Filling up the DagBag from /opt/airflow/dags/snow.py
[2025-03-14T00:57:27.620+0000] {processor.py:925} INFO - DAG(s) 'check_all_snowflake_tables' retrieved from /opt/airflow/dags/snow.py
[2025-03-14T00:57:27.655+0000] {logging_mixin.py:190} INFO - [2025-03-14T00:57:27.654+0000] {dag.py:3239} INFO - Sync 1 DAGs
[2025-03-14T00:57:27.699+0000] {logging_mixin.py:190} INFO - [2025-03-14T00:57:27.699+0000] {dag.py:4180} INFO - Setting next_dagrun for check_all_snowflake_tables to 2025-03-14 00:00:00+00:00, run_after=2025-03-15 00:00:00+00:00
[2025-03-14T00:57:27.721+0000] {processor.py:208} INFO - Processing /opt/airflow/dags/snow.py took 0.157 seconds
[2025-03-14T00:57:59.016+0000] {processor.py:186} INFO - Started process (PID=178) to work on /opt/airflow/dags/snow.py
[2025-03-14T00:57:59.019+0000] {processor.py:914} INFO - Processing file /opt/airflow/dags/snow.py for tasks to queue
[2025-03-14T00:57:59.029+0000] {logging_mixin.py:190} INFO - [2025-03-14T00:57:59.028+0000] {dagbag.py:588} INFO - Filling up the DagBag from /opt/airflow/dags/snow.py
[2025-03-14T00:57:59.111+0000] {processor.py:925} INFO - DAG(s) 'check_all_snowflake_tables' retrieved from /opt/airflow/dags/snow.py
[2025-03-14T00:57:59.182+0000] {logging_mixin.py:190} INFO - [2025-03-14T00:57:59.181+0000] {dag.py:3239} INFO - Sync 1 DAGs
[2025-03-14T00:57:59.262+0000] {logging_mixin.py:190} INFO - [2025-03-14T00:57:59.262+0000] {dag.py:4180} INFO - Setting next_dagrun for check_all_snowflake_tables to 2025-03-14 00:00:00+00:00, run_after=2025-03-15 00:00:00+00:00
[2025-03-14T00:57:59.363+0000] {processor.py:208} INFO - Processing /opt/airflow/dags/snow.py took 0.368 seconds
[2025-03-14T00:58:30.269+0000] {processor.py:186} INFO - Started process (PID=181) to work on /opt/airflow/dags/snow.py
[2025-03-14T00:58:30.271+0000] {processor.py:914} INFO - Processing file /opt/airflow/dags/snow.py for tasks to queue
[2025-03-14T00:58:30.278+0000] {logging_mixin.py:190} INFO - [2025-03-14T00:58:30.277+0000] {dagbag.py:588} INFO - Filling up the DagBag from /opt/airflow/dags/snow.py
[2025-03-14T00:58:30.325+0000] {processor.py:925} INFO - DAG(s) 'check_all_snowflake_tables' retrieved from /opt/airflow/dags/snow.py
[2025-03-14T00:58:30.385+0000] {logging_mixin.py:190} INFO - [2025-03-14T00:58:30.384+0000] {dag.py:3239} INFO - Sync 1 DAGs
[2025-03-14T00:58:30.433+0000] {logging_mixin.py:190} INFO - [2025-03-14T00:58:30.433+0000] {dag.py:4180} INFO - Setting next_dagrun for check_all_snowflake_tables to 2025-03-14 00:00:00+00:00, run_after=2025-03-15 00:00:00+00:00
[2025-03-14T00:58:30.462+0000] {processor.py:208} INFO - Processing /opt/airflow/dags/snow.py took 0.201 seconds
[2025-03-14T00:59:00.973+0000] {processor.py:186} INFO - Started process (PID=184) to work on /opt/airflow/dags/snow.py
[2025-03-14T00:59:00.975+0000] {processor.py:914} INFO - Processing file /opt/airflow/dags/snow.py for tasks to queue
[2025-03-14T00:59:00.978+0000] {logging_mixin.py:190} INFO - [2025-03-14T00:59:00.978+0000] {dagbag.py:588} INFO - Filling up the DagBag from /opt/airflow/dags/snow.py
[2025-03-14T00:59:01.016+0000] {processor.py:925} INFO - DAG(s) 'check_all_snowflake_tables' retrieved from /opt/airflow/dags/snow.py
[2025-03-14T00:59:01.053+0000] {logging_mixin.py:190} INFO - [2025-03-14T00:59:01.052+0000] {dag.py:3239} INFO - Sync 1 DAGs
[2025-03-14T00:59:01.086+0000] {logging_mixin.py:190} INFO - [2025-03-14T00:59:01.085+0000] {dag.py:4180} INFO - Setting next_dagrun for check_all_snowflake_tables to 2025-03-14 00:00:00+00:00, run_after=2025-03-15 00:00:00+00:00
[2025-03-14T00:59:01.114+0000] {processor.py:208} INFO - Processing /opt/airflow/dags/snow.py took 0.148 seconds
[2025-03-14T00:59:31.722+0000] {processor.py:186} INFO - Started process (PID=187) to work on /opt/airflow/dags/snow.py
[2025-03-14T00:59:31.723+0000] {processor.py:914} INFO - Processing file /opt/airflow/dags/snow.py for tasks to queue
[2025-03-14T00:59:31.727+0000] {logging_mixin.py:190} INFO - [2025-03-14T00:59:31.726+0000] {dagbag.py:588} INFO - Filling up the DagBag from /opt/airflow/dags/snow.py
[2025-03-14T00:59:31.753+0000] {processor.py:925} INFO - DAG(s) 'check_all_snowflake_tables' retrieved from /opt/airflow/dags/snow.py
[2025-03-14T00:59:31.796+0000] {logging_mixin.py:190} INFO - [2025-03-14T00:59:31.795+0000] {dag.py:3239} INFO - Sync 1 DAGs
[2025-03-14T00:59:31.827+0000] {logging_mixin.py:190} INFO - [2025-03-14T00:59:31.827+0000] {dag.py:4180} INFO - Setting next_dagrun for check_all_snowflake_tables to 2025-03-14 00:00:00+00:00, run_after=2025-03-15 00:00:00+00:00
[2025-03-14T00:59:31.856+0000] {processor.py:208} INFO - Processing /opt/airflow/dags/snow.py took 0.142 seconds
[2025-03-14T01:00:02.468+0000] {processor.py:186} INFO - Started process (PID=190) to work on /opt/airflow/dags/snow.py
[2025-03-14T01:00:02.470+0000] {processor.py:914} INFO - Processing file /opt/airflow/dags/snow.py for tasks to queue
[2025-03-14T01:00:02.473+0000] {logging_mixin.py:190} INFO - [2025-03-14T01:00:02.473+0000] {dagbag.py:588} INFO - Filling up the DagBag from /opt/airflow/dags/snow.py
[2025-03-14T01:00:02.504+0000] {processor.py:925} INFO - DAG(s) 'check_all_snowflake_tables' retrieved from /opt/airflow/dags/snow.py
[2025-03-14T01:00:02.536+0000] {logging_mixin.py:190} INFO - [2025-03-14T01:00:02.536+0000] {dag.py:3239} INFO - Sync 1 DAGs
[2025-03-14T01:00:02.564+0000] {logging_mixin.py:190} INFO - [2025-03-14T01:00:02.563+0000] {dag.py:4180} INFO - Setting next_dagrun for check_all_snowflake_tables to 2025-03-14 00:00:00+00:00, run_after=2025-03-15 00:00:00+00:00
[2025-03-14T01:00:02.593+0000] {processor.py:208} INFO - Processing /opt/airflow/dags/snow.py took 0.133 seconds
[2025-03-14T01:00:33.231+0000] {processor.py:186} INFO - Started process (PID=193) to work on /opt/airflow/dags/snow.py
[2025-03-14T01:00:33.233+0000] {processor.py:914} INFO - Processing file /opt/airflow/dags/snow.py for tasks to queue
[2025-03-14T01:00:33.237+0000] {logging_mixin.py:190} INFO - [2025-03-14T01:00:33.237+0000] {dagbag.py:588} INFO - Filling up the DagBag from /opt/airflow/dags/snow.py
[2025-03-14T01:00:33.281+0000] {processor.py:925} INFO - DAG(s) 'check_all_snowflake_tables' retrieved from /opt/airflow/dags/snow.py
[2025-03-14T01:00:33.318+0000] {logging_mixin.py:190} INFO - [2025-03-14T01:00:33.317+0000] {dag.py:3239} INFO - Sync 1 DAGs
[2025-03-14T01:00:33.355+0000] {logging_mixin.py:190} INFO - [2025-03-14T01:00:33.354+0000] {dag.py:4180} INFO - Setting next_dagrun for check_all_snowflake_tables to 2025-03-14 00:00:00+00:00, run_after=2025-03-15 00:00:00+00:00
[2025-03-14T01:00:33.384+0000] {processor.py:208} INFO - Processing /opt/airflow/dags/snow.py took 0.159 seconds
[2025-03-14T01:01:03.956+0000] {processor.py:186} INFO - Started process (PID=196) to work on /opt/airflow/dags/snow.py
[2025-03-14T01:01:03.958+0000] {processor.py:914} INFO - Processing file /opt/airflow/dags/snow.py for tasks to queue
[2025-03-14T01:01:03.961+0000] {logging_mixin.py:190} INFO - [2025-03-14T01:01:03.961+0000] {dagbag.py:588} INFO - Filling up the DagBag from /opt/airflow/dags/snow.py
[2025-03-14T01:01:04.007+0000] {processor.py:925} INFO - DAG(s) 'check_all_snowflake_tables' retrieved from /opt/airflow/dags/snow.py
[2025-03-14T01:01:04.048+0000] {logging_mixin.py:190} INFO - [2025-03-14T01:01:04.047+0000] {dag.py:3239} INFO - Sync 1 DAGs
[2025-03-14T01:01:04.078+0000] {logging_mixin.py:190} INFO - [2025-03-14T01:01:04.078+0000] {dag.py:4180} INFO - Setting next_dagrun for check_all_snowflake_tables to 2025-03-14 00:00:00+00:00, run_after=2025-03-15 00:00:00+00:00
[2025-03-14T01:01:04.115+0000] {processor.py:208} INFO - Processing /opt/airflow/dags/snow.py took 0.166 seconds
[2025-03-14T01:01:34.665+0000] {processor.py:186} INFO - Started process (PID=199) to work on /opt/airflow/dags/snow.py
[2025-03-14T01:01:34.667+0000] {processor.py:914} INFO - Processing file /opt/airflow/dags/snow.py for tasks to queue
[2025-03-14T01:01:34.670+0000] {logging_mixin.py:190} INFO - [2025-03-14T01:01:34.670+0000] {dagbag.py:588} INFO - Filling up the DagBag from /opt/airflow/dags/snow.py
[2025-03-14T01:01:34.706+0000] {processor.py:925} INFO - DAG(s) 'check_all_snowflake_tables' retrieved from /opt/airflow/dags/snow.py
[2025-03-14T01:01:34.753+0000] {logging_mixin.py:190} INFO - [2025-03-14T01:01:34.752+0000] {dag.py:3239} INFO - Sync 1 DAGs
[2025-03-14T01:01:34.790+0000] {logging_mixin.py:190} INFO - [2025-03-14T01:01:34.789+0000] {dag.py:4180} INFO - Setting next_dagrun for check_all_snowflake_tables to 2025-03-14 00:00:00+00:00, run_after=2025-03-15 00:00:00+00:00
[2025-03-14T01:01:34.819+0000] {processor.py:208} INFO - Processing /opt/airflow/dags/snow.py took 0.162 seconds
[2025-03-14T01:02:05.462+0000] {processor.py:186} INFO - Started process (PID=202) to work on /opt/airflow/dags/snow.py
[2025-03-14T01:02:05.464+0000] {processor.py:914} INFO - Processing file /opt/airflow/dags/snow.py for tasks to queue
[2025-03-14T01:02:05.467+0000] {logging_mixin.py:190} INFO - [2025-03-14T01:02:05.466+0000] {dagbag.py:588} INFO - Filling up the DagBag from /opt/airflow/dags/snow.py
[2025-03-14T01:02:05.512+0000] {processor.py:925} INFO - DAG(s) 'check_all_snowflake_tables' retrieved from /opt/airflow/dags/snow.py
[2025-03-14T01:02:05.553+0000] {logging_mixin.py:190} INFO - [2025-03-14T01:02:05.553+0000] {dag.py:3239} INFO - Sync 1 DAGs
[2025-03-14T01:02:05.585+0000] {logging_mixin.py:190} INFO - [2025-03-14T01:02:05.584+0000] {dag.py:4180} INFO - Setting next_dagrun for check_all_snowflake_tables to 2025-03-14 00:00:00+00:00, run_after=2025-03-15 00:00:00+00:00
[2025-03-14T01:02:05.616+0000] {processor.py:208} INFO - Processing /opt/airflow/dags/snow.py took 0.161 seconds
[2025-03-14T01:02:36.266+0000] {processor.py:186} INFO - Started process (PID=205) to work on /opt/airflow/dags/snow.py
[2025-03-14T01:02:36.268+0000] {processor.py:914} INFO - Processing file /opt/airflow/dags/snow.py for tasks to queue
[2025-03-14T01:02:36.271+0000] {logging_mixin.py:190} INFO - [2025-03-14T01:02:36.271+0000] {dagbag.py:588} INFO - Filling up the DagBag from /opt/airflow/dags/snow.py
[2025-03-14T01:02:36.314+0000] {processor.py:925} INFO - DAG(s) 'check_all_snowflake_tables' retrieved from /opt/airflow/dags/snow.py
[2025-03-14T01:02:36.353+0000] {logging_mixin.py:190} INFO - [2025-03-14T01:02:36.352+0000] {dag.py:3239} INFO - Sync 1 DAGs
[2025-03-14T01:02:36.386+0000] {logging_mixin.py:190} INFO - [2025-03-14T01:02:36.385+0000] {dag.py:4180} INFO - Setting next_dagrun for check_all_snowflake_tables to 2025-03-14 00:00:00+00:00, run_after=2025-03-15 00:00:00+00:00
[2025-03-14T01:02:36.416+0000] {processor.py:208} INFO - Processing /opt/airflow/dags/snow.py took 0.157 seconds
[2025-03-14T01:03:06.951+0000] {processor.py:186} INFO - Started process (PID=208) to work on /opt/airflow/dags/snow.py
[2025-03-14T01:03:06.953+0000] {processor.py:914} INFO - Processing file /opt/airflow/dags/snow.py for tasks to queue
[2025-03-14T01:03:06.957+0000] {logging_mixin.py:190} INFO - [2025-03-14T01:03:06.956+0000] {dagbag.py:588} INFO - Filling up the DagBag from /opt/airflow/dags/snow.py
[2025-03-14T01:03:07.000+0000] {processor.py:925} INFO - DAG(s) 'check_all_snowflake_tables' retrieved from /opt/airflow/dags/snow.py
[2025-03-14T01:03:07.039+0000] {logging_mixin.py:190} INFO - [2025-03-14T01:03:07.038+0000] {dag.py:3239} INFO - Sync 1 DAGs
[2025-03-14T01:03:07.073+0000] {logging_mixin.py:190} INFO - [2025-03-14T01:03:07.073+0000] {dag.py:4180} INFO - Setting next_dagrun for check_all_snowflake_tables to 2025-03-14 00:00:00+00:00, run_after=2025-03-15 00:00:00+00:00
[2025-03-14T01:03:07.105+0000] {processor.py:208} INFO - Processing /opt/airflow/dags/snow.py took 0.161 seconds
[2025-03-14T01:03:37.644+0000] {processor.py:186} INFO - Started process (PID=211) to work on /opt/airflow/dags/snow.py
[2025-03-14T01:03:37.651+0000] {processor.py:914} INFO - Processing file /opt/airflow/dags/snow.py for tasks to queue
[2025-03-14T01:03:37.659+0000] {logging_mixin.py:190} INFO - [2025-03-14T01:03:37.658+0000] {dagbag.py:588} INFO - Filling up the DagBag from /opt/airflow/dags/snow.py
[2025-03-14T01:03:37.709+0000] {processor.py:925} INFO - DAG(s) 'check_all_snowflake_tables' retrieved from /opt/airflow/dags/snow.py
[2025-03-14T01:03:37.777+0000] {logging_mixin.py:190} INFO - [2025-03-14T01:03:37.776+0000] {dag.py:3239} INFO - Sync 1 DAGs
[2025-03-14T01:03:37.825+0000] {logging_mixin.py:190} INFO - [2025-03-14T01:03:37.824+0000] {dag.py:4180} INFO - Setting next_dagrun for check_all_snowflake_tables to 2025-03-14 00:00:00+00:00, run_after=2025-03-15 00:00:00+00:00
[2025-03-14T01:03:37.855+0000] {processor.py:208} INFO - Processing /opt/airflow/dags/snow.py took 0.222 seconds
[2025-03-14T01:04:08.321+0000] {processor.py:186} INFO - Started process (PID=214) to work on /opt/airflow/dags/snow.py
[2025-03-14T01:04:08.323+0000] {processor.py:914} INFO - Processing file /opt/airflow/dags/snow.py for tasks to queue
[2025-03-14T01:04:08.327+0000] {logging_mixin.py:190} INFO - [2025-03-14T01:04:08.326+0000] {dagbag.py:588} INFO - Filling up the DagBag from /opt/airflow/dags/snow.py
[2025-03-14T01:04:08.359+0000] {processor.py:925} INFO - DAG(s) 'check_all_snowflake_tables' retrieved from /opt/airflow/dags/snow.py
[2025-03-14T01:04:08.397+0000] {logging_mixin.py:190} INFO - [2025-03-14T01:04:08.396+0000] {dag.py:3239} INFO - Sync 1 DAGs
[2025-03-14T01:04:08.431+0000] {logging_mixin.py:190} INFO - [2025-03-14T01:04:08.431+0000] {dag.py:4180} INFO - Setting next_dagrun for check_all_snowflake_tables to 2025-03-14 00:00:00+00:00, run_after=2025-03-15 00:00:00+00:00
[2025-03-14T01:04:08.466+0000] {processor.py:208} INFO - Processing /opt/airflow/dags/snow.py took 0.157 seconds
[2025-03-14T01:04:38.967+0000] {processor.py:186} INFO - Started process (PID=217) to work on /opt/airflow/dags/snow.py
[2025-03-14T01:04:38.970+0000] {processor.py:914} INFO - Processing file /opt/airflow/dags/snow.py for tasks to queue
[2025-03-14T01:04:38.976+0000] {logging_mixin.py:190} INFO - [2025-03-14T01:04:38.975+0000] {dagbag.py:588} INFO - Filling up the DagBag from /opt/airflow/dags/snow.py
[2025-03-14T01:04:39.020+0000] {processor.py:925} INFO - DAG(s) 'check_all_snowflake_tables' retrieved from /opt/airflow/dags/snow.py
[2025-03-14T01:04:39.060+0000] {logging_mixin.py:190} INFO - [2025-03-14T01:04:39.059+0000] {dag.py:3239} INFO - Sync 1 DAGs
[2025-03-14T01:04:39.090+0000] {logging_mixin.py:190} INFO - [2025-03-14T01:04:39.089+0000] {dag.py:4180} INFO - Setting next_dagrun for check_all_snowflake_tables to 2025-03-14 00:00:00+00:00, run_after=2025-03-15 00:00:00+00:00
[2025-03-14T01:04:39.114+0000] {processor.py:208} INFO - Processing /opt/airflow/dags/snow.py took 0.156 seconds
[2025-03-14T01:05:09.604+0000] {processor.py:186} INFO - Started process (PID=220) to work on /opt/airflow/dags/snow.py
[2025-03-14T01:05:09.605+0000] {processor.py:914} INFO - Processing file /opt/airflow/dags/snow.py for tasks to queue
[2025-03-14T01:05:09.609+0000] {logging_mixin.py:190} INFO - [2025-03-14T01:05:09.609+0000] {dagbag.py:588} INFO - Filling up the DagBag from /opt/airflow/dags/snow.py
[2025-03-14T01:05:09.643+0000] {processor.py:925} INFO - DAG(s) 'check_all_snowflake_tables' retrieved from /opt/airflow/dags/snow.py
[2025-03-14T01:05:09.682+0000] {logging_mixin.py:190} INFO - [2025-03-14T01:05:09.682+0000] {dag.py:3239} INFO - Sync 1 DAGs
[2025-03-14T01:05:09.714+0000] {logging_mixin.py:190} INFO - [2025-03-14T01:05:09.714+0000] {dag.py:4180} INFO - Setting next_dagrun for check_all_snowflake_tables to 2025-03-14 00:00:00+00:00, run_after=2025-03-15 00:00:00+00:00
[2025-03-14T01:05:09.745+0000] {processor.py:208} INFO - Processing /opt/airflow/dags/snow.py took 0.149 seconds
[2025-03-14T01:05:40.131+0000] {processor.py:186} INFO - Started process (PID=223) to work on /opt/airflow/dags/snow.py
[2025-03-14T01:05:40.132+0000] {processor.py:914} INFO - Processing file /opt/airflow/dags/snow.py for tasks to queue
[2025-03-14T01:05:40.137+0000] {logging_mixin.py:190} INFO - [2025-03-14T01:05:40.136+0000] {dagbag.py:588} INFO - Filling up the DagBag from /opt/airflow/dags/snow.py
[2025-03-14T01:05:40.167+0000] {processor.py:925} INFO - DAG(s) 'check_all_snowflake_tables' retrieved from /opt/airflow/dags/snow.py
[2025-03-14T01:05:40.224+0000] {logging_mixin.py:190} INFO - [2025-03-14T01:05:40.223+0000] {dag.py:3239} INFO - Sync 1 DAGs
[2025-03-14T01:05:40.276+0000] {logging_mixin.py:190} INFO - [2025-03-14T01:05:40.275+0000] {dag.py:4180} INFO - Setting next_dagrun for check_all_snowflake_tables to 2025-03-14 00:00:00+00:00, run_after=2025-03-15 00:00:00+00:00
[2025-03-14T01:05:40.316+0000] {processor.py:208} INFO - Processing /opt/airflow/dags/snow.py took 0.194 seconds
[2025-03-14T01:06:10.762+0000] {processor.py:186} INFO - Started process (PID=226) to work on /opt/airflow/dags/snow.py
[2025-03-14T01:06:10.764+0000] {processor.py:914} INFO - Processing file /opt/airflow/dags/snow.py for tasks to queue
[2025-03-14T01:06:10.769+0000] {logging_mixin.py:190} INFO - [2025-03-14T01:06:10.768+0000] {dagbag.py:588} INFO - Filling up the DagBag from /opt/airflow/dags/snow.py
[2025-03-14T01:06:10.810+0000] {processor.py:925} INFO - DAG(s) 'check_all_snowflake_tables' retrieved from /opt/airflow/dags/snow.py
[2025-03-14T01:06:10.855+0000] {logging_mixin.py:190} INFO - [2025-03-14T01:06:10.854+0000] {dag.py:3239} INFO - Sync 1 DAGs
[2025-03-14T01:06:10.900+0000] {logging_mixin.py:190} INFO - [2025-03-14T01:06:10.899+0000] {dag.py:4180} INFO - Setting next_dagrun for check_all_snowflake_tables to 2025-03-14 00:00:00+00:00, run_after=2025-03-15 00:00:00+00:00
[2025-03-14T01:06:10.934+0000] {processor.py:208} INFO - Processing /opt/airflow/dags/snow.py took 0.183 seconds
[2025-03-14T01:06:41.396+0000] {processor.py:186} INFO - Started process (PID=229) to work on /opt/airflow/dags/snow.py
[2025-03-14T01:06:41.398+0000] {processor.py:914} INFO - Processing file /opt/airflow/dags/snow.py for tasks to queue
[2025-03-14T01:06:41.402+0000] {logging_mixin.py:190} INFO - [2025-03-14T01:06:41.401+0000] {dagbag.py:588} INFO - Filling up the DagBag from /opt/airflow/dags/snow.py
[2025-03-14T01:06:41.445+0000] {processor.py:925} INFO - DAG(s) 'check_all_snowflake_tables' retrieved from /opt/airflow/dags/snow.py
[2025-03-14T01:06:41.484+0000] {logging_mixin.py:190} INFO - [2025-03-14T01:06:41.483+0000] {dag.py:3239} INFO - Sync 1 DAGs
[2025-03-14T01:06:41.521+0000] {logging_mixin.py:190} INFO - [2025-03-14T01:06:41.520+0000] {dag.py:4180} INFO - Setting next_dagrun for check_all_snowflake_tables to 2025-03-14 00:00:00+00:00, run_after=2025-03-15 00:00:00+00:00
[2025-03-14T01:06:41.555+0000] {processor.py:208} INFO - Processing /opt/airflow/dags/snow.py took 0.166 seconds
[2025-03-14T01:07:12.020+0000] {processor.py:186} INFO - Started process (PID=232) to work on /opt/airflow/dags/snow.py
[2025-03-14T01:07:12.022+0000] {processor.py:914} INFO - Processing file /opt/airflow/dags/snow.py for tasks to queue
[2025-03-14T01:07:12.027+0000] {logging_mixin.py:190} INFO - [2025-03-14T01:07:12.026+0000] {dagbag.py:588} INFO - Filling up the DagBag from /opt/airflow/dags/snow.py
[2025-03-14T01:07:12.058+0000] {processor.py:925} INFO - DAG(s) 'check_all_snowflake_tables' retrieved from /opt/airflow/dags/snow.py
[2025-03-14T01:07:12.099+0000] {logging_mixin.py:190} INFO - [2025-03-14T01:07:12.098+0000] {dag.py:3239} INFO - Sync 1 DAGs
[2025-03-14T01:07:12.140+0000] {logging_mixin.py:190} INFO - [2025-03-14T01:07:12.139+0000] {dag.py:4180} INFO - Setting next_dagrun for check_all_snowflake_tables to 2025-03-14 00:00:00+00:00, run_after=2025-03-15 00:00:00+00:00
[2025-03-14T01:07:12.185+0000] {processor.py:208} INFO - Processing /opt/airflow/dags/snow.py took 0.172 seconds
[2025-03-14T01:07:42.784+0000] {processor.py:186} INFO - Started process (PID=235) to work on /opt/airflow/dags/snow.py
[2025-03-14T01:07:42.786+0000] {processor.py:914} INFO - Processing file /opt/airflow/dags/snow.py for tasks to queue
[2025-03-14T01:07:42.791+0000] {logging_mixin.py:190} INFO - [2025-03-14T01:07:42.790+0000] {dagbag.py:588} INFO - Filling up the DagBag from /opt/airflow/dags/snow.py
[2025-03-14T01:07:42.833+0000] {processor.py:925} INFO - DAG(s) 'check_all_snowflake_tables' retrieved from /opt/airflow/dags/snow.py
[2025-03-14T01:07:42.873+0000] {logging_mixin.py:190} INFO - [2025-03-14T01:07:42.872+0000] {dag.py:3239} INFO - Sync 1 DAGs
[2025-03-14T01:07:42.914+0000] {logging_mixin.py:190} INFO - [2025-03-14T01:07:42.913+0000] {dag.py:4180} INFO - Setting next_dagrun for check_all_snowflake_tables to 2025-03-14 00:00:00+00:00, run_after=2025-03-15 00:00:00+00:00
[2025-03-14T01:07:42.959+0000] {processor.py:208} INFO - Processing /opt/airflow/dags/snow.py took 0.186 seconds
[2025-03-14T01:08:13.439+0000] {processor.py:186} INFO - Started process (PID=238) to work on /opt/airflow/dags/snow.py
[2025-03-14T01:08:13.440+0000] {processor.py:914} INFO - Processing file /opt/airflow/dags/snow.py for tasks to queue
[2025-03-14T01:08:13.444+0000] {logging_mixin.py:190} INFO - [2025-03-14T01:08:13.444+0000] {dagbag.py:588} INFO - Filling up the DagBag from /opt/airflow/dags/snow.py
[2025-03-14T01:08:13.478+0000] {processor.py:925} INFO - DAG(s) 'check_all_snowflake_tables' retrieved from /opt/airflow/dags/snow.py
[2025-03-14T01:08:13.514+0000] {logging_mixin.py:190} INFO - [2025-03-14T01:08:13.513+0000] {dag.py:3239} INFO - Sync 1 DAGs
[2025-03-14T01:08:13.550+0000] {logging_mixin.py:190} INFO - [2025-03-14T01:08:13.549+0000] {dag.py:4180} INFO - Setting next_dagrun for check_all_snowflake_tables to 2025-03-14 00:00:00+00:00, run_after=2025-03-15 00:00:00+00:00
[2025-03-14T01:08:13.587+0000] {processor.py:208} INFO - Processing /opt/airflow/dags/snow.py took 0.156 seconds
[2025-03-14T01:08:44.072+0000] {processor.py:186} INFO - Started process (PID=241) to work on /opt/airflow/dags/snow.py
[2025-03-14T01:08:44.074+0000] {processor.py:914} INFO - Processing file /opt/airflow/dags/snow.py for tasks to queue
[2025-03-14T01:08:44.078+0000] {logging_mixin.py:190} INFO - [2025-03-14T01:08:44.077+0000] {dagbag.py:588} INFO - Filling up the DagBag from /opt/airflow/dags/snow.py
[2025-03-14T01:08:44.109+0000] {processor.py:925} INFO - DAG(s) 'check_all_snowflake_tables' retrieved from /opt/airflow/dags/snow.py
[2025-03-14T01:08:44.158+0000] {logging_mixin.py:190} INFO - [2025-03-14T01:08:44.158+0000] {dag.py:3239} INFO - Sync 1 DAGs
[2025-03-14T01:08:44.219+0000] {logging_mixin.py:190} INFO - [2025-03-14T01:08:44.219+0000] {dag.py:4180} INFO - Setting next_dagrun for check_all_snowflake_tables to 2025-03-14 00:00:00+00:00, run_after=2025-03-15 00:00:00+00:00
[2025-03-14T01:08:44.275+0000] {processor.py:208} INFO - Processing /opt/airflow/dags/snow.py took 0.215 seconds
[2025-03-14T01:09:14.772+0000] {processor.py:186} INFO - Started process (PID=244) to work on /opt/airflow/dags/snow.py
[2025-03-14T01:09:14.774+0000] {processor.py:914} INFO - Processing file /opt/airflow/dags/snow.py for tasks to queue
[2025-03-14T01:09:14.777+0000] {logging_mixin.py:190} INFO - [2025-03-14T01:09:14.777+0000] {dagbag.py:588} INFO - Filling up the DagBag from /opt/airflow/dags/snow.py
[2025-03-14T01:09:14.817+0000] {processor.py:925} INFO - DAG(s) 'check_all_snowflake_tables' retrieved from /opt/airflow/dags/snow.py
[2025-03-14T01:09:14.860+0000] {logging_mixin.py:190} INFO - [2025-03-14T01:09:14.859+0000] {dag.py:3239} INFO - Sync 1 DAGs
[2025-03-14T01:09:14.899+0000] {logging_mixin.py:190} INFO - [2025-03-14T01:09:14.899+0000] {dag.py:4180} INFO - Setting next_dagrun for check_all_snowflake_tables to 2025-03-14 00:00:00+00:00, run_after=2025-03-15 00:00:00+00:00
[2025-03-14T01:09:14.923+0000] {processor.py:208} INFO - Processing /opt/airflow/dags/snow.py took 0.159 seconds
[2025-03-14T01:09:45.388+0000] {processor.py:186} INFO - Started process (PID=247) to work on /opt/airflow/dags/snow.py
[2025-03-14T01:09:45.390+0000] {processor.py:914} INFO - Processing file /opt/airflow/dags/snow.py for tasks to queue
[2025-03-14T01:09:45.393+0000] {logging_mixin.py:190} INFO - [2025-03-14T01:09:45.393+0000] {dagbag.py:588} INFO - Filling up the DagBag from /opt/airflow/dags/snow.py
[2025-03-14T01:09:45.435+0000] {processor.py:925} INFO - DAG(s) 'check_all_snowflake_tables' retrieved from /opt/airflow/dags/snow.py
[2025-03-14T01:09:45.481+0000] {logging_mixin.py:190} INFO - [2025-03-14T01:09:45.480+0000] {dag.py:3239} INFO - Sync 1 DAGs
[2025-03-14T01:09:45.524+0000] {logging_mixin.py:190} INFO - [2025-03-14T01:09:45.524+0000] {dag.py:4180} INFO - Setting next_dagrun for check_all_snowflake_tables to 2025-03-14 00:00:00+00:00, run_after=2025-03-15 00:00:00+00:00
[2025-03-14T01:09:45.561+0000] {processor.py:208} INFO - Processing /opt/airflow/dags/snow.py took 0.181 seconds
[2025-03-14T01:10:16.006+0000] {processor.py:186} INFO - Started process (PID=250) to work on /opt/airflow/dags/snow.py
[2025-03-14T01:10:16.008+0000] {processor.py:914} INFO - Processing file /opt/airflow/dags/snow.py for tasks to queue
[2025-03-14T01:10:16.013+0000] {logging_mixin.py:190} INFO - [2025-03-14T01:10:16.012+0000] {dagbag.py:588} INFO - Filling up the DagBag from /opt/airflow/dags/snow.py
[2025-03-14T01:10:16.045+0000] {processor.py:925} INFO - DAG(s) 'check_all_snowflake_tables' retrieved from /opt/airflow/dags/snow.py
[2025-03-14T01:10:16.112+0000] {logging_mixin.py:190} INFO - [2025-03-14T01:10:16.111+0000] {dag.py:3239} INFO - Sync 1 DAGs
[2025-03-14T01:10:16.167+0000] {logging_mixin.py:190} INFO - [2025-03-14T01:10:16.166+0000] {dag.py:4180} INFO - Setting next_dagrun for check_all_snowflake_tables to 2025-03-14 00:00:00+00:00, run_after=2025-03-15 00:00:00+00:00
[2025-03-14T01:10:16.205+0000] {processor.py:208} INFO - Processing /opt/airflow/dags/snow.py took 0.209 seconds
[2025-03-14T01:10:46.661+0000] {processor.py:186} INFO - Started process (PID=253) to work on /opt/airflow/dags/snow.py
[2025-03-14T01:10:46.664+0000] {processor.py:914} INFO - Processing file /opt/airflow/dags/snow.py for tasks to queue
[2025-03-14T01:10:46.668+0000] {logging_mixin.py:190} INFO - [2025-03-14T01:10:46.667+0000] {dagbag.py:588} INFO - Filling up the DagBag from /opt/airflow/dags/snow.py
[2025-03-14T01:10:46.704+0000] {processor.py:925} INFO - DAG(s) 'check_all_snowflake_tables' retrieved from /opt/airflow/dags/snow.py
[2025-03-14T01:10:46.743+0000] {logging_mixin.py:190} INFO - [2025-03-14T01:10:46.742+0000] {dag.py:3239} INFO - Sync 1 DAGs
[2025-03-14T01:10:46.783+0000] {logging_mixin.py:190} INFO - [2025-03-14T01:10:46.780+0000] {dag.py:4180} INFO - Setting next_dagrun for check_all_snowflake_tables to 2025-03-14 00:00:00+00:00, run_after=2025-03-15 00:00:00+00:00
[2025-03-14T01:10:46.820+0000] {processor.py:208} INFO - Processing /opt/airflow/dags/snow.py took 0.167 seconds
[2025-03-14T01:11:17.308+0000] {processor.py:186} INFO - Started process (PID=256) to work on /opt/airflow/dags/snow.py
[2025-03-14T01:11:17.310+0000] {processor.py:914} INFO - Processing file /opt/airflow/dags/snow.py for tasks to queue
[2025-03-14T01:11:17.315+0000] {logging_mixin.py:190} INFO - [2025-03-14T01:11:17.315+0000] {dagbag.py:588} INFO - Filling up the DagBag from /opt/airflow/dags/snow.py
[2025-03-14T01:11:17.350+0000] {processor.py:925} INFO - DAG(s) 'check_all_snowflake_tables' retrieved from /opt/airflow/dags/snow.py
[2025-03-14T01:11:17.392+0000] {logging_mixin.py:190} INFO - [2025-03-14T01:11:17.391+0000] {dag.py:3239} INFO - Sync 1 DAGs
[2025-03-14T01:11:17.432+0000] {logging_mixin.py:190} INFO - [2025-03-14T01:11:17.432+0000] {dag.py:4180} INFO - Setting next_dagrun for check_all_snowflake_tables to 2025-03-14 00:00:00+00:00, run_after=2025-03-15 00:00:00+00:00
[2025-03-14T01:11:17.469+0000] {processor.py:208} INFO - Processing /opt/airflow/dags/snow.py took 0.172 seconds
[2025-03-14T01:11:47.963+0000] {processor.py:186} INFO - Started process (PID=259) to work on /opt/airflow/dags/snow.py
[2025-03-14T01:11:47.964+0000] {processor.py:914} INFO - Processing file /opt/airflow/dags/snow.py for tasks to queue
[2025-03-14T01:11:47.969+0000] {logging_mixin.py:190} INFO - [2025-03-14T01:11:47.969+0000] {dagbag.py:588} INFO - Filling up the DagBag from /opt/airflow/dags/snow.py
[2025-03-14T01:11:48.015+0000] {processor.py:925} INFO - DAG(s) 'check_all_snowflake_tables' retrieved from /opt/airflow/dags/snow.py
[2025-03-14T01:11:48.075+0000] {logging_mixin.py:190} INFO - [2025-03-14T01:11:48.074+0000] {dag.py:3239} INFO - Sync 1 DAGs
[2025-03-14T01:11:48.121+0000] {logging_mixin.py:190} INFO - [2025-03-14T01:11:48.121+0000] {dag.py:4180} INFO - Setting next_dagrun for check_all_snowflake_tables to 2025-03-14 00:00:00+00:00, run_after=2025-03-15 00:00:00+00:00
[2025-03-14T01:11:48.157+0000] {processor.py:208} INFO - Processing /opt/airflow/dags/snow.py took 0.204 seconds
[2025-03-14T01:12:18.605+0000] {processor.py:186} INFO - Started process (PID=262) to work on /opt/airflow/dags/snow.py
[2025-03-14T01:12:18.606+0000] {processor.py:914} INFO - Processing file /opt/airflow/dags/snow.py for tasks to queue
[2025-03-14T01:12:18.610+0000] {logging_mixin.py:190} INFO - [2025-03-14T01:12:18.609+0000] {dagbag.py:588} INFO - Filling up the DagBag from /opt/airflow/dags/snow.py
[2025-03-14T01:12:18.642+0000] {processor.py:925} INFO - DAG(s) 'check_all_snowflake_tables' retrieved from /opt/airflow/dags/snow.py
[2025-03-14T01:12:18.681+0000] {logging_mixin.py:190} INFO - [2025-03-14T01:12:18.680+0000] {dag.py:3239} INFO - Sync 1 DAGs
[2025-03-14T01:12:18.712+0000] {logging_mixin.py:190} INFO - [2025-03-14T01:12:18.712+0000] {dag.py:4180} INFO - Setting next_dagrun for check_all_snowflake_tables to 2025-03-14 00:00:00+00:00, run_after=2025-03-15 00:00:00+00:00
[2025-03-14T01:12:18.750+0000] {processor.py:208} INFO - Processing /opt/airflow/dags/snow.py took 0.153 seconds
[2025-03-14T01:12:49.194+0000] {processor.py:186} INFO - Started process (PID=265) to work on /opt/airflow/dags/snow.py
[2025-03-14T01:12:49.196+0000] {processor.py:914} INFO - Processing file /opt/airflow/dags/snow.py for tasks to queue
[2025-03-14T01:12:49.201+0000] {logging_mixin.py:190} INFO - [2025-03-14T01:12:49.201+0000] {dagbag.py:588} INFO - Filling up the DagBag from /opt/airflow/dags/snow.py
[2025-03-14T01:12:49.237+0000] {processor.py:925} INFO - DAG(s) 'check_all_snowflake_tables' retrieved from /opt/airflow/dags/snow.py
[2025-03-14T01:12:49.281+0000] {logging_mixin.py:190} INFO - [2025-03-14T01:12:49.280+0000] {dag.py:3239} INFO - Sync 1 DAGs
[2025-03-14T01:12:49.323+0000] {logging_mixin.py:190} INFO - [2025-03-14T01:12:49.322+0000] {dag.py:4180} INFO - Setting next_dagrun for check_all_snowflake_tables to 2025-03-14 00:00:00+00:00, run_after=2025-03-15 00:00:00+00:00
[2025-03-14T01:12:49.360+0000] {processor.py:208} INFO - Processing /opt/airflow/dags/snow.py took 0.175 seconds
[2025-03-14T01:13:19.802+0000] {processor.py:186} INFO - Started process (PID=268) to work on /opt/airflow/dags/snow.py
[2025-03-14T01:13:19.804+0000] {processor.py:914} INFO - Processing file /opt/airflow/dags/snow.py for tasks to queue
[2025-03-14T01:13:19.807+0000] {logging_mixin.py:190} INFO - [2025-03-14T01:13:19.807+0000] {dagbag.py:588} INFO - Filling up the DagBag from /opt/airflow/dags/snow.py
[2025-03-14T01:13:19.846+0000] {processor.py:925} INFO - DAG(s) 'check_all_snowflake_tables' retrieved from /opt/airflow/dags/snow.py
[2025-03-14T01:13:19.897+0000] {logging_mixin.py:190} INFO - [2025-03-14T01:13:19.896+0000] {dag.py:3239} INFO - Sync 1 DAGs
[2025-03-14T01:13:19.936+0000] {logging_mixin.py:190} INFO - [2025-03-14T01:13:19.936+0000] {dag.py:4180} INFO - Setting next_dagrun for check_all_snowflake_tables to 2025-03-14 00:00:00+00:00, run_after=2025-03-15 00:00:00+00:00
[2025-03-14T01:13:19.970+0000] {processor.py:208} INFO - Processing /opt/airflow/dags/snow.py took 0.178 seconds
[2025-03-14T01:13:50.454+0000] {processor.py:186} INFO - Started process (PID=271) to work on /opt/airflow/dags/snow.py
[2025-03-14T01:13:50.457+0000] {processor.py:914} INFO - Processing file /opt/airflow/dags/snow.py for tasks to queue
[2025-03-14T01:13:50.462+0000] {logging_mixin.py:190} INFO - [2025-03-14T01:13:50.462+0000] {dagbag.py:588} INFO - Filling up the DagBag from /opt/airflow/dags/snow.py
[2025-03-14T01:13:50.504+0000] {processor.py:925} INFO - DAG(s) 'check_all_snowflake_tables' retrieved from /opt/airflow/dags/snow.py
[2025-03-14T01:13:50.550+0000] {logging_mixin.py:190} INFO - [2025-03-14T01:13:50.549+0000] {dag.py:3239} INFO - Sync 1 DAGs
[2025-03-14T01:13:50.591+0000] {logging_mixin.py:190} INFO - [2025-03-14T01:13:50.591+0000] {dag.py:4180} INFO - Setting next_dagrun for check_all_snowflake_tables to 2025-03-14 00:00:00+00:00, run_after=2025-03-15 00:00:00+00:00
[2025-03-14T01:13:50.629+0000] {processor.py:208} INFO - Processing /opt/airflow/dags/snow.py took 0.184 seconds
[2025-03-14T01:14:21.079+0000] {processor.py:186} INFO - Started process (PID=274) to work on /opt/airflow/dags/snow.py
[2025-03-14T01:14:21.081+0000] {processor.py:914} INFO - Processing file /opt/airflow/dags/snow.py for tasks to queue
[2025-03-14T01:14:21.085+0000] {logging_mixin.py:190} INFO - [2025-03-14T01:14:21.085+0000] {dagbag.py:588} INFO - Filling up the DagBag from /opt/airflow/dags/snow.py
[2025-03-14T01:14:21.115+0000] {processor.py:925} INFO - DAG(s) 'check_all_snowflake_tables' retrieved from /opt/airflow/dags/snow.py
[2025-03-14T01:14:21.155+0000] {logging_mixin.py:190} INFO - [2025-03-14T01:14:21.154+0000] {dag.py:3239} INFO - Sync 1 DAGs
[2025-03-14T01:14:21.193+0000] {logging_mixin.py:190} INFO - [2025-03-14T01:14:21.193+0000] {dag.py:4180} INFO - Setting next_dagrun for check_all_snowflake_tables to 2025-03-14 00:00:00+00:00, run_after=2025-03-15 00:00:00+00:00
[2025-03-14T01:14:21.224+0000] {processor.py:208} INFO - Processing /opt/airflow/dags/snow.py took 0.160 seconds
[2025-03-14T01:14:51.693+0000] {processor.py:186} INFO - Started process (PID=277) to work on /opt/airflow/dags/snow.py
[2025-03-14T01:14:51.695+0000] {processor.py:914} INFO - Processing file /opt/airflow/dags/snow.py for tasks to queue
[2025-03-14T01:14:51.699+0000] {logging_mixin.py:190} INFO - [2025-03-14T01:14:51.699+0000] {dagbag.py:588} INFO - Filling up the DagBag from /opt/airflow/dags/snow.py
[2025-03-14T01:14:51.731+0000] {processor.py:925} INFO - DAG(s) 'check_all_snowflake_tables' retrieved from /opt/airflow/dags/snow.py
[2025-03-14T01:14:51.769+0000] {logging_mixin.py:190} INFO - [2025-03-14T01:14:51.768+0000] {dag.py:3239} INFO - Sync 1 DAGs
[2025-03-14T01:14:51.805+0000] {logging_mixin.py:190} INFO - [2025-03-14T01:14:51.804+0000] {dag.py:4180} INFO - Setting next_dagrun for check_all_snowflake_tables to 2025-03-14 00:00:00+00:00, run_after=2025-03-15 00:00:00+00:00
[2025-03-14T01:14:51.833+0000] {processor.py:208} INFO - Processing /opt/airflow/dags/snow.py took 0.149 seconds
[2025-03-14T01:15:22.300+0000] {processor.py:186} INFO - Started process (PID=280) to work on /opt/airflow/dags/snow.py
[2025-03-14T01:15:22.302+0000] {processor.py:914} INFO - Processing file /opt/airflow/dags/snow.py for tasks to queue
[2025-03-14T01:15:22.308+0000] {logging_mixin.py:190} INFO - [2025-03-14T01:15:22.307+0000] {dagbag.py:588} INFO - Filling up the DagBag from /opt/airflow/dags/snow.py
[2025-03-14T01:15:22.361+0000] {processor.py:925} INFO - DAG(s) 'check_all_snowflake_tables' retrieved from /opt/airflow/dags/snow.py
[2025-03-14T01:15:22.400+0000] {logging_mixin.py:190} INFO - [2025-03-14T01:15:22.399+0000] {dag.py:3239} INFO - Sync 1 DAGs
[2025-03-14T01:15:22.437+0000] {logging_mixin.py:190} INFO - [2025-03-14T01:15:22.436+0000] {dag.py:4180} INFO - Setting next_dagrun for check_all_snowflake_tables to 2025-03-14 00:00:00+00:00, run_after=2025-03-15 00:00:00+00:00
[2025-03-14T01:15:22.469+0000] {processor.py:208} INFO - Processing /opt/airflow/dags/snow.py took 0.179 seconds
[2025-03-14T01:15:52.906+0000] {processor.py:186} INFO - Started process (PID=283) to work on /opt/airflow/dags/snow.py
[2025-03-14T01:15:52.907+0000] {processor.py:914} INFO - Processing file /opt/airflow/dags/snow.py for tasks to queue
[2025-03-14T01:15:52.911+0000] {logging_mixin.py:190} INFO - [2025-03-14T01:15:52.910+0000] {dagbag.py:588} INFO - Filling up the DagBag from /opt/airflow/dags/snow.py
[2025-03-14T01:15:52.951+0000] {processor.py:925} INFO - DAG(s) 'check_all_snowflake_tables' retrieved from /opt/airflow/dags/snow.py
[2025-03-14T01:15:52.989+0000] {logging_mixin.py:190} INFO - [2025-03-14T01:15:52.988+0000] {dag.py:3239} INFO - Sync 1 DAGs
[2025-03-14T01:15:53.033+0000] {logging_mixin.py:190} INFO - [2025-03-14T01:15:53.032+0000] {dag.py:4180} INFO - Setting next_dagrun for check_all_snowflake_tables to 2025-03-14 00:00:00+00:00, run_after=2025-03-15 00:00:00+00:00
[2025-03-14T01:15:53.072+0000] {processor.py:208} INFO - Processing /opt/airflow/dags/snow.py took 0.173 seconds
