[2025-02-14T12:02:50.344+0000] {local_task_job_runner.py:123} INFO - ::group::Pre task execution logs
[2025-02-14T12:02:50.369+0000] {taskinstance.py:2614} INFO - Dependencies all met for dep_context=non-requeueable deps ti=<TaskInstance: check_all_snowflake_tables.insert_income_statement manual__2025-02-14T12:02:27.487237+00:00 [queued]>
[2025-02-14T12:02:50.382+0000] {taskinstance.py:2614} INFO - Dependencies all met for dep_context=requeueable deps ti=<TaskInstance: check_all_snowflake_tables.insert_income_statement manual__2025-02-14T12:02:27.487237+00:00 [queued]>
[2025-02-14T12:02:50.383+0000] {taskinstance.py:2867} INFO - Starting attempt 1 of 1
[2025-02-14T12:02:50.399+0000] {taskinstance.py:2890} INFO - Executing <Task(SnowflakeOperator): insert_income_statement> on 2025-02-14 12:02:27.487237+00:00
[2025-02-14T12:02:50.410+0000] {warnings.py:112} WARNING - /home/***/.local/lib/python3.12/site-packages/***/task/task_runner/standard_task_runner.py:70: DeprecationWarning: This process (pid=265) is multi-threaded, use of fork() may lead to deadlocks in the child.
  pid = os.fork()

[2025-02-14T12:02:50.412+0000] {standard_task_runner.py:72} INFO - Started process 267 to run task
[2025-02-14T12:02:50.413+0000] {standard_task_runner.py:104} INFO - Running: ['***', 'tasks', 'run', 'check_all_snowflake_tables', 'insert_income_statement', 'manual__2025-02-14T12:02:27.487237+00:00', '--job-id', '119', '--raw', '--subdir', 'DAGS_FOLDER/snow.py', '--cfg-path', '/tmp/tmppe9fvmgu']
[2025-02-14T12:02:50.417+0000] {standard_task_runner.py:105} INFO - Job 119: Subtask insert_income_statement
[2025-02-14T12:02:50.476+0000] {task_command.py:467} INFO - Running <TaskInstance: check_all_snowflake_tables.insert_income_statement manual__2025-02-14T12:02:27.487237+00:00 [running]> on host 94016f1f831c
[2025-02-14T12:02:50.595+0000] {taskinstance.py:3134} INFO - Exporting env vars: AIRFLOW_CTX_DAG_OWNER='***' AIRFLOW_CTX_DAG_ID='check_all_snowflake_tables' AIRFLOW_CTX_TASK_ID='insert_income_statement' AIRFLOW_CTX_EXECUTION_DATE='2025-02-14T12:02:27.487237+00:00' AIRFLOW_CTX_TRY_NUMBER='1' AIRFLOW_CTX_DAG_RUN_ID='manual__2025-02-14T12:02:27.487237+00:00'
[2025-02-14T12:02:50.597+0000] {taskinstance.py:732} INFO - ::endgroup::
[2025-02-14T12:02:50.615+0000] {sql.py:295} INFO - Executing: 
TRUNCATE TABLE Income_Statement;
INSERT INTO Income_Statement
SELECT 
    num.adsh,
    sub.cik,
    sub.name AS company_name,
    NULL AS ticker, 
    sub.sic,
    sub.filed AS filing_date,
    sub.fy AS fiscal_year,
    sub.fp AS fiscal_period,
    num.tag,
    tag.tlabel AS description,
    num.ddate,
    num.value,
    num.uom,
    num.segments AS segment,
    sub.form AS source
FROM NUM num
JOIN raw_SUB sub ON num.adsh = sub.adsh
JOIN TAG tag ON num.tag = tag.tag
JOIN PRE pre ON num.adsh = pre.adsh AND num.tag = pre.tag
WHERE pre.stmt = 'IS';
[2025-02-14T12:02:50.632+0000] {base.py:84} INFO - Retrieving connection 'snowflake_default'
[2025-02-14T12:02:50.646+0000] {base.py:84} INFO - Retrieving connection 'snowflake_default'
[2025-02-14T12:02:50.648+0000] {connection.py:424} INFO - Snowflake Connector for Python Version: 3.13.2, Python Version: 3.12.9, Platform: Linux-5.15.133.1-microsoft-standard-WSL2-x86_64-with-glibc2.36
[2025-02-14T12:02:50.651+0000] {connection.py:1213} INFO - Connecting to GLOBAL Snowflake domain
[2025-02-14T12:02:50.652+0000] {connection.py:1295} INFO - This connection is in OCSP Fail Open Mode. TLS Certificates would be checked for validity and revocation status. Any other Certificate Revocation related exceptions or OCSP Responder failures would be disregarded in favor of connectivity.
[2025-02-14T12:02:51.532+0000] {sql.py:511} INFO - Running statement: TRUNCATE TABLE Income_Statement;, parameters: None
[2025-02-14T12:02:51.873+0000] {sql.py:520} INFO - Rows affected: 1
[2025-02-14T12:02:51.874+0000] {warnings.py:112} WARNING - /home/***/.local/lib/python3.12/site-packages/***/providers/snowflake/hooks/snowflake.py:400: DeprecationWarning: Import of fetch_all_handler from the '***.providers.common.sql.hooks' module is deprecated and will
be removed in the future. Please import it from '***.providers.common.sql.hooks.handlers'.
  result = self._make_common_data_structure(handler(cur))  # type: ignore[attr-defined]

[2025-02-14T12:02:51.876+0000] {warnings.py:112} WARNING - /home/***/.local/lib/python3.12/site-packages/***/providers/snowflake/hooks/snowflake.py:401: DeprecationWarning: Import of return_single_query_results from the '***.providers.common.sql.hooks' module is deprecated and will
be removed in the future. Please import it from '***.providers.common.sql.hooks.handlers'.
  if return_single_query_results(sql, return_last, split_statements):

[2025-02-14T12:02:51.877+0000] {snowflake.py:409} INFO - Rows affected: 1
[2025-02-14T12:02:51.879+0000] {snowflake.py:410} INFO - Snowflake query id: 01ba62f2-0004-9c21-0003-d56300121fa2
[2025-02-14T12:02:51.879+0000] {sql.py:511} INFO - Running statement: INSERT INTO Income_Statement
SELECT 
    num.adsh,
    sub.cik,
    sub.name AS company_name,
    NULL AS ticker, 
    sub.sic,
    sub.filed AS filing_date,
    sub.fy AS fiscal_year,
    sub.fp AS fiscal_period,
    num.tag,
    tag.tlabel AS description,
    num.ddate,
    num.value,
    num.uom,
    num.segments AS segment,
    sub.form AS source
FROM NUM num
JOIN raw_SUB sub ON num.adsh = sub.adsh
JOIN TAG tag ON num.tag = tag.tag
JOIN PRE pre ON num.adsh = pre.adsh AND num.tag = pre.tag
WHERE pre.stmt = 'IS';, parameters: None
[2025-02-14T12:02:52.851+0000] {sql.py:520} INFO - Rows affected: 19
[2025-02-14T12:02:52.854+0000] {snowflake.py:409} INFO - Rows affected: 19
[2025-02-14T12:02:52.854+0000] {snowflake.py:410} INFO - Snowflake query id: 01ba62f2-0004-9ab7-0003-d563001292f6
[2025-02-14T12:02:52.855+0000] {connection.py:803} INFO - closed
[2025-02-14T12:02:52.975+0000] {connection.py:809} INFO - No async queries seem to be running, deleting session
[2025-02-14T12:02:53.196+0000] {warnings.py:112} WARNING - /home/***/.local/lib/python3.12/site-packages/***/providers/snowflake/hooks/snowflake.py:419: DeprecationWarning: Import of return_single_query_results from the '***.providers.common.sql.hooks' module is deprecated and will
be removed in the future. Please import it from '***.providers.common.sql.hooks.handlers'.
  if return_single_query_results(sql, return_last, split_statements):

[2025-02-14T12:02:53.198+0000] {warnings.py:112} WARNING - /home/***/.local/lib/python3.12/site-packages/***/providers/common/sql/operators/sql.py:311: DeprecationWarning: Import of return_single_query_results from the '***.providers.common.sql.hooks' module is deprecated and will
be removed in the future. Please import it from '***.providers.common.sql.hooks.handlers'.
  if return_single_query_results(self.sql, self.return_last, self.split_statements):

[2025-02-14T12:02:53.236+0000] {taskinstance.py:341} INFO - ::group::Post task execution logs
[2025-02-14T12:02:53.237+0000] {taskinstance.py:353} INFO - Marking task as SUCCESS. dag_id=check_all_snowflake_tables, task_id=insert_income_statement, run_id=manual__2025-02-14T12:02:27.487237+00:00, execution_date=20250214T120227, start_date=20250214T120250, end_date=20250214T120253
[2025-02-14T12:02:53.366+0000] {local_task_job_runner.py:266} INFO - Task exited with return code 0
[2025-02-14T12:02:53.399+0000] {taskinstance.py:3901} INFO - 1 downstream tasks scheduled from follow-on schedule check
[2025-02-14T12:02:53.402+0000] {local_task_job_runner.py:245} INFO - ::endgroup::
