[2025-02-14T20:05:37.965+0000] {local_task_job_runner.py:123} INFO - ::group::Pre task execution logs
[2025-02-14T20:05:37.991+0000] {taskinstance.py:2614} INFO - Dependencies all met for dep_context=non-requeueable deps ti=<TaskInstance: dbt-etl-dag.dbt_run manual__2025-02-14T20:05:20.074683+00:00 [queued]>
[2025-02-14T20:05:38.003+0000] {taskinstance.py:2614} INFO - Dependencies all met for dep_context=requeueable deps ti=<TaskInstance: dbt-etl-dag.dbt_run manual__2025-02-14T20:05:20.074683+00:00 [queued]>
[2025-02-14T20:05:38.004+0000] {taskinstance.py:2867} INFO - Starting attempt 1 of 1
[2025-02-14T20:05:38.021+0000] {taskinstance.py:2890} INFO - Executing <Task(DbtRunOperator): dbt_run> on 2025-02-14 20:05:20.074683+00:00
[2025-02-14T20:05:38.030+0000] {warnings.py:112} WARNING - /home/***/.local/lib/python3.12/site-packages/***/task/task_runner/standard_task_runner.py:70: DeprecationWarning: This process (pid=151) is multi-threaded, use of fork() may lead to deadlocks in the child.
  pid = os.fork()

[2025-02-14T20:05:38.033+0000] {standard_task_runner.py:72} INFO - Started process 162 to run task
[2025-02-14T20:05:38.032+0000] {standard_task_runner.py:104} INFO - Running: ['***', 'tasks', 'run', 'dbt-etl-dag', 'dbt_run', 'manual__2025-02-14T20:05:20.074683+00:00', '--job-id', '187', '--raw', '--subdir', 'DAGS_FOLDER/dbt-etl.py', '--cfg-path', '/tmp/tmp9zkipchh']
[2025-02-14T20:05:38.035+0000] {standard_task_runner.py:105} INFO - Job 187: Subtask dbt_run
[2025-02-14T20:05:38.106+0000] {task_command.py:467} INFO - Running <TaskInstance: dbt-etl-dag.dbt_run manual__2025-02-14T20:05:20.074683+00:00 [running]> on host aff10611ebf2
[2025-02-14T20:05:38.209+0000] {taskinstance.py:3134} INFO - Exporting env vars: AIRFLOW_CTX_DAG_OWNER='***' AIRFLOW_CTX_DAG_ID='dbt-etl-dag' AIRFLOW_CTX_TASK_ID='dbt_run' AIRFLOW_CTX_EXECUTION_DATE='2025-02-14T20:05:20.074683+00:00' AIRFLOW_CTX_TRY_NUMBER='1' AIRFLOW_CTX_DAG_RUN_ID='manual__2025-02-14T20:05:20.074683+00:00'
[2025-02-14T20:05:38.212+0000] {taskinstance.py:732} INFO - ::endgroup::
[2025-02-14T20:05:38.228+0000] {dbt_hook.py:117} INFO - dbt run --profiles-dir /opt/***/dbt/.dbt
[2025-02-14T20:05:38.230+0000] {dbt_hook.py:126} INFO - Output:
[2025-02-14T20:05:41.189+0000] {dbt_hook.py:130} INFO - [0m20:05:41  Running with dbt=1.9.2
[2025-02-14T20:05:42.322+0000] {dbt_hook.py:130} INFO - [0m20:05:42  Registered adapter: snowflake=1.9.1
[2025-02-14T20:05:43.922+0000] {dbt_hook.py:130} INFO - [0m20:05:43  Found 7 models, 32 data tests, 4 sources, 588 macros
[2025-02-14T20:05:43.926+0000] {dbt_hook.py:130} INFO - [0m20:05:43
[2025-02-14T20:05:43.927+0000] {dbt_hook.py:130} INFO - [0m20:05:43  Concurrency: 4 threads (target='dev')
[2025-02-14T20:05:43.928+0000] {dbt_hook.py:130} INFO - [0m20:05:43
[2025-02-14T20:05:45.112+0000] {dbt_hook.py:130} INFO - [0m20:05:45  1 of 7 START sql view model dbt_schema.num_stage ............................... [RUN]
[2025-02-14T20:05:45.114+0000] {dbt_hook.py:130} INFO - [0m20:05:45  2 of 7 START sql view model dbt_schema.pre_stage ............................... [RUN]
[2025-02-14T20:05:45.114+0000] {dbt_hook.py:130} INFO - [0m20:05:45  3 of 7 START sql view model dbt_schema.sub_stage ............................... [RUN]
[2025-02-14T20:05:45.115+0000] {dbt_hook.py:130} INFO - [0m20:05:45  4 of 7 START sql view model dbt_schema.tag_stage ............................... [RUN]
[2025-02-14T20:05:45.793+0000] {dbt_hook.py:130} INFO - [0m20:05:45  1 of 7 OK created sql view model dbt_schema.num_stage .......................... [[32mSUCCESS 1[0m in 0.67s]
[2025-02-14T20:05:46.234+0000] {dbt_hook.py:130} INFO - [0m20:05:46  2 of 7 OK created sql view model dbt_schema.pre_stage .......................... [[32mSUCCESS 1[0m in 1.12s]
[2025-02-14T20:05:46.239+0000] {dbt_hook.py:130} INFO - [0m20:05:46  4 of 7 OK created sql view model dbt_schema.tag_stage .......................... [[32mSUCCESS 1[0m in 1.12s]
[2025-02-14T20:05:46.848+0000] {dbt_hook.py:130} INFO - [0m20:05:46  3 of 7 OK created sql view model dbt_schema.sub_stage .......................... [[32mSUCCESS 1[0m in 1.73s]
[2025-02-14T20:05:46.851+0000] {dbt_hook.py:130} INFO - [0m20:05:46  5 of 7 START sql table model dbt_schema.balance_sheet .......................... [RUN]
[2025-02-14T20:05:46.852+0000] {dbt_hook.py:130} INFO - [0m20:05:46  6 of 7 START sql table model dbt_schema.cash_flow .............................. [RUN]
[2025-02-14T20:05:46.853+0000] {dbt_hook.py:130} INFO - [0m20:05:46  7 of 7 START sql table model dbt_schema.income_statement ....................... [RUN]
[2025-02-14T20:05:47.937+0000] {dbt_hook.py:130} INFO - [0m20:05:47  5 of 7 OK created sql table model dbt_schema.balance_sheet ..................... [[32mSUCCESS 1[0m in 1.08s]
[2025-02-14T20:05:47.959+0000] {dbt_hook.py:130} INFO - [0m20:05:47  6 of 7 OK created sql table model dbt_schema.cash_flow ......................... [[32mSUCCESS 1[0m in 1.10s]
[2025-02-14T20:05:48.173+0000] {dbt_hook.py:130} INFO - [0m20:05:48  7 of 7 OK created sql table model dbt_schema.income_statement .................. [[32mSUCCESS 1[0m in 1.32s]
[2025-02-14T20:05:49.227+0000] {dbt_hook.py:130} INFO - [0m20:05:49
[2025-02-14T20:05:49.229+0000] {dbt_hook.py:130} INFO - [0m20:05:49  Finished running 3 table models, 4 view models in 0 hours 0 minutes and 5.30 seconds (5.30s).
[2025-02-14T20:05:49.299+0000] {dbt_hook.py:130} INFO - [0m20:05:49
[2025-02-14T20:05:49.300+0000] {dbt_hook.py:130} INFO - [0m20:05:49  [32mCompleted successfully[0m
[2025-02-14T20:05:49.301+0000] {dbt_hook.py:130} INFO - [0m20:05:49
[2025-02-14T20:05:49.301+0000] {dbt_hook.py:130} INFO - [0m20:05:49  Done. PASS=7 WARN=0 ERROR=0 SKIP=0 TOTAL=7
[2025-02-14T20:05:49.895+0000] {dbt_hook.py:132} INFO - Command exited with return code 0
[2025-02-14T20:05:49.904+0000] {taskinstance.py:341} INFO - ::group::Post task execution logs
[2025-02-14T20:05:49.905+0000] {taskinstance.py:353} INFO - Marking task as SUCCESS. dag_id=dbt-etl-dag, task_id=dbt_run, run_id=manual__2025-02-14T20:05:20.074683+00:00, execution_date=20250214T200520, start_date=20250214T200537, end_date=20250214T200549
[2025-02-14T20:05:49.938+0000] {local_task_job_runner.py:266} INFO - Task exited with return code 0
[2025-02-14T20:05:49.952+0000] {taskinstance.py:3901} INFO - 0 downstream tasks scheduled from follow-on schedule check
[2025-02-14T20:05:49.956+0000] {local_task_job_runner.py:245} INFO - ::endgroup::
