[2025-03-21T17:39:42.703+0000] {processor.py:186} INFO - Started process (PID=49) to work on /opt/airflow/dags/dbt-chck.py
[2025-03-21T17:39:42.711+0000] {processor.py:914} INFO - Processing file /opt/airflow/dags/dbt-chck.py for tasks to queue
[2025-03-21T17:39:42.718+0000] {logging_mixin.py:190} INFO - [2025-03-21T17:39:42.717+0000] {dagbag.py:588} INFO - Filling up the DagBag from /opt/airflow/dags/dbt-chck.py
[2025-03-21T17:39:42.779+0000] {processor.py:925} INFO - DAG(s) 'snowflake_dbt_dag' retrieved from /opt/airflow/dags/dbt-chck.py
[2025-03-21T17:39:43.465+0000] {logging_mixin.py:190} INFO - [2025-03-21T17:39:43.464+0000] {dag.py:3239} INFO - Sync 1 DAGs
[2025-03-21T17:39:43.551+0000] {logging_mixin.py:190} INFO - [2025-03-21T17:39:43.551+0000] {dag.py:4180} INFO - Setting next_dagrun for snowflake_dbt_dag to 2025-03-21 00:00:00+00:00, run_after=2025-03-22 00:00:00+00:00
[2025-03-21T17:39:43.638+0000] {processor.py:208} INFO - Processing /opt/airflow/dags/dbt-chck.py took 0.957 seconds
[2025-03-21T17:40:14.247+0000] {processor.py:186} INFO - Started process (PID=62) to work on /opt/airflow/dags/dbt-chck.py
[2025-03-21T17:40:14.249+0000] {processor.py:914} INFO - Processing file /opt/airflow/dags/dbt-chck.py for tasks to queue
[2025-03-21T17:40:14.255+0000] {logging_mixin.py:190} INFO - [2025-03-21T17:40:14.255+0000] {dagbag.py:588} INFO - Filling up the DagBag from /opt/airflow/dags/dbt-chck.py
[2025-03-21T17:40:14.318+0000] {processor.py:925} INFO - DAG(s) 'snowflake_dbt_dag' retrieved from /opt/airflow/dags/dbt-chck.py
[2025-03-21T17:40:14.425+0000] {logging_mixin.py:190} INFO - [2025-03-21T17:40:14.424+0000] {dag.py:3239} INFO - Sync 1 DAGs
[2025-03-21T17:40:14.547+0000] {logging_mixin.py:190} INFO - [2025-03-21T17:40:14.547+0000] {dag.py:4180} INFO - Setting next_dagrun for snowflake_dbt_dag to 2025-03-21 00:00:00+00:00, run_after=2025-03-22 00:00:00+00:00
[2025-03-21T17:40:14.667+0000] {processor.py:208} INFO - Processing /opt/airflow/dags/dbt-chck.py took 0.442 seconds
[2025-03-21T17:40:45.136+0000] {processor.py:186} INFO - Started process (PID=65) to work on /opt/airflow/dags/dbt-chck.py
[2025-03-21T17:40:45.138+0000] {processor.py:914} INFO - Processing file /opt/airflow/dags/dbt-chck.py for tasks to queue
[2025-03-21T17:40:45.142+0000] {logging_mixin.py:190} INFO - [2025-03-21T17:40:45.141+0000] {dagbag.py:588} INFO - Filling up the DagBag from /opt/airflow/dags/dbt-chck.py
[2025-03-21T17:40:45.174+0000] {processor.py:925} INFO - DAG(s) 'snowflake_dbt_dag' retrieved from /opt/airflow/dags/dbt-chck.py
[2025-03-21T17:40:45.229+0000] {logging_mixin.py:190} INFO - [2025-03-21T17:40:45.228+0000] {dag.py:3239} INFO - Sync 1 DAGs
[2025-03-21T17:40:45.269+0000] {logging_mixin.py:190} INFO - [2025-03-21T17:40:45.268+0000] {dag.py:4180} INFO - Setting next_dagrun for snowflake_dbt_dag to 2025-03-21 00:00:00+00:00, run_after=2025-03-22 00:00:00+00:00
[2025-03-21T17:40:45.296+0000] {processor.py:208} INFO - Processing /opt/airflow/dags/dbt-chck.py took 0.172 seconds
[2025-03-21T17:41:15.771+0000] {processor.py:186} INFO - Started process (PID=68) to work on /opt/airflow/dags/dbt-chck.py
[2025-03-21T17:41:15.773+0000] {processor.py:914} INFO - Processing file /opt/airflow/dags/dbt-chck.py for tasks to queue
[2025-03-21T17:41:15.779+0000] {logging_mixin.py:190} INFO - [2025-03-21T17:41:15.778+0000] {dagbag.py:588} INFO - Filling up the DagBag from /opt/airflow/dags/dbt-chck.py
[2025-03-21T17:41:15.817+0000] {processor.py:925} INFO - DAG(s) 'snowflake_dbt_dag' retrieved from /opt/airflow/dags/dbt-chck.py
[2025-03-21T17:41:15.857+0000] {logging_mixin.py:190} INFO - [2025-03-21T17:41:15.857+0000] {dag.py:3239} INFO - Sync 1 DAGs
[2025-03-21T17:41:15.904+0000] {logging_mixin.py:190} INFO - [2025-03-21T17:41:15.904+0000] {dag.py:4180} INFO - Setting next_dagrun for snowflake_dbt_dag to 2025-03-21 00:00:00+00:00, run_after=2025-03-22 00:00:00+00:00
[2025-03-21T17:41:15.935+0000] {processor.py:208} INFO - Processing /opt/airflow/dags/dbt-chck.py took 0.176 seconds
[2025-03-21T17:41:46.414+0000] {processor.py:186} INFO - Started process (PID=71) to work on /opt/airflow/dags/dbt-chck.py
[2025-03-21T17:41:46.416+0000] {processor.py:914} INFO - Processing file /opt/airflow/dags/dbt-chck.py for tasks to queue
[2025-03-21T17:41:46.421+0000] {logging_mixin.py:190} INFO - [2025-03-21T17:41:46.421+0000] {dagbag.py:588} INFO - Filling up the DagBag from /opt/airflow/dags/dbt-chck.py
[2025-03-21T17:41:46.450+0000] {processor.py:925} INFO - DAG(s) 'snowflake_dbt_dag' retrieved from /opt/airflow/dags/dbt-chck.py
[2025-03-21T17:41:46.486+0000] {logging_mixin.py:190} INFO - [2025-03-21T17:41:46.486+0000] {dag.py:3239} INFO - Sync 1 DAGs
[2025-03-21T17:41:46.519+0000] {logging_mixin.py:190} INFO - [2025-03-21T17:41:46.519+0000] {dag.py:4180} INFO - Setting next_dagrun for snowflake_dbt_dag to 2025-03-21 00:00:00+00:00, run_after=2025-03-22 00:00:00+00:00
[2025-03-21T17:41:46.546+0000] {processor.py:208} INFO - Processing /opt/airflow/dags/dbt-chck.py took 0.140 seconds
[2025-03-21T17:42:17.085+0000] {processor.py:186} INFO - Started process (PID=74) to work on /opt/airflow/dags/dbt-chck.py
[2025-03-21T17:42:17.087+0000] {processor.py:914} INFO - Processing file /opt/airflow/dags/dbt-chck.py for tasks to queue
[2025-03-21T17:42:17.095+0000] {logging_mixin.py:190} INFO - [2025-03-21T17:42:17.091+0000] {dagbag.py:588} INFO - Filling up the DagBag from /opt/airflow/dags/dbt-chck.py
[2025-03-21T17:42:17.132+0000] {processor.py:925} INFO - DAG(s) 'snowflake_dbt_dag' retrieved from /opt/airflow/dags/dbt-chck.py
[2025-03-21T17:42:17.168+0000] {logging_mixin.py:190} INFO - [2025-03-21T17:42:17.168+0000] {dag.py:3239} INFO - Sync 1 DAGs
[2025-03-21T17:42:17.203+0000] {logging_mixin.py:190} INFO - [2025-03-21T17:42:17.203+0000] {dag.py:4180} INFO - Setting next_dagrun for snowflake_dbt_dag to 2025-03-21 00:00:00+00:00, run_after=2025-03-22 00:00:00+00:00
[2025-03-21T17:42:17.231+0000] {processor.py:208} INFO - Processing /opt/airflow/dags/dbt-chck.py took 0.154 seconds
[2025-03-21T17:42:47.807+0000] {processor.py:186} INFO - Started process (PID=77) to work on /opt/airflow/dags/dbt-chck.py
[2025-03-21T17:42:47.808+0000] {processor.py:914} INFO - Processing file /opt/airflow/dags/dbt-chck.py for tasks to queue
[2025-03-21T17:42:47.813+0000] {logging_mixin.py:190} INFO - [2025-03-21T17:42:47.812+0000] {dagbag.py:588} INFO - Filling up the DagBag from /opt/airflow/dags/dbt-chck.py
[2025-03-21T17:42:47.847+0000] {processor.py:925} INFO - DAG(s) 'snowflake_dbt_dag' retrieved from /opt/airflow/dags/dbt-chck.py
[2025-03-21T17:42:47.887+0000] {logging_mixin.py:190} INFO - [2025-03-21T17:42:47.886+0000] {dag.py:3239} INFO - Sync 1 DAGs
[2025-03-21T17:42:47.925+0000] {logging_mixin.py:190} INFO - [2025-03-21T17:42:47.924+0000] {dag.py:4180} INFO - Setting next_dagrun for snowflake_dbt_dag to 2025-03-21 00:00:00+00:00, run_after=2025-03-22 00:00:00+00:00
[2025-03-21T17:42:47.961+0000] {processor.py:208} INFO - Processing /opt/airflow/dags/dbt-chck.py took 0.164 seconds
[2025-03-21T17:43:18.541+0000] {processor.py:186} INFO - Started process (PID=80) to work on /opt/airflow/dags/dbt-chck.py
[2025-03-21T17:43:18.544+0000] {processor.py:914} INFO - Processing file /opt/airflow/dags/dbt-chck.py for tasks to queue
[2025-03-21T17:43:18.548+0000] {logging_mixin.py:190} INFO - [2025-03-21T17:43:18.547+0000] {dagbag.py:588} INFO - Filling up the DagBag from /opt/airflow/dags/dbt-chck.py
[2025-03-21T17:43:18.585+0000] {processor.py:925} INFO - DAG(s) 'snowflake_dbt_dag' retrieved from /opt/airflow/dags/dbt-chck.py
[2025-03-21T17:43:18.632+0000] {logging_mixin.py:190} INFO - [2025-03-21T17:43:18.631+0000] {dag.py:3239} INFO - Sync 1 DAGs
[2025-03-21T17:43:18.672+0000] {logging_mixin.py:190} INFO - [2025-03-21T17:43:18.672+0000] {dag.py:4180} INFO - Setting next_dagrun for snowflake_dbt_dag to 2025-03-21 00:00:00+00:00, run_after=2025-03-22 00:00:00+00:00
[2025-03-21T17:43:18.702+0000] {processor.py:208} INFO - Processing /opt/airflow/dags/dbt-chck.py took 0.171 seconds
[2025-03-21T17:43:49.250+0000] {processor.py:186} INFO - Started process (PID=83) to work on /opt/airflow/dags/dbt-chck.py
[2025-03-21T17:43:49.252+0000] {processor.py:914} INFO - Processing file /opt/airflow/dags/dbt-chck.py for tasks to queue
[2025-03-21T17:43:49.257+0000] {logging_mixin.py:190} INFO - [2025-03-21T17:43:49.256+0000] {dagbag.py:588} INFO - Filling up the DagBag from /opt/airflow/dags/dbt-chck.py
[2025-03-21T17:43:49.293+0000] {processor.py:925} INFO - DAG(s) 'snowflake_dbt_dag' retrieved from /opt/airflow/dags/dbt-chck.py
[2025-03-21T17:43:49.327+0000] {logging_mixin.py:190} INFO - [2025-03-21T17:43:49.326+0000] {dag.py:3239} INFO - Sync 1 DAGs
[2025-03-21T17:43:49.359+0000] {logging_mixin.py:190} INFO - [2025-03-21T17:43:49.359+0000] {dag.py:4180} INFO - Setting next_dagrun for snowflake_dbt_dag to 2025-03-21 00:00:00+00:00, run_after=2025-03-22 00:00:00+00:00
[2025-03-21T17:43:49.386+0000] {processor.py:208} INFO - Processing /opt/airflow/dags/dbt-chck.py took 0.146 seconds
[2025-03-21T17:44:19.978+0000] {processor.py:186} INFO - Started process (PID=86) to work on /opt/airflow/dags/dbt-chck.py
[2025-03-21T17:44:19.980+0000] {processor.py:914} INFO - Processing file /opt/airflow/dags/dbt-chck.py for tasks to queue
[2025-03-21T17:44:19.985+0000] {logging_mixin.py:190} INFO - [2025-03-21T17:44:19.984+0000] {dagbag.py:588} INFO - Filling up the DagBag from /opt/airflow/dags/dbt-chck.py
[2025-03-21T17:44:20.012+0000] {processor.py:925} INFO - DAG(s) 'snowflake_dbt_dag' retrieved from /opt/airflow/dags/dbt-chck.py
[2025-03-21T17:44:20.049+0000] {logging_mixin.py:190} INFO - [2025-03-21T17:44:20.049+0000] {dag.py:3239} INFO - Sync 1 DAGs
[2025-03-21T17:44:20.086+0000] {logging_mixin.py:190} INFO - [2025-03-21T17:44:20.086+0000] {dag.py:4180} INFO - Setting next_dagrun for snowflake_dbt_dag to 2025-03-21 00:00:00+00:00, run_after=2025-03-22 00:00:00+00:00
[2025-03-21T17:44:20.115+0000] {processor.py:208} INFO - Processing /opt/airflow/dags/dbt-chck.py took 0.145 seconds
[2025-03-21T17:44:50.784+0000] {processor.py:186} INFO - Started process (PID=89) to work on /opt/airflow/dags/dbt-chck.py
[2025-03-21T17:44:50.785+0000] {processor.py:914} INFO - Processing file /opt/airflow/dags/dbt-chck.py for tasks to queue
[2025-03-21T17:44:50.791+0000] {logging_mixin.py:190} INFO - [2025-03-21T17:44:50.790+0000] {dagbag.py:588} INFO - Filling up the DagBag from /opt/airflow/dags/dbt-chck.py
[2025-03-21T17:44:50.817+0000] {processor.py:925} INFO - DAG(s) 'snowflake_dbt_dag' retrieved from /opt/airflow/dags/dbt-chck.py
[2025-03-21T17:44:50.852+0000] {logging_mixin.py:190} INFO - [2025-03-21T17:44:50.851+0000] {dag.py:3239} INFO - Sync 1 DAGs
[2025-03-21T17:44:50.893+0000] {logging_mixin.py:190} INFO - [2025-03-21T17:44:50.893+0000] {dag.py:4180} INFO - Setting next_dagrun for snowflake_dbt_dag to 2025-03-21 00:00:00+00:00, run_after=2025-03-22 00:00:00+00:00
[2025-03-21T17:44:50.928+0000] {processor.py:208} INFO - Processing /opt/airflow/dags/dbt-chck.py took 0.152 seconds
[2025-03-21T17:45:21.456+0000] {processor.py:186} INFO - Started process (PID=92) to work on /opt/airflow/dags/dbt-chck.py
[2025-03-21T17:45:21.458+0000] {processor.py:914} INFO - Processing file /opt/airflow/dags/dbt-chck.py for tasks to queue
[2025-03-21T17:45:21.464+0000] {logging_mixin.py:190} INFO - [2025-03-21T17:45:21.463+0000] {dagbag.py:588} INFO - Filling up the DagBag from /opt/airflow/dags/dbt-chck.py
[2025-03-21T17:45:21.496+0000] {processor.py:925} INFO - DAG(s) 'snowflake_dbt_dag' retrieved from /opt/airflow/dags/dbt-chck.py
[2025-03-21T17:45:21.533+0000] {logging_mixin.py:190} INFO - [2025-03-21T17:45:21.532+0000] {dag.py:3239} INFO - Sync 1 DAGs
[2025-03-21T17:45:21.572+0000] {logging_mixin.py:190} INFO - [2025-03-21T17:45:21.572+0000] {dag.py:4180} INFO - Setting next_dagrun for snowflake_dbt_dag to 2025-03-21 00:00:00+00:00, run_after=2025-03-22 00:00:00+00:00
[2025-03-21T17:45:21.603+0000] {processor.py:208} INFO - Processing /opt/airflow/dags/dbt-chck.py took 0.157 seconds
[2025-03-21T17:45:52.128+0000] {processor.py:186} INFO - Started process (PID=95) to work on /opt/airflow/dags/dbt-chck.py
[2025-03-21T17:45:52.130+0000] {processor.py:914} INFO - Processing file /opt/airflow/dags/dbt-chck.py for tasks to queue
[2025-03-21T17:45:52.133+0000] {logging_mixin.py:190} INFO - [2025-03-21T17:45:52.132+0000] {dagbag.py:588} INFO - Filling up the DagBag from /opt/airflow/dags/dbt-chck.py
[2025-03-21T17:45:52.165+0000] {processor.py:925} INFO - DAG(s) 'snowflake_dbt_dag' retrieved from /opt/airflow/dags/dbt-chck.py
[2025-03-21T17:45:52.200+0000] {logging_mixin.py:190} INFO - [2025-03-21T17:45:52.200+0000] {dag.py:3239} INFO - Sync 1 DAGs
[2025-03-21T17:45:52.237+0000] {logging_mixin.py:190} INFO - [2025-03-21T17:45:52.236+0000] {dag.py:4180} INFO - Setting next_dagrun for snowflake_dbt_dag to 2025-03-21 00:00:00+00:00, run_after=2025-03-22 00:00:00+00:00
[2025-03-21T17:45:52.265+0000] {processor.py:208} INFO - Processing /opt/airflow/dags/dbt-chck.py took 0.146 seconds
[2025-03-21T17:46:22.745+0000] {processor.py:186} INFO - Started process (PID=98) to work on /opt/airflow/dags/dbt-chck.py
[2025-03-21T17:46:22.746+0000] {processor.py:914} INFO - Processing file /opt/airflow/dags/dbt-chck.py for tasks to queue
[2025-03-21T17:46:22.750+0000] {logging_mixin.py:190} INFO - [2025-03-21T17:46:22.750+0000] {dagbag.py:588} INFO - Filling up the DagBag from /opt/airflow/dags/dbt-chck.py
[2025-03-21T17:46:22.790+0000] {processor.py:925} INFO - DAG(s) 'snowflake_dbt_dag' retrieved from /opt/airflow/dags/dbt-chck.py
[2025-03-21T17:46:22.833+0000] {logging_mixin.py:190} INFO - [2025-03-21T17:46:22.832+0000] {dag.py:3239} INFO - Sync 1 DAGs
[2025-03-21T17:46:22.869+0000] {logging_mixin.py:190} INFO - [2025-03-21T17:46:22.869+0000] {dag.py:4180} INFO - Setting next_dagrun for snowflake_dbt_dag to 2025-03-21 00:00:00+00:00, run_after=2025-03-22 00:00:00+00:00
[2025-03-21T17:46:22.895+0000] {processor.py:208} INFO - Processing /opt/airflow/dags/dbt-chck.py took 0.161 seconds
[2025-03-21T17:46:53.377+0000] {processor.py:186} INFO - Started process (PID=101) to work on /opt/airflow/dags/dbt-chck.py
[2025-03-21T17:46:53.379+0000] {processor.py:914} INFO - Processing file /opt/airflow/dags/dbt-chck.py for tasks to queue
[2025-03-21T17:46:53.385+0000] {logging_mixin.py:190} INFO - [2025-03-21T17:46:53.385+0000] {dagbag.py:588} INFO - Filling up the DagBag from /opt/airflow/dags/dbt-chck.py
[2025-03-21T17:46:53.413+0000] {processor.py:925} INFO - DAG(s) 'snowflake_dbt_dag' retrieved from /opt/airflow/dags/dbt-chck.py
[2025-03-21T17:46:53.447+0000] {logging_mixin.py:190} INFO - [2025-03-21T17:46:53.446+0000] {dag.py:3239} INFO - Sync 1 DAGs
[2025-03-21T17:46:53.481+0000] {logging_mixin.py:190} INFO - [2025-03-21T17:46:53.481+0000] {dag.py:4180} INFO - Setting next_dagrun for snowflake_dbt_dag to 2025-03-21 00:00:00+00:00, run_after=2025-03-22 00:00:00+00:00
[2025-03-21T17:46:53.510+0000] {processor.py:208} INFO - Processing /opt/airflow/dags/dbt-chck.py took 0.141 seconds
[2025-03-21T17:47:23.983+0000] {processor.py:186} INFO - Started process (PID=104) to work on /opt/airflow/dags/dbt-chck.py
[2025-03-21T17:47:23.985+0000] {processor.py:914} INFO - Processing file /opt/airflow/dags/dbt-chck.py for tasks to queue
[2025-03-21T17:47:23.989+0000] {logging_mixin.py:190} INFO - [2025-03-21T17:47:23.988+0000] {dagbag.py:588} INFO - Filling up the DagBag from /opt/airflow/dags/dbt-chck.py
[2025-03-21T17:47:24.016+0000] {processor.py:925} INFO - DAG(s) 'snowflake_dbt_dag' retrieved from /opt/airflow/dags/dbt-chck.py
[2025-03-21T17:47:24.050+0000] {logging_mixin.py:190} INFO - [2025-03-21T17:47:24.050+0000] {dag.py:3239} INFO - Sync 1 DAGs
[2025-03-21T17:47:24.084+0000] {logging_mixin.py:190} INFO - [2025-03-21T17:47:24.084+0000] {dag.py:4180} INFO - Setting next_dagrun for snowflake_dbt_dag to 2025-03-21 00:00:00+00:00, run_after=2025-03-22 00:00:00+00:00
[2025-03-21T17:47:24.114+0000] {processor.py:208} INFO - Processing /opt/airflow/dags/dbt-chck.py took 0.142 seconds
