[2025-03-21T17:39:43.774+0000] {processor.py:186} INFO - Started process (PID=54) to work on /opt/airflow/dags/snow.py
[2025-03-21T17:39:43.777+0000] {processor.py:914} INFO - Processing file /opt/airflow/dags/snow.py for tasks to queue
[2025-03-21T17:39:43.783+0000] {logging_mixin.py:190} INFO - [2025-03-21T17:39:43.782+0000] {dagbag.py:588} INFO - Filling up the DagBag from /opt/airflow/dags/snow.py
[2025-03-21T17:39:43.848+0000] {processor.py:925} INFO - DAG(s) 'check_all_snowflake_tables' retrieved from /opt/airflow/dags/snow.py
[2025-03-21T17:39:44.216+0000] {logging_mixin.py:190} INFO - [2025-03-21T17:39:44.214+0000] {dag.py:3239} INFO - Sync 1 DAGs
[2025-03-21T17:39:44.270+0000] {logging_mixin.py:190} INFO - [2025-03-21T17:39:44.270+0000] {dag.py:4180} INFO - Setting next_dagrun for check_all_snowflake_tables to 2025-03-20 00:00:00+00:00, run_after=2025-03-21 00:00:00+00:00
[2025-03-21T17:39:44.320+0000] {processor.py:208} INFO - Processing /opt/airflow/dags/snow.py took 0.556 seconds
[2025-03-21T17:40:14.745+0000] {processor.py:186} INFO - Started process (PID=63) to work on /opt/airflow/dags/snow.py
[2025-03-21T17:40:14.748+0000] {processor.py:914} INFO - Processing file /opt/airflow/dags/snow.py for tasks to queue
[2025-03-21T17:40:14.754+0000] {logging_mixin.py:190} INFO - [2025-03-21T17:40:14.753+0000] {dagbag.py:588} INFO - Filling up the DagBag from /opt/airflow/dags/snow.py
[2025-03-21T17:40:14.808+0000] {processor.py:925} INFO - DAG(s) 'check_all_snowflake_tables' retrieved from /opt/airflow/dags/snow.py
[2025-03-21T17:40:14.893+0000] {logging_mixin.py:190} INFO - [2025-03-21T17:40:14.892+0000] {dag.py:3239} INFO - Sync 1 DAGs
[2025-03-21T17:40:14.954+0000] {logging_mixin.py:190} INFO - [2025-03-21T17:40:14.953+0000] {dag.py:4180} INFO - Setting next_dagrun for check_all_snowflake_tables to 2025-03-21 00:00:00+00:00, run_after=2025-03-22 00:00:00+00:00
[2025-03-21T17:40:15.032+0000] {processor.py:208} INFO - Processing /opt/airflow/dags/snow.py took 0.300 seconds
[2025-03-21T17:40:45.346+0000] {processor.py:186} INFO - Started process (PID=66) to work on /opt/airflow/dags/snow.py
[2025-03-21T17:40:45.348+0000] {processor.py:914} INFO - Processing file /opt/airflow/dags/snow.py for tasks to queue
[2025-03-21T17:40:45.351+0000] {logging_mixin.py:190} INFO - [2025-03-21T17:40:45.351+0000] {dagbag.py:588} INFO - Filling up the DagBag from /opt/airflow/dags/snow.py
[2025-03-21T17:40:45.381+0000] {processor.py:925} INFO - DAG(s) 'check_all_snowflake_tables' retrieved from /opt/airflow/dags/snow.py
[2025-03-21T17:40:45.423+0000] {logging_mixin.py:190} INFO - [2025-03-21T17:40:45.422+0000] {dag.py:3239} INFO - Sync 1 DAGs
[2025-03-21T17:40:45.462+0000] {logging_mixin.py:190} INFO - [2025-03-21T17:40:45.462+0000] {dag.py:4180} INFO - Setting next_dagrun for check_all_snowflake_tables to 2025-03-21 00:00:00+00:00, run_after=2025-03-22 00:00:00+00:00
[2025-03-21T17:40:45.494+0000] {processor.py:208} INFO - Processing /opt/airflow/dags/snow.py took 0.156 seconds
[2025-03-21T17:41:15.998+0000] {processor.py:186} INFO - Started process (PID=69) to work on /opt/airflow/dags/snow.py
[2025-03-21T17:41:16.000+0000] {processor.py:914} INFO - Processing file /opt/airflow/dags/snow.py for tasks to queue
[2025-03-21T17:41:16.005+0000] {logging_mixin.py:190} INFO - [2025-03-21T17:41:16.004+0000] {dagbag.py:588} INFO - Filling up the DagBag from /opt/airflow/dags/snow.py
[2025-03-21T17:41:16.036+0000] {processor.py:925} INFO - DAG(s) 'check_all_snowflake_tables' retrieved from /opt/airflow/dags/snow.py
[2025-03-21T17:41:16.083+0000] {logging_mixin.py:190} INFO - [2025-03-21T17:41:16.081+0000] {dag.py:3239} INFO - Sync 1 DAGs
[2025-03-21T17:41:16.122+0000] {logging_mixin.py:190} INFO - [2025-03-21T17:41:16.122+0000] {dag.py:4180} INFO - Setting next_dagrun for check_all_snowflake_tables to 2025-03-21 00:00:00+00:00, run_after=2025-03-22 00:00:00+00:00
[2025-03-21T17:41:16.157+0000] {processor.py:208} INFO - Processing /opt/airflow/dags/snow.py took 0.168 seconds
[2025-03-21T17:41:46.596+0000] {processor.py:186} INFO - Started process (PID=72) to work on /opt/airflow/dags/snow.py
[2025-03-21T17:41:46.598+0000] {processor.py:914} INFO - Processing file /opt/airflow/dags/snow.py for tasks to queue
[2025-03-21T17:41:46.602+0000] {logging_mixin.py:190} INFO - [2025-03-21T17:41:46.601+0000] {dagbag.py:588} INFO - Filling up the DagBag from /opt/airflow/dags/snow.py
[2025-03-21T17:41:46.627+0000] {processor.py:925} INFO - DAG(s) 'check_all_snowflake_tables' retrieved from /opt/airflow/dags/snow.py
[2025-03-21T17:41:46.659+0000] {logging_mixin.py:190} INFO - [2025-03-21T17:41:46.659+0000] {dag.py:3239} INFO - Sync 1 DAGs
[2025-03-21T17:41:46.689+0000] {logging_mixin.py:190} INFO - [2025-03-21T17:41:46.689+0000] {dag.py:4180} INFO - Setting next_dagrun for check_all_snowflake_tables to 2025-03-21 00:00:00+00:00, run_after=2025-03-22 00:00:00+00:00
[2025-03-21T17:41:46.714+0000] {processor.py:208} INFO - Processing /opt/airflow/dags/snow.py took 0.124 seconds
[2025-03-21T17:42:17.282+0000] {processor.py:186} INFO - Started process (PID=75) to work on /opt/airflow/dags/snow.py
[2025-03-21T17:42:17.284+0000] {processor.py:914} INFO - Processing file /opt/airflow/dags/snow.py for tasks to queue
[2025-03-21T17:42:17.286+0000] {logging_mixin.py:190} INFO - [2025-03-21T17:42:17.286+0000] {dagbag.py:588} INFO - Filling up the DagBag from /opt/airflow/dags/snow.py
[2025-03-21T17:42:17.318+0000] {processor.py:925} INFO - DAG(s) 'check_all_snowflake_tables' retrieved from /opt/airflow/dags/snow.py
[2025-03-21T17:42:17.353+0000] {logging_mixin.py:190} INFO - [2025-03-21T17:42:17.352+0000] {dag.py:3239} INFO - Sync 1 DAGs
[2025-03-21T17:42:17.382+0000] {logging_mixin.py:190} INFO - [2025-03-21T17:42:17.381+0000] {dag.py:4180} INFO - Setting next_dagrun for check_all_snowflake_tables to 2025-03-21 00:00:00+00:00, run_after=2025-03-22 00:00:00+00:00
[2025-03-21T17:42:17.407+0000] {processor.py:208} INFO - Processing /opt/airflow/dags/snow.py took 0.132 seconds
[2025-03-21T17:42:48.015+0000] {processor.py:186} INFO - Started process (PID=78) to work on /opt/airflow/dags/snow.py
[2025-03-21T17:42:48.016+0000] {processor.py:914} INFO - Processing file /opt/airflow/dags/snow.py for tasks to queue
[2025-03-21T17:42:48.019+0000] {logging_mixin.py:190} INFO - [2025-03-21T17:42:48.019+0000] {dagbag.py:588} INFO - Filling up the DagBag from /opt/airflow/dags/snow.py
[2025-03-21T17:42:48.048+0000] {processor.py:925} INFO - DAG(s) 'check_all_snowflake_tables' retrieved from /opt/airflow/dags/snow.py
[2025-03-21T17:42:48.085+0000] {logging_mixin.py:190} INFO - [2025-03-21T17:42:48.084+0000] {dag.py:3239} INFO - Sync 1 DAGs
[2025-03-21T17:42:48.115+0000] {logging_mixin.py:190} INFO - [2025-03-21T17:42:48.115+0000] {dag.py:4180} INFO - Setting next_dagrun for check_all_snowflake_tables to 2025-03-21 00:00:00+00:00, run_after=2025-03-22 00:00:00+00:00
[2025-03-21T17:42:48.145+0000] {processor.py:208} INFO - Processing /opt/airflow/dags/snow.py took 0.137 seconds
[2025-03-21T17:43:18.763+0000] {processor.py:186} INFO - Started process (PID=81) to work on /opt/airflow/dags/snow.py
[2025-03-21T17:43:18.765+0000] {processor.py:914} INFO - Processing file /opt/airflow/dags/snow.py for tasks to queue
[2025-03-21T17:43:18.769+0000] {logging_mixin.py:190} INFO - [2025-03-21T17:43:18.768+0000] {dagbag.py:588} INFO - Filling up the DagBag from /opt/airflow/dags/snow.py
[2025-03-21T17:43:18.804+0000] {processor.py:925} INFO - DAG(s) 'check_all_snowflake_tables' retrieved from /opt/airflow/dags/snow.py
[2025-03-21T17:43:18.849+0000] {logging_mixin.py:190} INFO - [2025-03-21T17:43:18.849+0000] {dag.py:3239} INFO - Sync 1 DAGs
[2025-03-21T17:43:18.894+0000] {logging_mixin.py:190} INFO - [2025-03-21T17:43:18.894+0000] {dag.py:4180} INFO - Setting next_dagrun for check_all_snowflake_tables to 2025-03-21 00:00:00+00:00, run_after=2025-03-22 00:00:00+00:00
[2025-03-21T17:43:18.931+0000] {processor.py:208} INFO - Processing /opt/airflow/dags/snow.py took 0.178 seconds
[2025-03-21T17:43:49.436+0000] {processor.py:186} INFO - Started process (PID=84) to work on /opt/airflow/dags/snow.py
[2025-03-21T17:43:49.438+0000] {processor.py:914} INFO - Processing file /opt/airflow/dags/snow.py for tasks to queue
[2025-03-21T17:43:49.441+0000] {logging_mixin.py:190} INFO - [2025-03-21T17:43:49.441+0000] {dagbag.py:588} INFO - Filling up the DagBag from /opt/airflow/dags/snow.py
[2025-03-21T17:43:49.468+0000] {processor.py:925} INFO - DAG(s) 'check_all_snowflake_tables' retrieved from /opt/airflow/dags/snow.py
[2025-03-21T17:43:49.507+0000] {logging_mixin.py:190} INFO - [2025-03-21T17:43:49.506+0000] {dag.py:3239} INFO - Sync 1 DAGs
[2025-03-21T17:43:49.534+0000] {logging_mixin.py:190} INFO - [2025-03-21T17:43:49.534+0000] {dag.py:4180} INFO - Setting next_dagrun for check_all_snowflake_tables to 2025-03-21 00:00:00+00:00, run_after=2025-03-22 00:00:00+00:00
[2025-03-21T17:43:49.566+0000] {processor.py:208} INFO - Processing /opt/airflow/dags/snow.py took 0.137 seconds
[2025-03-21T17:44:20.167+0000] {processor.py:186} INFO - Started process (PID=87) to work on /opt/airflow/dags/snow.py
[2025-03-21T17:44:20.169+0000] {processor.py:914} INFO - Processing file /opt/airflow/dags/snow.py for tasks to queue
[2025-03-21T17:44:20.172+0000] {logging_mixin.py:190} INFO - [2025-03-21T17:44:20.171+0000] {dagbag.py:588} INFO - Filling up the DagBag from /opt/airflow/dags/snow.py
[2025-03-21T17:44:20.204+0000] {processor.py:925} INFO - DAG(s) 'check_all_snowflake_tables' retrieved from /opt/airflow/dags/snow.py
[2025-03-21T17:44:20.238+0000] {logging_mixin.py:190} INFO - [2025-03-21T17:44:20.237+0000] {dag.py:3239} INFO - Sync 1 DAGs
[2025-03-21T17:44:20.264+0000] {logging_mixin.py:190} INFO - [2025-03-21T17:44:20.264+0000] {dag.py:4180} INFO - Setting next_dagrun for check_all_snowflake_tables to 2025-03-21 00:00:00+00:00, run_after=2025-03-22 00:00:00+00:00
[2025-03-21T17:44:20.287+0000] {processor.py:208} INFO - Processing /opt/airflow/dags/snow.py took 0.127 seconds
[2025-03-21T17:44:50.975+0000] {processor.py:186} INFO - Started process (PID=90) to work on /opt/airflow/dags/snow.py
[2025-03-21T17:44:50.976+0000] {processor.py:914} INFO - Processing file /opt/airflow/dags/snow.py for tasks to queue
[2025-03-21T17:44:50.979+0000] {logging_mixin.py:190} INFO - [2025-03-21T17:44:50.979+0000] {dagbag.py:588} INFO - Filling up the DagBag from /opt/airflow/dags/snow.py
[2025-03-21T17:44:51.020+0000] {processor.py:925} INFO - DAG(s) 'check_all_snowflake_tables' retrieved from /opt/airflow/dags/snow.py
[2025-03-21T17:44:51.061+0000] {logging_mixin.py:190} INFO - [2025-03-21T17:44:51.060+0000] {dag.py:3239} INFO - Sync 1 DAGs
[2025-03-21T17:44:51.095+0000] {logging_mixin.py:190} INFO - [2025-03-21T17:44:51.095+0000] {dag.py:4180} INFO - Setting next_dagrun for check_all_snowflake_tables to 2025-03-21 00:00:00+00:00, run_after=2025-03-22 00:00:00+00:00
[2025-03-21T17:44:51.124+0000] {processor.py:208} INFO - Processing /opt/airflow/dags/snow.py took 0.156 seconds
[2025-03-21T17:45:21.662+0000] {processor.py:186} INFO - Started process (PID=93) to work on /opt/airflow/dags/snow.py
[2025-03-21T17:45:21.663+0000] {processor.py:914} INFO - Processing file /opt/airflow/dags/snow.py for tasks to queue
[2025-03-21T17:45:21.666+0000] {logging_mixin.py:190} INFO - [2025-03-21T17:45:21.666+0000] {dagbag.py:588} INFO - Filling up the DagBag from /opt/airflow/dags/snow.py
[2025-03-21T17:45:21.697+0000] {processor.py:925} INFO - DAG(s) 'check_all_snowflake_tables' retrieved from /opt/airflow/dags/snow.py
[2025-03-21T17:45:21.735+0000] {logging_mixin.py:190} INFO - [2025-03-21T17:45:21.734+0000] {dag.py:3239} INFO - Sync 1 DAGs
[2025-03-21T17:45:21.769+0000] {logging_mixin.py:190} INFO - [2025-03-21T17:45:21.768+0000] {dag.py:4180} INFO - Setting next_dagrun for check_all_snowflake_tables to 2025-03-21 00:00:00+00:00, run_after=2025-03-22 00:00:00+00:00
[2025-03-21T17:45:21.798+0000] {processor.py:208} INFO - Processing /opt/airflow/dags/snow.py took 0.144 seconds
[2025-03-21T17:45:52.320+0000] {processor.py:186} INFO - Started process (PID=96) to work on /opt/airflow/dags/snow.py
[2025-03-21T17:45:52.321+0000] {processor.py:914} INFO - Processing file /opt/airflow/dags/snow.py for tasks to queue
[2025-03-21T17:45:52.325+0000] {logging_mixin.py:190} INFO - [2025-03-21T17:45:52.325+0000] {dagbag.py:588} INFO - Filling up the DagBag from /opt/airflow/dags/snow.py
[2025-03-21T17:45:52.352+0000] {processor.py:925} INFO - DAG(s) 'check_all_snowflake_tables' retrieved from /opt/airflow/dags/snow.py
[2025-03-21T17:45:52.387+0000] {logging_mixin.py:190} INFO - [2025-03-21T17:45:52.386+0000] {dag.py:3239} INFO - Sync 1 DAGs
[2025-03-21T17:45:52.425+0000] {logging_mixin.py:190} INFO - [2025-03-21T17:45:52.424+0000] {dag.py:4180} INFO - Setting next_dagrun for check_all_snowflake_tables to 2025-03-21 00:00:00+00:00, run_after=2025-03-22 00:00:00+00:00
[2025-03-21T17:45:52.456+0000] {processor.py:208} INFO - Processing /opt/airflow/dags/snow.py took 0.144 seconds
[2025-03-21T17:46:22.959+0000] {processor.py:186} INFO - Started process (PID=99) to work on /opt/airflow/dags/snow.py
[2025-03-21T17:46:22.961+0000] {processor.py:914} INFO - Processing file /opt/airflow/dags/snow.py for tasks to queue
[2025-03-21T17:46:22.964+0000] {logging_mixin.py:190} INFO - [2025-03-21T17:46:22.964+0000] {dagbag.py:588} INFO - Filling up the DagBag from /opt/airflow/dags/snow.py
[2025-03-21T17:46:22.992+0000] {processor.py:925} INFO - DAG(s) 'check_all_snowflake_tables' retrieved from /opt/airflow/dags/snow.py
[2025-03-21T17:46:23.027+0000] {logging_mixin.py:190} INFO - [2025-03-21T17:46:23.027+0000] {dag.py:3239} INFO - Sync 1 DAGs
[2025-03-21T17:46:23.057+0000] {logging_mixin.py:190} INFO - [2025-03-21T17:46:23.056+0000] {dag.py:4180} INFO - Setting next_dagrun for check_all_snowflake_tables to 2025-03-21 00:00:00+00:00, run_after=2025-03-22 00:00:00+00:00
[2025-03-21T17:46:23.081+0000] {processor.py:208} INFO - Processing /opt/airflow/dags/snow.py took 0.133 seconds
[2025-03-21T17:46:53.566+0000] {processor.py:186} INFO - Started process (PID=102) to work on /opt/airflow/dags/snow.py
[2025-03-21T17:46:53.568+0000] {processor.py:914} INFO - Processing file /opt/airflow/dags/snow.py for tasks to queue
[2025-03-21T17:46:53.571+0000] {logging_mixin.py:190} INFO - [2025-03-21T17:46:53.570+0000] {dagbag.py:588} INFO - Filling up the DagBag from /opt/airflow/dags/snow.py
[2025-03-21T17:46:53.600+0000] {processor.py:925} INFO - DAG(s) 'check_all_snowflake_tables' retrieved from /opt/airflow/dags/snow.py
[2025-03-21T17:46:53.640+0000] {logging_mixin.py:190} INFO - [2025-03-21T17:46:53.639+0000] {dag.py:3239} INFO - Sync 1 DAGs
[2025-03-21T17:46:53.671+0000] {logging_mixin.py:190} INFO - [2025-03-21T17:46:53.670+0000] {dag.py:4180} INFO - Setting next_dagrun for check_all_snowflake_tables to 2025-03-21 00:00:00+00:00, run_after=2025-03-22 00:00:00+00:00
[2025-03-21T17:46:53.699+0000] {processor.py:208} INFO - Processing /opt/airflow/dags/snow.py took 0.141 seconds
[2025-03-21T17:47:24.171+0000] {processor.py:186} INFO - Started process (PID=105) to work on /opt/airflow/dags/snow.py
[2025-03-21T17:47:24.172+0000] {processor.py:914} INFO - Processing file /opt/airflow/dags/snow.py for tasks to queue
[2025-03-21T17:47:24.176+0000] {logging_mixin.py:190} INFO - [2025-03-21T17:47:24.176+0000] {dagbag.py:588} INFO - Filling up the DagBag from /opt/airflow/dags/snow.py
[2025-03-21T17:47:24.214+0000] {processor.py:925} INFO - DAG(s) 'check_all_snowflake_tables' retrieved from /opt/airflow/dags/snow.py
[2025-03-21T17:47:24.256+0000] {logging_mixin.py:190} INFO - [2025-03-21T17:47:24.255+0000] {dag.py:3239} INFO - Sync 1 DAGs
[2025-03-21T17:47:24.293+0000] {logging_mixin.py:190} INFO - [2025-03-21T17:47:24.292+0000] {dag.py:4180} INFO - Setting next_dagrun for check_all_snowflake_tables to 2025-03-21 00:00:00+00:00, run_after=2025-03-22 00:00:00+00:00
[2025-03-21T17:47:24.319+0000] {processor.py:208} INFO - Processing /opt/airflow/dags/snow.py took 0.155 seconds
