[2025-02-14T19:56:30.737+0000] {local_task_job_runner.py:123} INFO - ::group::Pre task execution logs
[2025-02-14T19:56:30.772+0000] {taskinstance.py:2614} INFO - Dependencies all met for dep_context=non-requeueable deps ti=<TaskInstance: snowflake_dbt_dag.dbt_run manual__2025-02-14T19:56:27.403868+00:00 [queued]>
[2025-02-14T19:56:30.806+0000] {taskinstance.py:2614} INFO - Dependencies all met for dep_context=requeueable deps ti=<TaskInstance: snowflake_dbt_dag.dbt_run manual__2025-02-14T19:56:27.403868+00:00 [queued]>
[2025-02-14T19:56:30.807+0000] {taskinstance.py:2867} INFO - Starting attempt 1 of 1
[2025-02-14T19:56:30.855+0000] {taskinstance.py:2890} INFO - Executing <Task(DbtRunOperator): dbt_run> on 2025-02-14 19:56:27.403868+00:00
[2025-02-14T19:56:30.867+0000] {warnings.py:112} WARNING - /home/***/.local/lib/python3.12/site-packages/***/task/task_runner/standard_task_runner.py:70: DeprecationWarning: This process (pid=83) is multi-threaded, use of fork() may lead to deadlocks in the child.
  pid = os.fork()

[2025-02-14T19:56:30.889+0000] {standard_task_runner.py:72} INFO - Started process 84 to run task
[2025-02-14T19:56:30.869+0000] {standard_task_runner.py:104} INFO - Running: ['***', 'tasks', 'run', 'snowflake_dbt_dag', 'dbt_run', 'manual__2025-02-14T19:56:27.403868+00:00', '--job-id', '177', '--raw', '--subdir', 'DAGS_FOLDER/dbt-chck.py', '--cfg-path', '/tmp/tmpzvzo8vfu']
[2025-02-14T19:56:30.912+0000] {standard_task_runner.py:105} INFO - Job 177: Subtask dbt_run
[2025-02-14T19:56:31.099+0000] {task_command.py:467} INFO - Running <TaskInstance: snowflake_dbt_dag.dbt_run manual__2025-02-14T19:56:27.403868+00:00 [running]> on host aff10611ebf2
[2025-02-14T19:56:31.313+0000] {taskinstance.py:3134} INFO - Exporting env vars: AIRFLOW_CTX_DAG_OWNER='***' AIRFLOW_CTX_DAG_ID='snowflake_dbt_dag' AIRFLOW_CTX_TASK_ID='dbt_run' AIRFLOW_CTX_EXECUTION_DATE='2025-02-14T19:56:27.403868+00:00' AIRFLOW_CTX_TRY_NUMBER='1' AIRFLOW_CTX_DAG_RUN_ID='manual__2025-02-14T19:56:27.403868+00:00'
[2025-02-14T19:56:31.315+0000] {taskinstance.py:732} INFO - ::endgroup::
[2025-02-14T19:56:31.344+0000] {dbt_hook.py:117} INFO - dbt run --profiles-dir /opt/***/dbt/.dbt
[2025-02-14T19:56:31.348+0000] {dbt_hook.py:126} INFO - Output:
[2025-02-14T19:56:35.611+0000] {dbt_hook.py:130} INFO - [0m19:56:35  Running with dbt=1.9.2
[2025-02-14T19:56:37.441+0000] {dbt_hook.py:130} INFO - [0m19:56:37  Registered adapter: snowflake=1.9.1
[2025-02-14T19:56:37.764+0000] {dbt_hook.py:130} INFO - [0m19:56:37  Unable to do partial parsing because profile has changed
[2025-02-14T19:56:41.092+0000] {dbt_hook.py:130} INFO - [0m19:56:41  [[33mWARNING[0m]: Did not find matching node for patch with name 'income_Sheet' in the 'models' section of file 'models/marts/generic_test.yml'
[2025-02-14T19:56:41.843+0000] {dbt_hook.py:130} INFO - [0m19:56:41  [[33mWARNING[0m]: Test 'test.data_pipeline.unique_income_Sheet_adsh.ce532db86f' (models/marts/generic_test.yml) depends on a node named 'income_Sheet' in package '' which was not found
[2025-02-14T19:56:41.844+0000] {dbt_hook.py:130} INFO - [0m19:56:41  [[33mWARNING[0m]: Test 'test.data_pipeline.not_null_income_Sheet_adsh.9953565d2a' (models/marts/generic_test.yml) depends on a node named 'income_Sheet' in package '' which was not found
[2025-02-14T19:56:41.846+0000] {dbt_hook.py:130} INFO - [0m19:56:41  [[33mWARNING[0m]: Test 'test.data_pipeline.relationships_income_Sheet_adsh__adsh__ref_sub_stage_.cd7a717f21' (models/marts/generic_test.yml) depends on a node named 'income_Sheet' in package '' which was not found
[2025-02-14T19:56:42.252+0000] {dbt_hook.py:130} INFO - [0m19:56:42  Found 7 models, 32 data tests, 4 sources, 588 macros
[2025-02-14T19:56:42.260+0000] {dbt_hook.py:130} INFO - [0m19:56:42
[2025-02-14T19:56:42.261+0000] {dbt_hook.py:130} INFO - [0m19:56:42  Concurrency: 4 threads (target='dev')
[2025-02-14T19:56:42.263+0000] {dbt_hook.py:130} INFO - [0m19:56:42
[2025-02-14T19:56:44.273+0000] {dbt_hook.py:130} INFO - [0m19:56:44  1 of 7 START sql view model dbt_schema.num_stage ............................... [RUN]
[2025-02-14T19:56:44.275+0000] {dbt_hook.py:130} INFO - [0m19:56:44  2 of 7 START sql view model dbt_schema.pre_stage ............................... [RUN]
[2025-02-14T19:56:44.276+0000] {dbt_hook.py:130} INFO - [0m19:56:44  3 of 7 START sql view model dbt_schema.sub_stage ............................... [RUN]
[2025-02-14T19:56:44.277+0000] {dbt_hook.py:130} INFO - [0m19:56:44  4 of 7 START sql view model dbt_schema.tag_stage ............................... [RUN]
[2025-02-14T19:56:44.894+0000] {dbt_hook.py:130} INFO - [0m19:56:44  1 of 7 OK created sql view model dbt_schema.num_stage .......................... [[32mSUCCESS 1[0m in 0.61s]
[2025-02-14T19:56:45.363+0000] {dbt_hook.py:130} INFO - [0m19:56:45  2 of 7 OK created sql view model dbt_schema.pre_stage .......................... [[32mSUCCESS 1[0m in 1.08s]
[2025-02-14T19:56:45.375+0000] {dbt_hook.py:130} INFO - [0m19:56:45  4 of 7 OK created sql view model dbt_schema.tag_stage .......................... [[32mSUCCESS 1[0m in 1.09s]
[2025-02-14T19:56:45.756+0000] {dbt_hook.py:130} INFO - [0m19:56:45  3 of 7 OK created sql view model dbt_schema.sub_stage .......................... [[32mSUCCESS 1[0m in 1.47s]
[2025-02-14T19:56:45.761+0000] {dbt_hook.py:130} INFO - [0m19:56:45  5 of 7 START sql table model dbt_schema.balance_sheet .......................... [RUN]
[2025-02-14T19:56:45.763+0000] {dbt_hook.py:130} INFO - [0m19:56:45  6 of 7 START sql table model dbt_schema.cash_flow .............................. [RUN]
[2025-02-14T19:56:45.764+0000] {dbt_hook.py:130} INFO - [0m19:56:45  7 of 7 START sql table model dbt_schema.income_statement ....................... [RUN]
[2025-02-14T19:56:47.810+0000] {dbt_hook.py:130} INFO - [0m19:56:47  5 of 7 OK created sql table model dbt_schema.balance_sheet ..................... [[32mSUCCESS 1[0m in 2.04s]
[2025-02-14T19:56:47.821+0000] {dbt_hook.py:130} INFO - [0m19:56:47  6 of 7 OK created sql table model dbt_schema.cash_flow ......................... [[32mSUCCESS 1[0m in 2.05s]
[2025-02-14T19:56:47.970+0000] {dbt_hook.py:130} INFO - [0m19:56:47  7 of 7 OK created sql table model dbt_schema.income_statement .................. [[32mSUCCESS 1[0m in 2.20s]
[2025-02-14T19:56:49.069+0000] {dbt_hook.py:130} INFO - [0m19:56:49
[2025-02-14T19:56:49.070+0000] {dbt_hook.py:130} INFO - [0m19:56:49  Finished running 3 table models, 4 view models in 0 hours 0 minutes and 6.80 seconds (6.80s).
[2025-02-14T19:56:49.173+0000] {dbt_hook.py:130} INFO - [0m19:56:49
[2025-02-14T19:56:49.174+0000] {dbt_hook.py:130} INFO - [0m19:56:49  [32mCompleted successfully[0m
[2025-02-14T19:56:49.175+0000] {dbt_hook.py:130} INFO - [0m19:56:49
[2025-02-14T19:56:49.176+0000] {dbt_hook.py:130} INFO - [0m19:56:49  Done. PASS=7 WARN=0 ERROR=0 SKIP=0 TOTAL=7
[2025-02-14T19:56:50.015+0000] {dbt_hook.py:132} INFO - Command exited with return code 0
[2025-02-14T19:56:50.030+0000] {taskinstance.py:341} INFO - ::group::Post task execution logs
[2025-02-14T19:56:50.031+0000] {taskinstance.py:353} INFO - Marking task as SUCCESS. dag_id=snowflake_dbt_dag, task_id=dbt_run, run_id=manual__2025-02-14T19:56:27.403868+00:00, execution_date=20250214T195627, start_date=20250214T195630, end_date=20250214T195650
[2025-02-14T19:56:50.089+0000] {local_task_job_runner.py:266} INFO - Task exited with return code 0
[2025-02-14T19:56:50.106+0000] {taskinstance.py:3901} INFO - 0 downstream tasks scheduled from follow-on schedule check
[2025-02-14T19:56:50.110+0000] {local_task_job_runner.py:245} INFO - ::endgroup::
