[2025-02-14T10:42:24.864+0000] {local_task_job_runner.py:123} INFO - ::group::Pre task execution logs
[2025-02-14T10:42:24.892+0000] {taskinstance.py:2614} INFO - Dependencies all met for dep_context=non-requeueable deps ti=<TaskInstance: check_all_snowflake_tables.no_required_tables_found manual__2025-02-14T10:42:18.627808+00:00 [queued]>
[2025-02-14T10:42:24.913+0000] {taskinstance.py:2614} INFO - Dependencies all met for dep_context=requeueable deps ti=<TaskInstance: check_all_snowflake_tables.no_required_tables_found manual__2025-02-14T10:42:18.627808+00:00 [queued]>
[2025-02-14T10:42:24.913+0000] {taskinstance.py:2867} INFO - Starting attempt 1 of 1
[2025-02-14T10:42:24.930+0000] {taskinstance.py:2890} INFO - Executing <Task(PythonOperator): no_required_tables_found> on 2025-02-14 10:42:18.627808+00:00
[2025-02-14T10:42:24.938+0000] {warnings.py:112} WARNING - /home/***/.local/lib/python3.12/site-packages/***/task/task_runner/standard_task_runner.py:70: DeprecationWarning: This process (pid=117) is multi-threaded, use of fork() may lead to deadlocks in the child.
  pid = os.fork()

[2025-02-14T10:42:24.940+0000] {standard_task_runner.py:72} INFO - Started process 119 to run task
[2025-02-14T10:42:24.941+0000] {standard_task_runner.py:104} INFO - Running: ['***', 'tasks', 'run', 'check_all_snowflake_tables', 'no_required_tables_found', 'manual__2025-02-14T10:42:18.627808+00:00', '--job-id', '82', '--raw', '--subdir', 'DAGS_FOLDER/snow.py', '--cfg-path', '/tmp/tmp0vaqd18r']
[2025-02-14T10:42:24.944+0000] {standard_task_runner.py:105} INFO - Job 82: Subtask no_required_tables_found
[2025-02-14T10:42:24.992+0000] {task_command.py:467} INFO - Running <TaskInstance: check_all_snowflake_tables.no_required_tables_found manual__2025-02-14T10:42:18.627808+00:00 [running]> on host 94016f1f831c
[2025-02-14T10:42:25.068+0000] {taskinstance.py:3134} INFO - Exporting env vars: AIRFLOW_CTX_DAG_OWNER='***' AIRFLOW_CTX_DAG_ID='check_all_snowflake_tables' AIRFLOW_CTX_TASK_ID='no_required_tables_found' AIRFLOW_CTX_EXECUTION_DATE='2025-02-14T10:42:18.627808+00:00' AIRFLOW_CTX_TRY_NUMBER='1' AIRFLOW_CTX_DAG_RUN_ID='manual__2025-02-14T10:42:18.627808+00:00'
[2025-02-14T10:42:25.069+0000] {taskinstance.py:732} INFO - ::endgroup::
[2025-02-14T10:42:25.080+0000] {logging_mixin.py:190} INFO - ❌ One or more required tables do not exist. Exiting...
[2025-02-14T10:42:25.081+0000] {python.py:240} INFO - Done. Returned value was: None
[2025-02-14T10:42:25.090+0000] {taskinstance.py:341} INFO - ::group::Post task execution logs
[2025-02-14T10:42:25.091+0000] {taskinstance.py:353} INFO - Marking task as SUCCESS. dag_id=check_all_snowflake_tables, task_id=no_required_tables_found, run_id=manual__2025-02-14T10:42:18.627808+00:00, execution_date=20250214T104218, start_date=20250214T104224, end_date=20250214T104225
[2025-02-14T10:42:25.155+0000] {local_task_job_runner.py:266} INFO - Task exited with return code 0
[2025-02-14T10:42:25.174+0000] {taskinstance.py:3901} INFO - 0 downstream tasks scheduled from follow-on schedule check
[2025-02-14T10:42:25.177+0000] {local_task_job_runner.py:245} INFO - ::endgroup::
