[2025-02-14T19:16:02.740+0000] {local_task_job_runner.py:123} INFO - ::group::Pre task execution logs
[2025-02-14T19:16:02.757+0000] {taskinstance.py:2614} INFO - Dependencies all met for dep_context=non-requeueable deps ti=<TaskInstance: dbt_data_pipeline.install_dbt_dependencies manual__2025-02-14T19:10:46.600231+00:00 [queued]>
[2025-02-14T19:16:02.766+0000] {taskinstance.py:2614} INFO - Dependencies all met for dep_context=requeueable deps ti=<TaskInstance: dbt_data_pipeline.install_dbt_dependencies manual__2025-02-14T19:10:46.600231+00:00 [queued]>
[2025-02-14T19:16:02.767+0000] {taskinstance.py:2867} INFO - Starting attempt 2 of 2
[2025-02-14T19:16:02.781+0000] {taskinstance.py:2890} INFO - Executing <Task(BashOperator): install_dbt_dependencies> on 2025-02-14 19:10:46.600231+00:00
[2025-02-14T19:16:02.787+0000] {warnings.py:112} WARNING - /home/***/.local/lib/python3.12/site-packages/***/task/task_runner/standard_task_runner.py:70: DeprecationWarning: This process (pid=112) is multi-threaded, use of fork() may lead to deadlocks in the child.
  pid = os.fork()

[2025-02-14T19:16:02.788+0000] {standard_task_runner.py:72} INFO - Started process 113 to run task
[2025-02-14T19:16:02.788+0000] {standard_task_runner.py:104} INFO - Running: ['***', 'tasks', 'run', 'dbt_data_pipeline', 'install_dbt_dependencies', 'manual__2025-02-14T19:10:46.600231+00:00', '--job-id', '152', '--raw', '--subdir', 'DAGS_FOLDER/dbt-chck.py', '--cfg-path', '/tmp/tmp2h_wxng0']
[2025-02-14T19:16:02.789+0000] {standard_task_runner.py:105} INFO - Job 152: Subtask install_dbt_dependencies
[2025-02-14T19:16:02.837+0000] {task_command.py:467} INFO - Running <TaskInstance: dbt_data_pipeline.install_dbt_dependencies manual__2025-02-14T19:10:46.600231+00:00 [running]> on host e9f6bf018f11
[2025-02-14T19:16:02.909+0000] {taskinstance.py:3134} INFO - Exporting env vars: AIRFLOW_CTX_DAG_OWNER='***' AIRFLOW_CTX_DAG_ID='dbt_data_pipeline' AIRFLOW_CTX_TASK_ID='install_dbt_dependencies' AIRFLOW_CTX_EXECUTION_DATE='2025-02-14T19:10:46.600231+00:00' AIRFLOW_CTX_TRY_NUMBER='2' AIRFLOW_CTX_DAG_RUN_ID='manual__2025-02-14T19:10:46.600231+00:00'
[2025-02-14T19:16:02.910+0000] {taskinstance.py:732} INFO - ::endgroup::
[2025-02-14T19:16:02.924+0000] {subprocess.py:78} INFO - Tmp dir root location: /tmp
[2025-02-14T19:16:02.925+0000] {subprocess.py:88} INFO - Running command: ['/usr/bin/bash', '-c', 'cd /opt/***/dbt/data_pipeline && dbt deps']
[2025-02-14T19:16:02.934+0000] {subprocess.py:99} INFO - Output:
[2025-02-14T19:16:04.932+0000] {subprocess.py:106} INFO - [0m19:16:04  Running with dbt=1.9.2
[2025-02-14T19:16:06.550+0000] {subprocess.py:106} INFO - [0m19:16:06  Installing dbt-labs/dbt_utils
[2025-02-14T19:16:09.682+0000] {subprocess.py:106} INFO - [0m19:16:09  Installed from version 1.3.0
[2025-02-14T19:16:09.683+0000] {subprocess.py:106} INFO - [0m19:16:09  Up to date!
[2025-02-14T19:16:10.332+0000] {subprocess.py:110} INFO - Command exited with return code 0
[2025-02-14T19:16:10.361+0000] {taskinstance.py:341} INFO - ::group::Post task execution logs
[2025-02-14T19:16:10.361+0000] {taskinstance.py:353} INFO - Marking task as SUCCESS. dag_id=dbt_data_pipeline, task_id=install_dbt_dependencies, run_id=manual__2025-02-14T19:10:46.600231+00:00, execution_date=20250214T191046, start_date=20250214T191602, end_date=20250214T191610
[2025-02-14T19:16:10.429+0000] {local_task_job_runner.py:266} INFO - Task exited with return code 0
[2025-02-14T19:16:10.449+0000] {taskinstance.py:3901} INFO - 1 downstream tasks scheduled from follow-on schedule check
[2025-02-14T19:16:10.452+0000] {local_task_job_runner.py:245} INFO - ::endgroup::
