[2025-02-14T19:13:55.374+0000] {local_task_job_runner.py:123} INFO - ::group::Pre task execution logs
[2025-02-14T19:13:55.413+0000] {taskinstance.py:2614} INFO - Dependencies all met for dep_context=non-requeueable deps ti=<TaskInstance: dbt_data_pipeline.install_dbt_dependencies manual__2025-02-14T19:13:53.508928+00:00 [queued]>
[2025-02-14T19:13:55.433+0000] {taskinstance.py:2614} INFO - Dependencies all met for dep_context=requeueable deps ti=<TaskInstance: dbt_data_pipeline.install_dbt_dependencies manual__2025-02-14T19:13:53.508928+00:00 [queued]>
[2025-02-14T19:13:55.434+0000] {taskinstance.py:2867} INFO - Starting attempt 1 of 2
[2025-02-14T19:13:55.460+0000] {taskinstance.py:2890} INFO - Executing <Task(BashOperator): install_dbt_dependencies> on 2025-02-14 19:13:53.508928+00:00
[2025-02-14T19:13:55.469+0000] {warnings.py:112} WARNING - /home/***/.local/lib/python3.12/site-packages/***/task/task_runner/standard_task_runner.py:70: DeprecationWarning: This process (pid=100) is multi-threaded, use of fork() may lead to deadlocks in the child.
  pid = os.fork()

[2025-02-14T19:13:55.473+0000] {standard_task_runner.py:72} INFO - Started process 104 to run task
[2025-02-14T19:13:55.473+0000] {standard_task_runner.py:104} INFO - Running: ['***', 'tasks', 'run', 'dbt_data_pipeline', 'install_dbt_dependencies', 'manual__2025-02-14T19:13:53.508928+00:00', '--job-id', '150', '--raw', '--subdir', 'DAGS_FOLDER/dbt-chck.py', '--cfg-path', '/tmp/tmprdazy4eb']
[2025-02-14T19:13:55.475+0000] {standard_task_runner.py:105} INFO - Job 150: Subtask install_dbt_dependencies
[2025-02-14T19:13:55.565+0000] {task_command.py:467} INFO - Running <TaskInstance: dbt_data_pipeline.install_dbt_dependencies manual__2025-02-14T19:13:53.508928+00:00 [running]> on host e9f6bf018f11
[2025-02-14T19:13:55.754+0000] {taskinstance.py:3134} INFO - Exporting env vars: AIRFLOW_CTX_DAG_OWNER='***' AIRFLOW_CTX_DAG_ID='dbt_data_pipeline' AIRFLOW_CTX_TASK_ID='install_dbt_dependencies' AIRFLOW_CTX_EXECUTION_DATE='2025-02-14T19:13:53.508928+00:00' AIRFLOW_CTX_TRY_NUMBER='1' AIRFLOW_CTX_DAG_RUN_ID='manual__2025-02-14T19:13:53.508928+00:00'
[2025-02-14T19:13:55.757+0000] {taskinstance.py:732} INFO - ::endgroup::
[2025-02-14T19:13:55.784+0000] {subprocess.py:78} INFO - Tmp dir root location: /tmp
[2025-02-14T19:13:55.787+0000] {subprocess.py:88} INFO - Running command: ['/usr/bin/bash', '-c', 'cd /opt/***/dbt/data_pipeline && dbt deps']
[2025-02-14T19:13:55.802+0000] {subprocess.py:99} INFO - Output:
[2025-02-14T19:13:59.527+0000] {subprocess.py:106} INFO - [0m19:13:59  Running with dbt=1.9.2
[2025-02-14T19:14:01.117+0000] {subprocess.py:106} INFO - [0m19:14:01  Installing dbt-labs/dbt_utils
[2025-02-14T19:14:06.123+0000] {subprocess.py:106} INFO - [0m19:14:06  Installed from version 1.3.0
[2025-02-14T19:14:06.125+0000] {subprocess.py:106} INFO - [0m19:14:06  Up to date!
[2025-02-14T19:14:06.525+0000] {subprocess.py:110} INFO - Command exited with return code 0
[2025-02-14T19:14:06.551+0000] {taskinstance.py:341} INFO - ::group::Post task execution logs
[2025-02-14T19:14:06.552+0000] {taskinstance.py:353} INFO - Marking task as SUCCESS. dag_id=dbt_data_pipeline, task_id=install_dbt_dependencies, run_id=manual__2025-02-14T19:13:53.508928+00:00, execution_date=20250214T191353, start_date=20250214T191355, end_date=20250214T191406
[2025-02-14T19:14:06.624+0000] {local_task_job_runner.py:266} INFO - Task exited with return code 0
[2025-02-14T19:14:06.631+0000] {local_task_job_runner.py:245} INFO - ::endgroup::
